Training started at 20260501_151142
Args: Namespace(train_root='/data1/Leaddo_data/20260327-resize512', test_root='/home/root123/LF/WYM/SteelRailWay/rail_mvtec_gt_test', view_id=3, img_size=512, depth_norm='zscore', use_patch=False, patch_size=900, patch_stride=850, test_use_patch=True, test_patch_size=900, test_patch_stride=850, train_sample_ratio=1.0, train_sample_num=1200, random_seed_sample=42, train_val_test_split=[0.9, 0.1, 0.0], sampling_mode='uniform_time', preload=True, preload_workers=32, batch_size=32, epochs=200, lr=0.005, eval_interval=5, num_workers=16, seed=42, device='cuda:0', save_dir='./outputs/rail_all/Cam3', precision='bf16', channels_last=True, compile=True)


==================================================
Epoch 1/200
==================================================
Epoch [1] Batch [0/33] Loss_RGB: 7.9546 Loss_Depth: 7.6356
Epoch 1 - Avg Loss RGB: 4.1925, Avg Loss Depth: 2.9017

==================================================
Epoch 2/200
==================================================
Epoch [2] Batch [0/33] Loss_RGB: 2.8555 Loss_Depth: 1.3956
Epoch 2 - Avg Loss RGB: 2.4162, Avg Loss Depth: 0.8924

==================================================
Epoch 3/200
==================================================
Epoch [3] Batch [0/33] Loss_RGB: 2.2063 Loss_Depth: 0.5983
Epoch 3 - Avg Loss RGB: 2.0540, Avg Loss Depth: 0.5075

==================================================
Epoch 4/200
==================================================
Epoch [4] Batch [0/33] Loss_RGB: 1.9490 Loss_Depth: 0.4651
Epoch 4 - Avg Loss RGB: 1.9196, Avg Loss Depth: 0.4149

==================================================
Epoch 5/200
==================================================
Epoch [5] Batch [0/33] Loss_RGB: 1.8493 Loss_Depth: 0.3921
Epoch 5 - Avg Loss RGB: 1.8446, Avg Loss Depth: 0.3607
Epoch 5 - Val Loss RGB: 1.8576, Val Loss Depth: 0.0000, Total: 1.8576
Saved best model to ./outputs/rail_all/Cam3/20260501_151142_cam3_bs32_lr0.005_img512_ratio1.0/best_cam3.pth

==================================================
Epoch 6/200
==================================================
Epoch [6] Batch [0/33] Loss_RGB: 1.8559 Loss_Depth: 0.3675
Epoch 6 - Avg Loss RGB: 1.7895, Avg Loss Depth: 0.3272

==================================================
Epoch 7/200
==================================================
Epoch [7] Batch [0/33] Loss_RGB: 1.7270 Loss_Depth: 0.3173
Epoch 7 - Avg Loss RGB: 1.7349, Avg Loss Depth: 0.3076

==================================================
Epoch 8/200
==================================================
Epoch [8] Batch [0/33] Loss_RGB: 1.6813 Loss_Depth: 0.2808
Epoch 8 - Avg Loss RGB: 1.6901, Avg Loss Depth: 0.2935

==================================================
Epoch 9/200
==================================================
Epoch [9] Batch [0/33] Loss_RGB: 1.6706 Loss_Depth: 0.3151
Epoch 9 - Avg Loss RGB: 1.6512, Avg Loss Depth: 0.2828

==================================================
Epoch 10/200
==================================================
Epoch [10] Batch [0/33] Loss_RGB: 1.6455 Loss_Depth: 0.2776
Epoch 10 - Avg Loss RGB: 1.6233, Avg Loss Depth: 0.2733
Epoch 10 - Val Loss RGB: 1.6429, Val Loss Depth: 0.0000, Total: 1.6429
Saved best model to ./outputs/rail_all/Cam3/20260501_151142_cam3_bs32_lr0.005_img512_ratio1.0/best_cam3.pth

==================================================
Epoch 11/200
==================================================
Epoch [11] Batch [0/33] Loss_RGB: 1.6382 Loss_Depth: 0.2787
Epoch 11 - Avg Loss RGB: 1.5942, Avg Loss Depth: 0.2698

==================================================
Epoch 12/200
==================================================
Epoch [12] Batch [0/33] Loss_RGB: 1.6170 Loss_Depth: 0.2956
Epoch 12 - Avg Loss RGB: 1.5722, Avg Loss Depth: 0.2605

==================================================
Epoch 13/200
==================================================
Epoch [13] Batch [0/33] Loss_RGB: 1.5668 Loss_Depth: 0.2405
Epoch 13 - Avg Loss RGB: 1.5542, Avg Loss Depth: 0.2542

==================================================
Epoch 14/200
==================================================
Epoch [14] Batch [0/33] Loss_RGB: 1.5311 Loss_Depth: 0.2408
Epoch 14 - Avg Loss RGB: 1.5331, Avg Loss Depth: 0.2492

==================================================
Epoch 15/200
==================================================
Epoch [15] Batch [0/33] Loss_RGB: 1.5278 Loss_Depth: 0.2364
Epoch 15 - Avg Loss RGB: 1.5243, Avg Loss Depth: 0.2449
Epoch 15 - Val Loss RGB: 1.5311, Val Loss Depth: 0.0000, Total: 1.5311
Saved best model to ./outputs/rail_all/Cam3/20260501_151142_cam3_bs32_lr0.005_img512_ratio1.0/best_cam3.pth

==================================================
Epoch 16/200
==================================================
Epoch [16] Batch [0/33] Loss_RGB: 1.5450 Loss_Depth: 0.2525
Epoch 16 - Avg Loss RGB: 1.5072, Avg Loss Depth: 0.2419

==================================================
Epoch 17/200
==================================================
Epoch [17] Batch [0/33] Loss_RGB: 1.4583 Loss_Depth: 0.2441
Epoch 17 - Avg Loss RGB: 1.4919, Avg Loss Depth: 0.2386

==================================================
Epoch 18/200
==================================================
Epoch [18] Batch [0/33] Loss_RGB: 1.4570 Loss_Depth: 0.2300
Epoch 18 - Avg Loss RGB: 1.4761, Avg Loss Depth: 0.2361

==================================================
Epoch 19/200
==================================================
Epoch [19] Batch [0/33] Loss_RGB: 1.4757 Loss_Depth: 0.2395
Epoch 19 - Avg Loss RGB: 1.4632, Avg Loss Depth: 0.2343

==================================================
Epoch 20/200
==================================================
Epoch [20] Batch [0/33] Loss_RGB: 1.4474 Loss_Depth: 0.2342
Epoch 20 - Avg Loss RGB: 1.4550, Avg Loss Depth: 0.2329
Epoch 20 - Val Loss RGB: 1.4544, Val Loss Depth: 0.0000, Total: 1.4544
Saved best model to ./outputs/rail_all/Cam3/20260501_151142_cam3_bs32_lr0.005_img512_ratio1.0/best_cam3.pth

==================================================
Epoch 21/200
==================================================
Epoch [21] Batch [0/33] Loss_RGB: 1.4459 Loss_Depth: 0.2332
Epoch 21 - Avg Loss RGB: 1.4410, Avg Loss Depth: 0.2303

==================================================
Epoch 22/200
==================================================
Epoch [22] Batch [0/33] Loss_RGB: 1.4530 Loss_Depth: 0.2271
Epoch 22 - Avg Loss RGB: 1.4307, Avg Loss Depth: 0.2292

==================================================
Epoch 23/200
==================================================
Epoch [23] Batch [0/33] Loss_RGB: 1.4043 Loss_Depth: 0.2328
Epoch 23 - Avg Loss RGB: 1.4174, Avg Loss Depth: 0.2276

==================================================
Epoch 24/200
==================================================
Epoch [24] Batch [0/33] Loss_RGB: 1.4128 Loss_Depth: 0.2197
Epoch 24 - Avg Loss RGB: 1.4058, Avg Loss Depth: 0.2209

==================================================
Epoch 25/200
==================================================
Epoch [25] Batch [0/33] Loss_RGB: 1.4152 Loss_Depth: 0.2180
Epoch 25 - Avg Loss RGB: 1.3967, Avg Loss Depth: 0.2160
Epoch 25 - Val Loss RGB: 1.4093, Val Loss Depth: 0.0000, Total: 1.4093
Saved best model to ./outputs/rail_all/Cam3/20260501_151142_cam3_bs32_lr0.005_img512_ratio1.0/best_cam3.pth

==================================================
Epoch 26/200
==================================================
Epoch [26] Batch [0/33] Loss_RGB: 1.3825 Loss_Depth: 0.2250
Epoch 26 - Avg Loss RGB: 1.3887, Avg Loss Depth: 0.2138

==================================================
Epoch 27/200
==================================================
Epoch [27] Batch [0/33] Loss_RGB: 1.3544 Loss_Depth: 0.2130
Epoch 27 - Avg Loss RGB: 1.3815, Avg Loss Depth: 0.2129

==================================================
Epoch 28/200
==================================================
Epoch [28] Batch [0/33] Loss_RGB: 1.3906 Loss_Depth: 0.2151
Epoch 28 - Avg Loss RGB: 1.3714, Avg Loss Depth: 0.2109

==================================================
Epoch 29/200
==================================================
Epoch [29] Batch [0/33] Loss_RGB: 1.3980 Loss_Depth: 0.2317
Epoch 29 - Avg Loss RGB: 1.3621, Avg Loss Depth: 0.2098

==================================================
Epoch 30/200
==================================================
Epoch [30] Batch [0/33] Loss_RGB: 1.3352 Loss_Depth: 0.2506
Epoch 30 - Avg Loss RGB: 1.3555, Avg Loss Depth: 0.2086
Epoch 30 - Val Loss RGB: 1.3686, Val Loss Depth: 0.0000, Total: 1.3686
Saved best model to ./outputs/rail_all/Cam3/20260501_151142_cam3_bs32_lr0.005_img512_ratio1.0/best_cam3.pth

==================================================
Epoch 31/200
==================================================
Epoch [31] Batch [0/33] Loss_RGB: 1.3500 Loss_Depth: 0.2130
Epoch 31 - Avg Loss RGB: 1.3494, Avg Loss Depth: 0.2082

==================================================
Epoch 32/200
==================================================
Epoch [32] Batch [0/33] Loss_RGB: 1.3466 Loss_Depth: 0.2159
Epoch 32 - Avg Loss RGB: 1.3424, Avg Loss Depth: 0.2076

==================================================
Epoch 33/200
==================================================
Epoch [33] Batch [0/33] Loss_RGB: 1.3248 Loss_Depth: 0.2027
Epoch 33 - Avg Loss RGB: 1.3338, Avg Loss Depth: 0.2059

==================================================
Epoch 34/200
==================================================
Epoch [34] Batch [0/33] Loss_RGB: 1.3097 Loss_Depth: 0.2026
Epoch 34 - Avg Loss RGB: 1.3267, Avg Loss Depth: 0.2047

==================================================
Epoch 35/200
==================================================
Epoch [35] Batch [0/33] Loss_RGB: 1.3320 Loss_Depth: 0.1947
Epoch 35 - Avg Loss RGB: 1.3201, Avg Loss Depth: 0.2037
Epoch 35 - Val Loss RGB: 1.3266, Val Loss Depth: 0.0000, Total: 1.3266
Saved best model to ./outputs/rail_all/Cam3/20260501_151142_cam3_bs32_lr0.005_img512_ratio1.0/best_cam3.pth

==================================================
Epoch 36/200
==================================================
Epoch [36] Batch [0/33] Loss_RGB: 1.3294 Loss_Depth: 0.2029
Epoch 36 - Avg Loss RGB: 1.3165, Avg Loss Depth: 0.2029

==================================================
Epoch 37/200
==================================================
Epoch [37] Batch [0/33] Loss_RGB: 1.3121 Loss_Depth: 0.1927
Epoch 37 - Avg Loss RGB: 1.3100, Avg Loss Depth: 0.2025

==================================================
Epoch 38/200
==================================================
Epoch [38] Batch [0/33] Loss_RGB: 1.3239 Loss_Depth: 0.2028
Epoch 38 - Avg Loss RGB: 1.3053, Avg Loss Depth: 0.2018

==================================================
Epoch 39/200
==================================================
Epoch [39] Batch [0/33] Loss_RGB: 1.2507 Loss_Depth: 0.1913
Epoch 39 - Avg Loss RGB: 1.3013, Avg Loss Depth: 0.2016

==================================================
Epoch 40/200
==================================================
Epoch [40] Batch [0/33] Loss_RGB: 1.2785 Loss_Depth: 0.2121
Epoch 40 - Avg Loss RGB: 1.2979, Avg Loss Depth: 0.2009
Epoch 40 - Val Loss RGB: 1.3039, Val Loss Depth: 0.0000, Total: 1.3039
Saved best model to ./outputs/rail_all/Cam3/20260501_151142_cam3_bs32_lr0.005_img512_ratio1.0/best_cam3.pth

==================================================
Epoch 41/200
==================================================
Epoch [41] Batch [0/33] Loss_RGB: 1.2722 Loss_Depth: 0.1961
Epoch 41 - Avg Loss RGB: 1.2925, Avg Loss Depth: 0.2005

==================================================
Epoch 42/200
==================================================
Epoch [42] Batch [0/33] Loss_RGB: 1.2930 Loss_Depth: 0.1931
Epoch 42 - Avg Loss RGB: 1.2899, Avg Loss Depth: 0.1997

==================================================
Epoch 43/200
==================================================
Epoch [43] Batch [0/33] Loss_RGB: 1.2764 Loss_Depth: 0.1958
Epoch 43 - Avg Loss RGB: 1.2867, Avg Loss Depth: 0.1991

==================================================
Epoch 44/200
==================================================
Epoch [44] Batch [0/33] Loss_RGB: 1.2696 Loss_Depth: 0.1965
Epoch 44 - Avg Loss RGB: 1.2818, Avg Loss Depth: 0.1988

==================================================
Epoch 45/200
==================================================
Epoch [45] Batch [0/33] Loss_RGB: 1.2656 Loss_Depth: 0.1924
Epoch 45 - Avg Loss RGB: 1.2787, Avg Loss Depth: 0.1980
Epoch 45 - Val Loss RGB: 1.2893, Val Loss Depth: 0.0000, Total: 1.2893
Saved best model to ./outputs/rail_all/Cam3/20260501_151142_cam3_bs32_lr0.005_img512_ratio1.0/best_cam3.pth

==================================================
Epoch 46/200
==================================================
Epoch [46] Batch [0/33] Loss_RGB: 1.2420 Loss_Depth: 0.1911
Epoch 46 - Avg Loss RGB: 1.2763, Avg Loss Depth: 0.1979

==================================================
Epoch 47/200
==================================================
Epoch [47] Batch [0/33] Loss_RGB: 1.2799 Loss_Depth: 0.1979
Epoch 47 - Avg Loss RGB: 1.2726, Avg Loss Depth: 0.1975

==================================================
Epoch 48/200
==================================================
Epoch [48] Batch [0/33] Loss_RGB: 1.2720 Loss_Depth: 0.1920
Epoch 48 - Avg Loss RGB: 1.2697, Avg Loss Depth: 0.1973

==================================================
Epoch 49/200
==================================================
Epoch [49] Batch [0/33] Loss_RGB: 1.2517 Loss_Depth: 0.1949
Epoch 49 - Avg Loss RGB: 1.2689, Avg Loss Depth: 0.1971

==================================================
Epoch 50/200
==================================================
Epoch [50] Batch [0/33] Loss_RGB: 1.3124 Loss_Depth: 0.2057
Epoch 50 - Avg Loss RGB: 1.2650, Avg Loss Depth: 0.1963
Epoch 50 - Val Loss RGB: 1.2807, Val Loss Depth: 0.0000, Total: 1.2807
Saved best model to ./outputs/rail_all/Cam3/20260501_151142_cam3_bs32_lr0.005_img512_ratio1.0/best_cam3.pth

==================================================
Epoch 51/200
==================================================
Epoch [51] Batch [0/33] Loss_RGB: 1.2365 Loss_Depth: 0.1880
Epoch 51 - Avg Loss RGB: 1.2618, Avg Loss Depth: 0.1959

==================================================
Epoch 52/200
==================================================
Epoch [52] Batch [0/33] Loss_RGB: 1.2714 Loss_Depth: 0.2033
Epoch 52 - Avg Loss RGB: 1.2609, Avg Loss Depth: 0.1960

==================================================
Epoch 53/200
==================================================
Epoch [53] Batch [0/33] Loss_RGB: 1.2307 Loss_Depth: 0.1868
Epoch 53 - Avg Loss RGB: 1.2587, Avg Loss Depth: 0.1954

==================================================
Epoch 54/200
==================================================
Epoch [54] Batch [0/33] Loss_RGB: 1.2469 Loss_Depth: 0.1958
Epoch 54 - Avg Loss RGB: 1.2558, Avg Loss Depth: 0.1947

==================================================
Epoch 55/200
==================================================
Epoch [55] Batch [0/33] Loss_RGB: 1.2698 Loss_Depth: 0.1925
Epoch 55 - Avg Loss RGB: 1.2548, Avg Loss Depth: 0.1947
Epoch 55 - Val Loss RGB: 1.2680, Val Loss Depth: 0.0000, Total: 1.2680
Saved best model to ./outputs/rail_all/Cam3/20260501_151142_cam3_bs32_lr0.005_img512_ratio1.0/best_cam3.pth

==================================================
Epoch 56/200
==================================================
Epoch [56] Batch [0/33] Loss_RGB: 1.2438 Loss_Depth: 0.1863
Epoch 56 - Avg Loss RGB: 1.2508, Avg Loss Depth: 0.1941

==================================================
Epoch 57/200
==================================================
Epoch [57] Batch [0/33] Loss_RGB: 1.2267 Loss_Depth: 0.1891
Epoch 57 - Avg Loss RGB: 1.2494, Avg Loss Depth: 0.1944

==================================================
Epoch 58/200
==================================================
Epoch [58] Batch [0/33] Loss_RGB: 1.2799 Loss_Depth: 0.1937
Epoch 58 - Avg Loss RGB: 1.2480, Avg Loss Depth: 0.1939

==================================================
Epoch 59/200
==================================================
Epoch [59] Batch [0/33] Loss_RGB: 1.2401 Loss_Depth: 0.1886
Epoch 59 - Avg Loss RGB: 1.2457, Avg Loss Depth: 0.1931

==================================================
Epoch 60/200
==================================================
Epoch [60] Batch [0/33] Loss_RGB: 1.2354 Loss_Depth: 0.1868
Epoch 60 - Avg Loss RGB: 1.2452, Avg Loss Depth: 0.1935
Epoch 60 - Val Loss RGB: 1.2680, Val Loss Depth: 0.0000, Total: 1.2680
No improvement for 1 evaluation(s)

==================================================
Epoch 61/200
==================================================
Epoch [61] Batch [0/33] Loss_RGB: 1.2440 Loss_Depth: 0.1866
Epoch 61 - Avg Loss RGB: 1.2428, Avg Loss Depth: 0.1931

==================================================
Epoch 62/200
==================================================
Epoch [62] Batch [0/33] Loss_RGB: 1.2656 Loss_Depth: 0.1879
Epoch 62 - Avg Loss RGB: 1.2429, Avg Loss Depth: 0.1930

==================================================
Epoch 63/200
==================================================
Epoch [63] Batch [0/33] Loss_RGB: 1.2288 Loss_Depth: 0.1890
Epoch 63 - Avg Loss RGB: 1.2420, Avg Loss Depth: 0.1928

==================================================
Epoch 64/200
==================================================
Epoch [64] Batch [0/33] Loss_RGB: 1.2600 Loss_Depth: 0.1919
Epoch 64 - Avg Loss RGB: 1.2388, Avg Loss Depth: 0.1924

==================================================
Epoch 65/200
==================================================
Epoch [65] Batch [0/33] Loss_RGB: 1.2398 Loss_Depth: 0.1960
Epoch 65 - Avg Loss RGB: 1.2387, Avg Loss Depth: 0.1923
Epoch 65 - Val Loss RGB: 1.2544, Val Loss Depth: 0.0000, Total: 1.2544
Saved best model to ./outputs/rail_all/Cam3/20260501_151142_cam3_bs32_lr0.005_img512_ratio1.0/best_cam3.pth

==================================================
Epoch 66/200
==================================================
Epoch [66] Batch [0/33] Loss_RGB: 1.2471 Loss_Depth: 0.1996
Epoch 66 - Avg Loss RGB: 1.2363, Avg Loss Depth: 0.1923

==================================================
Epoch 67/200
==================================================
Epoch [67] Batch [0/33] Loss_RGB: 1.2432 Loss_Depth: 0.1960
Epoch 67 - Avg Loss RGB: 1.2351, Avg Loss Depth: 0.1922

==================================================
Epoch 68/200
==================================================
Epoch [68] Batch [0/33] Loss_RGB: 1.2173 Loss_Depth: 0.1901
Epoch 68 - Avg Loss RGB: 1.2338, Avg Loss Depth: 0.1920

==================================================
Epoch 69/200
==================================================
Epoch [69] Batch [0/33] Loss_RGB: 1.2220 Loss_Depth: 0.2153
Epoch 69 - Avg Loss RGB: 1.2340, Avg Loss Depth: 0.1919

==================================================
Epoch 70/200
==================================================
Epoch [70] Batch [0/33] Loss_RGB: 1.2302 Loss_Depth: 0.2135
Epoch 70 - Avg Loss RGB: 1.2326, Avg Loss Depth: 0.1912
Epoch 70 - Val Loss RGB: 1.2506, Val Loss Depth: 0.0000, Total: 1.2506
Saved best model to ./outputs/rail_all/Cam3/20260501_151142_cam3_bs32_lr0.005_img512_ratio1.0/best_cam3.pth

==================================================
Epoch 71/200
==================================================
Epoch [71] Batch [0/33] Loss_RGB: 1.2290 Loss_Depth: 0.1927
Epoch 71 - Avg Loss RGB: 1.2311, Avg Loss Depth: 0.1915

==================================================
Epoch 72/200
==================================================
Epoch [72] Batch [0/33] Loss_RGB: 1.2351 Loss_Depth: 0.1864
Epoch 72 - Avg Loss RGB: 1.2300, Avg Loss Depth: 0.1908

==================================================
Epoch 73/200
==================================================
Epoch [73] Batch [0/33] Loss_RGB: 1.2062 Loss_Depth: 0.1957
Epoch 73 - Avg Loss RGB: 1.2289, Avg Loss Depth: 0.1909

==================================================
Epoch 74/200
==================================================
Epoch [74] Batch [0/33] Loss_RGB: 1.2193 Loss_Depth: 0.1869
Epoch 74 - Avg Loss RGB: 1.2285, Avg Loss Depth: 0.1899

==================================================
Epoch 75/200
==================================================
Epoch [75] Batch [0/33] Loss_RGB: 1.2189 Loss_Depth: 0.1902
Epoch 75 - Avg Loss RGB: 1.2270, Avg Loss Depth: 0.1907
Epoch 75 - Val Loss RGB: 1.2468, Val Loss Depth: 0.0000, Total: 1.2468
Saved best model to ./outputs/rail_all/Cam3/20260501_151142_cam3_bs32_lr0.005_img512_ratio1.0/best_cam3.pth

==================================================
Epoch 76/200
==================================================
Epoch [76] Batch [0/33] Loss_RGB: 1.2306 Loss_Depth: 0.1850
Epoch 76 - Avg Loss RGB: 1.2268, Avg Loss Depth: 0.1908

==================================================
Epoch 77/200
==================================================
Epoch [77] Batch [0/33] Loss_RGB: 1.2279 Loss_Depth: 0.1957
Epoch 77 - Avg Loss RGB: 1.2247, Avg Loss Depth: 0.1901

==================================================
Epoch 78/200
==================================================
Epoch [78] Batch [0/33] Loss_RGB: 1.2253 Loss_Depth: 0.1958
Epoch 78 - Avg Loss RGB: 1.2247, Avg Loss Depth: 0.1902

==================================================
Epoch 79/200
==================================================
Epoch [79] Batch [0/33] Loss_RGB: 1.2127 Loss_Depth: 0.1854
Epoch 79 - Avg Loss RGB: 1.2233, Avg Loss Depth: 0.1903

==================================================
Epoch 80/200
==================================================
Epoch [80] Batch [0/33] Loss_RGB: 1.2235 Loss_Depth: 0.1856
Epoch 80 - Avg Loss RGB: 1.2232, Avg Loss Depth: 0.1901
Epoch 80 - Val Loss RGB: 1.2437, Val Loss Depth: 0.0000, Total: 1.2437
Saved best model to ./outputs/rail_all/Cam3/20260501_151142_cam3_bs32_lr0.005_img512_ratio1.0/best_cam3.pth

==================================================
Epoch 81/200
==================================================
Epoch [81] Batch [0/33] Loss_RGB: 1.2073 Loss_Depth: 0.1881
Epoch 81 - Avg Loss RGB: 1.2223, Avg Loss Depth: 0.1900

==================================================
Epoch 82/200
==================================================
Epoch [82] Batch [0/33] Loss_RGB: 1.2045 Loss_Depth: 0.1817
Epoch 82 - Avg Loss RGB: 1.2219, Avg Loss Depth: 0.1899

==================================================
Epoch 83/200
==================================================
Epoch [83] Batch [0/33] Loss_RGB: 1.2300 Loss_Depth: 0.1891
Epoch 83 - Avg Loss RGB: 1.2208, Avg Loss Depth: 0.1896

==================================================
Epoch 84/200
==================================================
Epoch [84] Batch [0/33] Loss_RGB: 1.2113 Loss_Depth: 0.1905
Epoch 84 - Avg Loss RGB: 1.2204, Avg Loss Depth: 0.1894

==================================================
Epoch 85/200
==================================================
Epoch [85] Batch [0/33] Loss_RGB: 1.1942 Loss_Depth: 0.1812
Epoch 85 - Avg Loss RGB: 1.2206, Avg Loss Depth: 0.1896
Epoch 85 - Val Loss RGB: 1.2423, Val Loss Depth: 0.0000, Total: 1.2423
Saved best model to ./outputs/rail_all/Cam3/20260501_151142_cam3_bs32_lr0.005_img512_ratio1.0/best_cam3.pth

==================================================
Epoch 86/200
==================================================
Epoch [86] Batch [0/33] Loss_RGB: 1.2115 Loss_Depth: 0.2129
Epoch 86 - Avg Loss RGB: 1.2188, Avg Loss Depth: 0.1895

==================================================
Epoch 87/200
==================================================
Epoch [87] Batch [0/33] Loss_RGB: 1.2209 Loss_Depth: 0.1856
Epoch 87 - Avg Loss RGB: 1.2197, Avg Loss Depth: 0.1894

==================================================
Epoch 88/200
==================================================
Epoch [88] Batch [0/33] Loss_RGB: 1.2192 Loss_Depth: 0.1858
Epoch 88 - Avg Loss RGB: 1.2185, Avg Loss Depth: 0.1896

==================================================
Epoch 89/200
==================================================
Epoch [89] Batch [0/33] Loss_RGB: 1.1988 Loss_Depth: 0.1839
Epoch 89 - Avg Loss RGB: 1.2187, Avg Loss Depth: 0.1894

==================================================
Epoch 90/200
==================================================
Epoch [90] Batch [0/33] Loss_RGB: 1.1815 Loss_Depth: 0.1812
Epoch 90 - Avg Loss RGB: 1.2185, Avg Loss Depth: 0.1893
Epoch 90 - Val Loss RGB: 1.2397, Val Loss Depth: 0.0000, Total: 1.2397
Saved best model to ./outputs/rail_all/Cam3/20260501_151142_cam3_bs32_lr0.005_img512_ratio1.0/best_cam3.pth

==================================================
Epoch 91/200
==================================================
Epoch [91] Batch [0/33] Loss_RGB: 1.2061 Loss_Depth: 0.1831
Epoch 91 - Avg Loss RGB: 1.2166, Avg Loss Depth: 0.1887

==================================================
Epoch 92/200
==================================================
Epoch [92] Batch [0/33] Loss_RGB: 1.2092 Loss_Depth: 0.1880
Epoch 92 - Avg Loss RGB: 1.2169, Avg Loss Depth: 0.1888

==================================================
Epoch 93/200
==================================================
Epoch [93] Batch [0/33] Loss_RGB: 1.2217 Loss_Depth: 0.1852
Epoch 93 - Avg Loss RGB: 1.2160, Avg Loss Depth: 0.1885

==================================================
Epoch 94/200
==================================================
Epoch [94] Batch [0/33] Loss_RGB: 1.2103 Loss_Depth: 0.1852
Epoch 94 - Avg Loss RGB: 1.2155, Avg Loss Depth: 0.1885

==================================================
Epoch 95/200
==================================================
Epoch [95] Batch [0/33] Loss_RGB: 1.1727 Loss_Depth: 0.1831
Epoch 95 - Avg Loss RGB: 1.2167, Avg Loss Depth: 0.1885
Epoch 95 - Val Loss RGB: 1.2386, Val Loss Depth: 0.0000, Total: 1.2386
Saved best model to ./outputs/rail_all/Cam3/20260501_151142_cam3_bs32_lr0.005_img512_ratio1.0/best_cam3.pth

==================================================
Epoch 96/200
==================================================
Epoch [96] Batch [0/33] Loss_RGB: 1.1905 Loss_Depth: 0.1861
Epoch 96 - Avg Loss RGB: 1.2151, Avg Loss Depth: 0.1881

==================================================
Epoch 97/200
==================================================
Epoch [97] Batch [0/33] Loss_RGB: 1.1768 Loss_Depth: 0.1828
Epoch 97 - Avg Loss RGB: 1.2144, Avg Loss Depth: 0.1882

==================================================
Epoch 98/200
==================================================
Epoch [98] Batch [0/33] Loss_RGB: 1.2598 Loss_Depth: 0.1934
Epoch 98 - Avg Loss RGB: 1.2140, Avg Loss Depth: 0.1883

==================================================
Epoch 99/200
==================================================
Epoch [99] Batch [0/33] Loss_RGB: 1.2011 Loss_Depth: 0.1849
Epoch 99 - Avg Loss RGB: 1.2146, Avg Loss Depth: 0.1883

==================================================
Epoch 100/200
==================================================
Epoch [100] Batch [0/33] Loss_RGB: 1.2665 Loss_Depth: 0.1918
Epoch 100 - Avg Loss RGB: 1.2137, Avg Loss Depth: 0.1879
Epoch 100 - Val Loss RGB: 1.2373, Val Loss Depth: 0.0000, Total: 1.2373
Saved best model to ./outputs/rail_all/Cam3/20260501_151142_cam3_bs32_lr0.005_img512_ratio1.0/best_cam3.pth

==================================================
Epoch 101/200
==================================================
Epoch [101] Batch [0/33] Loss_RGB: 1.2066 Loss_Depth: 0.1871
Epoch 101 - Avg Loss RGB: 1.2135, Avg Loss Depth: 0.1883

==================================================
Epoch 102/200
==================================================
Epoch [102] Batch [0/33] Loss_RGB: 1.2070 Loss_Depth: 0.1841
Epoch 102 - Avg Loss RGB: 1.2137, Avg Loss Depth: 0.1883

==================================================
Epoch 103/200
==================================================
Epoch [103] Batch [0/33] Loss_RGB: 1.2369 Loss_Depth: 0.1856
Epoch 103 - Avg Loss RGB: 1.2134, Avg Loss Depth: 0.1880

==================================================
Epoch 104/200
==================================================
Epoch [104] Batch [0/33] Loss_RGB: 1.2277 Loss_Depth: 0.1929
Epoch 104 - Avg Loss RGB: 1.2128, Avg Loss Depth: 0.1882

==================================================
Epoch 105/200
==================================================
Epoch [105] Batch [0/33] Loss_RGB: 1.2120 Loss_Depth: 0.1870
Epoch 105 - Avg Loss RGB: 1.2124, Avg Loss Depth: 0.1879
Epoch 105 - Val Loss RGB: 1.2364, Val Loss Depth: 0.0000, Total: 1.2364
Saved best model to ./outputs/rail_all/Cam3/20260501_151142_cam3_bs32_lr0.005_img512_ratio1.0/best_cam3.pth

==================================================
Epoch 106/200
==================================================
Epoch [106] Batch [0/33] Loss_RGB: 1.1984 Loss_Depth: 0.1853
Epoch 106 - Avg Loss RGB: 1.2129, Avg Loss Depth: 0.1880

==================================================
Epoch 107/200
==================================================
Epoch [107] Batch [0/33] Loss_RGB: 1.2118 Loss_Depth: 0.1867
Epoch 107 - Avg Loss RGB: 1.2114, Avg Loss Depth: 0.1879

==================================================
Epoch 108/200
==================================================
Epoch [108] Batch [0/33] Loss_RGB: 1.2078 Loss_Depth: 0.1841
Epoch 108 - Avg Loss RGB: 1.2130, Avg Loss Depth: 0.1876

==================================================
Epoch 109/200
==================================================
Epoch [109] Batch [0/33] Loss_RGB: 1.2005 Loss_Depth: 0.1840
Epoch 109 - Avg Loss RGB: 1.2121, Avg Loss Depth: 0.1878

==================================================
Epoch 110/200
==================================================
Epoch [110] Batch [0/33] Loss_RGB: 1.1837 Loss_Depth: 0.1839
Epoch 110 - Avg Loss RGB: 1.2115, Avg Loss Depth: 0.1877
Epoch 110 - Val Loss RGB: 1.2358, Val Loss Depth: 0.0000, Total: 1.2358
Saved best model to ./outputs/rail_all/Cam3/20260501_151142_cam3_bs32_lr0.005_img512_ratio1.0/best_cam3.pth

==================================================
Epoch 111/200
==================================================
Epoch [111] Batch [0/33] Loss_RGB: 1.2259 Loss_Depth: 0.1882
Epoch 111 - Avg Loss RGB: 1.2109, Avg Loss Depth: 0.1876

==================================================
Epoch 112/200
==================================================
Epoch [112] Batch [0/33] Loss_RGB: 1.2338 Loss_Depth: 0.1935
Epoch 112 - Avg Loss RGB: 1.2111, Avg Loss Depth: 0.1879

==================================================
Epoch 113/200
==================================================
Epoch [113] Batch [0/33] Loss_RGB: 1.2033 Loss_Depth: 0.1783
Epoch 113 - Avg Loss RGB: 1.2117, Avg Loss Depth: 0.1879

==================================================
Epoch 114/200
==================================================
Epoch [114] Batch [0/33] Loss_RGB: 1.2381 Loss_Depth: 0.1938
Epoch 114 - Avg Loss RGB: 1.2109, Avg Loss Depth: 0.1877

==================================================
Epoch 115/200
==================================================
Epoch [115] Batch [0/33] Loss_RGB: 1.1949 Loss_Depth: 0.1836
Epoch 115 - Avg Loss RGB: 1.2107, Avg Loss Depth: 0.1876
Epoch 115 - Val Loss RGB: 1.2352, Val Loss Depth: 0.0000, Total: 1.2352
Saved best model to ./outputs/rail_all/Cam3/20260501_151142_cam3_bs32_lr0.005_img512_ratio1.0/best_cam3.pth

==================================================
Epoch 116/200
==================================================
Epoch [116] Batch [0/33] Loss_RGB: 1.2017 Loss_Depth: 0.1839
Epoch 116 - Avg Loss RGB: 1.2098, Avg Loss Depth: 0.1876

==================================================
Epoch 117/200
==================================================
Epoch [117] Batch [0/33] Loss_RGB: 1.1941 Loss_Depth: 0.1887
Epoch 117 - Avg Loss RGB: 1.2101, Avg Loss Depth: 0.1876

==================================================
Epoch 118/200
==================================================
Epoch [118] Batch [0/33] Loss_RGB: 1.2200 Loss_Depth: 0.1901
Epoch 118 - Avg Loss RGB: 1.2111, Avg Loss Depth: 0.1877

==================================================
Epoch 119/200
==================================================
Epoch [119] Batch [0/33] Loss_RGB: 1.2122 Loss_Depth: 0.1851
Epoch 119 - Avg Loss RGB: 1.2099, Avg Loss Depth: 0.1874

==================================================
Epoch 120/200
==================================================
Epoch [120] Batch [0/33] Loss_RGB: 1.2100 Loss_Depth: 0.1853
Epoch 120 - Avg Loss RGB: 1.2090, Avg Loss Depth: 0.1874
Epoch 120 - Val Loss RGB: 1.2349, Val Loss Depth: 0.0000, Total: 1.2349
Saved best model to ./outputs/rail_all/Cam3/20260501_151142_cam3_bs32_lr0.005_img512_ratio1.0/best_cam3.pth

==================================================
Epoch 121/200
==================================================
Epoch [121] Batch [0/33] Loss_RGB: 1.2518 Loss_Depth: 0.1823
Epoch 121 - Avg Loss RGB: 1.2098, Avg Loss Depth: 0.1874

==================================================
Epoch 122/200
==================================================
Epoch [122] Batch [0/33] Loss_RGB: 1.1958 Loss_Depth: 0.1803
Epoch 122 - Avg Loss RGB: 1.2101, Avg Loss Depth: 0.1877

==================================================
Epoch 123/200
==================================================
Epoch [123] Batch [0/33] Loss_RGB: 1.2175 Loss_Depth: 0.1834
Epoch 123 - Avg Loss RGB: 1.2096, Avg Loss Depth: 0.1872

==================================================
Epoch 124/200
==================================================
Epoch [124] Batch [0/33] Loss_RGB: 1.1958 Loss_Depth: 0.1769
Epoch 124 - Avg Loss RGB: 1.2100, Avg Loss Depth: 0.1873

==================================================
Epoch 125/200
==================================================
Epoch [125] Batch [0/33] Loss_RGB: 1.1920 Loss_Depth: 0.1862
Epoch 125 - Avg Loss RGB: 1.2087, Avg Loss Depth: 0.1874
Epoch 125 - Val Loss RGB: 1.2346, Val Loss Depth: 0.0000, Total: 1.2346
Saved best model to ./outputs/rail_all/Cam3/20260501_151142_cam3_bs32_lr0.005_img512_ratio1.0/best_cam3.pth

==================================================
Epoch 126/200
==================================================
Epoch [126] Batch [0/33] Loss_RGB: 1.2074 Loss_Depth: 0.1989
Epoch 126 - Avg Loss RGB: 1.2089, Avg Loss Depth: 0.1875

==================================================
Epoch 127/200
==================================================
Epoch [127] Batch [0/33] Loss_RGB: 1.1870 Loss_Depth: 0.1840
Epoch 127 - Avg Loss RGB: 1.2096, Avg Loss Depth: 0.1875

==================================================
Epoch 128/200
==================================================
Epoch [128] Batch [0/33] Loss_RGB: 1.2425 Loss_Depth: 0.1900
Epoch 128 - Avg Loss RGB: 1.2085, Avg Loss Depth: 0.1874

==================================================
Epoch 129/200
==================================================
Epoch [129] Batch [0/33] Loss_RGB: 1.2142 Loss_Depth: 0.1955
Epoch 129 - Avg Loss RGB: 1.2088, Avg Loss Depth: 0.1874

==================================================
Epoch 130/200
==================================================
Epoch [130] Batch [0/33] Loss_RGB: 1.1942 Loss_Depth: 0.1797
Epoch 130 - Avg Loss RGB: 1.2092, Avg Loss Depth: 0.1872
Epoch 130 - Val Loss RGB: 1.2341, Val Loss Depth: 0.0000, Total: 1.2341
Saved best model to ./outputs/rail_all/Cam3/20260501_151142_cam3_bs32_lr0.005_img512_ratio1.0/best_cam3.pth

==================================================
Epoch 131/200
==================================================
Epoch [131] Batch [0/33] Loss_RGB: 1.2162 Loss_Depth: 0.1887
Epoch 131 - Avg Loss RGB: 1.2082, Avg Loss Depth: 0.1873

==================================================
Epoch 132/200
==================================================
Epoch [132] Batch [0/33] Loss_RGB: 1.1873 Loss_Depth: 0.1843
Epoch 132 - Avg Loss RGB: 1.2086, Avg Loss Depth: 0.1873

==================================================
Epoch 133/200
==================================================
Epoch [133] Batch [0/33] Loss_RGB: 1.1732 Loss_Depth: 0.1795
Epoch 133 - Avg Loss RGB: 1.2079, Avg Loss Depth: 0.1874

==================================================
Epoch 134/200
==================================================
Epoch [134] Batch [0/33] Loss_RGB: 1.2851 Loss_Depth: 0.2158
Epoch 134 - Avg Loss RGB: 1.2091, Avg Loss Depth: 0.1874

==================================================
Epoch 135/200
==================================================
Epoch [135] Batch [0/33] Loss_RGB: 1.1981 Loss_Depth: 0.1849
Epoch 135 - Avg Loss RGB: 1.2082, Avg Loss Depth: 0.1873
Epoch 135 - Val Loss RGB: 1.2342, Val Loss Depth: 0.0000, Total: 1.2342
No improvement for 1 evaluation(s)

==================================================
Epoch 136/200
==================================================
Epoch [136] Batch [0/33] Loss_RGB: 1.2050 Loss_Depth: 0.1935
Epoch 136 - Avg Loss RGB: 1.2091, Avg Loss Depth: 0.1872

==================================================
Epoch 137/200
==================================================
Epoch [137] Batch [0/33] Loss_RGB: 1.2250 Loss_Depth: 0.1809
Epoch 137 - Avg Loss RGB: 1.2087, Avg Loss Depth: 0.1875

==================================================
Epoch 138/200
==================================================
Epoch [138] Batch [0/33] Loss_RGB: 1.2374 Loss_Depth: 0.1864
Epoch 138 - Avg Loss RGB: 1.2100, Avg Loss Depth: 0.1867

==================================================
Epoch 139/200
==================================================
Epoch [139] Batch [0/33] Loss_RGB: 1.2390 Loss_Depth: 0.1818
Epoch 139 - Avg Loss RGB: 1.2089, Avg Loss Depth: 0.1872

==================================================
Epoch 140/200
==================================================
Epoch [140] Batch [0/33] Loss_RGB: 1.2276 Loss_Depth: 0.1888
Epoch 140 - Avg Loss RGB: 1.2089, Avg Loss Depth: 0.1872
Epoch 140 - Val Loss RGB: 1.2340, Val Loss Depth: 0.0000, Total: 1.2340
Saved best model to ./outputs/rail_all/Cam3/20260501_151142_cam3_bs32_lr0.005_img512_ratio1.0/best_cam3.pth

==================================================
Epoch 141/200
==================================================
Epoch [141] Batch [0/33] Loss_RGB: 1.2039 Loss_Depth: 0.2158
Epoch 141 - Avg Loss RGB: 1.2073, Avg Loss Depth: 0.1871

==================================================
Epoch 142/200
==================================================
Epoch [142] Batch [0/33] Loss_RGB: 1.1998 Loss_Depth: 0.1835
Epoch 142 - Avg Loss RGB: 1.2085, Avg Loss Depth: 0.1866

==================================================
Epoch 143/200
==================================================
Epoch [143] Batch [0/33] Loss_RGB: 1.2072 Loss_Depth: 0.1848
Epoch 143 - Avg Loss RGB: 1.2091, Avg Loss Depth: 0.1874

==================================================
Epoch 144/200
==================================================
Epoch [144] Batch [0/33] Loss_RGB: 1.2245 Loss_Depth: 0.1814
Epoch 144 - Avg Loss RGB: 1.2080, Avg Loss Depth: 0.1873

==================================================
Epoch 145/200
==================================================
Epoch [145] Batch [0/33] Loss_RGB: 1.1989 Loss_Depth: 0.1778
Epoch 145 - Avg Loss RGB: 1.2078, Avg Loss Depth: 0.1872
Epoch 145 - Val Loss RGB: 1.2339, Val Loss Depth: 0.0000, Total: 1.2339
Saved best model to ./outputs/rail_all/Cam3/20260501_151142_cam3_bs32_lr0.005_img512_ratio1.0/best_cam3.pth

==================================================
Epoch 146/200
==================================================
Epoch [146] Batch [0/33] Loss_RGB: 1.2077 Loss_Depth: 0.1820
Epoch 146 - Avg Loss RGB: 1.2073, Avg Loss Depth: 0.1872

==================================================
Epoch 147/200
==================================================
Epoch [147] Batch [0/33] Loss_RGB: 1.1896 Loss_Depth: 0.1916
Epoch 147 - Avg Loss RGB: 1.2077, Avg Loss Depth: 0.1872

==================================================
Epoch 148/200
==================================================
Epoch [148] Batch [0/33] Loss_RGB: 1.1938 Loss_Depth: 0.1865
Epoch 148 - Avg Loss RGB: 1.2085, Avg Loss Depth: 0.1869

==================================================
Epoch 149/200
==================================================
Epoch [149] Batch [0/33] Loss_RGB: 1.2056 Loss_Depth: 0.1807
Epoch 149 - Avg Loss RGB: 1.2073, Avg Loss Depth: 0.1871

==================================================
Epoch 150/200
==================================================
Epoch [150] Batch [0/33] Loss_RGB: 1.2181 Loss_Depth: 0.2044
Epoch 150 - Avg Loss RGB: 1.2083, Avg Loss Depth: 0.1872
Epoch 150 - Val Loss RGB: 1.2338, Val Loss Depth: 0.0000, Total: 1.2338
Saved best model to ./outputs/rail_all/Cam3/20260501_151142_cam3_bs32_lr0.005_img512_ratio1.0/best_cam3.pth

==================================================
Epoch 151/200
==================================================
Epoch [151] Batch [0/33] Loss_RGB: 1.2391 Loss_Depth: 0.1925
Epoch 151 - Avg Loss RGB: 1.2081, Avg Loss Depth: 0.1862

==================================================
Epoch 152/200
==================================================
Epoch [152] Batch [0/33] Loss_RGB: 1.2447 Loss_Depth: 0.1880
Epoch 152 - Avg Loss RGB: 1.2076, Avg Loss Depth: 0.1872

==================================================
Epoch 153/200
==================================================
Epoch [153] Batch [0/33] Loss_RGB: 1.2176 Loss_Depth: 0.1872
Epoch 153 - Avg Loss RGB: 1.2091, Avg Loss Depth: 0.1872

==================================================
Epoch 154/200
==================================================
Epoch [154] Batch [0/33] Loss_RGB: 1.2033 Loss_Depth: 0.1889
Epoch 154 - Avg Loss RGB: 1.2075, Avg Loss Depth: 0.1870

==================================================
Epoch 155/200
==================================================
Epoch [155] Batch [0/33] Loss_RGB: 1.2289 Loss_Depth: 0.1942
Epoch 155 - Avg Loss RGB: 1.2072, Avg Loss Depth: 0.1871
Epoch 155 - Val Loss RGB: 1.2336, Val Loss Depth: 0.0000, Total: 1.2336
Saved best model to ./outputs/rail_all/Cam3/20260501_151142_cam3_bs32_lr0.005_img512_ratio1.0/best_cam3.pth

==================================================
Epoch 156/200
==================================================
Epoch [156] Batch [0/33] Loss_RGB: 1.1955 Loss_Depth: 0.1856
Epoch 156 - Avg Loss RGB: 1.2081, Avg Loss Depth: 0.1872

==================================================
Epoch 157/200
==================================================
Epoch [157] Batch [0/33] Loss_RGB: 1.2172 Loss_Depth: 0.1858
Epoch 157 - Avg Loss RGB: 1.2083, Avg Loss Depth: 0.1870

==================================================
Epoch 158/200
==================================================
Epoch [158] Batch [0/33] Loss_RGB: 1.2009 Loss_Depth: 0.1816
Epoch 158 - Avg Loss RGB: 1.2077, Avg Loss Depth: 0.1871

==================================================
Epoch 159/200
==================================================
Epoch [159] Batch [0/33] Loss_RGB: 1.1946 Loss_Depth: 0.1831
Epoch 159 - Avg Loss RGB: 1.2079, Avg Loss Depth: 0.1871

==================================================
Epoch 160/200
==================================================
Epoch [160] Batch [0/33] Loss_RGB: 1.1809 Loss_Depth: 0.2069
Epoch 160 - Avg Loss RGB: 1.2070, Avg Loss Depth: 0.1868
Epoch 160 - Val Loss RGB: 1.2336, Val Loss Depth: 0.0000, Total: 1.2336
No improvement for 1 evaluation(s)

==================================================
Epoch 161/200
==================================================
Epoch [161] Batch [0/33] Loss_RGB: 1.1991 Loss_Depth: 0.1834
Epoch 161 - Avg Loss RGB: 1.2070, Avg Loss Depth: 0.1872

==================================================
Epoch 162/200
==================================================
Epoch [162] Batch [0/33] Loss_RGB: 1.2241 Loss_Depth: 0.1867
Epoch 162 - Avg Loss RGB: 1.2076, Avg Loss Depth: 0.1870

==================================================
Epoch 163/200
==================================================
Epoch [163] Batch [0/33] Loss_RGB: 1.2085 Loss_Depth: 0.1948
Epoch 163 - Avg Loss RGB: 1.2079, Avg Loss Depth: 0.1870

==================================================
Epoch 164/200
==================================================
Epoch [164] Batch [0/33] Loss_RGB: 1.2053 Loss_Depth: 0.1880
Epoch 164 - Avg Loss RGB: 1.2085, Avg Loss Depth: 0.1871

==================================================
Epoch 165/200
==================================================
Epoch [165] Batch [0/33] Loss_RGB: 1.1914 Loss_Depth: 0.1812
Epoch 165 - Avg Loss RGB: 1.2073, Avg Loss Depth: 0.1871
Epoch 165 - Val Loss RGB: 1.2337, Val Loss Depth: 0.0000, Total: 1.2337
No improvement for 2 evaluation(s)

==================================================
Epoch 166/200
==================================================
Epoch [166] Batch [0/33] Loss_RGB: 1.2102 Loss_Depth: 0.1826
Epoch 166 - Avg Loss RGB: 1.2076, Avg Loss Depth: 0.1870

==================================================
Epoch 167/200
==================================================
Epoch [167] Batch [0/33] Loss_RGB: 1.1975 Loss_Depth: 0.1833
Epoch 167 - Avg Loss RGB: 1.2075, Avg Loss Depth: 0.1871

==================================================
Epoch 168/200
==================================================
Epoch [168] Batch [0/33] Loss_RGB: 1.2122 Loss_Depth: 0.1938
Epoch 168 - Avg Loss RGB: 1.2068, Avg Loss Depth: 0.1869

==================================================
Epoch 169/200
==================================================
Epoch [169] Batch [0/33] Loss_RGB: 1.1960 Loss_Depth: 0.1836
Epoch 169 - Avg Loss RGB: 1.2076, Avg Loss Depth: 0.1870

==================================================
Epoch 170/200
==================================================
Epoch [170] Batch [0/33] Loss_RGB: 1.1975 Loss_Depth: 0.1932
Epoch 170 - Avg Loss RGB: 1.2078, Avg Loss Depth: 0.1869
Epoch 170 - Val Loss RGB: 1.2337, Val Loss Depth: 0.0000, Total: 1.2337
No improvement for 3 evaluation(s)

==================================================
Epoch 171/200
==================================================
Epoch [171] Batch [0/33] Loss_RGB: 1.1915 Loss_Depth: 0.1808
Epoch 171 - Avg Loss RGB: 1.2089, Avg Loss Depth: 0.1873

==================================================
Epoch 172/200
==================================================
Epoch [172] Batch [0/33] Loss_RGB: 1.2274 Loss_Depth: 0.1946
Epoch 172 - Avg Loss RGB: 1.2081, Avg Loss Depth: 0.1871

==================================================
Epoch 173/200
==================================================
Epoch [173] Batch [0/33] Loss_RGB: 1.2385 Loss_Depth: 0.1987
Epoch 173 - Avg Loss RGB: 1.2084, Avg Loss Depth: 0.1871

==================================================
Epoch 174/200
==================================================
Epoch [174] Batch [0/33] Loss_RGB: 1.2132 Loss_Depth: 0.1900
Epoch 174 - Avg Loss RGB: 1.2080, Avg Loss Depth: 0.1872

==================================================
Epoch 175/200
==================================================
Epoch [175] Batch [0/33] Loss_RGB: 1.2078 Loss_Depth: 0.1825
Epoch 175 - Avg Loss RGB: 1.2068, Avg Loss Depth: 0.1871
Epoch 175 - Val Loss RGB: 1.2335, Val Loss Depth: 0.0000, Total: 1.2335
Saved best model to ./outputs/rail_all/Cam3/20260501_151142_cam3_bs32_lr0.005_img512_ratio1.0/best_cam3.pth

==================================================
Epoch 176/200
==================================================
Epoch [176] Batch [0/33] Loss_RGB: 1.1985 Loss_Depth: 0.1816
Epoch 176 - Avg Loss RGB: 1.2085, Avg Loss Depth: 0.1870

==================================================
Epoch 177/200
==================================================
Epoch [177] Batch [0/33] Loss_RGB: 1.1959 Loss_Depth: 0.1809
Epoch 177 - Avg Loss RGB: 1.2066, Avg Loss Depth: 0.1869

==================================================
Epoch 178/200
==================================================
Epoch [178] Batch [0/33] Loss_RGB: 1.1757 Loss_Depth: 0.1871
Epoch 178 - Avg Loss RGB: 1.2083, Avg Loss Depth: 0.1872

==================================================
Epoch 179/200
==================================================
Epoch [179] Batch [0/33] Loss_RGB: 1.2191 Loss_Depth: 0.1848
Epoch 179 - Avg Loss RGB: 1.2071, Avg Loss Depth: 0.1871

==================================================
Epoch 180/200
==================================================
Epoch [180] Batch [0/33] Loss_RGB: 1.2212 Loss_Depth: 0.1926
Epoch 180 - Avg Loss RGB: 1.2068, Avg Loss Depth: 0.1871
Epoch 180 - Val Loss RGB: 1.2335, Val Loss Depth: 0.0000, Total: 1.2335
Saved best model to ./outputs/rail_all/Cam3/20260501_151142_cam3_bs32_lr0.005_img512_ratio1.0/best_cam3.pth

==================================================
Epoch 181/200
==================================================
Epoch [181] Batch [0/33] Loss_RGB: 1.1989 Loss_Depth: 0.1834
Epoch 181 - Avg Loss RGB: 1.2078, Avg Loss Depth: 0.1872

==================================================
Epoch 182/200
==================================================
Epoch [182] Batch [0/33] Loss_RGB: 1.2378 Loss_Depth: 0.1871
Epoch 182 - Avg Loss RGB: 1.2069, Avg Loss Depth: 0.1870

==================================================
Epoch 183/200
==================================================
Epoch [183] Batch [0/33] Loss_RGB: 1.1852 Loss_Depth: 0.1794
Epoch 183 - Avg Loss RGB: 1.2080, Avg Loss Depth: 0.1871

==================================================
Epoch 184/200
==================================================
Epoch [184] Batch [0/33] Loss_RGB: 1.1858 Loss_Depth: 0.1778
Epoch 184 - Avg Loss RGB: 1.2088, Avg Loss Depth: 0.1873

==================================================
Epoch 185/200
==================================================
Epoch [185] Batch [0/33] Loss_RGB: 1.2141 Loss_Depth: 0.1940
Epoch 185 - Avg Loss RGB: 1.2072, Avg Loss Depth: 0.1870
Epoch 185 - Val Loss RGB: 1.2335, Val Loss Depth: 0.0000, Total: 1.2335
No improvement for 1 evaluation(s)

==================================================
Epoch 186/200
==================================================
Epoch [186] Batch [0/33] Loss_RGB: 1.2101 Loss_Depth: 0.1815
Epoch 186 - Avg Loss RGB: 1.2072, Avg Loss Depth: 0.1869

==================================================
Epoch 187/200
==================================================
Epoch [187] Batch [0/33] Loss_RGB: 1.2199 Loss_Depth: 0.1819
Epoch 187 - Avg Loss RGB: 1.2065, Avg Loss Depth: 0.1870

==================================================
Epoch 188/200
==================================================
Epoch [188] Batch [0/33] Loss_RGB: 1.1982 Loss_Depth: 0.1876
Epoch 188 - Avg Loss RGB: 1.2078, Avg Loss Depth: 0.1873

==================================================
Epoch 189/200
==================================================
Epoch [189] Batch [0/33] Loss_RGB: 1.1994 Loss_Depth: 0.1803
Epoch 189 - Avg Loss RGB: 1.2079, Avg Loss Depth: 0.1872

==================================================
Epoch 190/200
==================================================
Epoch [190] Batch [0/33] Loss_RGB: 1.1962 Loss_Depth: 0.1875
Epoch 190 - Avg Loss RGB: 1.2082, Avg Loss Depth: 0.1871
Epoch 190 - Val Loss RGB: 1.2334, Val Loss Depth: 0.0000, Total: 1.2334
Saved best model to ./outputs/rail_all/Cam3/20260501_151142_cam3_bs32_lr0.005_img512_ratio1.0/best_cam3.pth

==================================================
Epoch 191/200
==================================================
Epoch [191] Batch [0/33] Loss_RGB: 1.2089 Loss_Depth: 0.1925
Epoch 191 - Avg Loss RGB: 1.2071, Avg Loss Depth: 0.1873

==================================================
Epoch 192/200
==================================================
Epoch [192] Batch [0/33] Loss_RGB: 1.2393 Loss_Depth: 0.1829
Epoch 192 - Avg Loss RGB: 1.2078, Avg Loss Depth: 0.1868

==================================================
Epoch 193/200
==================================================
Epoch [193] Batch [0/33] Loss_RGB: 1.1855 Loss_Depth: 0.1841
Epoch 193 - Avg Loss RGB: 1.2077, Avg Loss Depth: 0.1870

==================================================
Epoch 194/200
==================================================
Epoch [194] Batch [0/33] Loss_RGB: 1.2028 Loss_Depth: 0.1811
Epoch 194 - Avg Loss RGB: 1.2075, Avg Loss Depth: 0.1870

==================================================
Epoch 195/200
==================================================
Epoch [195] Batch [0/33] Loss_RGB: 1.2247 Loss_Depth: 0.1883
Epoch 195 - Avg Loss RGB: 1.2069, Avg Loss Depth: 0.1871
Epoch 195 - Val Loss RGB: 1.2335, Val Loss Depth: 0.0000, Total: 1.2335
No improvement for 1 evaluation(s)

==================================================
Epoch 196/200
==================================================
Epoch [196] Batch [0/33] Loss_RGB: 1.2006 Loss_Depth: 0.1849
Epoch 196 - Avg Loss RGB: 1.2077, Avg Loss Depth: 0.1871

==================================================
Epoch 197/200
==================================================
Epoch [197] Batch [0/33] Loss_RGB: 1.2276 Loss_Depth: 0.1838
Epoch 197 - Avg Loss RGB: 1.2073, Avg Loss Depth: 0.1865

==================================================
Epoch 198/200
==================================================
Epoch [198] Batch [0/33] Loss_RGB: 1.2441 Loss_Depth: 0.1982
Epoch 198 - Avg Loss RGB: 1.2076, Avg Loss Depth: 0.1873

==================================================
Epoch 199/200
==================================================
Epoch [199] Batch [0/33] Loss_RGB: 1.2337 Loss_Depth: 0.1872
Epoch 199 - Avg Loss RGB: 1.2086, Avg Loss Depth: 0.1871

==================================================
Epoch 200/200
==================================================
Epoch [200] Batch [0/33] Loss_RGB: 1.2137 Loss_Depth: 0.1887
Epoch 200 - Avg Loss RGB: 1.2077, Avg Loss Depth: 0.1873
Epoch 200 - Val Loss RGB: 1.2334, Val Loss Depth: 0.0000, Total: 1.2334
Saved best model to ./outputs/rail_all/Cam3/20260501_151142_cam3_bs32_lr0.005_img512_ratio1.0/best_cam3.pth

Training finished! Best Val Loss: 1.2334

==================================================
Final Result - Cam 3
  Best epoch: 200
  Best Val Loss: 1.2334
  Test AUROC: 0.7429
  Model: ./outputs/rail_all/Cam3/20260501_151142_cam3_bs32_lr0.005_img512_ratio1.0/best_cam3.pth
==================================================
