Training started at 20260501_163620
Args: Namespace(train_root='/data1/Leaddo_data/20260327-resize512', test_root='/home/root123/LF/WYM/SteelRailWay/rail_mvtec_gt_test', view_id=4, img_size=512, depth_norm='zscore', use_patch=False, patch_size=900, patch_stride=850, test_use_patch=True, test_patch_size=900, test_patch_stride=850, train_sample_ratio=1.0, train_sample_num=1200, random_seed_sample=42, train_val_test_split=[0.9, 0.1, 0.0], sampling_mode='uniform_time', preload=True, preload_workers=32, batch_size=32, epochs=200, lr=0.005, eval_interval=5, num_workers=16, seed=42, device='cuda:0', save_dir='./outputs/rail_all/Cam4', precision='bf16', channels_last=True, compile=True)


==================================================
Epoch 1/200
==================================================
Epoch [1] Batch [0/33] Loss_RGB: 8.0796 Loss_Depth: 7.6379
Epoch 1 - Avg Loss RGB: 4.2184, Avg Loss Depth: 2.8341

==================================================
Epoch 2/200
==================================================
Epoch [2] Batch [0/33] Loss_RGB: 2.9608 Loss_Depth: 1.0918
Epoch 2 - Avg Loss RGB: 2.5775, Avg Loss Depth: 0.8196

==================================================
Epoch 3/200
==================================================
Epoch [3] Batch [0/33] Loss_RGB: 2.3460 Loss_Depth: 0.6396
Epoch 3 - Avg Loss RGB: 2.2429, Avg Loss Depth: 0.5794

==================================================
Epoch 4/200
==================================================
Epoch [4] Batch [0/33] Loss_RGB: 2.1159 Loss_Depth: 0.5487
Epoch 4 - Avg Loss RGB: 2.0407, Avg Loss Depth: 0.4856

==================================================
Epoch 5/200
==================================================
Epoch [5] Batch [0/33] Loss_RGB: 1.9929 Loss_Depth: 0.4341
Epoch 5 - Avg Loss RGB: 1.9391, Avg Loss Depth: 0.4316
Epoch 5 - Val Loss RGB: 1.9613, Val Loss Depth: 0.0000, Total: 1.9613
Saved best model to ./outputs/rail_all/Cam4/20260501_163620_cam4_bs32_lr0.005_img512_ratio1.0/best_cam4.pth

==================================================
Epoch 6/200
==================================================
Epoch [6] Batch [0/33] Loss_RGB: 1.9288 Loss_Depth: 0.4384
Epoch 6 - Avg Loss RGB: 1.8713, Avg Loss Depth: 0.4141

==================================================
Epoch 7/200
==================================================
Epoch [7] Batch [0/33] Loss_RGB: 1.8453 Loss_Depth: 0.4153
Epoch 7 - Avg Loss RGB: 1.8108, Avg Loss Depth: 0.4013

==================================================
Epoch 8/200
==================================================
Epoch [8] Batch [0/33] Loss_RGB: 1.7515 Loss_Depth: 0.3957
Epoch 8 - Avg Loss RGB: 1.7533, Avg Loss Depth: 0.3869

==================================================
Epoch 9/200
==================================================
Epoch [9] Batch [0/33] Loss_RGB: 1.7338 Loss_Depth: 0.3774
Epoch 9 - Avg Loss RGB: 1.7095, Avg Loss Depth: 0.3762

==================================================
Epoch 10/200
==================================================
Epoch [10] Batch [0/33] Loss_RGB: 1.7122 Loss_Depth: 0.3812
Epoch 10 - Avg Loss RGB: 1.6789, Avg Loss Depth: 0.3699
Epoch 10 - Val Loss RGB: 1.6826, Val Loss Depth: 0.0000, Total: 1.6826
Saved best model to ./outputs/rail_all/Cam4/20260501_163620_cam4_bs32_lr0.005_img512_ratio1.0/best_cam4.pth

==================================================
Epoch 11/200
==================================================
Epoch [11] Batch [0/33] Loss_RGB: 1.6856 Loss_Depth: 0.3704
Epoch 11 - Avg Loss RGB: 1.6516, Avg Loss Depth: 0.3706

==================================================
Epoch 12/200
==================================================
Epoch [12] Batch [0/33] Loss_RGB: 1.6769 Loss_Depth: 0.3782
Epoch 12 - Avg Loss RGB: 1.6349, Avg Loss Depth: 0.3652

==================================================
Epoch 13/200
==================================================
Epoch [13] Batch [0/33] Loss_RGB: 1.6178 Loss_Depth: 0.3614
Epoch 13 - Avg Loss RGB: 1.6159, Avg Loss Depth: 0.3607

==================================================
Epoch 14/200
==================================================
Epoch [14] Batch [0/33] Loss_RGB: 1.6119 Loss_Depth: 0.3562
Epoch 14 - Avg Loss RGB: 1.5995, Avg Loss Depth: 0.3614

==================================================
Epoch 15/200
==================================================
Epoch [15] Batch [0/33] Loss_RGB: 1.5784 Loss_Depth: 0.3560
Epoch 15 - Avg Loss RGB: 1.5804, Avg Loss Depth: 0.3571
Epoch 15 - Val Loss RGB: 2.0303, Val Loss Depth: 0.0000, Total: 2.0303
No improvement for 1 evaluation(s)

==================================================
Epoch 16/200
==================================================
Epoch [16] Batch [0/33] Loss_RGB: 1.6021 Loss_Depth: 0.3670
Epoch 16 - Avg Loss RGB: 1.5867, Avg Loss Depth: 0.3553

==================================================
Epoch 17/200
==================================================
Epoch [17] Batch [0/33] Loss_RGB: 1.5415 Loss_Depth: 0.3480
Epoch 17 - Avg Loss RGB: 1.5561, Avg Loss Depth: 0.3536

==================================================
Epoch 18/200
==================================================
Epoch [18] Batch [0/33] Loss_RGB: 1.5547 Loss_Depth: 0.3506
Epoch 18 - Avg Loss RGB: 1.5481, Avg Loss Depth: 0.3535

==================================================
Epoch 19/200
==================================================
Epoch [19] Batch [0/33] Loss_RGB: 1.5548 Loss_Depth: 0.3550
Epoch 19 - Avg Loss RGB: 1.5311, Avg Loss Depth: 0.3518

==================================================
Epoch 20/200
==================================================
Epoch [20] Batch [0/33] Loss_RGB: 1.5058 Loss_Depth: 0.3510
Epoch 20 - Avg Loss RGB: 1.5204, Avg Loss Depth: 0.3519
Epoch 20 - Val Loss RGB: 1.5394, Val Loss Depth: 0.0000, Total: 1.5394
Saved best model to ./outputs/rail_all/Cam4/20260501_163620_cam4_bs32_lr0.005_img512_ratio1.0/best_cam4.pth

==================================================
Epoch 21/200
==================================================
Epoch [21] Batch [0/33] Loss_RGB: 1.5482 Loss_Depth: 0.3538
Epoch 21 - Avg Loss RGB: 1.5126, Avg Loss Depth: 0.3496

==================================================
Epoch 22/200
==================================================
Epoch [22] Batch [0/33] Loss_RGB: 1.5149 Loss_Depth: 0.3491
Epoch 22 - Avg Loss RGB: 1.5018, Avg Loss Depth: 0.3473

==================================================
Epoch 23/200
==================================================
Epoch [23] Batch [0/33] Loss_RGB: 1.5034 Loss_Depth: 0.3466
Epoch 23 - Avg Loss RGB: 1.4944, Avg Loss Depth: 0.3460

==================================================
Epoch 24/200
==================================================
Epoch [24] Batch [0/33] Loss_RGB: 1.4819 Loss_Depth: 0.3557
Epoch 24 - Avg Loss RGB: 1.4846, Avg Loss Depth: 0.3452

==================================================
Epoch 25/200
==================================================
Epoch [25] Batch [0/33] Loss_RGB: 1.4967 Loss_Depth: 0.3375
Epoch 25 - Avg Loss RGB: 1.4781, Avg Loss Depth: 0.3471
Epoch 25 - Val Loss RGB: 1.4887, Val Loss Depth: 0.0000, Total: 1.4887
Saved best model to ./outputs/rail_all/Cam4/20260501_163620_cam4_bs32_lr0.005_img512_ratio1.0/best_cam4.pth

==================================================
Epoch 26/200
==================================================
Epoch [26] Batch [0/33] Loss_RGB: 1.4766 Loss_Depth: 0.3457
Epoch 26 - Avg Loss RGB: 1.4698, Avg Loss Depth: 0.3468

==================================================
Epoch 27/200
==================================================
Epoch [27] Batch [0/33] Loss_RGB: 1.4455 Loss_Depth: 0.3434
Epoch 27 - Avg Loss RGB: 1.4641, Avg Loss Depth: 0.3449

==================================================
Epoch 28/200
==================================================
Epoch [28] Batch [0/33] Loss_RGB: 1.4572 Loss_Depth: 0.3385
Epoch 28 - Avg Loss RGB: 1.4556, Avg Loss Depth: 0.3433

==================================================
Epoch 29/200
==================================================
Epoch [29] Batch [0/33] Loss_RGB: 1.4836 Loss_Depth: 0.3567
Epoch 29 - Avg Loss RGB: 1.4506, Avg Loss Depth: 0.3415

==================================================
Epoch 30/200
==================================================
Epoch [30] Batch [0/33] Loss_RGB: 1.4353 Loss_Depth: 0.3433
Epoch 30 - Avg Loss RGB: 1.4414, Avg Loss Depth: 0.3403
Epoch 30 - Val Loss RGB: 1.4575, Val Loss Depth: 0.0000, Total: 1.4575
Saved best model to ./outputs/rail_all/Cam4/20260501_163620_cam4_bs32_lr0.005_img512_ratio1.0/best_cam4.pth

==================================================
Epoch 31/200
==================================================
Epoch [31] Batch [0/33] Loss_RGB: 1.4311 Loss_Depth: 0.3371
Epoch 31 - Avg Loss RGB: 1.4388, Avg Loss Depth: 0.3391

==================================================
Epoch 32/200
==================================================
Epoch [32] Batch [0/33] Loss_RGB: 1.4203 Loss_Depth: 0.3353
Epoch 32 - Avg Loss RGB: 1.4368, Avg Loss Depth: 0.3380

==================================================
Epoch 33/200
==================================================
Epoch [33] Batch [0/33] Loss_RGB: 1.4428 Loss_Depth: 0.3331
Epoch 33 - Avg Loss RGB: 1.4281, Avg Loss Depth: 0.3351

==================================================
Epoch 34/200
==================================================
Epoch [34] Batch [0/33] Loss_RGB: 1.4054 Loss_Depth: 0.3304
Epoch 34 - Avg Loss RGB: 1.4221, Avg Loss Depth: 0.3335

==================================================
Epoch 35/200
==================================================
Epoch [35] Batch [0/33] Loss_RGB: 1.4178 Loss_Depth: 0.3314
Epoch 35 - Avg Loss RGB: 1.4147, Avg Loss Depth: 0.3321
Epoch 35 - Val Loss RGB: 1.4239, Val Loss Depth: 0.0000, Total: 1.4239
Saved best model to ./outputs/rail_all/Cam4/20260501_163620_cam4_bs32_lr0.005_img512_ratio1.0/best_cam4.pth

==================================================
Epoch 36/200
==================================================
Epoch [36] Batch [0/33] Loss_RGB: 1.4306 Loss_Depth: 0.3336
Epoch 36 - Avg Loss RGB: 1.4096, Avg Loss Depth: 0.3313

==================================================
Epoch 37/200
==================================================
Epoch [37] Batch [0/33] Loss_RGB: 1.3989 Loss_Depth: 0.3262
Epoch 37 - Avg Loss RGB: 1.4050, Avg Loss Depth: 0.3303

==================================================
Epoch 38/200
==================================================
Epoch [38] Batch [0/33] Loss_RGB: 1.4094 Loss_Depth: 0.3274
Epoch 38 - Avg Loss RGB: 1.4011, Avg Loss Depth: 0.3391

==================================================
Epoch 39/200
==================================================
Epoch [39] Batch [0/33] Loss_RGB: 1.3715 Loss_Depth: 0.3342
Epoch 39 - Avg Loss RGB: 1.3957, Avg Loss Depth: 0.3341

==================================================
Epoch 40/200
==================================================
Epoch [40] Batch [0/33] Loss_RGB: 1.3941 Loss_Depth: 0.3449
Epoch 40 - Avg Loss RGB: 1.4028, Avg Loss Depth: 0.3313
Epoch 40 - Val Loss RGB: 1.4182, Val Loss Depth: 0.0000, Total: 1.4182
Saved best model to ./outputs/rail_all/Cam4/20260501_163620_cam4_bs32_lr0.005_img512_ratio1.0/best_cam4.pth

==================================================
Epoch 41/200
==================================================
Epoch [41] Batch [0/33] Loss_RGB: 1.3946 Loss_Depth: 0.3281
Epoch 41 - Avg Loss RGB: 1.3956, Avg Loss Depth: 0.3301

==================================================
Epoch 42/200
==================================================
Epoch [42] Batch [0/33] Loss_RGB: 1.3838 Loss_Depth: 0.3314
Epoch 42 - Avg Loss RGB: 1.3871, Avg Loss Depth: 0.3290

==================================================
Epoch 43/200
==================================================
Epoch [43] Batch [0/33] Loss_RGB: 1.3823 Loss_Depth: 0.3213
Epoch 43 - Avg Loss RGB: 1.3827, Avg Loss Depth: 0.3278

==================================================
Epoch 44/200
==================================================
Epoch [44] Batch [0/33] Loss_RGB: 1.3867 Loss_Depth: 0.3222
Epoch 44 - Avg Loss RGB: 1.3776, Avg Loss Depth: 0.3265

==================================================
Epoch 45/200
==================================================
Epoch [45] Batch [0/33] Loss_RGB: 1.3831 Loss_Depth: 0.3235
Epoch 45 - Avg Loss RGB: 1.3738, Avg Loss Depth: 0.3253
Epoch 45 - Val Loss RGB: 1.3841, Val Loss Depth: 0.0000, Total: 1.3841
Saved best model to ./outputs/rail_all/Cam4/20260501_163620_cam4_bs32_lr0.005_img512_ratio1.0/best_cam4.pth

==================================================
Epoch 46/200
==================================================
Epoch [46] Batch [0/33] Loss_RGB: 1.3527 Loss_Depth: 0.3230
Epoch 46 - Avg Loss RGB: 1.3699, Avg Loss Depth: 0.3248

==================================================
Epoch 47/200
==================================================
Epoch [47] Batch [0/33] Loss_RGB: 1.3628 Loss_Depth: 0.3200
Epoch 47 - Avg Loss RGB: 1.3642, Avg Loss Depth: 0.3232

==================================================
Epoch 48/200
==================================================
Epoch [48] Batch [0/33] Loss_RGB: 1.3638 Loss_Depth: 0.3182
Epoch 48 - Avg Loss RGB: 1.3631, Avg Loss Depth: 0.3219

==================================================
Epoch 49/200
==================================================
Epoch [49] Batch [0/33] Loss_RGB: 1.3630 Loss_Depth: 0.3376
Epoch 49 - Avg Loss RGB: 1.3618, Avg Loss Depth: 0.3214

==================================================
Epoch 50/200
==================================================
Epoch [50] Batch [0/33] Loss_RGB: 1.3648 Loss_Depth: 0.3230
Epoch 50 - Avg Loss RGB: 1.3563, Avg Loss Depth: 0.3203
Epoch 50 - Val Loss RGB: 1.3682, Val Loss Depth: 0.0000, Total: 1.3682
Saved best model to ./outputs/rail_all/Cam4/20260501_163620_cam4_bs32_lr0.005_img512_ratio1.0/best_cam4.pth

==================================================
Epoch 51/200
==================================================
Epoch [51] Batch [0/33] Loss_RGB: 1.3468 Loss_Depth: 0.3186
Epoch 51 - Avg Loss RGB: 1.3504, Avg Loss Depth: 0.3188

==================================================
Epoch 52/200
==================================================
Epoch [52] Batch [0/33] Loss_RGB: 1.3568 Loss_Depth: 0.3172
Epoch 52 - Avg Loss RGB: 1.3464, Avg Loss Depth: 0.3179

==================================================
Epoch 53/200
==================================================
Epoch [53] Batch [0/33] Loss_RGB: 1.3374 Loss_Depth: 0.3122
Epoch 53 - Avg Loss RGB: 1.3436, Avg Loss Depth: 0.3160

==================================================
Epoch 54/200
==================================================
Epoch [54] Batch [0/33] Loss_RGB: 1.3504 Loss_Depth: 0.3115
Epoch 54 - Avg Loss RGB: 1.3400, Avg Loss Depth: 0.3133

==================================================
Epoch 55/200
==================================================
Epoch [55] Batch [0/33] Loss_RGB: 1.3319 Loss_Depth: 0.3103
Epoch 55 - Avg Loss RGB: 1.3389, Avg Loss Depth: 0.3125
Epoch 55 - Val Loss RGB: 1.3507, Val Loss Depth: 0.0000, Total: 1.3507
Saved best model to ./outputs/rail_all/Cam4/20260501_163620_cam4_bs32_lr0.005_img512_ratio1.0/best_cam4.pth

==================================================
Epoch 56/200
==================================================
Epoch [56] Batch [0/33] Loss_RGB: 1.3393 Loss_Depth: 0.3097
Epoch 56 - Avg Loss RGB: 1.3344, Avg Loss Depth: 0.3111

==================================================
Epoch 57/200
==================================================
Epoch [57] Batch [0/33] Loss_RGB: 1.3125 Loss_Depth: 0.3316
Epoch 57 - Avg Loss RGB: 1.3314, Avg Loss Depth: 0.3112

==================================================
Epoch 58/200
==================================================
Epoch [58] Batch [0/33] Loss_RGB: 1.3358 Loss_Depth: 0.3125
Epoch 58 - Avg Loss RGB: 1.3289, Avg Loss Depth: 0.3105

==================================================
Epoch 59/200
==================================================
Epoch [59] Batch [0/33] Loss_RGB: 1.3100 Loss_Depth: 0.3053
Epoch 59 - Avg Loss RGB: 1.3272, Avg Loss Depth: 0.3124

==================================================
Epoch 60/200
==================================================
Epoch [60] Batch [0/33] Loss_RGB: 1.3345 Loss_Depth: 0.3069
Epoch 60 - Avg Loss RGB: 1.3244, Avg Loss Depth: 0.3103
Epoch 60 - Val Loss RGB: 1.3356, Val Loss Depth: 0.0000, Total: 1.3356
Saved best model to ./outputs/rail_all/Cam4/20260501_163620_cam4_bs32_lr0.005_img512_ratio1.0/best_cam4.pth

==================================================
Epoch 61/200
==================================================
Epoch [61] Batch [0/33] Loss_RGB: 1.3229 Loss_Depth: 0.3052
Epoch 61 - Avg Loss RGB: 1.3199, Avg Loss Depth: 0.3100

==================================================
Epoch 62/200
==================================================
Epoch [62] Batch [0/33] Loss_RGB: 1.3564 Loss_Depth: 0.3079
Epoch 62 - Avg Loss RGB: 1.3192, Avg Loss Depth: 0.3097

==================================================
Epoch 63/200
==================================================
Epoch [63] Batch [0/33] Loss_RGB: 1.3097 Loss_Depth: 0.3180
Epoch 63 - Avg Loss RGB: 1.3175, Avg Loss Depth: 0.3094

==================================================
Epoch 64/200
==================================================
Epoch [64] Batch [0/33] Loss_RGB: 1.3353 Loss_Depth: 0.3056
Epoch 64 - Avg Loss RGB: 1.3163, Avg Loss Depth: 0.3092

==================================================
Epoch 65/200
==================================================
Epoch [65] Batch [0/33] Loss_RGB: 1.3198 Loss_Depth: 0.3097
Epoch 65 - Avg Loss RGB: 1.3150, Avg Loss Depth: 0.3094
Epoch 65 - Val Loss RGB: 1.3258, Val Loss Depth: 0.0000, Total: 1.3258
Saved best model to ./outputs/rail_all/Cam4/20260501_163620_cam4_bs32_lr0.005_img512_ratio1.0/best_cam4.pth

==================================================
Epoch 66/200
==================================================
Epoch [66] Batch [0/33] Loss_RGB: 1.3197 Loss_Depth: 0.3179
Epoch 66 - Avg Loss RGB: 1.3119, Avg Loss Depth: 0.3082

==================================================
Epoch 67/200
==================================================
Epoch [67] Batch [0/33] Loss_RGB: 1.3290 Loss_Depth: 0.3069
Epoch 67 - Avg Loss RGB: 1.3122, Avg Loss Depth: 0.3080

==================================================
Epoch 68/200
==================================================
Epoch [68] Batch [0/33] Loss_RGB: 1.3108 Loss_Depth: 0.3142
Epoch 68 - Avg Loss RGB: 1.3097, Avg Loss Depth: 0.3075

==================================================
Epoch 69/200
==================================================
Epoch [69] Batch [0/33] Loss_RGB: 1.3134 Loss_Depth: 0.3147
Epoch 69 - Avg Loss RGB: 1.3091, Avg Loss Depth: 0.3074

==================================================
Epoch 70/200
==================================================
Epoch [70] Batch [0/33] Loss_RGB: 1.3048 Loss_Depth: 0.3177
Epoch 70 - Avg Loss RGB: 1.3072, Avg Loss Depth: 0.3069
Epoch 70 - Val Loss RGB: 1.3199, Val Loss Depth: 0.0000, Total: 1.3199
Saved best model to ./outputs/rail_all/Cam4/20260501_163620_cam4_bs32_lr0.005_img512_ratio1.0/best_cam4.pth

==================================================
Epoch 71/200
==================================================
Epoch [71] Batch [0/33] Loss_RGB: 1.2989 Loss_Depth: 0.3128
Epoch 71 - Avg Loss RGB: 1.3083, Avg Loss Depth: 0.3068

==================================================
Epoch 72/200
==================================================
Epoch [72] Batch [0/33] Loss_RGB: 1.2930 Loss_Depth: 0.3060
Epoch 72 - Avg Loss RGB: 1.3059, Avg Loss Depth: 0.3063

==================================================
Epoch 73/200
==================================================
Epoch [73] Batch [0/33] Loss_RGB: 1.2897 Loss_Depth: 0.3040
Epoch 73 - Avg Loss RGB: 1.3048, Avg Loss Depth: 0.3062

==================================================
Epoch 74/200
==================================================
Epoch [74] Batch [0/33] Loss_RGB: 1.2947 Loss_Depth: 0.3073
Epoch 74 - Avg Loss RGB: 1.3044, Avg Loss Depth: 0.3058

==================================================
Epoch 75/200
==================================================
Epoch [75] Batch [0/33] Loss_RGB: 1.2948 Loss_Depth: 0.3074
Epoch 75 - Avg Loss RGB: 1.3014, Avg Loss Depth: 0.3061
Epoch 75 - Val Loss RGB: 1.3173, Val Loss Depth: 0.0000, Total: 1.3173
Saved best model to ./outputs/rail_all/Cam4/20260501_163620_cam4_bs32_lr0.005_img512_ratio1.0/best_cam4.pth

==================================================
Epoch 76/200
==================================================
Epoch [76] Batch [0/33] Loss_RGB: 1.3128 Loss_Depth: 0.3015
Epoch 76 - Avg Loss RGB: 1.3024, Avg Loss Depth: 0.3060

==================================================
Epoch 77/200
==================================================
Epoch [77] Batch [0/33] Loss_RGB: 1.2937 Loss_Depth: 0.3049
Epoch 77 - Avg Loss RGB: 1.3020, Avg Loss Depth: 0.3159

==================================================
Epoch 78/200
==================================================
Epoch [78] Batch [0/33] Loss_RGB: 1.3043 Loss_Depth: 0.3059
Epoch 78 - Avg Loss RGB: 1.3005, Avg Loss Depth: 0.3083

==================================================
Epoch 79/200
==================================================
Epoch [79] Batch [0/33] Loss_RGB: 1.3128 Loss_Depth: 0.3002
Epoch 79 - Avg Loss RGB: 1.2994, Avg Loss Depth: 0.3061

==================================================
Epoch 80/200
==================================================
Epoch [80] Batch [0/33] Loss_RGB: 1.3196 Loss_Depth: 0.3065
Epoch 80 - Avg Loss RGB: 1.2985, Avg Loss Depth: 0.3059
Epoch 80 - Val Loss RGB: 1.3125, Val Loss Depth: 0.0000, Total: 1.3125
Saved best model to ./outputs/rail_all/Cam4/20260501_163620_cam4_bs32_lr0.005_img512_ratio1.0/best_cam4.pth

==================================================
Epoch 81/200
==================================================
Epoch [81] Batch [0/33] Loss_RGB: 1.3025 Loss_Depth: 0.3015
Epoch 81 - Avg Loss RGB: 1.3002, Avg Loss Depth: 0.3058

==================================================
Epoch 82/200
==================================================
Epoch [82] Batch [0/33] Loss_RGB: 1.2768 Loss_Depth: 0.2998
Epoch 82 - Avg Loss RGB: 1.2984, Avg Loss Depth: 0.3048

==================================================
Epoch 83/200
==================================================
Epoch [83] Batch [0/33] Loss_RGB: 1.3086 Loss_Depth: 0.3079
Epoch 83 - Avg Loss RGB: 1.2960, Avg Loss Depth: 0.3043

==================================================
Epoch 84/200
==================================================
Epoch [84] Batch [0/33] Loss_RGB: 1.2886 Loss_Depth: 0.3009
Epoch 84 - Avg Loss RGB: 1.2957, Avg Loss Depth: 0.3041

==================================================
Epoch 85/200
==================================================
Epoch [85] Batch [0/33] Loss_RGB: 1.3118 Loss_Depth: 0.3047
Epoch 85 - Avg Loss RGB: 1.2968, Avg Loss Depth: 0.3041
Epoch 85 - Val Loss RGB: 1.3096, Val Loss Depth: 0.0000, Total: 1.3096
Saved best model to ./outputs/rail_all/Cam4/20260501_163620_cam4_bs32_lr0.005_img512_ratio1.0/best_cam4.pth

==================================================
Epoch 86/200
==================================================
Epoch [86] Batch [0/33] Loss_RGB: 1.2835 Loss_Depth: 0.3096
Epoch 86 - Avg Loss RGB: 1.2954, Avg Loss Depth: 0.3040

==================================================
Epoch 87/200
==================================================
Epoch [87] Batch [0/33] Loss_RGB: 1.2905 Loss_Depth: 0.2974
Epoch 87 - Avg Loss RGB: 1.2947, Avg Loss Depth: 0.3039

==================================================
Epoch 88/200
==================================================
Epoch [88] Batch [0/33] Loss_RGB: 1.2887 Loss_Depth: 0.3009
Epoch 88 - Avg Loss RGB: 1.2943, Avg Loss Depth: 0.3039

==================================================
Epoch 89/200
==================================================
Epoch [89] Batch [0/33] Loss_RGB: 1.2861 Loss_Depth: 0.3036
Epoch 89 - Avg Loss RGB: 1.2943, Avg Loss Depth: 0.3035

==================================================
Epoch 90/200
==================================================
Epoch [90] Batch [0/33] Loss_RGB: 1.2914 Loss_Depth: 0.2992
Epoch 90 - Avg Loss RGB: 1.2936, Avg Loss Depth: 0.3034
Epoch 90 - Val Loss RGB: 1.3080, Val Loss Depth: 0.0000, Total: 1.3080
Saved best model to ./outputs/rail_all/Cam4/20260501_163620_cam4_bs32_lr0.005_img512_ratio1.0/best_cam4.pth

==================================================
Epoch 91/200
==================================================
Epoch [91] Batch [0/33] Loss_RGB: 1.2698 Loss_Depth: 0.2964
Epoch 91 - Avg Loss RGB: 1.2928, Avg Loss Depth: 0.3035

==================================================
Epoch 92/200
==================================================
Epoch [92] Batch [0/33] Loss_RGB: 1.2887 Loss_Depth: 0.3030
Epoch 92 - Avg Loss RGB: 1.2938, Avg Loss Depth: 0.3031

==================================================
Epoch 93/200
==================================================
Epoch [93] Batch [0/33] Loss_RGB: 1.2928 Loss_Depth: 0.2973
Epoch 93 - Avg Loss RGB: 1.2920, Avg Loss Depth: 0.3032

==================================================
Epoch 94/200
==================================================
Epoch [94] Batch [0/33] Loss_RGB: 1.3001 Loss_Depth: 0.3017
Epoch 94 - Avg Loss RGB: 1.2911, Avg Loss Depth: 0.3028

==================================================
Epoch 95/200
==================================================
Epoch [95] Batch [0/33] Loss_RGB: 1.2697 Loss_Depth: 0.2978
Epoch 95 - Avg Loss RGB: 1.2930, Avg Loss Depth: 0.3027
Epoch 95 - Val Loss RGB: 1.3064, Val Loss Depth: 0.0000, Total: 1.3064
Saved best model to ./outputs/rail_all/Cam4/20260501_163620_cam4_bs32_lr0.005_img512_ratio1.0/best_cam4.pth

==================================================
Epoch 96/200
==================================================
Epoch [96] Batch [0/33] Loss_RGB: 1.2915 Loss_Depth: 0.2991
Epoch 96 - Avg Loss RGB: 1.2911, Avg Loss Depth: 0.3028

==================================================
Epoch 97/200
==================================================
Epoch [97] Batch [0/33] Loss_RGB: 1.2882 Loss_Depth: 0.3001
Epoch 97 - Avg Loss RGB: 1.2897, Avg Loss Depth: 0.3025

==================================================
Epoch 98/200
==================================================
Epoch [98] Batch [0/33] Loss_RGB: 1.3065 Loss_Depth: 0.3018
Epoch 98 - Avg Loss RGB: 1.2907, Avg Loss Depth: 0.3025

==================================================
Epoch 99/200
==================================================
Epoch [99] Batch [0/33] Loss_RGB: 1.2905 Loss_Depth: 0.3083
Epoch 99 - Avg Loss RGB: 1.2898, Avg Loss Depth: 0.3026

==================================================
Epoch 100/200
==================================================
Epoch [100] Batch [0/33] Loss_RGB: 1.3067 Loss_Depth: 0.3023
Epoch 100 - Avg Loss RGB: 1.2900, Avg Loss Depth: 0.3018
Epoch 100 - Val Loss RGB: 1.3046, Val Loss Depth: 0.0000, Total: 1.3046
Saved best model to ./outputs/rail_all/Cam4/20260501_163620_cam4_bs32_lr0.005_img512_ratio1.0/best_cam4.pth

==================================================
Epoch 101/200
==================================================
Epoch [101] Batch [0/33] Loss_RGB: 1.2857 Loss_Depth: 0.2969
Epoch 101 - Avg Loss RGB: 1.2890, Avg Loss Depth: 0.3021

==================================================
Epoch 102/200
==================================================
Epoch [102] Batch [0/33] Loss_RGB: 1.2848 Loss_Depth: 0.2940
Epoch 102 - Avg Loss RGB: 1.2900, Avg Loss Depth: 0.3018

==================================================
Epoch 103/200
==================================================
Epoch [103] Batch [0/33] Loss_RGB: 1.2968 Loss_Depth: 0.2970
Epoch 103 - Avg Loss RGB: 1.2903, Avg Loss Depth: 0.3017

==================================================
Epoch 104/200
==================================================
Epoch [104] Batch [0/33] Loss_RGB: 1.2834 Loss_Depth: 0.2944
Epoch 104 - Avg Loss RGB: 1.2890, Avg Loss Depth: 0.3015

==================================================
Epoch 105/200
==================================================
Epoch [105] Batch [0/33] Loss_RGB: 1.2898 Loss_Depth: 0.2999
Epoch 105 - Avg Loss RGB: 1.2886, Avg Loss Depth: 0.3017
Epoch 105 - Val Loss RGB: 1.3036, Val Loss Depth: 0.0000, Total: 1.3036
Saved best model to ./outputs/rail_all/Cam4/20260501_163620_cam4_bs32_lr0.005_img512_ratio1.0/best_cam4.pth

==================================================
Epoch 106/200
==================================================
Epoch [106] Batch [0/33] Loss_RGB: 1.2683 Loss_Depth: 0.2957
Epoch 106 - Avg Loss RGB: 1.2889, Avg Loss Depth: 0.3016

==================================================
Epoch 107/200
==================================================
Epoch [107] Batch [0/33] Loss_RGB: 1.2879 Loss_Depth: 0.2985
Epoch 107 - Avg Loss RGB: 1.2886, Avg Loss Depth: 0.3016

==================================================
Epoch 108/200
==================================================
Epoch [108] Batch [0/33] Loss_RGB: 1.2726 Loss_Depth: 0.2971
Epoch 108 - Avg Loss RGB: 1.2884, Avg Loss Depth: 0.3014

==================================================
Epoch 109/200
==================================================
Epoch [109] Batch [0/33] Loss_RGB: 1.2750 Loss_Depth: 0.2965
Epoch 109 - Avg Loss RGB: 1.2882, Avg Loss Depth: 0.3014

==================================================
Epoch 110/200
==================================================
Epoch [110] Batch [0/33] Loss_RGB: 1.2750 Loss_Depth: 0.3104
Epoch 110 - Avg Loss RGB: 1.2879, Avg Loss Depth: 0.3012
Epoch 110 - Val Loss RGB: 1.3029, Val Loss Depth: 0.0000, Total: 1.3029
Saved best model to ./outputs/rail_all/Cam4/20260501_163620_cam4_bs32_lr0.005_img512_ratio1.0/best_cam4.pth

==================================================
Epoch 111/200
==================================================
Epoch [111] Batch [0/33] Loss_RGB: 1.2717 Loss_Depth: 0.3077
Epoch 111 - Avg Loss RGB: 1.2866, Avg Loss Depth: 0.3014

==================================================
Epoch 112/200
==================================================
Epoch [112] Batch [0/33] Loss_RGB: 1.3097 Loss_Depth: 0.3017
Epoch 112 - Avg Loss RGB: 1.2891, Avg Loss Depth: 0.3014

==================================================
Epoch 113/200
==================================================
Epoch [113] Batch [0/33] Loss_RGB: 1.2736 Loss_Depth: 0.2999
Epoch 113 - Avg Loss RGB: 1.2872, Avg Loss Depth: 0.3012

==================================================
Epoch 114/200
==================================================
Epoch [114] Batch [0/33] Loss_RGB: 1.2845 Loss_Depth: 0.3020
Epoch 114 - Avg Loss RGB: 1.2863, Avg Loss Depth: 0.3012

==================================================
Epoch 115/200
==================================================
Epoch [115] Batch [0/33] Loss_RGB: 1.2687 Loss_Depth: 0.2985
Epoch 115 - Avg Loss RGB: 1.2870, Avg Loss Depth: 0.3014
Epoch 115 - Val Loss RGB: 1.3024, Val Loss Depth: 0.0000, Total: 1.3024
Saved best model to ./outputs/rail_all/Cam4/20260501_163620_cam4_bs32_lr0.005_img512_ratio1.0/best_cam4.pth

==================================================
Epoch 116/200
==================================================
Epoch [116] Batch [0/33] Loss_RGB: 1.2814 Loss_Depth: 0.2993
Epoch 116 - Avg Loss RGB: 1.2867, Avg Loss Depth: 0.3012

==================================================
Epoch 117/200
==================================================
Epoch [117] Batch [0/33] Loss_RGB: 1.3039 Loss_Depth: 0.3079
Epoch 117 - Avg Loss RGB: 1.2860, Avg Loss Depth: 0.3012

==================================================
Epoch 118/200
==================================================
Epoch [118] Batch [0/33] Loss_RGB: 1.2847 Loss_Depth: 0.3037
Epoch 118 - Avg Loss RGB: 1.2865, Avg Loss Depth: 0.3013

==================================================
Epoch 119/200
==================================================
Epoch [119] Batch [0/33] Loss_RGB: 1.2895 Loss_Depth: 0.3076
Epoch 119 - Avg Loss RGB: 1.2862, Avg Loss Depth: 0.3009

==================================================
Epoch 120/200
==================================================
Epoch [120] Batch [0/33] Loss_RGB: 1.2695 Loss_Depth: 0.3009
Epoch 120 - Avg Loss RGB: 1.2858, Avg Loss Depth: 0.3012
Epoch 120 - Val Loss RGB: 1.3018, Val Loss Depth: 0.0000, Total: 1.3018
Saved best model to ./outputs/rail_all/Cam4/20260501_163620_cam4_bs32_lr0.005_img512_ratio1.0/best_cam4.pth

==================================================
Epoch 121/200
==================================================
Epoch [121] Batch [0/33] Loss_RGB: 1.2941 Loss_Depth: 0.3007
Epoch 121 - Avg Loss RGB: 1.2861, Avg Loss Depth: 0.3010

==================================================
Epoch 122/200
==================================================
Epoch [122] Batch [0/33] Loss_RGB: 1.2751 Loss_Depth: 0.2968
Epoch 122 - Avg Loss RGB: 1.2854, Avg Loss Depth: 0.3011

==================================================
Epoch 123/200
==================================================
Epoch [123] Batch [0/33] Loss_RGB: 1.2825 Loss_Depth: 0.2994
Epoch 123 - Avg Loss RGB: 1.2852, Avg Loss Depth: 0.3010

==================================================
Epoch 124/200
==================================================
Epoch [124] Batch [0/33] Loss_RGB: 1.2843 Loss_Depth: 0.3017
Epoch 124 - Avg Loss RGB: 1.2858, Avg Loss Depth: 0.3011

==================================================
Epoch 125/200
==================================================
Epoch [125] Batch [0/33] Loss_RGB: 1.2723 Loss_Depth: 0.3006
Epoch 125 - Avg Loss RGB: 1.2855, Avg Loss Depth: 0.3009
Epoch 125 - Val Loss RGB: 1.3015, Val Loss Depth: 0.0000, Total: 1.3015
Saved best model to ./outputs/rail_all/Cam4/20260501_163620_cam4_bs32_lr0.005_img512_ratio1.0/best_cam4.pth

==================================================
Epoch 126/200
==================================================
Epoch [126] Batch [0/33] Loss_RGB: 1.2830 Loss_Depth: 0.2999
Epoch 126 - Avg Loss RGB: 1.2850, Avg Loss Depth: 0.3009

==================================================
Epoch 127/200
==================================================
Epoch [127] Batch [0/33] Loss_RGB: 1.2846 Loss_Depth: 0.3079
Epoch 127 - Avg Loss RGB: 1.2854, Avg Loss Depth: 0.3008

==================================================
Epoch 128/200
==================================================
Epoch [128] Batch [0/33] Loss_RGB: 1.3097 Loss_Depth: 0.3005
Epoch 128 - Avg Loss RGB: 1.2848, Avg Loss Depth: 0.3010

==================================================
Epoch 129/200
==================================================
Epoch [129] Batch [0/33] Loss_RGB: 1.2965 Loss_Depth: 0.3018
Epoch 129 - Avg Loss RGB: 1.2847, Avg Loss Depth: 0.3011

==================================================
Epoch 130/200
==================================================
Epoch [130] Batch [0/33] Loss_RGB: 1.2759 Loss_Depth: 0.3071
Epoch 130 - Avg Loss RGB: 1.2862, Avg Loss Depth: 0.3010
Epoch 130 - Val Loss RGB: 1.3011, Val Loss Depth: 0.0000, Total: 1.3011
Saved best model to ./outputs/rail_all/Cam4/20260501_163620_cam4_bs32_lr0.005_img512_ratio1.0/best_cam4.pth

==================================================
Epoch 131/200
==================================================
Epoch [131] Batch [0/33] Loss_RGB: 1.2897 Loss_Depth: 0.3185
Epoch 131 - Avg Loss RGB: 1.2870, Avg Loss Depth: 0.3012

==================================================
Epoch 132/200
==================================================
Epoch [132] Batch [0/33] Loss_RGB: 1.2648 Loss_Depth: 0.2970
Epoch 132 - Avg Loss RGB: 1.2854, Avg Loss Depth: 0.3009

==================================================
Epoch 133/200
==================================================
Epoch [133] Batch [0/33] Loss_RGB: 1.2724 Loss_Depth: 0.2981
Epoch 133 - Avg Loss RGB: 1.2854, Avg Loss Depth: 0.3010

==================================================
Epoch 134/200
==================================================
Epoch [134] Batch [0/33] Loss_RGB: 1.2998 Loss_Depth: 0.3125
Epoch 134 - Avg Loss RGB: 1.2851, Avg Loss Depth: 0.3009

==================================================
Epoch 135/200
==================================================
Epoch [135] Batch [0/33] Loss_RGB: 1.2961 Loss_Depth: 0.3013
Epoch 135 - Avg Loss RGB: 1.2852, Avg Loss Depth: 0.3009
Epoch 135 - Val Loss RGB: 1.3010, Val Loss Depth: 0.0000, Total: 1.3010
Saved best model to ./outputs/rail_all/Cam4/20260501_163620_cam4_bs32_lr0.005_img512_ratio1.0/best_cam4.pth

==================================================
Epoch 136/200
==================================================
Epoch [136] Batch [0/33] Loss_RGB: 1.3144 Loss_Depth: 0.2982
Epoch 136 - Avg Loss RGB: 1.2852, Avg Loss Depth: 0.3009

==================================================
Epoch 137/200
==================================================
Epoch [137] Batch [0/33] Loss_RGB: 1.2875 Loss_Depth: 0.2995
Epoch 137 - Avg Loss RGB: 1.2840, Avg Loss Depth: 0.3010

==================================================
Epoch 138/200
==================================================
Epoch [138] Batch [0/33] Loss_RGB: 1.3129 Loss_Depth: 0.2976
Epoch 138 - Avg Loss RGB: 1.2850, Avg Loss Depth: 0.3008

==================================================
Epoch 139/200
==================================================
Epoch [139] Batch [0/33] Loss_RGB: 1.3156 Loss_Depth: 0.3037
Epoch 139 - Avg Loss RGB: 1.2847, Avg Loss Depth: 0.3009

==================================================
Epoch 140/200
==================================================
Epoch [140] Batch [0/33] Loss_RGB: 1.2903 Loss_Depth: 0.2970
Epoch 140 - Avg Loss RGB: 1.2851, Avg Loss Depth: 0.3011
Epoch 140 - Val Loss RGB: 1.3009, Val Loss Depth: 0.0000, Total: 1.3009
Saved best model to ./outputs/rail_all/Cam4/20260501_163620_cam4_bs32_lr0.005_img512_ratio1.0/best_cam4.pth

==================================================
Epoch 141/200
==================================================
Epoch [141] Batch [0/33] Loss_RGB: 1.2772 Loss_Depth: 0.3002
Epoch 141 - Avg Loss RGB: 1.2846, Avg Loss Depth: 0.3009

==================================================
Epoch 142/200
==================================================
Epoch [142] Batch [0/33] Loss_RGB: 1.2951 Loss_Depth: 0.3009
Epoch 142 - Avg Loss RGB: 1.2855, Avg Loss Depth: 0.3008

==================================================
Epoch 143/200
==================================================
Epoch [143] Batch [0/33] Loss_RGB: 1.2786 Loss_Depth: 0.3049
Epoch 143 - Avg Loss RGB: 1.2850, Avg Loss Depth: 0.3010

==================================================
Epoch 144/200
==================================================
Epoch [144] Batch [0/33] Loss_RGB: 1.2773 Loss_Depth: 0.3048
Epoch 144 - Avg Loss RGB: 1.2835, Avg Loss Depth: 0.3006

==================================================
Epoch 145/200
==================================================
Epoch [145] Batch [0/33] Loss_RGB: 1.2613 Loss_Depth: 0.3016
Epoch 145 - Avg Loss RGB: 1.2839, Avg Loss Depth: 0.3009
Epoch 145 - Val Loss RGB: 1.3010, Val Loss Depth: 0.0000, Total: 1.3010
No improvement for 1 evaluation(s)

==================================================
Epoch 146/200
==================================================
Epoch [146] Batch [0/33] Loss_RGB: 1.3031 Loss_Depth: 0.2967
Epoch 146 - Avg Loss RGB: 1.2839, Avg Loss Depth: 0.3010

==================================================
Epoch 147/200
==================================================
Epoch [147] Batch [0/33] Loss_RGB: 1.2892 Loss_Depth: 0.3080
Epoch 147 - Avg Loss RGB: 1.2840, Avg Loss Depth: 0.3010

==================================================
Epoch 148/200
==================================================
Epoch [148] Batch [0/33] Loss_RGB: 1.2824 Loss_Depth: 0.3035
Epoch 148 - Avg Loss RGB: 1.2843, Avg Loss Depth: 0.3012

==================================================
Epoch 149/200
==================================================
Epoch [149] Batch [0/33] Loss_RGB: 1.2907 Loss_Depth: 0.2974
Epoch 149 - Avg Loss RGB: 1.2839, Avg Loss Depth: 0.3013

==================================================
Epoch 150/200
==================================================
Epoch [150] Batch [0/33] Loss_RGB: 1.2843 Loss_Depth: 0.3105
Epoch 150 - Avg Loss RGB: 1.2843, Avg Loss Depth: 0.3009
Epoch 150 - Val Loss RGB: 1.3004, Val Loss Depth: 0.0000, Total: 1.3004
Saved best model to ./outputs/rail_all/Cam4/20260501_163620_cam4_bs32_lr0.005_img512_ratio1.0/best_cam4.pth

==================================================
Epoch 151/200
==================================================
Epoch [151] Batch [0/33] Loss_RGB: 1.2840 Loss_Depth: 0.3020
Epoch 151 - Avg Loss RGB: 1.2842, Avg Loss Depth: 0.3008

==================================================
Epoch 152/200
==================================================
Epoch [152] Batch [0/33] Loss_RGB: 1.2953 Loss_Depth: 0.3013
Epoch 152 - Avg Loss RGB: 1.2840, Avg Loss Depth: 0.3009

==================================================
Epoch 153/200
==================================================
Epoch [153] Batch [0/33] Loss_RGB: 1.2814 Loss_Depth: 0.3033
Epoch 153 - Avg Loss RGB: 1.2843, Avg Loss Depth: 0.3009

==================================================
Epoch 154/200
==================================================
Epoch [154] Batch [0/33] Loss_RGB: 1.2795 Loss_Depth: 0.3038
Epoch 154 - Avg Loss RGB: 1.2839, Avg Loss Depth: 0.3009

==================================================
Epoch 155/200
==================================================
Epoch [155] Batch [0/33] Loss_RGB: 1.3137 Loss_Depth: 0.2975
Epoch 155 - Avg Loss RGB: 1.2837, Avg Loss Depth: 0.3011
Epoch 155 - Val Loss RGB: 1.3010, Val Loss Depth: 0.0000, Total: 1.3010
No improvement for 1 evaluation(s)

==================================================
Epoch 156/200
==================================================
Epoch [156] Batch [0/33] Loss_RGB: 1.2881 Loss_Depth: 0.2965
Epoch 156 - Avg Loss RGB: 1.2839, Avg Loss Depth: 0.3009

==================================================
Epoch 157/200
==================================================
Epoch [157] Batch [0/33] Loss_RGB: 1.2870 Loss_Depth: 0.3075
Epoch 157 - Avg Loss RGB: 1.2840, Avg Loss Depth: 0.3025

==================================================
Epoch 158/200
==================================================
Epoch [158] Batch [0/33] Loss_RGB: 1.2755 Loss_Depth: 0.2991
Epoch 158 - Avg Loss RGB: 1.2851, Avg Loss Depth: 0.3008

==================================================
Epoch 159/200
==================================================
Epoch [159] Batch [0/33] Loss_RGB: 1.2809 Loss_Depth: 0.3044
Epoch 159 - Avg Loss RGB: 1.2835, Avg Loss Depth: 0.3009

==================================================
Epoch 160/200
==================================================
Epoch [160] Batch [0/33] Loss_RGB: 1.2710 Loss_Depth: 0.2995
Epoch 160 - Avg Loss RGB: 1.2838, Avg Loss Depth: 0.3007
Epoch 160 - Val Loss RGB: 1.3002, Val Loss Depth: 0.0000, Total: 1.3002
Saved best model to ./outputs/rail_all/Cam4/20260501_163620_cam4_bs32_lr0.005_img512_ratio1.0/best_cam4.pth

==================================================
Epoch 161/200
==================================================
Epoch [161] Batch [0/33] Loss_RGB: 1.2889 Loss_Depth: 0.3047
Epoch 161 - Avg Loss RGB: 1.2837, Avg Loss Depth: 0.3010

==================================================
Epoch 162/200
==================================================
Epoch [162] Batch [0/33] Loss_RGB: 1.2911 Loss_Depth: 0.2959
Epoch 162 - Avg Loss RGB: 1.2842, Avg Loss Depth: 0.3010

==================================================
Epoch 163/200
==================================================
Epoch [163] Batch [0/33] Loss_RGB: 1.2954 Loss_Depth: 0.2995
Epoch 163 - Avg Loss RGB: 1.2850, Avg Loss Depth: 0.3009

==================================================
Epoch 164/200
==================================================
Epoch [164] Batch [0/33] Loss_RGB: 1.2752 Loss_Depth: 0.3127
Epoch 164 - Avg Loss RGB: 1.2843, Avg Loss Depth: 0.3009

==================================================
Epoch 165/200
==================================================
Epoch [165] Batch [0/33] Loss_RGB: 1.2596 Loss_Depth: 0.2960
Epoch 165 - Avg Loss RGB: 1.2836, Avg Loss Depth: 0.3011
Epoch 165 - Val Loss RGB: 1.3014, Val Loss Depth: 0.0000, Total: 1.3014
No improvement for 1 evaluation(s)

==================================================
Epoch 166/200
==================================================
Epoch [166] Batch [0/33] Loss_RGB: 1.2980 Loss_Depth: 0.2979
Epoch 166 - Avg Loss RGB: 1.2836, Avg Loss Depth: 0.3010

==================================================
Epoch 167/200
==================================================
Epoch [167] Batch [0/33] Loss_RGB: 1.2981 Loss_Depth: 0.2975
Epoch 167 - Avg Loss RGB: 1.2840, Avg Loss Depth: 0.3009

==================================================
Epoch 168/200
==================================================
Epoch [168] Batch [0/33] Loss_RGB: 1.2889 Loss_Depth: 0.3049
Epoch 168 - Avg Loss RGB: 1.2849, Avg Loss Depth: 0.3007

==================================================
Epoch 169/200
==================================================
Epoch [169] Batch [0/33] Loss_RGB: 1.2588 Loss_Depth: 0.2981
Epoch 169 - Avg Loss RGB: 1.2827, Avg Loss Depth: 0.3008

==================================================
Epoch 170/200
==================================================
Epoch [170] Batch [0/33] Loss_RGB: 1.2701 Loss_Depth: 0.3009
Epoch 170 - Avg Loss RGB: 1.2835, Avg Loss Depth: 0.3009
Epoch 170 - Val Loss RGB: 1.3004, Val Loss Depth: 0.0000, Total: 1.3004
No improvement for 2 evaluation(s)

==================================================
Epoch 171/200
==================================================
Epoch [171] Batch [0/33] Loss_RGB: 1.2707 Loss_Depth: 0.2966
Epoch 171 - Avg Loss RGB: 1.2843, Avg Loss Depth: 0.3009

==================================================
Epoch 172/200
==================================================
Epoch [172] Batch [0/33] Loss_RGB: 1.2856 Loss_Depth: 0.3038
Epoch 172 - Avg Loss RGB: 1.2832, Avg Loss Depth: 0.3008

==================================================
Epoch 173/200
==================================================
Epoch [173] Batch [0/33] Loss_RGB: 1.2859 Loss_Depth: 0.3038
Epoch 173 - Avg Loss RGB: 1.2840, Avg Loss Depth: 0.3008

==================================================
Epoch 174/200
==================================================
Epoch [174] Batch [0/33] Loss_RGB: 1.3014 Loss_Depth: 0.3026
Epoch 174 - Avg Loss RGB: 1.2834, Avg Loss Depth: 0.3008

==================================================
Epoch 175/200
==================================================
Epoch [175] Batch [0/33] Loss_RGB: 1.2793 Loss_Depth: 0.3052
Epoch 175 - Avg Loss RGB: 1.2838, Avg Loss Depth: 0.3009
Epoch 175 - Val Loss RGB: 1.3001, Val Loss Depth: 0.0000, Total: 1.3001
Saved best model to ./outputs/rail_all/Cam4/20260501_163620_cam4_bs32_lr0.005_img512_ratio1.0/best_cam4.pth

==================================================
Epoch 176/200
==================================================
Epoch [176] Batch [0/33] Loss_RGB: 1.2707 Loss_Depth: 0.3028
Epoch 176 - Avg Loss RGB: 1.2847, Avg Loss Depth: 0.3006

==================================================
Epoch 177/200
==================================================
Epoch [177] Batch [0/33] Loss_RGB: 1.2668 Loss_Depth: 0.3025
Epoch 177 - Avg Loss RGB: 1.2834, Avg Loss Depth: 0.3007

==================================================
Epoch 178/200
==================================================
Epoch [178] Batch [0/33] Loss_RGB: 1.2859 Loss_Depth: 0.2968
Epoch 178 - Avg Loss RGB: 1.2838, Avg Loss Depth: 0.3009

==================================================
Epoch 179/200
==================================================
Epoch [179] Batch [0/33] Loss_RGB: 1.2656 Loss_Depth: 0.3083
Epoch 179 - Avg Loss RGB: 1.2835, Avg Loss Depth: 0.3011

==================================================
Epoch 180/200
==================================================
Epoch [180] Batch [0/33] Loss_RGB: 1.2997 Loss_Depth: 0.2988
Epoch 180 - Avg Loss RGB: 1.2837, Avg Loss Depth: 0.3005
Epoch 180 - Val Loss RGB: 1.3002, Val Loss Depth: 0.0000, Total: 1.3002
No improvement for 1 evaluation(s)

==================================================
Epoch 181/200
==================================================
Epoch [181] Batch [0/33] Loss_RGB: 1.2869 Loss_Depth: 0.3001
Epoch 181 - Avg Loss RGB: 1.2828, Avg Loss Depth: 0.3006

==================================================
Epoch 182/200
==================================================
Epoch [182] Batch [0/33] Loss_RGB: 1.3082 Loss_Depth: 0.2998
Epoch 182 - Avg Loss RGB: 1.2837, Avg Loss Depth: 0.3010

==================================================
Epoch 183/200
==================================================
Epoch [183] Batch [0/33] Loss_RGB: 1.2816 Loss_Depth: 0.2991
Epoch 183 - Avg Loss RGB: 1.2848, Avg Loss Depth: 0.3009

==================================================
Epoch 184/200
==================================================
Epoch [184] Batch [0/33] Loss_RGB: 1.2609 Loss_Depth: 0.2943
Epoch 184 - Avg Loss RGB: 1.2844, Avg Loss Depth: 0.3008

==================================================
Epoch 185/200
==================================================
Epoch [185] Batch [0/33] Loss_RGB: 1.2910 Loss_Depth: 0.2960
Epoch 185 - Avg Loss RGB: 1.2841, Avg Loss Depth: 0.3004
Epoch 185 - Val Loss RGB: 1.3002, Val Loss Depth: 0.0000, Total: 1.3002
No improvement for 2 evaluation(s)

==================================================
Epoch 186/200
==================================================
Epoch [186] Batch [0/33] Loss_RGB: 1.2848 Loss_Depth: 0.3054
Epoch 186 - Avg Loss RGB: 1.2832, Avg Loss Depth: 0.3005

==================================================
Epoch 187/200
==================================================
Epoch [187] Batch [0/33] Loss_RGB: 1.3029 Loss_Depth: 0.3012
Epoch 187 - Avg Loss RGB: 1.2832, Avg Loss Depth: 0.3007

==================================================
Epoch 188/200
==================================================
Epoch [188] Batch [0/33] Loss_RGB: 1.2734 Loss_Depth: 0.3106
Epoch 188 - Avg Loss RGB: 1.2839, Avg Loss Depth: 0.3010

==================================================
Epoch 189/200
==================================================
Epoch [189] Batch [0/33] Loss_RGB: 1.2752 Loss_Depth: 0.3021
Epoch 189 - Avg Loss RGB: 1.2853, Avg Loss Depth: 0.3009

==================================================
Epoch 190/200
==================================================
Epoch [190] Batch [0/33] Loss_RGB: 1.2896 Loss_Depth: 0.2958
Epoch 190 - Avg Loss RGB: 1.2844, Avg Loss Depth: 0.3010
Epoch 190 - Val Loss RGB: 1.3001, Val Loss Depth: 0.0000, Total: 1.3001
Saved best model to ./outputs/rail_all/Cam4/20260501_163620_cam4_bs32_lr0.005_img512_ratio1.0/best_cam4.pth

==================================================
Epoch 191/200
==================================================
Epoch [191] Batch [0/33] Loss_RGB: 1.3001 Loss_Depth: 0.2993
Epoch 191 - Avg Loss RGB: 1.2839, Avg Loss Depth: 0.3008

==================================================
Epoch 192/200
==================================================
Epoch [192] Batch [0/33] Loss_RGB: 1.3032 Loss_Depth: 0.2946
Epoch 192 - Avg Loss RGB: 1.2832, Avg Loss Depth: 0.3008

==================================================
Epoch 193/200
==================================================
Epoch [193] Batch [0/33] Loss_RGB: 1.2863 Loss_Depth: 0.3036
Epoch 193 - Avg Loss RGB: 1.2836, Avg Loss Depth: 0.3007

==================================================
Epoch 194/200
==================================================
Epoch [194] Batch [0/33] Loss_RGB: 1.2734 Loss_Depth: 0.2978
Epoch 194 - Avg Loss RGB: 1.2837, Avg Loss Depth: 0.3007

==================================================
Epoch 195/200
==================================================
Epoch [195] Batch [0/33] Loss_RGB: 1.2821 Loss_Depth: 0.3033
Epoch 195 - Avg Loss RGB: 1.2836, Avg Loss Depth: 0.3009
Epoch 195 - Val Loss RGB: 1.3000, Val Loss Depth: 0.0000, Total: 1.3000
Saved best model to ./outputs/rail_all/Cam4/20260501_163620_cam4_bs32_lr0.005_img512_ratio1.0/best_cam4.pth

==================================================
Epoch 196/200
==================================================
Epoch [196] Batch [0/33] Loss_RGB: 1.2680 Loss_Depth: 0.3043
Epoch 196 - Avg Loss RGB: 1.2836, Avg Loss Depth: 0.3008

==================================================
Epoch 197/200
==================================================
Epoch [197] Batch [0/33] Loss_RGB: 1.3003 Loss_Depth: 0.2990
Epoch 197 - Avg Loss RGB: 1.2834, Avg Loss Depth: 0.3007

==================================================
Epoch 198/200
==================================================
Epoch [198] Batch [0/33] Loss_RGB: 1.2792 Loss_Depth: 0.3027
Epoch 198 - Avg Loss RGB: 1.2840, Avg Loss Depth: 0.3009

==================================================
Epoch 199/200
==================================================
Epoch [199] Batch [0/33] Loss_RGB: 1.2767 Loss_Depth: 0.3095
Epoch 199 - Avg Loss RGB: 1.2847, Avg Loss Depth: 0.3009

==================================================
Epoch 200/200
==================================================
Epoch [200] Batch [0/33] Loss_RGB: 1.3011 Loss_Depth: 0.3046
Epoch 200 - Avg Loss RGB: 1.2843, Avg Loss Depth: 0.3006
Epoch 200 - Val Loss RGB: 1.3002, Val Loss Depth: 0.0000, Total: 1.3002
No improvement for 1 evaluation(s)

Training finished! Best Val Loss: 1.3000

==================================================
Final Result - Cam 4
  Best epoch: 195
  Best Val Loss: 1.3000
  Test AUROC: 0.4250
  Model: ./outputs/rail_all/Cam4/20260501_163620_cam4_bs32_lr0.005_img512_ratio1.0/best_cam4.pth
==================================================
