Training started at 20260430_173230
Args: Namespace(train_root='/data1/Leaddo_data/20260327', test_root='/home/root123/LF/WYM/SteelRailWay/rail_mvtec_gt_test', view_id=1, img_size=384, depth_norm='zscore', use_patch=True, patch_size=900, patch_stride=850, train_sample_ratio=0.1, train_sample_num=None, random_seed_sample=42, train_val_test_split=[0.8, 0.1, 0.1], preload=True, preload_workers=32, batch_size=64, epochs=100, lr=0.0002, eval_interval=10, num_workers=16, seed=42, device='cuda:0', save_dir='./outputs/rail', amp=True, compile=True)


==================================================
Epoch 1/100
==================================================
Epoch [1] Batch [0/258] Loss_RGB: 8.0106 Loss_Depth: 7.6875
Epoch [1] Batch [50/258] Loss_RGB: 4.0159 Loss_Depth: 2.7649
Epoch [1] Batch [100/258] Loss_RGB: 3.5101 Loss_Depth: 1.9547
Epoch [1] Batch [150/258] Loss_RGB: 3.1639 Loss_Depth: 1.5583
Epoch [1] Batch [200/258] Loss_RGB: 2.8925 Loss_Depth: 1.3118
Epoch [1] Batch [250/258] Loss_RGB: 2.7477 Loss_Depth: 1.1245
Epoch 1 - Avg Loss RGB: 3.5842, Avg Loss Depth: 2.1604

==================================================
Epoch 2/100
==================================================
Epoch [2] Batch [0/258] Loss_RGB: 2.6902 Loss_Depth: 1.0935
Epoch [2] Batch [50/258] Loss_RGB: 2.5487 Loss_Depth: 0.9680
Epoch [2] Batch [100/258] Loss_RGB: 2.4424 Loss_Depth: 0.8754
Epoch [2] Batch [150/258] Loss_RGB: 2.3380 Loss_Depth: 0.7802
Epoch [2] Batch [200/258] Loss_RGB: 2.2569 Loss_Depth: 0.7222
Epoch [2] Batch [250/258] Loss_RGB: 2.2180 Loss_Depth: 0.6556
Epoch 2 - Avg Loss RGB: 2.4020, Avg Loss Depth: 0.8401

==================================================
Epoch 3/100
==================================================
Epoch [3] Batch [0/258] Loss_RGB: 2.1813 Loss_Depth: 0.6538
Epoch [3] Batch [50/258] Loss_RGB: 2.1331 Loss_Depth: 0.5967
Epoch [3] Batch [100/258] Loss_RGB: 2.0589 Loss_Depth: 0.5335
Epoch [3] Batch [150/258] Loss_RGB: 2.0164 Loss_Depth: 0.4848
Epoch [3] Batch [200/258] Loss_RGB: 1.9848 Loss_Depth: 0.4598
Epoch [3] Batch [250/258] Loss_RGB: 1.9456 Loss_Depth: 0.4477
Epoch 3 - Avg Loss RGB: 2.0396, Avg Loss Depth: 0.5222

==================================================
Epoch 4/100
==================================================
Epoch [4] Batch [0/258] Loss_RGB: 1.8873 Loss_Depth: 0.4331
Epoch [4] Batch [50/258] Loss_RGB: 1.9096 Loss_Depth: 0.4114
Epoch [4] Batch [100/258] Loss_RGB: 1.8849 Loss_Depth: 0.4317
Epoch [4] Batch [150/258] Loss_RGB: 1.8115 Loss_Depth: 0.3866
Epoch [4] Batch [200/258] Loss_RGB: 1.8082 Loss_Depth: 0.3794
Epoch [4] Batch [250/258] Loss_RGB: 1.8200 Loss_Depth: 0.3721
Epoch 4 - Avg Loss RGB: 1.8612, Avg Loss Depth: 0.3986

==================================================
Epoch 5/100
==================================================
Epoch [5] Batch [0/258] Loss_RGB: 2.3739 Loss_Depth: 0.4296
Epoch [5] Batch [50/258] Loss_RGB: 1.8094 Loss_Depth: 0.3586
Epoch [5] Batch [100/258] Loss_RGB: 1.7749 Loss_Depth: 0.3588
Epoch [5] Batch [150/258] Loss_RGB: 1.7565 Loss_Depth: 0.3406
Epoch [5] Batch [200/258] Loss_RGB: 1.7689 Loss_Depth: 0.3220
Epoch [5] Batch [250/258] Loss_RGB: 1.7497 Loss_Depth: 0.3117
Epoch 5 - Avg Loss RGB: 1.7985, Avg Loss Depth: 0.3449

==================================================
Epoch 6/100
==================================================
Epoch [6] Batch [0/258] Loss_RGB: 1.7597 Loss_Depth: 0.3064
Epoch [6] Batch [50/258] Loss_RGB: 1.7308 Loss_Depth: 0.2987
Epoch [6] Batch [100/258] Loss_RGB: 1.7039 Loss_Depth: 0.2917
Epoch [6] Batch [150/258] Loss_RGB: 1.6985 Loss_Depth: 0.2874
Epoch [6] Batch [200/258] Loss_RGB: 1.6855 Loss_Depth: 0.2815
Epoch [6] Batch [250/258] Loss_RGB: 1.6704 Loss_Depth: 0.2799
Epoch 6 - Avg Loss RGB: 1.6996, Avg Loss Depth: 0.2901

==================================================
Epoch 7/100
==================================================
Epoch [7] Batch [0/258] Loss_RGB: 1.6838 Loss_Depth: 0.2870
Epoch [7] Batch [50/258] Loss_RGB: 1.6218 Loss_Depth: 0.2646
Epoch [7] Batch [100/258] Loss_RGB: 1.6260 Loss_Depth: 0.2627
Epoch [7] Batch [150/258] Loss_RGB: 1.6259 Loss_Depth: 0.2639
Epoch [7] Batch [200/258] Loss_RGB: 1.6435 Loss_Depth: 0.2650
Epoch [7] Batch [250/258] Loss_RGB: 1.6041 Loss_Depth: 0.2593
Epoch 7 - Avg Loss RGB: 1.6371, Avg Loss Depth: 0.2685

==================================================
Epoch 8/100
==================================================
Epoch [8] Batch [0/258] Loss_RGB: 1.6523 Loss_Depth: 0.2677
Epoch [8] Batch [50/258] Loss_RGB: 1.5759 Loss_Depth: 0.2577
Epoch [8] Batch [100/258] Loss_RGB: 1.5795 Loss_Depth: 0.2587
Epoch [8] Batch [150/258] Loss_RGB: 1.5781 Loss_Depth: 0.2599
Epoch [8] Batch [200/258] Loss_RGB: 1.5611 Loss_Depth: 0.2608
Epoch [8] Batch [250/258] Loss_RGB: 1.6029 Loss_Depth: 0.2581
Epoch 8 - Avg Loss RGB: 1.5905, Avg Loss Depth: 0.2595

==================================================
Epoch 9/100
==================================================
Epoch [9] Batch [0/258] Loss_RGB: 1.5959 Loss_Depth: 0.2570
Epoch [9] Batch [50/258] Loss_RGB: 1.5700 Loss_Depth: 0.2548
Epoch [9] Batch [100/258] Loss_RGB: 1.5593 Loss_Depth: 0.2629
Epoch [9] Batch [150/258] Loss_RGB: 1.5906 Loss_Depth: 0.2571
Epoch [9] Batch [200/258] Loss_RGB: 1.5367 Loss_Depth: 0.2492
Epoch [9] Batch [250/258] Loss_RGB: 1.5554 Loss_Depth: 0.2511
Epoch 9 - Avg Loss RGB: 1.5597, Avg Loss Depth: 0.2548

==================================================
Epoch 10/100
==================================================
Epoch [10] Batch [0/258] Loss_RGB: 1.5616 Loss_Depth: 0.2608
Epoch [10] Batch [50/258] Loss_RGB: 1.5275 Loss_Depth: 0.2528
Epoch [10] Batch [100/258] Loss_RGB: 1.5423 Loss_Depth: 0.2575
Epoch [10] Batch [150/258] Loss_RGB: 1.5298 Loss_Depth: 0.2471
Epoch [10] Batch [200/258] Loss_RGB: 1.5497 Loss_Depth: 0.2530
Epoch [10] Batch [250/258] Loss_RGB: 1.4953 Loss_Depth: 0.2455
Epoch 10 - Avg Loss RGB: 1.5371, Avg Loss Depth: 0.2515
Epoch 10 - Val Loss RGB: 2.3936, Val Loss Depth: 0.0000, Total: 2.3936
Saved best model to ./outputs/rail/20260430_173230_cam1_bs64_lr0.0002_img384_ratio0.1/best_cam1.pth

==================================================
Epoch 11/100
==================================================
Epoch [11] Batch [0/258] Loss_RGB: 1.5695 Loss_Depth: 0.2472
Epoch [11] Batch [50/258] Loss_RGB: 1.5165 Loss_Depth: 0.2435
Epoch [11] Batch [100/258] Loss_RGB: 1.5014 Loss_Depth: 0.2417
Epoch [11] Batch [150/258] Loss_RGB: 1.5028 Loss_Depth: 0.2494
Epoch [11] Batch [200/258] Loss_RGB: 1.4950 Loss_Depth: 0.2453
Epoch [11] Batch [250/258] Loss_RGB: 1.4870 Loss_Depth: 0.2430
Epoch 11 - Avg Loss RGB: 1.5141, Avg Loss Depth: 0.2488

==================================================
Epoch 12/100
==================================================
Epoch [12] Batch [0/258] Loss_RGB: 1.5219 Loss_Depth: 0.2451
Epoch [12] Batch [50/258] Loss_RGB: 1.4962 Loss_Depth: 0.2614
Epoch [12] Batch [100/258] Loss_RGB: 1.5158 Loss_Depth: 0.2513
Epoch [12] Batch [150/258] Loss_RGB: 1.4675 Loss_Depth: 0.2349
Epoch [12] Batch [200/258] Loss_RGB: 1.4772 Loss_Depth: 0.2297
Epoch [12] Batch [250/258] Loss_RGB: 1.4538 Loss_Depth: 0.2302
Epoch 12 - Avg Loss RGB: 1.4829, Avg Loss Depth: 0.2398

==================================================
Epoch 13/100
==================================================
Epoch [13] Batch [0/258] Loss_RGB: 1.4721 Loss_Depth: 0.2311
Epoch [13] Batch [50/258] Loss_RGB: 1.4687 Loss_Depth: 0.2291
Epoch [13] Batch [100/258] Loss_RGB: 1.4531 Loss_Depth: 0.2242
Epoch [13] Batch [150/258] Loss_RGB: 1.4735 Loss_Depth: 0.2252
Epoch [13] Batch [200/258] Loss_RGB: 1.4851 Loss_Depth: 0.2267
Epoch [13] Batch [250/258] Loss_RGB: 1.4705 Loss_Depth: 0.2320
Epoch 13 - Avg Loss RGB: 1.4632, Avg Loss Depth: 0.2291

==================================================
Epoch 14/100
==================================================
Epoch [14] Batch [0/258] Loss_RGB: 1.4419 Loss_Depth: 0.2310
Epoch [14] Batch [50/258] Loss_RGB: 1.4384 Loss_Depth: 0.2257
Epoch [14] Batch [100/258] Loss_RGB: 1.4849 Loss_Depth: 0.2303
Epoch [14] Batch [150/258] Loss_RGB: 1.4265 Loss_Depth: 0.2202
Epoch [14] Batch [200/258] Loss_RGB: 1.4088 Loss_Depth: 0.2180
Epoch [14] Batch [250/258] Loss_RGB: 1.4377 Loss_Depth: 0.2214
Epoch 14 - Avg Loss RGB: 1.4410, Avg Loss Depth: 0.2267

==================================================
Epoch 15/100
==================================================
Epoch [15] Batch [0/258] Loss_RGB: 1.4145 Loss_Depth: 0.2220
Epoch [15] Batch [50/258] Loss_RGB: 1.4616 Loss_Depth: 0.2305
Epoch [15] Batch [100/258] Loss_RGB: 1.4445 Loss_Depth: 0.2301
Epoch [15] Batch [150/258] Loss_RGB: 1.4090 Loss_Depth: 0.2243
Epoch [15] Batch [200/258] Loss_RGB: 1.4334 Loss_Depth: 0.2247
Epoch [15] Batch [250/258] Loss_RGB: 1.4106 Loss_Depth: 0.2296
Epoch 15 - Avg Loss RGB: 1.4242, Avg Loss Depth: 0.2254

==================================================
Epoch 16/100
==================================================
Epoch [16] Batch [0/258] Loss_RGB: 1.3939 Loss_Depth: 0.2250
Epoch [16] Batch [50/258] Loss_RGB: 1.4402 Loss_Depth: 0.2328
Epoch [16] Batch [100/258] Loss_RGB: 1.4033 Loss_Depth: 0.2238
Epoch [16] Batch [150/258] Loss_RGB: 1.3966 Loss_Depth: 0.2251
Epoch [16] Batch [200/258] Loss_RGB: 1.4293 Loss_Depth: 0.2267
Epoch [16] Batch [250/258] Loss_RGB: 1.3742 Loss_Depth: 0.2207
Epoch 16 - Avg Loss RGB: 1.4058, Avg Loss Depth: 0.2239

==================================================
Epoch 17/100
==================================================
Epoch [17] Batch [0/258] Loss_RGB: 1.5166 Loss_Depth: 0.2238
Epoch [17] Batch [50/258] Loss_RGB: 1.3786 Loss_Depth: 0.2206
Epoch [17] Batch [100/258] Loss_RGB: 1.4181 Loss_Depth: 0.2222
Epoch [17] Batch [150/258] Loss_RGB: 1.3759 Loss_Depth: 0.2154
Epoch [17] Batch [200/258] Loss_RGB: 1.3957 Loss_Depth: 0.2242
Epoch [17] Batch [250/258] Loss_RGB: 1.4045 Loss_Depth: 0.2270
Epoch 17 - Avg Loss RGB: 1.3968, Avg Loss Depth: 0.2227

==================================================
Epoch 18/100
==================================================
Epoch [18] Batch [0/258] Loss_RGB: 1.3988 Loss_Depth: 0.2244
Epoch [18] Batch [50/258] Loss_RGB: 1.3933 Loss_Depth: 0.2248
Epoch [18] Batch [100/258] Loss_RGB: 1.3838 Loss_Depth: 0.2169
Epoch [18] Batch [150/258] Loss_RGB: 1.3799 Loss_Depth: 0.2211
Epoch [18] Batch [200/258] Loss_RGB: 1.3664 Loss_Depth: 0.2153
Epoch [18] Batch [250/258] Loss_RGB: 1.3582 Loss_Depth: 0.2192
Epoch 18 - Avg Loss RGB: 1.3805, Avg Loss Depth: 0.2210

==================================================
Epoch 19/100
==================================================
Epoch [19] Batch [0/258] Loss_RGB: 1.4004 Loss_Depth: 0.2317
Epoch [19] Batch [50/258] Loss_RGB: 1.3760 Loss_Depth: 0.2272
Epoch [19] Batch [100/258] Loss_RGB: 1.3596 Loss_Depth: 0.2137
Epoch [19] Batch [150/258] Loss_RGB: 1.3626 Loss_Depth: 0.2140
Epoch [19] Batch [200/258] Loss_RGB: 1.3753 Loss_Depth: 0.2195
Epoch [19] Batch [250/258] Loss_RGB: 1.3891 Loss_Depth: 0.2227
Epoch 19 - Avg Loss RGB: 1.3653, Avg Loss Depth: 0.2196

==================================================
Epoch 20/100
==================================================
Epoch [20] Batch [0/258] Loss_RGB: 1.3813 Loss_Depth: 0.2213
Epoch [20] Batch [50/258] Loss_RGB: 1.3397 Loss_Depth: 0.2152
Epoch [20] Batch [100/258] Loss_RGB: 1.3731 Loss_Depth: 0.2209
Epoch [20] Batch [150/258] Loss_RGB: 1.3713 Loss_Depth: 0.2205
Epoch [20] Batch [200/258] Loss_RGB: 1.3443 Loss_Depth: 0.2156
Epoch [20] Batch [250/258] Loss_RGB: 1.3418 Loss_Depth: 0.2178
Epoch 20 - Avg Loss RGB: 1.3559, Avg Loss Depth: 0.2186
Epoch 20 - Val Loss RGB: 1.3875, Val Loss Depth: 0.0000, Total: 1.3875
Saved best model to ./outputs/rail/20260430_173230_cam1_bs64_lr0.0002_img384_ratio0.1/best_cam1.pth

==================================================
Epoch 21/100
==================================================
Epoch [21] Batch [0/258] Loss_RGB: 1.3445 Loss_Depth: 0.2163
Epoch [21] Batch [50/258] Loss_RGB: 1.3440 Loss_Depth: 0.2179
Epoch [21] Batch [100/258] Loss_RGB: 1.3572 Loss_Depth: 0.2162
Epoch [21] Batch [150/258] Loss_RGB: 1.3638 Loss_Depth: 0.2142
Epoch [21] Batch [200/258] Loss_RGB: 1.3854 Loss_Depth: 0.2205
Epoch [21] Batch [250/258] Loss_RGB: 1.3806 Loss_Depth: 0.2224
Epoch 21 - Avg Loss RGB: 1.3555, Avg Loss Depth: 0.2175

==================================================
Epoch 22/100
==================================================
Epoch [22] Batch [0/258] Loss_RGB: 1.3756 Loss_Depth: 0.2155
Epoch [22] Batch [50/258] Loss_RGB: 1.3439 Loss_Depth: 0.2165
Epoch [22] Batch [100/258] Loss_RGB: 1.3712 Loss_Depth: 0.2156
Epoch [22] Batch [150/258] Loss_RGB: 1.3148 Loss_Depth: 0.2183
Epoch [22] Batch [200/258] Loss_RGB: 1.3251 Loss_Depth: 0.2118
Epoch [22] Batch [250/258] Loss_RGB: 1.3645 Loss_Depth: 0.2236
Epoch 22 - Avg Loss RGB: 1.3423, Avg Loss Depth: 0.2165

==================================================
Epoch 23/100
==================================================
Epoch [23] Batch [0/258] Loss_RGB: 1.7188 Loss_Depth: 0.2157
Epoch [23] Batch [50/258] Loss_RGB: 1.3508 Loss_Depth: 0.2116
Epoch [23] Batch [100/258] Loss_RGB: 1.3639 Loss_Depth: 0.2221
Epoch [23] Batch [150/258] Loss_RGB: 1.3518 Loss_Depth: 0.2150
Epoch [23] Batch [200/258] Loss_RGB: 1.3379 Loss_Depth: 0.2144
Epoch [23] Batch [250/258] Loss_RGB: 1.3672 Loss_Depth: 0.2146
Epoch 23 - Avg Loss RGB: 1.3578, Avg Loss Depth: 0.2156

==================================================
Epoch 24/100
==================================================
Epoch [24] Batch [0/258] Loss_RGB: 1.3483 Loss_Depth: 0.2180
Epoch [24] Batch [50/258] Loss_RGB: 1.3360 Loss_Depth: 0.2146
Epoch [24] Batch [100/258] Loss_RGB: 1.3380 Loss_Depth: 0.2123
Epoch [24] Batch [150/258] Loss_RGB: 1.3492 Loss_Depth: 0.2205
Epoch [24] Batch [200/258] Loss_RGB: 1.3284 Loss_Depth: 0.2159
Epoch [24] Batch [250/258] Loss_RGB: 1.3231 Loss_Depth: 0.2115
Epoch 24 - Avg Loss RGB: 1.3348, Avg Loss Depth: 0.2148

==================================================
Epoch 25/100
==================================================
Epoch [25] Batch [0/258] Loss_RGB: 1.3346 Loss_Depth: 0.2153
Epoch [25] Batch [50/258] Loss_RGB: 1.3285 Loss_Depth: 0.2100
Epoch [25] Batch [100/258] Loss_RGB: 1.3446 Loss_Depth: 0.2183
Epoch [25] Batch [150/258] Loss_RGB: 1.3473 Loss_Depth: 0.2139
Epoch [25] Batch [200/258] Loss_RGB: 1.3174 Loss_Depth: 0.2117
Epoch [25] Batch [250/258] Loss_RGB: 1.3337 Loss_Depth: 0.2120
Epoch 25 - Avg Loss RGB: 1.3278, Avg Loss Depth: 0.2141

==================================================
Epoch 26/100
==================================================
Epoch [26] Batch [0/258] Loss_RGB: 1.3193 Loss_Depth: 0.2111
Epoch [26] Batch [50/258] Loss_RGB: 1.3095 Loss_Depth: 0.2123
Epoch [26] Batch [100/258] Loss_RGB: 1.3035 Loss_Depth: 0.2126
Epoch [26] Batch [150/258] Loss_RGB: 1.3190 Loss_Depth: 0.2146
Epoch [26] Batch [200/258] Loss_RGB: 1.2875 Loss_Depth: 0.2069
Epoch [26] Batch [250/258] Loss_RGB: 1.3130 Loss_Depth: 0.2071
Epoch 26 - Avg Loss RGB: 1.3206, Avg Loss Depth: 0.2120

==================================================
Epoch 27/100
==================================================
Epoch [27] Batch [0/258] Loss_RGB: 1.2946 Loss_Depth: 0.2109
Epoch [27] Batch [50/258] Loss_RGB: 1.3079 Loss_Depth: 0.2095
Epoch [27] Batch [100/258] Loss_RGB: 1.3247 Loss_Depth: 0.2115
Epoch [27] Batch [150/258] Loss_RGB: 1.3002 Loss_Depth: 0.2063
Epoch [27] Batch [200/258] Loss_RGB: 1.3132 Loss_Depth: 0.2056
Epoch [27] Batch [250/258] Loss_RGB: 1.3143 Loss_Depth: 0.2049
Epoch 27 - Avg Loss RGB: 1.3146, Avg Loss Depth: 0.2096

==================================================
Epoch 28/100
==================================================
Epoch [28] Batch [0/258] Loss_RGB: 1.3008 Loss_Depth: 0.2045
Epoch [28] Batch [50/258] Loss_RGB: 1.3111 Loss_Depth: 0.1907
Epoch [28] Batch [100/258] Loss_RGB: 1.3285 Loss_Depth: 0.1919
Epoch [28] Batch [150/258] Loss_RGB: 1.3033 Loss_Depth: 0.1864
Epoch [28] Batch [200/258] Loss_RGB: 1.3551 Loss_Depth: 0.1963
Epoch [28] Batch [250/258] Loss_RGB: 1.2977 Loss_Depth: 0.1932
Epoch 28 - Avg Loss RGB: 1.3099, Avg Loss Depth: 0.1913

==================================================
Epoch 29/100
==================================================
Epoch [29] Batch [0/258] Loss_RGB: 1.3078 Loss_Depth: 0.1888
Epoch [29] Batch [50/258] Loss_RGB: 1.3180 Loss_Depth: 0.1926
Epoch [29] Batch [100/258] Loss_RGB: 1.3013 Loss_Depth: 0.1871
Epoch [29] Batch [150/258] Loss_RGB: 1.2966 Loss_Depth: 0.1844
Epoch [29] Batch [200/258] Loss_RGB: 1.2908 Loss_Depth: 0.1820
Epoch [29] Batch [250/258] Loss_RGB: 1.2968 Loss_Depth: 0.1834
Epoch 29 - Avg Loss RGB: 1.3034, Avg Loss Depth: 0.1868

==================================================
Epoch 30/100
==================================================
Epoch [30] Batch [0/258] Loss_RGB: 1.2885 Loss_Depth: 0.1808
Epoch [30] Batch [50/258] Loss_RGB: 1.2753 Loss_Depth: 0.1782
Epoch [30] Batch [100/258] Loss_RGB: 1.3083 Loss_Depth: 0.1925
Epoch [30] Batch [150/258] Loss_RGB: 1.3130 Loss_Depth: 0.1858
Epoch [30] Batch [200/258] Loss_RGB: 1.3148 Loss_Depth: 0.1881
Epoch [30] Batch [250/258] Loss_RGB: 1.2956 Loss_Depth: 0.1903
Epoch 30 - Avg Loss RGB: 1.2985, Avg Loss Depth: 0.1859
Epoch 30 - Val Loss RGB: 1.3230, Val Loss Depth: 0.0000, Total: 1.3230
Saved best model to ./outputs/rail/20260430_173230_cam1_bs64_lr0.0002_img384_ratio0.1/best_cam1.pth

==================================================
Epoch 31/100
==================================================
Epoch [31] Batch [0/258] Loss_RGB: 1.3080 Loss_Depth: 0.1870
Epoch [31] Batch [50/258] Loss_RGB: 1.2916 Loss_Depth: 0.1869
Epoch [31] Batch [100/258] Loss_RGB: 1.2858 Loss_Depth: 0.1876
Epoch [31] Batch [150/258] Loss_RGB: 1.3069 Loss_Depth: 0.1832
Epoch [31] Batch [200/258] Loss_RGB: 1.2808 Loss_Depth: 0.1817
Epoch [31] Batch [250/258] Loss_RGB: 1.2903 Loss_Depth: 0.1841
Epoch 31 - Avg Loss RGB: 1.2944, Avg Loss Depth: 0.1854

==================================================
Epoch 32/100
==================================================
Epoch [32] Batch [0/258] Loss_RGB: 1.3065 Loss_Depth: 0.1888
Epoch [32] Batch [50/258] Loss_RGB: 1.3121 Loss_Depth: 0.1889
Epoch [32] Batch [100/258] Loss_RGB: 1.2890 Loss_Depth: 0.1996
Epoch [32] Batch [150/258] Loss_RGB: 1.2880 Loss_Depth: 0.1861
Epoch [32] Batch [200/258] Loss_RGB: 1.2740 Loss_Depth: 0.1810
Epoch [32] Batch [250/258] Loss_RGB: 1.3031 Loss_Depth: 0.1820
Epoch 32 - Avg Loss RGB: 1.2920, Avg Loss Depth: 0.1850

==================================================
Epoch 33/100
==================================================
Epoch [33] Batch [0/258] Loss_RGB: 1.2864 Loss_Depth: 0.1940
Epoch [33] Batch [50/258] Loss_RGB: 1.2914 Loss_Depth: 0.1872
Epoch [33] Batch [100/258] Loss_RGB: 1.3242 Loss_Depth: 0.1871
Epoch [33] Batch [150/258] Loss_RGB: 1.2873 Loss_Depth: 0.1831
Epoch [33] Batch [200/258] Loss_RGB: 1.2924 Loss_Depth: 0.1814
Epoch [33] Batch [250/258] Loss_RGB: 1.2620 Loss_Depth: 0.1790
Epoch 33 - Avg Loss RGB: 1.2872, Avg Loss Depth: 0.1842

==================================================
Epoch 34/100
==================================================
Epoch [34] Batch [0/258] Loss_RGB: 1.2708 Loss_Depth: 0.1787
Epoch [34] Batch [50/258] Loss_RGB: 1.2853 Loss_Depth: 0.1815
Epoch [34] Batch [100/258] Loss_RGB: 1.2815 Loss_Depth: 0.1789
Epoch [34] Batch [150/258] Loss_RGB: 1.2833 Loss_Depth: 0.1831
Epoch [34] Batch [200/258] Loss_RGB: 1.2675 Loss_Depth: 0.1824
Epoch [34] Batch [250/258] Loss_RGB: 1.2631 Loss_Depth: 0.1826
Epoch 34 - Avg Loss RGB: 1.2834, Avg Loss Depth: 0.1837

==================================================
Epoch 35/100
==================================================
Epoch [35] Batch [0/258] Loss_RGB: 1.4542 Loss_Depth: 0.1838
Epoch [35] Batch [50/258] Loss_RGB: 1.2709 Loss_Depth: 0.1827
Epoch [35] Batch [100/258] Loss_RGB: 1.2704 Loss_Depth: 0.1823
Epoch [35] Batch [150/258] Loss_RGB: 1.3081 Loss_Depth: 0.1868
Epoch [35] Batch [200/258] Loss_RGB: 1.2859 Loss_Depth: 0.1793
Epoch [35] Batch [250/258] Loss_RGB: 1.2544 Loss_Depth: 0.1771
Epoch 35 - Avg Loss RGB: 1.2928, Avg Loss Depth: 0.1832

==================================================
Epoch 36/100
==================================================
Epoch [36] Batch [0/258] Loss_RGB: 1.3280 Loss_Depth: 0.1855
Epoch [36] Batch [50/258] Loss_RGB: 1.2825 Loss_Depth: 0.1776
Epoch [36] Batch [100/258] Loss_RGB: 1.2760 Loss_Depth: 0.1859
Epoch [36] Batch [150/258] Loss_RGB: 1.2687 Loss_Depth: 0.1784
Epoch [36] Batch [200/258] Loss_RGB: 1.3025 Loss_Depth: 0.1803
Epoch [36] Batch [250/258] Loss_RGB: 1.2711 Loss_Depth: 0.1776
Epoch 36 - Avg Loss RGB: 1.2793, Avg Loss Depth: 0.1791

==================================================
Epoch 37/100
==================================================
Epoch [37] Batch [0/258] Loss_RGB: 1.2712 Loss_Depth: 0.1782
Epoch [37] Batch [50/258] Loss_RGB: 1.2819 Loss_Depth: 0.1801
Epoch [37] Batch [100/258] Loss_RGB: 1.2838 Loss_Depth: 0.1770
Epoch [37] Batch [150/258] Loss_RGB: 1.3169 Loss_Depth: 0.1816
Epoch [37] Batch [200/258] Loss_RGB: 1.2782 Loss_Depth: 0.1783
Epoch [37] Batch [250/258] Loss_RGB: 1.2921 Loss_Depth: 0.1808
Epoch 37 - Avg Loss RGB: 1.2760, Avg Loss Depth: 0.1785

==================================================
Epoch 38/100
==================================================
Epoch [38] Batch [0/258] Loss_RGB: 1.2956 Loss_Depth: 0.1819
Epoch [38] Batch [50/258] Loss_RGB: 1.2670 Loss_Depth: 0.1749
Epoch [38] Batch [100/258] Loss_RGB: 1.2714 Loss_Depth: 0.1735
Epoch [38] Batch [150/258] Loss_RGB: 1.2970 Loss_Depth: 0.1839
Epoch [38] Batch [200/258] Loss_RGB: 1.2451 Loss_Depth: 0.1712
Epoch [38] Batch [250/258] Loss_RGB: 1.2813 Loss_Depth: 0.1775
Epoch 38 - Avg Loss RGB: 1.2738, Avg Loss Depth: 0.1784

==================================================
Epoch 39/100
==================================================
Epoch [39] Batch [0/258] Loss_RGB: 1.2693 Loss_Depth: 0.1757
Epoch [39] Batch [50/258] Loss_RGB: 1.2901 Loss_Depth: 0.1784
Epoch [39] Batch [100/258] Loss_RGB: 1.2658 Loss_Depth: 0.1784
Epoch [39] Batch [150/258] Loss_RGB: 1.2661 Loss_Depth: 0.1747
Epoch [39] Batch [200/258] Loss_RGB: 1.2516 Loss_Depth: 0.1759
Epoch [39] Batch [250/258] Loss_RGB: 1.2635 Loss_Depth: 0.1745
Epoch 39 - Avg Loss RGB: 1.2716, Avg Loss Depth: 0.1778

==================================================
Epoch 40/100
==================================================
Epoch [40] Batch [0/258] Loss_RGB: 1.2601 Loss_Depth: 0.1750
Epoch [40] Batch [50/258] Loss_RGB: 1.2656 Loss_Depth: 0.1755
Epoch [40] Batch [100/258] Loss_RGB: 1.2752 Loss_Depth: 0.1820
Epoch [40] Batch [150/258] Loss_RGB: 1.2549 Loss_Depth: 0.1773
Epoch [40] Batch [200/258] Loss_RGB: 1.2727 Loss_Depth: 0.1801
Epoch [40] Batch [250/258] Loss_RGB: 1.2667 Loss_Depth: 0.1785
Epoch 40 - Avg Loss RGB: 1.2690, Avg Loss Depth: 0.1775
Epoch 40 - Val Loss RGB: 1.2923, Val Loss Depth: 0.0000, Total: 1.2923
Saved best model to ./outputs/rail/20260430_173230_cam1_bs64_lr0.0002_img384_ratio0.1/best_cam1.pth

==================================================
Epoch 41/100
==================================================
Epoch [41] Batch [0/258] Loss_RGB: 1.2565 Loss_Depth: 0.1741
Epoch [41] Batch [50/258] Loss_RGB: 1.2399 Loss_Depth: 0.1733
Epoch [41] Batch [100/258] Loss_RGB: 1.2981 Loss_Depth: 0.1779
Epoch [41] Batch [150/258] Loss_RGB: 1.2722 Loss_Depth: 0.1738
Epoch [41] Batch [200/258] Loss_RGB: 1.2502 Loss_Depth: 0.1722
Epoch [41] Batch [250/258] Loss_RGB: 1.2747 Loss_Depth: 0.1754
Epoch 41 - Avg Loss RGB: 1.2669, Avg Loss Depth: 0.1769

==================================================
Epoch 42/100
==================================================
Epoch [42] Batch [0/258] Loss_RGB: 1.2761 Loss_Depth: 0.1757
Epoch [42] Batch [50/258] Loss_RGB: 1.2727 Loss_Depth: 0.1754
Epoch [42] Batch [100/258] Loss_RGB: 1.2746 Loss_Depth: 0.1769
Epoch [42] Batch [150/258] Loss_RGB: 1.2655 Loss_Depth: 0.1772
Epoch [42] Batch [200/258] Loss_RGB: 1.2887 Loss_Depth: 0.1769
Epoch [42] Batch [250/258] Loss_RGB: 1.2530 Loss_Depth: 0.1747
Epoch 42 - Avg Loss RGB: 1.2645, Avg Loss Depth: 0.1765

==================================================
Epoch 43/100
==================================================
Epoch [43] Batch [0/258] Loss_RGB: 1.2730 Loss_Depth: 0.1796
Epoch [43] Batch [50/258] Loss_RGB: 1.2544 Loss_Depth: 0.1714
Epoch [43] Batch [100/258] Loss_RGB: 1.2507 Loss_Depth: 0.1752
Epoch [43] Batch [150/258] Loss_RGB: 1.2724 Loss_Depth: 0.1778
Epoch [43] Batch [200/258] Loss_RGB: 1.2846 Loss_Depth: 0.1796
Epoch [43] Batch [250/258] Loss_RGB: 1.2613 Loss_Depth: 0.1717
