[INFO] TRAIN_ROOT=/data1/Leaddo_data/20260327-resize512
[INFO] TEST_ROOT=/home/root123/LF/WYM/SteelRailWay/rail_mvtec_gt_test
[INFO] METHOD=all
[INFO] VIEW_ID=4
[INFO] sample plan: 1500 -> 1350 train / 150 val
[INFO] img_size=512
[INFO] sampling_mode=uniform_time
[INFO] test patch=900/850
========================================================================
[RUN] method=padim view_id=4
========================================================================
[RailDataset] Detected pre-resized data: /data1/Leaddo_data/20260327-resize512 (first image 512×512 ≈ 512), skipping runtime resize
[RailDataset] Uniform-time sampled 1500/29407 (5.1%)
[RailDataset] Train split (time-uniform interleave): 1350 images
[RailDataset] Detected pre-resized data: /data1/Leaddo_data/20260327-resize512 (first image 512×512 ≈ 512), skipping runtime resize
[RailDataset] Uniform-time sampled 1500/29407 (5.1%)
[RailDataset] Val split (time-uniform interleave): 150 images
[RailDataset] Detected image: 6000×927, 7 patches per image
[Protocol] method=padim
[Protocol] train_root=/data1/Leaddo_data/20260327-resize512
[Protocol] test_root=/home/root123/LF/WYM/SteelRailWay/rail_mvtec_gt_test
[Protocol] sample plan: 1500 -> 1350 train / 150 val
[Protocol] img_size=512
[Protocol] sampling_mode=uniform_time
[Protocol] test patch=900/850
========================================================================
[RUN] method=patchcore view_id=4
========================================================================
[RailDataset] Detected pre-resized data: /data1/Leaddo_data/20260327-resize512 (first image 512×512 ≈ 512), skipping runtime resize
[RailDataset] Uniform-time sampled 1500/29407 (5.1%)
[RailDataset] Train split (time-uniform interleave): 1350 images
[RailDataset] Detected pre-resized data: /data1/Leaddo_data/20260327-resize512 (first image 512×512 ≈ 512), skipping runtime resize
[RailDataset] Uniform-time sampled 1500/29407 (5.1%)
[RailDataset] Val split (time-uniform interleave): 150 images
[RailDataset] Detected image: 6000×927, 7 patches per image
[Protocol] method=patchcore
[Protocol] train_root=/data1/Leaddo_data/20260327-resize512
[Protocol] test_root=/home/root123/LF/WYM/SteelRailWay/rail_mvtec_gt_test
[Protocol] sample plan: 1500 -> 1350 train / 150 val
[Protocol] img_size=512
[Protocol] sampling_mode=uniform_time
[Protocol] test patch=900/850
========================================================================
[RUN] method=fastflow view_id=4
========================================================================
[RailDataset] Detected pre-resized data: /data1/Leaddo_data/20260327-resize512 (first image 512×512 ≈ 512), skipping runtime resize
[RailDataset] Uniform-time sampled 1500/29407 (5.1%)
[RailDataset] Train split (time-uniform interleave): 1350 images
[RailDataset] Detected pre-resized data: /data1/Leaddo_data/20260327-resize512 (first image 512×512 ≈ 512), skipping runtime resize
[RailDataset] Uniform-time sampled 1500/29407 (5.1%)
[RailDataset] Val split (time-uniform interleave): 150 images
[RailDataset] Detected image: 6000×927, 7 patches per image
[Protocol] method=fastflow
[Protocol] train_root=/data1/Leaddo_data/20260327-resize512
[Protocol] test_root=/home/root123/LF/WYM/SteelRailWay/rail_mvtec_gt_test
[Protocol] sample plan: 1500 -> 1350 train / 150 val
[Protocol] img_size=512
[Protocol] sampling_mode=uniform_time
[Protocol] test patch=900/850
========================================================================
[RUN] method=draem view_id=4
========================================================================
[RailDataset] Detected pre-resized data: /data1/Leaddo_data/20260327-resize512 (first image 512×512 ≈ 512), skipping runtime resize
[RailDataset] Uniform-time sampled 1500/29407 (5.1%)
[RailDataset] Train split (time-uniform interleave): 1350 images
[RailDataset] Detected pre-resized data: /data1/Leaddo_data/20260327-resize512 (first image 512×512 ≈ 512), skipping runtime resize
[RailDataset] Uniform-time sampled 1500/29407 (5.1%)
[RailDataset] Val split (time-uniform interleave): 150 images
[RailDataset] Detected image: 6000×927, 7 patches per image
[Protocol] method=draem
[Protocol] train_root=/data1/Leaddo_data/20260327-resize512
[Protocol] test_root=/home/root123/LF/WYM/SteelRailWay/rail_mvtec_gt_test
[Protocol] sample plan: 1500 -> 1350 train / 150 val
[Protocol] img_size=512
[Protocol] sampling_mode=uniform_time
[Protocol] test patch=900/850
========================================================================
[RUN] method=stfpm view_id=4
========================================================================
[RailDataset] Detected pre-resized data: /data1/Leaddo_data/20260327-resize512 (first image 512×512 ≈ 512), skipping runtime resize
[RailDataset] Uniform-time sampled 1500/29407 (5.1%)
[RailDataset] Train split (time-uniform interleave): 1350 images
[RailDataset] Detected pre-resized data: /data1/Leaddo_data/20260327-resize512 (first image 512×512 ≈ 512), skipping runtime resize
[RailDataset] Uniform-time sampled 1500/29407 (5.1%)
[RailDataset] Val split (time-uniform interleave): 150 images
[RailDataset] Detected image: 6000×927, 7 patches per image
[Protocol] method=stfpm
[Protocol] train_root=/data1/Leaddo_data/20260327-resize512
[Protocol] test_root=/home/root123/LF/WYM/SteelRailWay/rail_mvtec_gt_test
[Protocol] sample plan: 1500 -> 1350 train / 150 val
[Protocol] img_size=512
[Protocol] sampling_mode=uniform_time
[Protocol] test patch=900/850
========================================================================
[RUN] method=rd4ad_i view_id=4
========================================================================
[RailDataset] Detected pre-resized data: /data1/Leaddo_data/20260327-resize512 (first image 512×512 ≈ 512), skipping runtime resize
[RailDataset] Uniform-time sampled 1500/29407 (5.1%)
[RailDataset] Train split (time-uniform interleave): 1350 images
[RailDataset] Detected pre-resized data: /data1/Leaddo_data/20260327-resize512 (first image 512×512 ≈ 512), skipping runtime resize
[RailDataset] Uniform-time sampled 1500/29407 (5.1%)
[RailDataset] Val split (time-uniform interleave): 150 images
[RailDataset] Detected image: 6000×927, 7 patches per image
[Protocol] method=rd4ad_i
[Protocol] train_root=/data1/Leaddo_data/20260327-resize512
[Protocol] test_root=/home/root123/LF/WYM/SteelRailWay/rail_mvtec_gt_test
[Protocol] sample plan: 1500 -> 1350 train / 150 val
[Protocol] img_size=512
[Protocol] sampling_mode=uniform_time
[Protocol] test patch=900/850
[DONE] summary_csv=results/baselines_rgb/cam4/summary.csv
[DONE] summary_json=results/baselines_rgb/cam4/summary.json
[DONE] summary_csv=results/baselines_rgb/cam4/summary.csv
[DONE] summary_json=results/baselines_rgb/cam4/summary.json
