Training started at 20260429_101336
Args: Namespace(train_root='/data1/Leaddo_data/20260327', test_root='/home/root123/LF/WYM/SteelRailWay/rail_mvtec_gt_test', view_id=1, img_size=384, depth_norm='zscore', use_patch=True, patch_size=900, patch_stride=850, train_sample_ratio=0.1, train_sample_num=None, random_seed_sample=42, train_val_test_split=[0.8, 0.1, 0.1], preload=True, preload_workers=32, batch_size=32, epochs=100, lr=0.0002, eval_interval=5, num_workers=16, seed=42, device='cuda:0', save_dir='./outputs/rail')


==================================================
Epoch 1/100
==================================================
Epoch [1] Batch [0/515] Loss_RGB: 7.9707 Loss_Depth: 7.6864
Epoch [1] Batch [50/515] Loss_RGB: 4.0870 Loss_Depth: 2.8425
Epoch [1] Batch [100/515] Loss_RGB: 3.5231 Loss_Depth: 2.0554
Epoch [1] Batch [150/515] Loss_RGB: 3.2049 Loss_Depth: 1.6395
Epoch [1] Batch [200/515] Loss_RGB: 2.9148 Loss_Depth: 1.3412
Epoch [1] Batch [250/515] Loss_RGB: 2.8024 Loss_Depth: 1.1283
Epoch [1] Batch [300/515] Loss_RGB: 2.6371 Loss_Depth: 0.9966
Epoch [1] Batch [350/515] Loss_RGB: 2.5186 Loss_Depth: 0.8708
Epoch [1] Batch [400/515] Loss_RGB: 2.3608 Loss_Depth: 0.7881
Epoch [1] Batch [450/515] Loss_RGB: 2.3279 Loss_Depth: 0.7163
Epoch [1] Batch [500/515] Loss_RGB: 2.2122 Loss_Depth: 0.6468
Epoch 1 - Avg Loss RGB: 3.0393, Avg Loss Depth: 1.5334

==================================================
Epoch 2/100
==================================================
Epoch [2] Batch [0/515] Loss_RGB: 2.2135 Loss_Depth: 0.6451
Epoch [2] Batch [50/515] Loss_RGB: 2.1803 Loss_Depth: 0.5818
Epoch [2] Batch [100/515] Loss_RGB: 2.1020 Loss_Depth: 0.5377
Epoch [2] Batch [150/515] Loss_RGB: 2.3125 Loss_Depth: 0.4869
Epoch [2] Batch [200/515] Loss_RGB: 2.0254 Loss_Depth: 0.4713
Epoch [2] Batch [250/515] Loss_RGB: 2.0495 Loss_Depth: 0.4507
Epoch [2] Batch [300/515] Loss_RGB: 1.9679 Loss_Depth: 0.4239
Epoch [2] Batch [350/515] Loss_RGB: 1.9237 Loss_Depth: 0.4074
Epoch [2] Batch [400/515] Loss_RGB: 1.9071 Loss_Depth: 0.4017
Epoch [2] Batch [450/515] Loss_RGB: 1.8847 Loss_Depth: 0.3924
Epoch [2] Batch [500/515] Loss_RGB: 1.8678 Loss_Depth: 0.3702
Epoch 2 - Avg Loss RGB: 1.9959, Avg Loss Depth: 0.4576

==================================================
Epoch 3/100
==================================================
Epoch [3] Batch [0/515] Loss_RGB: 1.8490 Loss_Depth: 0.3690
Epoch [3] Batch [50/515] Loss_RGB: 1.8998 Loss_Depth: 0.3681
Epoch [3] Batch [100/515] Loss_RGB: 1.8577 Loss_Depth: 0.3606
Epoch [3] Batch [150/515] Loss_RGB: 1.8223 Loss_Depth: 0.3429
Epoch [3] Batch [200/515] Loss_RGB: 1.7832 Loss_Depth: 0.3279
Epoch [3] Batch [250/515] Loss_RGB: 1.7610 Loss_Depth: 0.3145
Epoch [3] Batch [300/515] Loss_RGB: 1.7272 Loss_Depth: 0.3042
Epoch [3] Batch [350/515] Loss_RGB: 1.7309 Loss_Depth: 0.3110
Epoch [3] Batch [400/515] Loss_RGB: 1.7095 Loss_Depth: 0.2856
Epoch [3] Batch [450/515] Loss_RGB: 1.7122 Loss_Depth: 0.2750
Epoch [3] Batch [500/515] Loss_RGB: 1.7022 Loss_Depth: 0.2780
Epoch 3 - Avg Loss RGB: 1.7615, Avg Loss Depth: 0.3187

==================================================
Epoch 4/100
==================================================
Epoch [4] Batch [0/515] Loss_RGB: 1.6569 Loss_Depth: 0.2685
Epoch [4] Batch [50/515] Loss_RGB: 1.6922 Loss_Depth: 0.2690
Epoch [4] Batch [100/515] Loss_RGB: 1.6916 Loss_Depth: 0.2587
Epoch [4] Batch [150/515] Loss_RGB: 1.6995 Loss_Depth: 0.2614
Epoch [4] Batch [200/515] Loss_RGB: 1.6493 Loss_Depth: 0.2677
Epoch [4] Batch [250/515] Loss_RGB: 1.6297 Loss_Depth: 0.2502
Epoch [4] Batch [300/515] Loss_RGB: 1.6063 Loss_Depth: 0.2492
Epoch [4] Batch [350/515] Loss_RGB: 1.6365 Loss_Depth: 0.2467
Epoch [4] Batch [400/515] Loss_RGB: 1.6171 Loss_Depth: 0.2553
Epoch [4] Batch [450/515] Loss_RGB: 1.6195 Loss_Depth: 0.2509
Epoch [4] Batch [500/515] Loss_RGB: 1.6487 Loss_Depth: 0.2481
Epoch 4 - Avg Loss RGB: 1.6534, Avg Loss Depth: 0.2588

==================================================
Epoch 5/100
==================================================
Epoch [5] Batch [0/515] Loss_RGB: 1.6290 Loss_Depth: 0.2613
Epoch [5] Batch [50/515] Loss_RGB: 1.5829 Loss_Depth: 0.2471
Epoch [5] Batch [100/515] Loss_RGB: 1.5522 Loss_Depth: 0.2330
Epoch [5] Batch [150/515] Loss_RGB: 1.6135 Loss_Depth: 0.2443
Epoch [5] Batch [200/515] Loss_RGB: 1.5686 Loss_Depth: 0.2390
Epoch [5] Batch [250/515] Loss_RGB: 1.6036 Loss_Depth: 0.2488
Epoch [5] Batch [300/515] Loss_RGB: 1.5603 Loss_Depth: 0.2406
Epoch [5] Batch [350/515] Loss_RGB: 1.5627 Loss_Depth: 0.2463
Epoch [5] Batch [400/515] Loss_RGB: 1.5715 Loss_Depth: 0.2359
Epoch [5] Batch [450/515] Loss_RGB: 1.5394 Loss_Depth: 0.2419
Epoch [5] Batch [500/515] Loss_RGB: 1.5668 Loss_Depth: 0.2404
Epoch 5 - Avg Loss RGB: 1.5829, Avg Loss Depth: 0.2421
Warning: Only one class in test set, cannot compute AUROC
Epoch 5 - Val AUROC: 0.0000
No improvement for 1 evaluation(s)

==================================================
Epoch 6/100
==================================================
Epoch [6] Batch [0/515] Loss_RGB: 1.5438 Loss_Depth: 0.2407
Epoch [6] Batch [50/515] Loss_RGB: 1.5370 Loss_Depth: 0.2318
Epoch [6] Batch [100/515] Loss_RGB: 1.5736 Loss_Depth: 0.2410
Epoch [6] Batch [150/515] Loss_RGB: 1.5154 Loss_Depth: 0.2314
Epoch [6] Batch [200/515] Loss_RGB: 1.5596 Loss_Depth: 0.2400
Epoch [6] Batch [250/515] Loss_RGB: 1.4861 Loss_Depth: 0.2306
Epoch [6] Batch [300/515] Loss_RGB: 1.5092 Loss_Depth: 0.2285
Epoch [6] Batch [350/515] Loss_RGB: 1.5600 Loss_Depth: 0.2431
Epoch [6] Batch [400/515] Loss_RGB: 1.5197 Loss_Depth: 0.2311
Epoch [6] Batch [450/515] Loss_RGB: 1.5233 Loss_Depth: 0.2261
Epoch [6] Batch [500/515] Loss_RGB: 1.5186 Loss_Depth: 0.2345
Epoch 6 - Avg Loss RGB: 1.5265, Avg Loss Depth: 0.2357

==================================================
Epoch 7/100
==================================================
Epoch [7] Batch [0/515] Loss_RGB: 1.5271 Loss_Depth: 0.2346
Epoch [7] Batch [50/515] Loss_RGB: 1.4659 Loss_Depth: 0.2296
Epoch [7] Batch [100/515] Loss_RGB: 1.4895 Loss_Depth: 0.2301
Epoch [7] Batch [150/515] Loss_RGB: 1.4747 Loss_Depth: 0.2262
Epoch [7] Batch [200/515] Loss_RGB: 1.4850 Loss_Depth: 0.2373
Epoch [7] Batch [250/515] Loss_RGB: 1.4672 Loss_Depth: 0.2298
Epoch [7] Batch [300/515] Loss_RGB: 1.4663 Loss_Depth: 0.2238
Epoch [7] Batch [350/515] Loss_RGB: 1.4861 Loss_Depth: 0.2297
Epoch [7] Batch [400/515] Loss_RGB: 1.4525 Loss_Depth: 0.2219
Epoch [7] Batch [450/515] Loss_RGB: 1.5024 Loss_Depth: 0.2277
Epoch [7] Batch [500/515] Loss_RGB: 1.4625 Loss_Depth: 0.2276
Epoch 7 - Avg Loss RGB: 1.4861, Avg Loss Depth: 0.2294

==================================================
Epoch 8/100
==================================================
Epoch [8] Batch [0/515] Loss_RGB: 1.4542 Loss_Depth: 0.2187
Epoch [8] Batch [50/515] Loss_RGB: 1.4931 Loss_Depth: 0.2295
Epoch [8] Batch [100/515] Loss_RGB: 1.4784 Loss_Depth: 0.2158
Epoch [8] Batch [150/515] Loss_RGB: 1.4782 Loss_Depth: 0.2216
Epoch [8] Batch [200/515] Loss_RGB: 1.4654 Loss_Depth: 0.2250
Epoch [8] Batch [250/515] Loss_RGB: 1.4231 Loss_Depth: 0.2416
Epoch [8] Batch [300/515] Loss_RGB: 1.4693 Loss_Depth: 0.2209
Epoch [8] Batch [350/515] Loss_RGB: 1.4501 Loss_Depth: 0.2068
Epoch [8] Batch [400/515] Loss_RGB: 1.4389 Loss_Depth: 0.2200
Epoch [8] Batch [450/515] Loss_RGB: 1.4530 Loss_Depth: 0.2158
Epoch [8] Batch [500/515] Loss_RGB: 1.4882 Loss_Depth: 0.2183
Epoch 8 - Avg Loss RGB: 1.4550, Avg Loss Depth: 0.2170

==================================================
Epoch 9/100
==================================================
Epoch [9] Batch [0/515] Loss_RGB: 1.4539 Loss_Depth: 0.2055
Epoch [9] Batch [50/515] Loss_RGB: 1.4419 Loss_Depth: 0.2125
Epoch [9] Batch [100/515] Loss_RGB: 1.4312 Loss_Depth: 0.2078
Epoch [9] Batch [150/515] Loss_RGB: 1.4476 Loss_Depth: 0.2295
Epoch [9] Batch [200/515] Loss_RGB: 1.3908 Loss_Depth: 0.2037
Epoch [9] Batch [250/515] Loss_RGB: 1.4148 Loss_Depth: 0.2057
Epoch [9] Batch [300/515] Loss_RGB: 1.3975 Loss_Depth: 0.2038
Epoch [9] Batch [350/515] Loss_RGB: 1.3955 Loss_Depth: 0.2094
Epoch [9] Batch [400/515] Loss_RGB: 1.3872 Loss_Depth: 0.2147
Epoch [9] Batch [450/515] Loss_RGB: 1.4028 Loss_Depth: 0.2108
Epoch [9] Batch [500/515] Loss_RGB: 1.4147 Loss_Depth: 0.2105
Epoch 9 - Avg Loss RGB: 1.4200, Avg Loss Depth: 0.2118

==================================================
Epoch 10/100
==================================================
Epoch [10] Batch [0/515] Loss_RGB: 1.3983 Loss_Depth: 0.2134
Epoch [10] Batch [50/515] Loss_RGB: 1.4082 Loss_Depth: 0.2288
Epoch [10] Batch [100/515] Loss_RGB: 1.3748 Loss_Depth: 0.2220
Epoch [10] Batch [150/515] Loss_RGB: 1.3486 Loss_Depth: 0.2013
Epoch [10] Batch [200/515] Loss_RGB: 1.4171 Loss_Depth: 0.2098
Epoch [10] Batch [250/515] Loss_RGB: 1.3942 Loss_Depth: 0.2150
Epoch [10] Batch [300/515] Loss_RGB: 1.3881 Loss_Depth: 0.2111
Epoch [10] Batch [350/515] Loss_RGB: 1.3869 Loss_Depth: 0.2035
Epoch [10] Batch [400/515] Loss_RGB: 1.4532 Loss_Depth: 0.2150
Epoch [10] Batch [450/515] Loss_RGB: 1.3736 Loss_Depth: 0.1986
Epoch [10] Batch [500/515] Loss_RGB: 1.3901 Loss_Depth: 0.2005
Epoch 10 - Avg Loss RGB: 1.3921, Avg Loss Depth: 0.2081
Warning: Only one class in test set, cannot compute AUROC
Epoch 10 - Val AUROC: 0.0000
No improvement for 2 evaluation(s)
Checkpoint saved to ./outputs/rail/20260429_101336_cam1_bs32_lr0.0002_img384_ratio0.1/checkpoint_epoch_10.pth

==================================================
Epoch 11/100
==================================================
Epoch [11] Batch [0/515] Loss_RGB: 1.4118 Loss_Depth: 0.2029
Epoch [11] Batch [50/515] Loss_RGB: 1.3565 Loss_Depth: 0.1933
Epoch [11] Batch [100/515] Loss_RGB: 1.3709 Loss_Depth: 0.1989
Epoch [11] Batch [150/515] Loss_RGB: 1.3920 Loss_Depth: 0.1964
Epoch [11] Batch [200/515] Loss_RGB: 1.3444 Loss_Depth: 0.1925
Epoch [11] Batch [250/515] Loss_RGB: 1.4052 Loss_Depth: 0.1940
Epoch [11] Batch [300/515] Loss_RGB: 1.3658 Loss_Depth: 0.1921
Epoch [11] Batch [350/515] Loss_RGB: 1.3702 Loss_Depth: 0.1935
Epoch [11] Batch [400/515] Loss_RGB: 1.3673 Loss_Depth: 0.1944
Epoch [11] Batch [450/515] Loss_RGB: 1.3451 Loss_Depth: 0.1881
Epoch [11] Batch [500/515] Loss_RGB: 1.4009 Loss_Depth: 0.1995
Epoch 11 - Avg Loss RGB: 1.3799, Avg Loss Depth: 0.1972

==================================================
Epoch 12/100
==================================================
Epoch [12] Batch [0/515] Loss_RGB: 1.3733 Loss_Depth: 0.1981
Epoch [12] Batch [50/515] Loss_RGB: 1.4017 Loss_Depth: 0.2022
Epoch [12] Batch [100/515] Loss_RGB: 1.3291 Loss_Depth: 0.2007
Epoch [12] Batch [150/515] Loss_RGB: 1.3475 Loss_Depth: 0.1868
Epoch [12] Batch [200/515] Loss_RGB: 1.3436 Loss_Depth: 0.1910
Epoch [12] Batch [250/515] Loss_RGB: 1.3916 Loss_Depth: 0.2058
Epoch [12] Batch [300/515] Loss_RGB: 1.3732 Loss_Depth: 0.1962
Epoch [12] Batch [350/515] Loss_RGB: 1.3711 Loss_Depth: 0.1924
Epoch [12] Batch [400/515] Loss_RGB: 1.3609 Loss_Depth: 0.1969
Epoch [12] Batch [450/515] Loss_RGB: 1.3328 Loss_Depth: 0.1928
Epoch [12] Batch [500/515] Loss_RGB: 1.3656 Loss_Depth: 0.2009
Epoch 12 - Avg Loss RGB: 1.3572, Avg Loss Depth: 0.1952

==================================================
Epoch 13/100
==================================================
Epoch [13] Batch [0/515] Loss_RGB: 1.3319 Loss_Depth: 0.1949
Epoch [13] Batch [50/515] Loss_RGB: 1.3357 Loss_Depth: 0.1898
Epoch [13] Batch [100/515] Loss_RGB: 1.3028 Loss_Depth: 0.1854
Epoch [13] Batch [150/515] Loss_RGB: 1.3290 Loss_Depth: 0.1938
Epoch [13] Batch [200/515] Loss_RGB: 1.3330 Loss_Depth: 0.1888
Epoch [13] Batch [250/515] Loss_RGB: 1.3331 Loss_Depth: 0.1889
Epoch [13] Batch [300/515] Loss_RGB: 1.3465 Loss_Depth: 0.1940
Epoch [13] Batch [350/515] Loss_RGB: 1.3075 Loss_Depth: 0.1922
Epoch [13] Batch [400/515] Loss_RGB: 1.3388 Loss_Depth: 0.1902
Epoch [13] Batch [450/515] Loss_RGB: 1.3262 Loss_Depth: 0.1895
Epoch [13] Batch [500/515] Loss_RGB: 1.3150 Loss_Depth: 0.1924
Epoch 13 - Avg Loss RGB: 1.3366, Avg Loss Depth: 0.1935

==================================================
Epoch 14/100
==================================================
Epoch [14] Batch [0/515] Loss_RGB: 1.3086 Loss_Depth: 0.1896
Epoch [14] Batch [50/515] Loss_RGB: 1.3106 Loss_Depth: 0.1956
Epoch [14] Batch [100/515] Loss_RGB: 1.3272 Loss_Depth: 0.1911
Epoch [14] Batch [150/515] Loss_RGB: 1.3429 Loss_Depth: 0.1905
Epoch [14] Batch [200/515] Loss_RGB: 1.3129 Loss_Depth: 0.1917
Epoch [14] Batch [250/515] Loss_RGB: 1.3151 Loss_Depth: 0.1961
Epoch [14] Batch [300/515] Loss_RGB: 1.3323 Loss_Depth: 0.1901
Epoch [14] Batch [350/515] Loss_RGB: 1.3123 Loss_Depth: 0.1908
Epoch [14] Batch [400/515] Loss_RGB: 1.3717 Loss_Depth: 0.2140
Epoch [14] Batch [450/515] Loss_RGB: 1.3385 Loss_Depth: 0.1946
Epoch [14] Batch [500/515] Loss_RGB: 1.3342 Loss_Depth: 0.1893
Epoch 14 - Avg Loss RGB: 1.3247, Avg Loss Depth: 0.1920

==================================================
Epoch 15/100
==================================================
Epoch [15] Batch [0/515] Loss_RGB: 1.2918 Loss_Depth: 0.1860
Epoch [15] Batch [50/515] Loss_RGB: 1.3007 Loss_Depth: 0.1889
Epoch [15] Batch [100/515] Loss_RGB: 1.2770 Loss_Depth: 0.1916
Epoch [15] Batch [150/515] Loss_RGB: 1.3631 Loss_Depth: 0.1979
Epoch [15] Batch [200/515] Loss_RGB: 1.3395 Loss_Depth: 0.1896
Epoch [15] Batch [250/515] Loss_RGB: 1.3118 Loss_Depth: 0.1941
Epoch [15] Batch [300/515] Loss_RGB: 1.3124 Loss_Depth: 0.1987
Epoch [15] Batch [350/515] Loss_RGB: 1.3416 Loss_Depth: 0.1971
Epoch [15] Batch [400/515] Loss_RGB: 1.3206 Loss_Depth: 0.1917
Epoch [15] Batch [450/515] Loss_RGB: 1.3198 Loss_Depth: 0.1909
Epoch [15] Batch [500/515] Loss_RGB: 1.3385 Loss_Depth: 0.2022
Epoch 15 - Avg Loss RGB: 1.3098, Avg Loss Depth: 0.1908
Warning: Only one class in test set, cannot compute AUROC
Epoch 15 - Val AUROC: 0.0000
No improvement for 3 evaluation(s)

==================================================
Epoch 16/100
==================================================
Epoch [16] Batch [0/515] Loss_RGB: 1.2977 Loss_Depth: 0.1952
Epoch [16] Batch [50/515] Loss_RGB: 1.2952 Loss_Depth: 0.1866
Epoch [16] Batch [100/515] Loss_RGB: 1.3052 Loss_Depth: 0.1881
Epoch [16] Batch [150/515] Loss_RGB: 1.3100 Loss_Depth: 0.1903
Epoch [16] Batch [200/515] Loss_RGB: 1.3013 Loss_Depth: 0.1848
Epoch [16] Batch [250/515] Loss_RGB: 1.3294 Loss_Depth: 0.1880
Epoch [16] Batch [300/515] Loss_RGB: 1.3049 Loss_Depth: 0.1840
Epoch [16] Batch [350/515] Loss_RGB: 1.2962 Loss_Depth: 0.1909
Epoch [16] Batch [400/515] Loss_RGB: 1.3256 Loss_Depth: 0.1919
Epoch [16] Batch [450/515] Loss_RGB: 1.2942 Loss_Depth: 0.1882
Epoch [16] Batch [500/515] Loss_RGB: 1.3692 Loss_Depth: 0.1991
Epoch 16 - Avg Loss RGB: 1.3204, Avg Loss Depth: 0.1895

==================================================
Epoch 17/100
==================================================
Epoch [17] Batch [0/515] Loss_RGB: 1.3129 Loss_Depth: 0.1934
Epoch [17] Batch [50/515] Loss_RGB: 1.2796 Loss_Depth: 0.1824
Epoch [17] Batch [100/515] Loss_RGB: 1.3390 Loss_Depth: 0.1882
Epoch [17] Batch [150/515] Loss_RGB: 1.2842 Loss_Depth: 0.1834
Epoch [17] Batch [200/515] Loss_RGB: 1.2925 Loss_Depth: 0.1856
Epoch [17] Batch [250/515] Loss_RGB: 1.3005 Loss_Depth: 0.1899
Epoch [17] Batch [300/515] Loss_RGB: 1.2904 Loss_Depth: 0.1882
Epoch [17] Batch [350/515] Loss_RGB: 1.3117 Loss_Depth: 0.1938
Epoch [17] Batch [400/515] Loss_RGB: 1.2703 Loss_Depth: 0.1839
Epoch [17] Batch [450/515] Loss_RGB: 1.2976 Loss_Depth: 0.1909
Epoch [17] Batch [500/515] Loss_RGB: 1.2717 Loss_Depth: 0.1866
Epoch 17 - Avg Loss RGB: 1.2946, Avg Loss Depth: 0.1887

==================================================
Epoch 18/100
==================================================
Epoch [18] Batch [0/515] Loss_RGB: 1.2985 Loss_Depth: 0.2058
Epoch [18] Batch [50/515] Loss_RGB: 1.3482 Loss_Depth: 0.1993
Epoch [18] Batch [100/515] Loss_RGB: 1.2848 Loss_Depth: 0.1865
Epoch [18] Batch [150/515] Loss_RGB: 1.2642 Loss_Depth: 0.1828
Epoch [18] Batch [200/515] Loss_RGB: 1.2756 Loss_Depth: 0.1819
Epoch [18] Batch [250/515] Loss_RGB: 1.2961 Loss_Depth: 0.1879
Epoch [18] Batch [300/515] Loss_RGB: 1.2927 Loss_Depth: 0.1855
Epoch [18] Batch [350/515] Loss_RGB: 1.2692 Loss_Depth: 0.1863
Epoch [18] Batch [400/515] Loss_RGB: 1.2880 Loss_Depth: 0.1881
Epoch [18] Batch [450/515] Loss_RGB: 1.2791 Loss_Depth: 0.1974
Epoch [18] Batch [500/515] Loss_RGB: 1.3223 Loss_Depth: 0.1935
Epoch 18 - Avg Loss RGB: 1.2841, Avg Loss Depth: 0.1880

==================================================
Epoch 19/100
==================================================
Epoch [19] Batch [0/515] Loss_RGB: 1.2990 Loss_Depth: 0.1894
Epoch [19] Batch [50/515] Loss_RGB: 1.2874 Loss_Depth: 0.1918
Epoch [19] Batch [100/515] Loss_RGB: 1.2479 Loss_Depth: 0.1857
Epoch [19] Batch [150/515] Loss_RGB: 1.2828 Loss_Depth: 0.1866
Epoch [19] Batch [200/515] Loss_RGB: 1.3002 Loss_Depth: 0.1891
Epoch [19] Batch [250/515] Loss_RGB: 1.2583 Loss_Depth: 0.1809
Epoch [19] Batch [300/515] Loss_RGB: 1.3248 Loss_Depth: 0.1933
Epoch [19] Batch [350/515] Loss_RGB: 1.2775 Loss_Depth: 0.1851
Epoch [19] Batch [400/515] Loss_RGB: 1.2652 Loss_Depth: 0.1843
Epoch [19] Batch [450/515] Loss_RGB: 1.2763 Loss_Depth: 0.1939
Epoch [19] Batch [500/515] Loss_RGB: 1.2579 Loss_Depth: 0.1851
Epoch 19 - Avg Loss RGB: 1.2762, Avg Loss Depth: 0.1870

==================================================
Epoch 20/100
==================================================
Epoch [20] Batch [0/515] Loss_RGB: 1.2484 Loss_Depth: 0.1812
Epoch [20] Batch [50/515] Loss_RGB: 1.2675 Loss_Depth: 0.1844
Epoch [20] Batch [100/515] Loss_RGB: 1.2635 Loss_Depth: 0.1862
Epoch [20] Batch [150/515] Loss_RGB: 1.5461 Loss_Depth: 0.1887
Epoch [20] Batch [200/515] Loss_RGB: 1.2849 Loss_Depth: 0.1920
Epoch [20] Batch [250/515] Loss_RGB: 1.2648 Loss_Depth: 0.1810
Epoch [20] Batch [300/515] Loss_RGB: 1.2777 Loss_Depth: 0.1855
Epoch [20] Batch [350/515] Loss_RGB: 1.2665 Loss_Depth: 0.1876
Epoch [20] Batch [400/515] Loss_RGB: 1.2930 Loss_Depth: 0.1873
Epoch [20] Batch [450/515] Loss_RGB: 1.2603 Loss_Depth: 0.1840
Epoch [20] Batch [500/515] Loss_RGB: 1.2690 Loss_Depth: 0.1859
Epoch 20 - Avg Loss RGB: 1.2794, Avg Loss Depth: 0.1858
Warning: Only one class in test set, cannot compute AUROC
Epoch 20 - Val AUROC: 0.0000
No improvement for 4 evaluation(s)
Checkpoint saved to ./outputs/rail/20260429_101336_cam1_bs32_lr0.0002_img384_ratio0.1/checkpoint_epoch_20.pth

==================================================
Epoch 21/100
==================================================
Epoch [21] Batch [0/515] Loss_RGB: 1.2853 Loss_Depth: 0.1837
Epoch [21] Batch [50/515] Loss_RGB: 1.2846 Loss_Depth: 0.1880
Epoch [21] Batch [100/515] Loss_RGB: 1.2420 Loss_Depth: 0.1862
Epoch [21] Batch [150/515] Loss_RGB: 1.2523 Loss_Depth: 0.1853
Epoch [21] Batch [200/515] Loss_RGB: 1.2963 Loss_Depth: 0.1855
Epoch [21] Batch [250/515] Loss_RGB: 1.2150 Loss_Depth: 0.1787
Epoch [21] Batch [300/515] Loss_RGB: 1.2174 Loss_Depth: 0.1867
Epoch [21] Batch [350/515] Loss_RGB: 1.2404 Loss_Depth: 0.1781
Epoch [21] Batch [400/515] Loss_RGB: 1.2443 Loss_Depth: 0.1831
Epoch [21] Batch [450/515] Loss_RGB: 1.2444 Loss_Depth: 0.1828
Epoch [21] Batch [500/515] Loss_RGB: 1.2783 Loss_Depth: 0.1965
Epoch 21 - Avg Loss RGB: 1.2593, Avg Loss Depth: 0.1851

==================================================
Epoch 22/100
==================================================
Epoch [22] Batch [0/515] Loss_RGB: 1.2452 Loss_Depth: 0.1810
Epoch [22] Batch [50/515] Loss_RGB: 1.2416 Loss_Depth: 0.1841
Epoch [22] Batch [100/515] Loss_RGB: 1.2479 Loss_Depth: 0.1808
Epoch [22] Batch [150/515] Loss_RGB: 1.2531 Loss_Depth: 0.1881
Epoch [22] Batch [200/515] Loss_RGB: 1.2557 Loss_Depth: 0.1838
Epoch [22] Batch [250/515] Loss_RGB: 1.2692 Loss_Depth: 0.1834
Epoch [22] Batch [300/515] Loss_RGB: 1.2350 Loss_Depth: 0.1794
Epoch [22] Batch [350/515] Loss_RGB: 1.2923 Loss_Depth: 0.1904
Epoch [22] Batch [400/515] Loss_RGB: 1.2267 Loss_Depth: 0.1827
Epoch [22] Batch [450/515] Loss_RGB: 1.2505 Loss_Depth: 0.1798
Epoch [22] Batch [500/515] Loss_RGB: 1.3225 Loss_Depth: 0.1898
Epoch 22 - Avg Loss RGB: 1.2455, Avg Loss Depth: 0.1845

==================================================
Epoch 23/100
==================================================
Epoch [23] Batch [0/515] Loss_RGB: 1.2399 Loss_Depth: 0.1826
Epoch [23] Batch [50/515] Loss_RGB: 1.2436 Loss_Depth: 0.1832
Epoch [23] Batch [100/515] Loss_RGB: 1.2254 Loss_Depth: 0.1801
Epoch [23] Batch [150/515] Loss_RGB: 1.2544 Loss_Depth: 0.1804
Epoch [23] Batch [200/515] Loss_RGB: 1.2405 Loss_Depth: 0.1827
Epoch [23] Batch [250/515] Loss_RGB: 1.2398 Loss_Depth: 0.1805
Epoch [23] Batch [300/515] Loss_RGB: 1.2679 Loss_Depth: 0.1954
Epoch [23] Batch [350/515] Loss_RGB: 1.2362 Loss_Depth: 0.1812
Epoch [23] Batch [400/515] Loss_RGB: 1.2137 Loss_Depth: 0.1852
Epoch [23] Batch [450/515] Loss_RGB: 1.2327 Loss_Depth: 0.1811
Epoch [23] Batch [500/515] Loss_RGB: 1.2314 Loss_Depth: 0.1820
Epoch 23 - Avg Loss RGB: 1.2391, Avg Loss Depth: 0.1839

==================================================
Epoch 24/100
==================================================
Epoch [24] Batch [0/515] Loss_RGB: 1.2399 Loss_Depth: 0.1851
Epoch [24] Batch [50/515] Loss_RGB: 1.2245 Loss_Depth: 0.1795
Epoch [24] Batch [100/515] Loss_RGB: 1.2556 Loss_Depth: 0.1809
Epoch [24] Batch [150/515] Loss_RGB: 1.2239 Loss_Depth: 0.1775
Epoch [24] Batch [200/515] Loss_RGB: 1.2732 Loss_Depth: 0.1909
Epoch [24] Batch [250/515] Loss_RGB: 1.2384 Loss_Depth: 0.1862
Epoch [24] Batch [300/515] Loss_RGB: 1.2367 Loss_Depth: 0.1813
Epoch [24] Batch [350/515] Loss_RGB: 1.1696 Loss_Depth: 0.1782
Epoch [24] Batch [400/515] Loss_RGB: 1.2120 Loss_Depth: 0.1794
Epoch [24] Batch [450/515] Loss_RGB: 1.2586 Loss_Depth: 0.1849
Epoch [24] Batch [500/515] Loss_RGB: 1.2301 Loss_Depth: 0.1792
Epoch 24 - Avg Loss RGB: 1.2336, Avg Loss Depth: 0.1832

==================================================
Epoch 25/100
==================================================
Epoch [25] Batch [0/515] Loss_RGB: 1.2251 Loss_Depth: 0.1809
Epoch [25] Batch [50/515] Loss_RGB: 1.2207 Loss_Depth: 0.1768
Epoch [25] Batch [100/515] Loss_RGB: 1.2298 Loss_Depth: 0.1788
Epoch [25] Batch [150/515] Loss_RGB: 1.2501 Loss_Depth: 0.1893
Epoch [25] Batch [200/515] Loss_RGB: 1.2281 Loss_Depth: 0.1845
Epoch [25] Batch [250/515] Loss_RGB: 1.2643 Loss_Depth: 0.1882
Epoch [25] Batch [300/515] Loss_RGB: 1.2285 Loss_Depth: 0.1866
Epoch [25] Batch [350/515] Loss_RGB: 1.1949 Loss_Depth: 0.1759
Epoch [25] Batch [400/515] Loss_RGB: 1.2131 Loss_Depth: 0.1815
Epoch [25] Batch [450/515] Loss_RGB: 1.2325 Loss_Depth: 0.1839
Epoch [25] Batch [500/515] Loss_RGB: 1.2143 Loss_Depth: 0.1806
Epoch 25 - Avg Loss RGB: 1.2269, Avg Loss Depth: 0.1828
Warning: Only one class in test set, cannot compute AUROC
Epoch 25 - Val AUROC: 0.0000
No improvement for 5 evaluation(s)

==================================================
Epoch 26/100
==================================================
Epoch [26] Batch [0/515] Loss_RGB: 1.2050 Loss_Depth: 0.1793
Epoch [26] Batch [50/515] Loss_RGB: 1.2404 Loss_Depth: 0.1796
Epoch [26] Batch [100/515] Loss_RGB: 1.1777 Loss_Depth: 0.1781
Epoch [26] Batch [150/515] Loss_RGB: 1.1922 Loss_Depth: 0.1777
Epoch [26] Batch [200/515] Loss_RGB: 1.2030 Loss_Depth: 0.1790
Epoch [26] Batch [250/515] Loss_RGB: 1.2384 Loss_Depth: 0.1823
Epoch [26] Batch [300/515] Loss_RGB: 1.2410 Loss_Depth: 0.1837
Epoch [26] Batch [350/515] Loss_RGB: 1.1777 Loss_Depth: 0.1742
Epoch [26] Batch [400/515] Loss_RGB: 1.2218 Loss_Depth: 0.1837
Epoch [26] Batch [450/515] Loss_RGB: 1.2303 Loss_Depth: 0.1892
Epoch [26] Batch [500/515] Loss_RGB: 1.2229 Loss_Depth: 0.1766
Epoch 26 - Avg Loss RGB: 1.2212, Avg Loss Depth: 0.1821

==================================================
Epoch 27/100
==================================================
Epoch [27] Batch [0/515] Loss_RGB: 1.2230 Loss_Depth: 0.1786
Epoch [27] Batch [50/515] Loss_RGB: 1.2316 Loss_Depth: 0.1826
Epoch [27] Batch [100/515] Loss_RGB: 1.2183 Loss_Depth: 0.1814
Epoch [27] Batch [150/515] Loss_RGB: 1.2445 Loss_Depth: 0.1874
Epoch [27] Batch [200/515] Loss_RGB: 1.2238 Loss_Depth: 0.1804
Epoch [27] Batch [250/515] Loss_RGB: 1.2674 Loss_Depth: 0.1862
Epoch [27] Batch [300/515] Loss_RGB: 1.2145 Loss_Depth: 0.1841
Epoch [27] Batch [350/515] Loss_RGB: 1.2070 Loss_Depth: 0.1762
Epoch [27] Batch [400/515] Loss_RGB: 1.2271 Loss_Depth: 0.1808
Epoch [27] Batch [450/515] Loss_RGB: 1.2742 Loss_Depth: 0.1844
Epoch [27] Batch [500/515] Loss_RGB: 1.2575 Loss_Depth: 0.1842
Epoch 27 - Avg Loss RGB: 1.2169, Avg Loss Depth: 0.1817

==================================================
Epoch 28/100
==================================================
Epoch [28] Batch [0/515] Loss_RGB: 1.1858 Loss_Depth: 0.1787
Epoch [28] Batch [50/515] Loss_RGB: 1.2171 Loss_Depth: 0.1776
Epoch [28] Batch [100/515] Loss_RGB: 1.2325 Loss_Depth: 0.1879
Epoch [28] Batch [150/515] Loss_RGB: 1.1909 Loss_Depth: 0.1742
Epoch [28] Batch [200/515] Loss_RGB: 1.1983 Loss_Depth: 0.1835
Epoch [28] Batch [250/515] Loss_RGB: 1.2049 Loss_Depth: 0.1777
Epoch [28] Batch [300/515] Loss_RGB: 1.2126 Loss_Depth: 0.1789
Epoch [28] Batch [350/515] Loss_RGB: 1.2282 Loss_Depth: 0.1799
Epoch [28] Batch [400/515] Loss_RGB: 1.1954 Loss_Depth: 0.1844
Epoch [28] Batch [450/515] Loss_RGB: 1.2237 Loss_Depth: 0.1767
Epoch [28] Batch [500/515] Loss_RGB: 1.2001 Loss_Depth: 0.1805
Epoch 28 - Avg Loss RGB: 1.2116, Avg Loss Depth: 0.1813

==================================================
Epoch 29/100
==================================================
Epoch [29] Batch [0/515] Loss_RGB: 1.2335 Loss_Depth: 0.1793
Epoch [29] Batch [50/515] Loss_RGB: 1.1839 Loss_Depth: 0.1784
Epoch [29] Batch [100/515] Loss_RGB: 1.1890 Loss_Depth: 0.1790
Epoch [29] Batch [150/515] Loss_RGB: 1.2287 Loss_Depth: 0.1778
Epoch [29] Batch [200/515] Loss_RGB: 1.1890 Loss_Depth: 0.1753
Epoch [29] Batch [250/515] Loss_RGB: 1.2279 Loss_Depth: 0.1927
Epoch [29] Batch [300/515] Loss_RGB: 1.2176 Loss_Depth: 0.1775
Epoch [29] Batch [350/515] Loss_RGB: 1.1980 Loss_Depth: 0.1779
Epoch [29] Batch [400/515] Loss_RGB: 1.2001 Loss_Depth: 0.1808
Epoch [29] Batch [450/515] Loss_RGB: 1.2302 Loss_Depth: 0.1818
Epoch [29] Batch [500/515] Loss_RGB: 1.2201 Loss_Depth: 0.1790
Epoch 29 - Avg Loss RGB: 1.2076, Avg Loss Depth: 0.1809

==================================================
Epoch 30/100
==================================================
Epoch [30] Batch [0/515] Loss_RGB: 1.1996 Loss_Depth: 0.1860
Epoch [30] Batch [50/515] Loss_RGB: 1.1837 Loss_Depth: 0.1751
Epoch [30] Batch [100/515] Loss_RGB: 1.1972 Loss_Depth: 0.1873
Epoch [30] Batch [150/515] Loss_RGB: 1.1916 Loss_Depth: 0.1769
Epoch [30] Batch [200/515] Loss_RGB: 1.1772 Loss_Depth: 0.1797
Epoch [30] Batch [250/515] Loss_RGB: 1.1958 Loss_Depth: 0.1794
Epoch [30] Batch [300/515] Loss_RGB: 1.2142 Loss_Depth: 0.1735
Epoch [30] Batch [350/515] Loss_RGB: 1.1921 Loss_Depth: 0.1763
Epoch [30] Batch [400/515] Loss_RGB: 1.1877 Loss_Depth: 0.1786
Epoch [30] Batch [450/515] Loss_RGB: 1.2245 Loss_Depth: 0.1812
Epoch [30] Batch [500/515] Loss_RGB: 1.2391 Loss_Depth: 0.1831
Epoch 30 - Avg Loss RGB: 1.2037, Avg Loss Depth: 0.1802
Warning: Only one class in test set, cannot compute AUROC
Epoch 30 - Val AUROC: 0.0000
No improvement for 6 evaluation(s)
Checkpoint saved to ./outputs/rail/20260429_101336_cam1_bs32_lr0.0002_img384_ratio0.1/checkpoint_epoch_30.pth

==================================================
Epoch 31/100
==================================================
Epoch [31] Batch [0/515] Loss_RGB: 1.2056 Loss_Depth: 0.1784
Epoch [31] Batch [50/515] Loss_RGB: 1.1926 Loss_Depth: 0.1804
Epoch [31] Batch [100/515] Loss_RGB: 1.1907 Loss_Depth: 0.1823
Epoch [31] Batch [150/515] Loss_RGB: 1.2349 Loss_Depth: 0.1862
Epoch [31] Batch [200/515] Loss_RGB: 1.1888 Loss_Depth: 0.1754
Epoch [31] Batch [250/515] Loss_RGB: 1.1983 Loss_Depth: 0.1820
Epoch [31] Batch [300/515] Loss_RGB: 1.2220 Loss_Depth: 0.1844
Epoch [31] Batch [350/515] Loss_RGB: 1.2243 Loss_Depth: 0.1810
Epoch [31] Batch [400/515] Loss_RGB: 1.1803 Loss_Depth: 0.1780
Epoch [31] Batch [450/515] Loss_RGB: 1.1638 Loss_Depth: 0.1705
Epoch [31] Batch [500/515] Loss_RGB: 1.1903 Loss_Depth: 0.1793
Epoch 31 - Avg Loss RGB: 1.2002, Avg Loss Depth: 0.1797

==================================================
Epoch 32/100
==================================================
Epoch [32] Batch [0/515] Loss_RGB: 1.1943 Loss_Depth: 0.1743
Epoch [32] Batch [50/515] Loss_RGB: 1.2046 Loss_Depth: 0.1820
Epoch [32] Batch [100/515] Loss_RGB: 1.1974 Loss_Depth: 0.1780
Epoch [32] Batch [150/515] Loss_RGB: 1.1750 Loss_Depth: 0.1788
Epoch [32] Batch [200/515] Loss_RGB: 1.2281 Loss_Depth: 0.1788
Epoch [32] Batch [250/515] Loss_RGB: 1.2206 Loss_Depth: 0.1826
Epoch [32] Batch [300/515] Loss_RGB: 1.1880 Loss_Depth: 0.1761
Epoch [32] Batch [350/515] Loss_RGB: 1.2098 Loss_Depth: 0.1813
Epoch [32] Batch [400/515] Loss_RGB: 1.2104 Loss_Depth: 0.1838
Epoch [32] Batch [450/515] Loss_RGB: 1.2039 Loss_Depth: 0.1804
Epoch [32] Batch [500/515] Loss_RGB: 1.1930 Loss_Depth: 0.1819
Epoch 32 - Avg Loss RGB: 1.2011, Avg Loss Depth: 0.1791

==================================================
Epoch 33/100
==================================================
Epoch [33] Batch [0/515] Loss_RGB: 1.1944 Loss_Depth: 0.1786
Epoch [33] Batch [50/515] Loss_RGB: 1.2311 Loss_Depth: 0.1693
Epoch [33] Batch [100/515] Loss_RGB: 1.1681 Loss_Depth: 0.1587
Epoch [33] Batch [150/515] Loss_RGB: 1.1665 Loss_Depth: 0.1618
Epoch [33] Batch [200/515] Loss_RGB: 1.1901 Loss_Depth: 0.1651
Epoch [33] Batch [250/515] Loss_RGB: 1.1909 Loss_Depth: 0.1618
Epoch [33] Batch [300/515] Loss_RGB: 1.1908 Loss_Depth: 0.1629
Epoch [33] Batch [350/515] Loss_RGB: 1.1706 Loss_Depth: 0.1598
Epoch [33] Batch [400/515] Loss_RGB: 1.1800 Loss_Depth: 0.1667
Epoch [33] Batch [450/515] Loss_RGB: 1.1917 Loss_Depth: 0.1619
Epoch [33] Batch [500/515] Loss_RGB: 1.1754 Loss_Depth: 0.1649
Epoch 33 - Avg Loss RGB: 1.1948, Avg Loss Depth: 0.1658

==================================================
Epoch 34/100
==================================================
Epoch [34] Batch [0/515] Loss_RGB: 1.2101 Loss_Depth: 0.1742
Epoch [34] Batch [50/515] Loss_RGB: 1.1762 Loss_Depth: 0.1610
Epoch [34] Batch [100/515] Loss_RGB: 1.1936 Loss_Depth: 0.1663
Epoch [34] Batch [150/515] Loss_RGB: 1.1897 Loss_Depth: 0.1658
Epoch [34] Batch [200/515] Loss_RGB: 1.2012 Loss_Depth: 0.1640
Epoch [34] Batch [250/515] Loss_RGB: 1.1849 Loss_Depth: 0.1619
Epoch [34] Batch [300/515] Loss_RGB: 1.1574 Loss_Depth: 0.1647
Epoch [34] Batch [350/515] Loss_RGB: 1.1784 Loss_Depth: 0.1636
Epoch [34] Batch [400/515] Loss_RGB: 1.1883 Loss_Depth: 0.1623
Epoch [34] Batch [450/515] Loss_RGB: 1.1868 Loss_Depth: 0.1626
Epoch [34] Batch [500/515] Loss_RGB: 1.1871 Loss_Depth: 0.1623
Epoch 34 - Avg Loss RGB: 1.1918, Avg Loss Depth: 0.1646

==================================================
Epoch 35/100
==================================================
Epoch [35] Batch [0/515] Loss_RGB: 1.1757 Loss_Depth: 0.1610
Epoch [35] Batch [50/515] Loss_RGB: 1.2023 Loss_Depth: 0.1627
Epoch [35] Batch [100/515] Loss_RGB: 1.2195 Loss_Depth: 0.1686
Epoch [35] Batch [150/515] Loss_RGB: 1.2177 Loss_Depth: 0.1661
Epoch [35] Batch [200/515] Loss_RGB: 1.1467 Loss_Depth: 0.1616
Epoch [35] Batch [250/515] Loss_RGB: 1.2037 Loss_Depth: 0.1682
Epoch [35] Batch [300/515] Loss_RGB: 1.1657 Loss_Depth: 0.1600
Epoch [35] Batch [350/515] Loss_RGB: 1.1875 Loss_Depth: 0.1608
Epoch [35] Batch [400/515] Loss_RGB: 1.1853 Loss_Depth: 0.1602
Epoch [35] Batch [450/515] Loss_RGB: 1.1920 Loss_Depth: 0.1644
Epoch [35] Batch [500/515] Loss_RGB: 1.1779 Loss_Depth: 0.1624
Epoch 35 - Avg Loss RGB: 1.1894, Avg Loss Depth: 0.1642
Warning: Only one class in test set, cannot compute AUROC
Epoch 35 - Val AUROC: 0.0000
No improvement for 7 evaluation(s)

==================================================
Epoch 36/100
==================================================
Epoch [36] Batch [0/515] Loss_RGB: 1.2346 Loss_Depth: 0.1672
Epoch [36] Batch [50/515] Loss_RGB: 1.1777 Loss_Depth: 0.1609
Epoch [36] Batch [100/515] Loss_RGB: 1.1726 Loss_Depth: 0.1626
Epoch [36] Batch [150/515] Loss_RGB: 1.1988 Loss_Depth: 0.1613
Epoch [36] Batch [200/515] Loss_RGB: 1.1661 Loss_Depth: 0.1597
Epoch [36] Batch [250/515] Loss_RGB: 1.1888 Loss_Depth: 0.1668
Epoch [36] Batch [300/515] Loss_RGB: 1.2009 Loss_Depth: 0.1676
Epoch [36] Batch [350/515] Loss_RGB: 1.1808 Loss_Depth: 0.1627
Epoch [36] Batch [400/515] Loss_RGB: 1.1630 Loss_Depth: 0.1567
Epoch [36] Batch [450/515] Loss_RGB: 1.1673 Loss_Depth: 0.1646
Epoch [36] Batch [500/515] Loss_RGB: 1.1952 Loss_Depth: 0.1652
Epoch 36 - Avg Loss RGB: 1.1869, Avg Loss Depth: 0.1640

==================================================
Epoch 37/100
==================================================
Epoch [37] Batch [0/515] Loss_RGB: 1.2020 Loss_Depth: 0.1661
Epoch [37] Batch [50/515] Loss_RGB: 1.2257 Loss_Depth: 0.1646
Epoch [37] Batch [100/515] Loss_RGB: 1.2068 Loss_Depth: 0.1627
Epoch [37] Batch [150/515] Loss_RGB: 1.1721 Loss_Depth: 0.1684
Epoch [37] Batch [200/515] Loss_RGB: 1.1677 Loss_Depth: 0.1633
Epoch [37] Batch [250/515] Loss_RGB: 1.1932 Loss_Depth: 0.1633
Epoch [37] Batch [300/515] Loss_RGB: 1.1706 Loss_Depth: 0.1611
Epoch [37] Batch [350/515] Loss_RGB: 1.1634 Loss_Depth: 0.1599
Epoch [37] Batch [400/515] Loss_RGB: 1.1626 Loss_Depth: 0.1616
Epoch [37] Batch [450/515] Loss_RGB: 1.2093 Loss_Depth: 0.1628
Epoch [37] Batch [500/515] Loss_RGB: 1.1757 Loss_Depth: 0.1600
Epoch 37 - Avg Loss RGB: 1.1846, Avg Loss Depth: 0.1638

==================================================
Epoch 38/100
==================================================
Epoch [38] Batch [0/515] Loss_RGB: 1.1612 Loss_Depth: 0.1597
Epoch [38] Batch [50/515] Loss_RGB: 1.1671 Loss_Depth: 0.1572
Epoch [38] Batch [100/515] Loss_RGB: 1.1860 Loss_Depth: 0.1629
Epoch [38] Batch [150/515] Loss_RGB: 1.1830 Loss_Depth: 0.1618
Epoch [38] Batch [200/515] Loss_RGB: 1.1647 Loss_Depth: 0.1623
Epoch [38] Batch [250/515] Loss_RGB: 1.1962 Loss_Depth: 0.1641
Epoch [38] Batch [300/515] Loss_RGB: 1.1756 Loss_Depth: 0.1658
Epoch [38] Batch [350/515] Loss_RGB: 1.1856 Loss_Depth: 0.1639
Epoch [38] Batch [400/515] Loss_RGB: 1.1999 Loss_Depth: 0.1699
Epoch [38] Batch [450/515] Loss_RGB: 1.2008 Loss_Depth: 0.1638
Epoch [38] Batch [500/515] Loss_RGB: 1.1939 Loss_Depth: 0.1685
Epoch 38 - Avg Loss RGB: 1.1823, Avg Loss Depth: 0.1635

==================================================
Epoch 39/100
==================================================
Epoch [39] Batch [0/515] Loss_RGB: 1.1495 Loss_Depth: 0.1580
Epoch [39] Batch [50/515] Loss_RGB: 1.1621 Loss_Depth: 0.1610
Epoch [39] Batch [100/515] Loss_RGB: 1.1779 Loss_Depth: 0.1626
Epoch [39] Batch [150/515] Loss_RGB: 1.1704 Loss_Depth: 0.1590
Epoch [39] Batch [200/515] Loss_RGB: 1.1830 Loss_Depth: 0.1608
Epoch [39] Batch [250/515] Loss_RGB: 1.1838 Loss_Depth: 0.1638
Epoch [39] Batch [300/515] Loss_RGB: 1.1792 Loss_Depth: 0.1624
Epoch [39] Batch [350/515] Loss_RGB: 1.1804 Loss_Depth: 0.1630
Epoch [39] Batch [400/515] Loss_RGB: 1.1564 Loss_Depth: 0.1582
Epoch [39] Batch [450/515] Loss_RGB: 1.1847 Loss_Depth: 0.1628
Epoch [39] Batch [500/515] Loss_RGB: 1.1593 Loss_Depth: 0.1721
Epoch 39 - Avg Loss RGB: 1.1806, Avg Loss Depth: 0.1634

==================================================
Epoch 40/100
==================================================
Epoch [40] Batch [0/515] Loss_RGB: 1.2100 Loss_Depth: 0.1920
Epoch [40] Batch [50/515] Loss_RGB: 1.1777 Loss_Depth: 0.1604
Epoch [40] Batch [100/515] Loss_RGB: 1.2053 Loss_Depth: 0.1656
Epoch [40] Batch [150/515] Loss_RGB: 1.1682 Loss_Depth: 0.1628
Epoch [40] Batch [200/515] Loss_RGB: 1.1522 Loss_Depth: 0.1602
Epoch [40] Batch [250/515] Loss_RGB: 1.1892 Loss_Depth: 0.1605
Epoch [40] Batch [300/515] Loss_RGB: 1.2120 Loss_Depth: 0.1665
Epoch [40] Batch [350/515] Loss_RGB: 1.1649 Loss_Depth: 0.1632
Epoch [40] Batch [400/515] Loss_RGB: 1.1584 Loss_Depth: 0.1620
Epoch [40] Batch [450/515] Loss_RGB: 1.1891 Loss_Depth: 0.1654
Epoch [40] Batch [500/515] Loss_RGB: 1.1978 Loss_Depth: 0.1632
Epoch 40 - Avg Loss RGB: 1.1787, Avg Loss Depth: 0.1631
Warning: Only one class in test set, cannot compute AUROC
Epoch 40 - Val AUROC: 0.0000
No improvement for 8 evaluation(s)
Checkpoint saved to ./outputs/rail/20260429_101336_cam1_bs32_lr0.0002_img384_ratio0.1/checkpoint_epoch_40.pth

==================================================
Epoch 41/100
==================================================
Epoch [41] Batch [0/515] Loss_RGB: 1.1671 Loss_Depth: 0.1599
Epoch [41] Batch [50/515] Loss_RGB: 1.1593 Loss_Depth: 0.1642
Epoch [41] Batch [100/515] Loss_RGB: 1.1673 Loss_Depth: 0.1596
Epoch [41] Batch [150/515] Loss_RGB: 1.1889 Loss_Depth: 0.1655
Epoch [41] Batch [200/515] Loss_RGB: 1.1659 Loss_Depth: 0.1641
Epoch [41] Batch [250/515] Loss_RGB: 1.1749 Loss_Depth: 0.1567
Epoch [41] Batch [300/515] Loss_RGB: 1.2084 Loss_Depth: 0.1635
Epoch [41] Batch [350/515] Loss_RGB: 1.1511 Loss_Depth: 0.1565
Epoch [41] Batch [400/515] Loss_RGB: 1.1974 Loss_Depth: 0.1640
Epoch [41] Batch [450/515] Loss_RGB: 1.1621 Loss_Depth: 0.1582
Epoch [41] Batch [500/515] Loss_RGB: 1.1632 Loss_Depth: 0.1562
Epoch 41 - Avg Loss RGB: 1.1769, Avg Loss Depth: 0.1630

==================================================
Epoch 42/100
==================================================
Epoch [42] Batch [0/515] Loss_RGB: 1.1556 Loss_Depth: 0.1572
Epoch [42] Batch [50/515] Loss_RGB: 1.2285 Loss_Depth: 0.1678
Epoch [42] Batch [100/515] Loss_RGB: 1.1607 Loss_Depth: 0.1652
Epoch [42] Batch [150/515] Loss_RGB: 1.1627 Loss_Depth: 0.1611
Epoch [42] Batch [200/515] Loss_RGB: 1.1512 Loss_Depth: 0.1578
Epoch [42] Batch [250/515] Loss_RGB: 1.1726 Loss_Depth: 0.1649
Epoch [42] Batch [300/515] Loss_RGB: 1.1615 Loss_Depth: 0.1570
Epoch [42] Batch [350/515] Loss_RGB: 1.1712 Loss_Depth: 0.1619
Epoch [42] Batch [400/515] Loss_RGB: 1.1906 Loss_Depth: 0.1615
Epoch [42] Batch [450/515] Loss_RGB: 1.1467 Loss_Depth: 0.1618
Epoch [42] Batch [500/515] Loss_RGB: 1.1916 Loss_Depth: 0.1673
Epoch 42 - Avg Loss RGB: 1.1755, Avg Loss Depth: 0.1627

==================================================
Epoch 43/100
==================================================
Epoch [43] Batch [0/515] Loss_RGB: 1.1659 Loss_Depth: 0.1584
Epoch [43] Batch [50/515] Loss_RGB: 1.1807 Loss_Depth: 0.1629
Epoch [43] Batch [100/515] Loss_RGB: 1.1549 Loss_Depth: 0.1593
Epoch [43] Batch [150/515] Loss_RGB: 1.1479 Loss_Depth: 0.1597
Epoch [43] Batch [200/515] Loss_RGB: 1.1827 Loss_Depth: 0.1593
Epoch [43] Batch [250/515] Loss_RGB: 1.1383 Loss_Depth: 0.1607
Epoch [43] Batch [300/515] Loss_RGB: 1.1988 Loss_Depth: 0.1608
Epoch [43] Batch [350/515] Loss_RGB: 1.1393 Loss_Depth: 0.1556
Epoch [43] Batch [400/515] Loss_RGB: 1.1851 Loss_Depth: 0.1635
Epoch [43] Batch [450/515] Loss_RGB: 1.1831 Loss_Depth: 0.1626
Epoch [43] Batch [500/515] Loss_RGB: 1.1838 Loss_Depth: 0.1758
Epoch 43 - Avg Loss RGB: 1.1737, Avg Loss Depth: 0.1623

==================================================
Epoch 44/100
==================================================
Epoch [44] Batch [0/515] Loss_RGB: 1.2107 Loss_Depth: 0.1661
Epoch [44] Batch [50/515] Loss_RGB: 1.1481 Loss_Depth: 0.1592
Epoch [44] Batch [100/515] Loss_RGB: 1.1628 Loss_Depth: 0.1590
Epoch [44] Batch [150/515] Loss_RGB: 1.1826 Loss_Depth: 0.1692
Epoch [44] Batch [200/515] Loss_RGB: 1.1833 Loss_Depth: 0.1597
Epoch [44] Batch [250/515] Loss_RGB: 1.1543 Loss_Depth: 0.1655
Epoch [44] Batch [300/515] Loss_RGB: 1.1806 Loss_Depth: 0.1641
Epoch [44] Batch [350/515] Loss_RGB: 1.1755 Loss_Depth: 0.1638
Epoch [44] Batch [400/515] Loss_RGB: 1.1588 Loss_Depth: 0.1567
Epoch [44] Batch [450/515] Loss_RGB: 1.2108 Loss_Depth: 0.1710
Epoch [44] Batch [500/515] Loss_RGB: 1.2056 Loss_Depth: 0.1678
Epoch 44 - Avg Loss RGB: 1.1718, Avg Loss Depth: 0.1621

==================================================
Epoch 45/100
==================================================
Epoch [45] Batch [0/515] Loss_RGB: 1.1648 Loss_Depth: 0.1621
Epoch [45] Batch [50/515] Loss_RGB: 1.1824 Loss_Depth: 0.1587
Epoch [45] Batch [100/515] Loss_RGB: 1.2030 Loss_Depth: 0.1634
Epoch [45] Batch [150/515] Loss_RGB: 1.1348 Loss_Depth: 0.1549
Epoch [45] Batch [200/515] Loss_RGB: 1.1875 Loss_Depth: 0.1610
Epoch [45] Batch [250/515] Loss_RGB: 1.1797 Loss_Depth: 0.1593
Epoch [45] Batch [300/515] Loss_RGB: 1.1506 Loss_Depth: 0.1551
Epoch [45] Batch [350/515] Loss_RGB: 1.1686 Loss_Depth: 0.1637
Epoch [45] Batch [400/515] Loss_RGB: 1.1603 Loss_Depth: 0.1564
Epoch [45] Batch [450/515] Loss_RGB: 1.1521 Loss_Depth: 0.1581
Epoch [45] Batch [500/515] Loss_RGB: 1.1363 Loss_Depth: 0.1578
Epoch 45 - Avg Loss RGB: 1.1713, Avg Loss Depth: 0.1617
Warning: Only one class in test set, cannot compute AUROC
Epoch 45 - Val AUROC: 0.0000
No improvement for 9 evaluation(s)

==================================================
Epoch 46/100
==================================================
Epoch [46] Batch [0/515] Loss_RGB: 1.3619 Loss_Depth: 0.1606
Epoch [46] Batch [50/515] Loss_RGB: 1.2059 Loss_Depth: 0.1599
Epoch [46] Batch [100/515] Loss_RGB: 1.1995 Loss_Depth: 0.1593
Epoch [46] Batch [150/515] Loss_RGB: 1.1974 Loss_Depth: 0.2039
Epoch [46] Batch [200/515] Loss_RGB: 1.2225 Loss_Depth: 0.1748
Epoch [46] Batch [250/515] Loss_RGB: 1.1758 Loss_Depth: 0.1690
Epoch [46] Batch [300/515] Loss_RGB: 1.1573 Loss_Depth: 0.1568
Epoch [46] Batch [350/515] Loss_RGB: 1.1767 Loss_Depth: 0.1645
Epoch [46] Batch [400/515] Loss_RGB: 1.1678 Loss_Depth: 0.1586
Epoch [46] Batch [450/515] Loss_RGB: 1.1595 Loss_Depth: 0.1589
Epoch [46] Batch [500/515] Loss_RGB: 1.2074 Loss_Depth: 0.1609
Epoch 46 - Avg Loss RGB: 1.1790, Avg Loss Depth: 0.1611

==================================================
Epoch 47/100
==================================================
Epoch [47] Batch [0/515] Loss_RGB: 1.1377 Loss_Depth: 0.1567
Epoch [47] Batch [50/515] Loss_RGB: 1.1546 Loss_Depth: 0.1566
Epoch [47] Batch [100/515] Loss_RGB: 1.1631 Loss_Depth: 0.1597
Epoch [47] Batch [150/515] Loss_RGB: 1.1715 Loss_Depth: 0.1621
Epoch [47] Batch [200/515] Loss_RGB: 1.1715 Loss_Depth: 0.1599
Epoch [47] Batch [250/515] Loss_RGB: 1.1792 Loss_Depth: 0.1606
Epoch [47] Batch [300/515] Loss_RGB: 1.1938 Loss_Depth: 0.1613
Epoch [47] Batch [350/515] Loss_RGB: 1.1552 Loss_Depth: 0.1573
Epoch [47] Batch [400/515] Loss_RGB: 1.2077 Loss_Depth: 0.1613
Epoch [47] Batch [450/515] Loss_RGB: 1.1926 Loss_Depth: 0.1640
Epoch [47] Batch [500/515] Loss_RGB: 1.1817 Loss_Depth: 0.1644
Epoch 47 - Avg Loss RGB: 1.1691, Avg Loss Depth: 0.1610

==================================================
Epoch 48/100
==================================================
Epoch [48] Batch [0/515] Loss_RGB: 1.2096 Loss_Depth: 0.1641
Epoch [48] Batch [50/515] Loss_RGB: 1.1416 Loss_Depth: 0.1550
Epoch [48] Batch [100/515] Loss_RGB: 1.1755 Loss_Depth: 0.1558
Epoch [48] Batch [150/515] Loss_RGB: 1.1329 Loss_Depth: 0.1560
Epoch [48] Batch [200/515] Loss_RGB: 1.1298 Loss_Depth: 0.1528
Epoch [48] Batch [250/515] Loss_RGB: 1.1755 Loss_Depth: 0.1650
Epoch [48] Batch [300/515] Loss_RGB: 1.1400 Loss_Depth: 0.1577
Epoch [48] Batch [350/515] Loss_RGB: 1.1589 Loss_Depth: 0.1608
Epoch [48] Batch [400/515] Loss_RGB: 1.1447 Loss_Depth: 0.1599
Epoch [48] Batch [450/515] Loss_RGB: 1.1771 Loss_Depth: 0.1595
Epoch [48] Batch [500/515] Loss_RGB: 1.1933 Loss_Depth: 0.1609
Epoch 48 - Avg Loss RGB: 1.1676, Avg Loss Depth: 0.1608

==================================================
Epoch 49/100
==================================================
Epoch [49] Batch [0/515] Loss_RGB: 1.1397 Loss_Depth: 0.1661
Epoch [49] Batch [50/515] Loss_RGB: 1.1675 Loss_Depth: 0.1597
Epoch [49] Batch [100/515] Loss_RGB: 1.1642 Loss_Depth: 0.1594
Epoch [49] Batch [150/515] Loss_RGB: 1.1594 Loss_Depth: 0.1584
Epoch [49] Batch [200/515] Loss_RGB: 1.1549 Loss_Depth: 0.1544
Epoch [49] Batch [250/515] Loss_RGB: 1.1790 Loss_Depth: 0.1630
Epoch [49] Batch [300/515] Loss_RGB: 1.1675 Loss_Depth: 0.1593
Epoch [49] Batch [350/515] Loss_RGB: 1.1663 Loss_Depth: 0.1564
Epoch [49] Batch [400/515] Loss_RGB: 1.2003 Loss_Depth: 0.1603
Epoch [49] Batch [450/515] Loss_RGB: 1.1745 Loss_Depth: 0.1601
Epoch [49] Batch [500/515] Loss_RGB: 1.1936 Loss_Depth: 0.1610
Epoch 49 - Avg Loss RGB: 1.1664, Avg Loss Depth: 0.1606

==================================================
Epoch 50/100
==================================================
Epoch [50] Batch [0/515] Loss_RGB: 1.1547 Loss_Depth: 0.1662
Epoch [50] Batch [50/515] Loss_RGB: 1.1673 Loss_Depth: 0.1592
Epoch [50] Batch [100/515] Loss_RGB: 1.1632 Loss_Depth: 0.1563
Epoch [50] Batch [150/515] Loss_RGB: 1.2278 Loss_Depth: 0.1686
Epoch [50] Batch [200/515] Loss_RGB: 1.1399 Loss_Depth: 0.1575
Epoch [50] Batch [250/515] Loss_RGB: 1.1452 Loss_Depth: 0.1562
Epoch [50] Batch [300/515] Loss_RGB: 1.1545 Loss_Depth: 0.1584
Epoch [50] Batch [350/515] Loss_RGB: 1.1511 Loss_Depth: 0.1565
Epoch [50] Batch [400/515] Loss_RGB: 1.1463 Loss_Depth: 0.1558
Epoch [50] Batch [450/515] Loss_RGB: 1.1594 Loss_Depth: 0.1644
Epoch [50] Batch [500/515] Loss_RGB: 1.1364 Loss_Depth: 0.1566
Epoch 50 - Avg Loss RGB: 1.1662, Avg Loss Depth: 0.1603
Warning: Only one class in test set, cannot compute AUROC
Epoch 50 - Val AUROC: 0.0000
No improvement for 10 evaluation(s)
Checkpoint saved to ./outputs/rail/20260429_101336_cam1_bs32_lr0.0002_img384_ratio0.1/checkpoint_epoch_50.pth

==================================================
Epoch 51/100
==================================================
Epoch [51] Batch [0/515] Loss_RGB: 1.1548 Loss_Depth: 0.1605
Epoch [51] Batch [50/515] Loss_RGB: 1.1597 Loss_Depth: 0.1591
Epoch [51] Batch [100/515] Loss_RGB: 1.1498 Loss_Depth: 0.1568
Epoch [51] Batch [150/515] Loss_RGB: 1.1551 Loss_Depth: 0.1600
Epoch [51] Batch [200/515] Loss_RGB: 1.1967 Loss_Depth: 0.1629
Epoch [51] Batch [250/515] Loss_RGB: 1.1519 Loss_Depth: 0.1612
Epoch [51] Batch [300/515] Loss_RGB: 1.1529 Loss_Depth: 0.1609
Epoch [51] Batch [350/515] Loss_RGB: 1.1826 Loss_Depth: 0.1629
Epoch [51] Batch [400/515] Loss_RGB: 1.1743 Loss_Depth: 0.1587
Epoch [51] Batch [450/515] Loss_RGB: 1.1482 Loss_Depth: 0.1564
Epoch [51] Batch [500/515] Loss_RGB: 1.1568 Loss_Depth: 0.1598
Epoch 51 - Avg Loss RGB: 1.1643, Avg Loss Depth: 0.1602

==================================================
Epoch 52/100
==================================================
Epoch [52] Batch [0/515] Loss_RGB: 1.1745 Loss_Depth: 0.1612
Epoch [52] Batch [50/515] Loss_RGB: 1.1918 Loss_Depth: 0.1617
Epoch [52] Batch [100/515] Loss_RGB: 1.1611 Loss_Depth: 0.1598
Epoch [52] Batch [150/515] Loss_RGB: 1.1640 Loss_Depth: 0.1587
Epoch [52] Batch [200/515] Loss_RGB: 1.1642 Loss_Depth: 0.1577
Epoch [52] Batch [250/515] Loss_RGB: 1.1425 Loss_Depth: 0.1555
Epoch [52] Batch [300/515] Loss_RGB: 1.1644 Loss_Depth: 0.1596
Epoch [52] Batch [350/515] Loss_RGB: 1.1830 Loss_Depth: 0.1600
Epoch [52] Batch [400/515] Loss_RGB: 1.1674 Loss_Depth: 0.1601
Epoch [52] Batch [450/515] Loss_RGB: 1.1674 Loss_Depth: 0.1615
Epoch [52] Batch [500/515] Loss_RGB: 1.1740 Loss_Depth: 0.1601
Epoch 52 - Avg Loss RGB: 1.1642, Avg Loss Depth: 0.1601

==================================================
Epoch 53/100
==================================================
Epoch [53] Batch [0/515] Loss_RGB: 1.1656 Loss_Depth: 0.1614
Epoch [53] Batch [50/515] Loss_RGB: 1.1529 Loss_Depth: 0.1596
Epoch [53] Batch [100/515] Loss_RGB: 1.1744 Loss_Depth: 0.1605
Epoch [53] Batch [150/515] Loss_RGB: 1.1805 Loss_Depth: 0.1625
Epoch [53] Batch [200/515] Loss_RGB: 1.1903 Loss_Depth: 0.1672
Epoch [53] Batch [250/515] Loss_RGB: 1.1642 Loss_Depth: 0.1583
Epoch [53] Batch [300/515] Loss_RGB: 1.1780 Loss_Depth: 0.1586
Epoch [53] Batch [350/515] Loss_RGB: 1.1763 Loss_Depth: 0.1650
Epoch [53] Batch [400/515] Loss_RGB: 1.1903 Loss_Depth: 0.1604
Epoch [53] Batch [450/515] Loss_RGB: 1.1593 Loss_Depth: 0.1617
Epoch [53] Batch [500/515] Loss_RGB: 1.1635 Loss_Depth: 0.1597
Epoch 53 - Avg Loss RGB: 1.1624, Avg Loss Depth: 0.1600

==================================================
Epoch 54/100
==================================================
Epoch [54] Batch [0/515] Loss_RGB: 1.1780 Loss_Depth: 0.1672
Epoch [54] Batch [50/515] Loss_RGB: 1.1521 Loss_Depth: 0.1571
Epoch [54] Batch [100/515] Loss_RGB: 1.1351 Loss_Depth: 0.1542
Epoch [54] Batch [150/515] Loss_RGB: 1.1829 Loss_Depth: 0.1721
Epoch [54] Batch [200/515] Loss_RGB: 1.1557 Loss_Depth: 0.1573
Epoch [54] Batch [250/515] Loss_RGB: 1.1666 Loss_Depth: 0.1563
Epoch [54] Batch [300/515] Loss_RGB: 1.1503 Loss_Depth: 0.1574
Epoch [54] Batch [350/515] Loss_RGB: 1.1632 Loss_Depth: 0.1552
Epoch [54] Batch [400/515] Loss_RGB: 1.1479 Loss_Depth: 0.1618
Epoch [54] Batch [450/515] Loss_RGB: 1.1371 Loss_Depth: 0.1535
Epoch [54] Batch [500/515] Loss_RGB: 1.1858 Loss_Depth: 0.1632
Epoch 54 - Avg Loss RGB: 1.1617, Avg Loss Depth: 0.1599

==================================================
Epoch 55/100
==================================================
Epoch [55] Batch [0/515] Loss_RGB: 1.2012 Loss_Depth: 0.1650
Epoch [55] Batch [50/515] Loss_RGB: 1.1654 Loss_Depth: 0.1652
Epoch [55] Batch [100/515] Loss_RGB: 1.1767 Loss_Depth: 0.1645
Epoch [55] Batch [150/515] Loss_RGB: 1.1589 Loss_Depth: 0.1593
Epoch [55] Batch [200/515] Loss_RGB: 1.1597 Loss_Depth: 0.1573
Epoch [55] Batch [250/515] Loss_RGB: 1.1561 Loss_Depth: 0.1557
Epoch [55] Batch [300/515] Loss_RGB: 1.1323 Loss_Depth: 0.1541
Epoch [55] Batch [350/515] Loss_RGB: 1.1611 Loss_Depth: 0.1588
Epoch [55] Batch [400/515] Loss_RGB: 1.1613 Loss_Depth: 0.1587
Epoch [55] Batch [450/515] Loss_RGB: 1.1411 Loss_Depth: 0.1565
Epoch [55] Batch [500/515] Loss_RGB: 1.1425 Loss_Depth: 0.1554
Epoch 55 - Avg Loss RGB: 1.1608, Avg Loss Depth: 0.1598
Warning: Only one class in test set, cannot compute AUROC
Epoch 55 - Val AUROC: 0.0000
No improvement for 11 evaluation(s)

==================================================
Epoch 56/100
==================================================
Epoch [56] Batch [0/515] Loss_RGB: 1.1213 Loss_Depth: 0.1545
Epoch [56] Batch [50/515] Loss_RGB: 1.1428 Loss_Depth: 0.1594
Epoch [56] Batch [100/515] Loss_RGB: 1.1722 Loss_Depth: 0.1805
Epoch [56] Batch [150/515] Loss_RGB: 1.1731 Loss_Depth: 0.1673
Epoch [56] Batch [200/515] Loss_RGB: 1.1336 Loss_Depth: 0.1552
Epoch [56] Batch [250/515] Loss_RGB: 1.1318 Loss_Depth: 0.1603
Epoch [56] Batch [300/515] Loss_RGB: 1.1620 Loss_Depth: 0.1585
Epoch [56] Batch [350/515] Loss_RGB: 1.1581 Loss_Depth: 0.1625
Epoch [56] Batch [400/515] Loss_RGB: 1.1769 Loss_Depth: 0.1650
Epoch [56] Batch [450/515] Loss_RGB: 1.2147 Loss_Depth: 0.1627
Epoch [56] Batch [500/515] Loss_RGB: 1.1292 Loss_Depth: 0.1574
Epoch 56 - Avg Loss RGB: 1.1601, Avg Loss Depth: 0.1597

==================================================
Epoch 57/100
==================================================
Epoch [57] Batch [0/515] Loss_RGB: 1.1621 Loss_Depth: 0.1602
Epoch [57] Batch [50/515] Loss_RGB: 1.1483 Loss_Depth: 0.1577
Epoch [57] Batch [100/515] Loss_RGB: 1.1678 Loss_Depth: 0.1604
Epoch [57] Batch [150/515] Loss_RGB: 1.1171 Loss_Depth: 0.1529
Epoch [57] Batch [200/515] Loss_RGB: 1.1765 Loss_Depth: 0.1627
Epoch [57] Batch [250/515] Loss_RGB: 1.1473 Loss_Depth: 0.1602
Epoch [57] Batch [300/515] Loss_RGB: 1.1825 Loss_Depth: 0.1642
Epoch [57] Batch [350/515] Loss_RGB: 1.1464 Loss_Depth: 0.1866
Epoch [57] Batch [400/515] Loss_RGB: 1.1573 Loss_Depth: 0.1608
Epoch [57] Batch [450/515] Loss_RGB: 1.1619 Loss_Depth: 0.1605
Epoch [57] Batch [500/515] Loss_RGB: 1.1339 Loss_Depth: 0.1543
Epoch 57 - Avg Loss RGB: 1.1590, Avg Loss Depth: 0.1596

==================================================
Epoch 58/100
==================================================
Epoch [58] Batch [0/515] Loss_RGB: 1.1466 Loss_Depth: 0.1565
Epoch [58] Batch [50/515] Loss_RGB: 1.1436 Loss_Depth: 0.1553
Epoch [58] Batch [100/515] Loss_RGB: 1.1698 Loss_Depth: 0.1555
Epoch [58] Batch [150/515] Loss_RGB: 1.1826 Loss_Depth: 0.1593
Epoch [58] Batch [200/515] Loss_RGB: 1.1854 Loss_Depth: 0.1627
Epoch [58] Batch [250/515] Loss_RGB: 1.1575 Loss_Depth: 0.1592
Epoch [58] Batch [300/515] Loss_RGB: 1.1424 Loss_Depth: 0.1564
Epoch [58] Batch [350/515] Loss_RGB: 1.1524 Loss_Depth: 0.1557
Epoch [58] Batch [400/515] Loss_RGB: 1.1613 Loss_Depth: 0.1703
Epoch [58] Batch [450/515] Loss_RGB: 1.1546 Loss_Depth: 0.1556
Epoch [58] Batch [500/515] Loss_RGB: 1.1743 Loss_Depth: 0.1577
Epoch 58 - Avg Loss RGB: 1.1586, Avg Loss Depth: 0.1592

==================================================
Epoch 59/100
==================================================
Epoch [59] Batch [0/515] Loss_RGB: 1.1417 Loss_Depth: 0.1566
Epoch [59] Batch [50/515] Loss_RGB: 1.1563 Loss_Depth: 0.1574
Epoch [59] Batch [100/515] Loss_RGB: 1.1882 Loss_Depth: 0.1584
Epoch [59] Batch [150/515] Loss_RGB: 1.1342 Loss_Depth: 0.1521
Epoch [59] Batch [200/515] Loss_RGB: 1.1735 Loss_Depth: 0.1651
Epoch [59] Batch [250/515] Loss_RGB: 1.1682 Loss_Depth: 0.1571
Epoch [59] Batch [300/515] Loss_RGB: 1.1282 Loss_Depth: 0.1598
Epoch [59] Batch [350/515] Loss_RGB: 1.1672 Loss_Depth: 0.1581
Epoch [59] Batch [400/515] Loss_RGB: 1.1715 Loss_Depth: 0.1577
Epoch [59] Batch [450/515] Loss_RGB: 1.1607 Loss_Depth: 0.1906
Epoch [59] Batch [500/515] Loss_RGB: 1.1302 Loss_Depth: 0.1527
Epoch 59 - Avg Loss RGB: 1.1576, Avg Loss Depth: 0.1588

==================================================
Epoch 60/100
==================================================
Epoch [60] Batch [0/515] Loss_RGB: 1.1627 Loss_Depth: 0.1620
Epoch [60] Batch [50/515] Loss_RGB: 1.1436 Loss_Depth: 0.1585
Epoch [60] Batch [100/515] Loss_RGB: 1.1530 Loss_Depth: 0.1599
Epoch [60] Batch [150/515] Loss_RGB: 1.1397 Loss_Depth: 0.1561
Epoch [60] Batch [200/515] Loss_RGB: 1.1568 Loss_Depth: 0.1564
Epoch [60] Batch [250/515] Loss_RGB: 1.1647 Loss_Depth: 0.1608
Epoch [60] Batch [300/515] Loss_RGB: 1.1637 Loss_Depth: 0.1570
Epoch [60] Batch [350/515] Loss_RGB: 1.1445 Loss_Depth: 0.1561
Epoch [60] Batch [400/515] Loss_RGB: 1.1451 Loss_Depth: 0.1543
Epoch [60] Batch [450/515] Loss_RGB: 1.1674 Loss_Depth: 0.1581
Epoch [60] Batch [500/515] Loss_RGB: 1.1633 Loss_Depth: 0.1583
Epoch 60 - Avg Loss RGB: 1.1581, Avg Loss Depth: 0.1586
Warning: Only one class in test set, cannot compute AUROC
Epoch 60 - Val AUROC: 0.0000
No improvement for 12 evaluation(s)
Checkpoint saved to ./outputs/rail/20260429_101336_cam1_bs32_lr0.0002_img384_ratio0.1/checkpoint_epoch_60.pth

==================================================
Epoch 61/100
==================================================
Epoch [61] Batch [0/515] Loss_RGB: 1.2309 Loss_Depth: 0.1548
Epoch [61] Batch [50/515] Loss_RGB: 1.1882 Loss_Depth: 0.1632
Epoch [61] Batch [100/515] Loss_RGB: 1.1471 Loss_Depth: 0.1561
Epoch [61] Batch [150/515] Loss_RGB: 1.1466 Loss_Depth: 0.1514
Epoch [61] Batch [200/515] Loss_RGB: 1.1479 Loss_Depth: 0.1537
Epoch [61] Batch [250/515] Loss_RGB: 1.1757 Loss_Depth: 0.1602
Epoch [61] Batch [300/515] Loss_RGB: 1.1839 Loss_Depth: 0.1609
Epoch [61] Batch [350/515] Loss_RGB: 1.1453 Loss_Depth: 0.1572
Epoch [61] Batch [400/515] Loss_RGB: 1.1483 Loss_Depth: 0.1580
Epoch [61] Batch [450/515] Loss_RGB: 1.1463 Loss_Depth: 0.1557
Epoch [61] Batch [500/515] Loss_RGB: 1.1780 Loss_Depth: 0.1587
Epoch 61 - Avg Loss RGB: 1.1634, Avg Loss Depth: 0.1585

==================================================
Epoch 62/100
==================================================
Epoch [62] Batch [0/515] Loss_RGB: 1.1600 Loss_Depth: 0.1876
Epoch [62] Batch [50/515] Loss_RGB: 1.1438 Loss_Depth: 0.1580
Epoch [62] Batch [100/515] Loss_RGB: 1.1399 Loss_Depth: 0.1574
Epoch [62] Batch [150/515] Loss_RGB: 1.1497 Loss_Depth: 0.1546
Epoch [62] Batch [200/515] Loss_RGB: 1.1598 Loss_Depth: 0.1616
Epoch [62] Batch [250/515] Loss_RGB: 1.1760 Loss_Depth: 0.1547
Epoch [62] Batch [300/515] Loss_RGB: 1.1536 Loss_Depth: 0.1602
Epoch [62] Batch [350/515] Loss_RGB: 1.1393 Loss_Depth: 0.1528
Epoch [62] Batch [400/515] Loss_RGB: 1.1203 Loss_Depth: 0.1534
Epoch [62] Batch [450/515] Loss_RGB: 1.1291 Loss_Depth: 0.1536
Epoch [62] Batch [500/515] Loss_RGB: 1.1823 Loss_Depth: 0.1604
Epoch 62 - Avg Loss RGB: 1.1572, Avg Loss Depth: 0.1585

==================================================
Epoch 63/100
==================================================
Epoch [63] Batch [0/515] Loss_RGB: 1.1407 Loss_Depth: 0.1556
Epoch [63] Batch [50/515] Loss_RGB: 1.1290 Loss_Depth: 0.1535
Epoch [63] Batch [100/515] Loss_RGB: 1.1494 Loss_Depth: 0.1570
Epoch [63] Batch [150/515] Loss_RGB: 1.1578 Loss_Depth: 0.1608
Epoch [63] Batch [200/515] Loss_RGB: 1.1524 Loss_Depth: 0.1559
Epoch [63] Batch [250/515] Loss_RGB: 1.1305 Loss_Depth: 0.1542
Epoch [63] Batch [300/515] Loss_RGB: 1.1729 Loss_Depth: 0.1875
Epoch [63] Batch [350/515] Loss_RGB: 1.1492 Loss_Depth: 0.1600
Epoch [63] Batch [400/515] Loss_RGB: 1.1444 Loss_Depth: 0.1543
Epoch [63] Batch [450/515] Loss_RGB: 1.1762 Loss_Depth: 0.1582
Epoch [63] Batch [500/515] Loss_RGB: 1.1637 Loss_Depth: 0.1589
Epoch 63 - Avg Loss RGB: 1.1560, Avg Loss Depth: 0.1584

==================================================
Epoch 64/100
==================================================
Epoch [64] Batch [0/515] Loss_RGB: 1.1614 Loss_Depth: 0.1576
Epoch [64] Batch [50/515] Loss_RGB: 1.1451 Loss_Depth: 0.1567
Epoch [64] Batch [100/515] Loss_RGB: 1.1227 Loss_Depth: 0.1540
Epoch [64] Batch [150/515] Loss_RGB: 1.1570 Loss_Depth: 0.1556
Epoch [64] Batch [200/515] Loss_RGB: 1.1371 Loss_Depth: 0.1616
Epoch [64] Batch [250/515] Loss_RGB: 1.1791 Loss_Depth: 0.1664
Epoch [64] Batch [300/515] Loss_RGB: 1.1528 Loss_Depth: 0.1595
Epoch [64] Batch [350/515] Loss_RGB: 1.1520 Loss_Depth: 0.1554
Epoch [64] Batch [400/515] Loss_RGB: 1.1497 Loss_Depth: 0.1534
Epoch [64] Batch [450/515] Loss_RGB: 1.1693 Loss_Depth: 0.1580
Epoch [64] Batch [500/515] Loss_RGB: 1.1562 Loss_Depth: 0.1563
Epoch 64 - Avg Loss RGB: 1.1556, Avg Loss Depth: 0.1584

==================================================
Epoch 65/100
==================================================
Epoch [65] Batch [0/515] Loss_RGB: 1.1561 Loss_Depth: 0.1579
Epoch [65] Batch [50/515] Loss_RGB: 1.1490 Loss_Depth: 0.1575
Epoch [65] Batch [100/515] Loss_RGB: 1.1530 Loss_Depth: 0.1594
Epoch [65] Batch [150/515] Loss_RGB: 1.1733 Loss_Depth: 0.1657
Epoch [65] Batch [200/515] Loss_RGB: 1.1319 Loss_Depth: 0.1567
Epoch [65] Batch [250/515] Loss_RGB: 1.1817 Loss_Depth: 0.1591
Epoch [65] Batch [300/515] Loss_RGB: 1.1302 Loss_Depth: 0.1556
Epoch [65] Batch [350/515] Loss_RGB: 1.1380 Loss_Depth: 0.1568
Epoch [65] Batch [400/515] Loss_RGB: 1.1510 Loss_Depth: 0.1550
Epoch [65] Batch [450/515] Loss_RGB: 1.1375 Loss_Depth: 0.1558
Epoch [65] Batch [500/515] Loss_RGB: 1.1196 Loss_Depth: 0.1557
Epoch 65 - Avg Loss RGB: 1.1550, Avg Loss Depth: 0.1583
Warning: Only one class in test set, cannot compute AUROC
Epoch 65 - Val AUROC: 0.0000
No improvement for 13 evaluation(s)

==================================================
Epoch 66/100
==================================================
Epoch [66] Batch [0/515] Loss_RGB: 1.1641 Loss_Depth: 0.1552
Epoch [66] Batch [50/515] Loss_RGB: 1.1743 Loss_Depth: 0.1598
Epoch [66] Batch [100/515] Loss_RGB: 1.1500 Loss_Depth: 0.1562
Epoch [66] Batch [150/515] Loss_RGB: 1.1549 Loss_Depth: 0.1553
Epoch [66] Batch [200/515] Loss_RGB: 1.1594 Loss_Depth: 0.1563
Epoch [66] Batch [250/515] Loss_RGB: 1.1778 Loss_Depth: 0.1579
Epoch [66] Batch [300/515] Loss_RGB: 1.1650 Loss_Depth: 0.1622
Epoch [66] Batch [350/515] Loss_RGB: 1.1515 Loss_Depth: 0.1577
Epoch [66] Batch [400/515] Loss_RGB: 1.1759 Loss_Depth: 0.1566
Epoch [66] Batch [450/515] Loss_RGB: 1.1416 Loss_Depth: 0.1633
Epoch [66] Batch [500/515] Loss_RGB: 1.1385 Loss_Depth: 0.1584
Epoch 66 - Avg Loss RGB: 1.1546, Avg Loss Depth: 0.1583

==================================================
Epoch 67/100
==================================================
Epoch [67] Batch [0/515] Loss_RGB: 1.1397 Loss_Depth: 0.1603
Epoch [67] Batch [50/515] Loss_RGB: 1.1468 Loss_Depth: 0.1612
Epoch [67] Batch [100/515] Loss_RGB: 1.1943 Loss_Depth: 0.1767
Epoch [67] Batch [150/515] Loss_RGB: 1.1656 Loss_Depth: 0.1572
Epoch [67] Batch [200/515] Loss_RGB: 1.2025 Loss_Depth: 0.1605
Epoch [67] Batch [250/515] Loss_RGB: 1.1549 Loss_Depth: 0.1595
Epoch [67] Batch [300/515] Loss_RGB: 1.1647 Loss_Depth: 0.1570
Epoch [67] Batch [350/515] Loss_RGB: 1.1475 Loss_Depth: 0.1525
Epoch [67] Batch [400/515] Loss_RGB: 1.1705 Loss_Depth: 0.1565
Epoch [67] Batch [450/515] Loss_RGB: 1.1508 Loss_Depth: 0.1577
Epoch [67] Batch [500/515] Loss_RGB: 1.1820 Loss_Depth: 0.1636
Epoch 67 - Avg Loss RGB: 1.1542, Avg Loss Depth: 0.1582

==================================================
Epoch 68/100
==================================================
Epoch [68] Batch [0/515] Loss_RGB: 1.1402 Loss_Depth: 0.1585
Epoch [68] Batch [50/515] Loss_RGB: 1.1486 Loss_Depth: 0.1555
Epoch [68] Batch [100/515] Loss_RGB: 1.1310 Loss_Depth: 0.1538
Epoch [68] Batch [150/515] Loss_RGB: 1.1194 Loss_Depth: 0.1587
Epoch [68] Batch [200/515] Loss_RGB: 1.1381 Loss_Depth: 0.1626
Epoch [68] Batch [250/515] Loss_RGB: 1.1530 Loss_Depth: 0.1551
Epoch [68] Batch [300/515] Loss_RGB: 1.1857 Loss_Depth: 0.1651
Epoch [68] Batch [350/515] Loss_RGB: 1.1355 Loss_Depth: 0.1530
Epoch [68] Batch [400/515] Loss_RGB: 1.1464 Loss_Depth: 0.1560
Epoch [68] Batch [450/515] Loss_RGB: 1.1626 Loss_Depth: 0.1614
Epoch [68] Batch [500/515] Loss_RGB: 1.1537 Loss_Depth: 0.1580
Epoch 68 - Avg Loss RGB: 1.1537, Avg Loss Depth: 0.1582

==================================================
Epoch 69/100
==================================================
Epoch [69] Batch [0/515] Loss_RGB: 1.1330 Loss_Depth: 0.1567
Epoch [69] Batch [50/515] Loss_RGB: 1.1668 Loss_Depth: 0.1609
Epoch [69] Batch [100/515] Loss_RGB: 1.1462 Loss_Depth: 0.1559
Epoch [69] Batch [150/515] Loss_RGB: 1.1597 Loss_Depth: 0.1552
Epoch [69] Batch [200/515] Loss_RGB: 1.1748 Loss_Depth: 0.1585
Epoch [69] Batch [250/515] Loss_RGB: 1.1490 Loss_Depth: 0.1611
Epoch [69] Batch [300/515] Loss_RGB: 1.1513 Loss_Depth: 0.1555
Epoch [69] Batch [350/515] Loss_RGB: 1.1420 Loss_Depth: 0.1563
Epoch [69] Batch [400/515] Loss_RGB: 1.1430 Loss_Depth: 0.1540
Epoch [69] Batch [450/515] Loss_RGB: 1.1514 Loss_Depth: 0.1545
Epoch [69] Batch [500/515] Loss_RGB: 1.2102 Loss_Depth: 0.1605
Epoch 69 - Avg Loss RGB: 1.1533, Avg Loss Depth: 0.1581

==================================================
Epoch 70/100
==================================================
Epoch [70] Batch [0/515] Loss_RGB: 1.1524 Loss_Depth: 0.1572
Epoch [70] Batch [50/515] Loss_RGB: 1.1888 Loss_Depth: 0.1591
Epoch [70] Batch [100/515] Loss_RGB: 1.1473 Loss_Depth: 0.1610
Epoch [70] Batch [150/515] Loss_RGB: 1.2051 Loss_Depth: 0.1594
Epoch [70] Batch [200/515] Loss_RGB: 1.1405 Loss_Depth: 0.1539
Epoch [70] Batch [250/515] Loss_RGB: 1.1705 Loss_Depth: 0.1597
Epoch [70] Batch [300/515] Loss_RGB: 1.1362 Loss_Depth: 0.1565
Epoch [70] Batch [350/515] Loss_RGB: 1.1792 Loss_Depth: 0.1564
Epoch [70] Batch [400/515] Loss_RGB: 1.1679 Loss_Depth: 0.1589
Epoch [70] Batch [450/515] Loss_RGB: 1.1370 Loss_Depth: 0.1582
Epoch [70] Batch [500/515] Loss_RGB: 1.1210 Loss_Depth: 0.1500
Epoch 70 - Avg Loss RGB: 1.1531, Avg Loss Depth: 0.1580
Warning: Only one class in test set, cannot compute AUROC
Epoch 70 - Val AUROC: 0.0000
No improvement for 14 evaluation(s)
Checkpoint saved to ./outputs/rail/20260429_101336_cam1_bs32_lr0.0002_img384_ratio0.1/checkpoint_epoch_70.pth

==================================================
Epoch 71/100
==================================================
Epoch [71] Batch [0/515] Loss_RGB: 1.1257 Loss_Depth: 0.1558
Epoch [71] Batch [50/515] Loss_RGB: 1.1696 Loss_Depth: 0.1687
Epoch [71] Batch [100/515] Loss_RGB: 1.1669 Loss_Depth: 0.1569
Epoch [71] Batch [150/515] Loss_RGB: 1.1288 Loss_Depth: 0.1537
Epoch [71] Batch [200/515] Loss_RGB: 1.1680 Loss_Depth: 0.1617
Epoch [71] Batch [250/515] Loss_RGB: 1.1551 Loss_Depth: 0.1561
Epoch [71] Batch [300/515] Loss_RGB: 1.1624 Loss_Depth: 0.1553
Epoch [71] Batch [350/515] Loss_RGB: 1.1567 Loss_Depth: 0.1571
Epoch [71] Batch [400/515] Loss_RGB: 1.1523 Loss_Depth: 0.1670
Epoch [71] Batch [450/515] Loss_RGB: 1.1760 Loss_Depth: 0.1566
Epoch [71] Batch [500/515] Loss_RGB: 1.1528 Loss_Depth: 0.1593
Epoch 71 - Avg Loss RGB: 1.1525, Avg Loss Depth: 0.1580

==================================================
Epoch 72/100
==================================================
Epoch [72] Batch [0/515] Loss_RGB: 1.2050 Loss_Depth: 0.1649
Epoch [72] Batch [50/515] Loss_RGB: 1.1186 Loss_Depth: 0.1523
Epoch [72] Batch [100/515] Loss_RGB: 1.1459 Loss_Depth: 0.1553
Epoch [72] Batch [150/515] Loss_RGB: 1.1574 Loss_Depth: 0.1612
Epoch [72] Batch [200/515] Loss_RGB: 1.1324 Loss_Depth: 0.1594
Epoch [72] Batch [250/515] Loss_RGB: 1.1571 Loss_Depth: 0.1557
Epoch [72] Batch [300/515] Loss_RGB: 1.2135 Loss_Depth: 0.1620
Epoch [72] Batch [350/515] Loss_RGB: 1.1648 Loss_Depth: 0.1535
Epoch [72] Batch [400/515] Loss_RGB: 1.1546 Loss_Depth: 0.1594
Epoch [72] Batch [450/515] Loss_RGB: 1.1571 Loss_Depth: 0.1553
Epoch [72] Batch [500/515] Loss_RGB: 1.1099 Loss_Depth: 0.1525
Epoch 72 - Avg Loss RGB: 1.1522, Avg Loss Depth: 0.1579

==================================================
Epoch 73/100
==================================================
Epoch [73] Batch [0/515] Loss_RGB: 1.1531 Loss_Depth: 0.1563
Epoch [73] Batch [50/515] Loss_RGB: 1.1355 Loss_Depth: 0.1546
Epoch [73] Batch [100/515] Loss_RGB: 1.1381 Loss_Depth: 0.1543
Epoch [73] Batch [150/515] Loss_RGB: 1.1296 Loss_Depth: 0.1554
Epoch [73] Batch [200/515] Loss_RGB: 1.1444 Loss_Depth: 0.1526
Epoch [73] Batch [250/515] Loss_RGB: 1.1423 Loss_Depth: 0.1535
Epoch [73] Batch [300/515] Loss_RGB: 1.1742 Loss_Depth: 0.1558
Epoch [73] Batch [350/515] Loss_RGB: 1.1550 Loss_Depth: 0.1560
Epoch [73] Batch [400/515] Loss_RGB: 1.1398 Loss_Depth: 0.1520
Epoch [73] Batch [450/515] Loss_RGB: 1.1681 Loss_Depth: 0.1740
Epoch [73] Batch [500/515] Loss_RGB: 1.1660 Loss_Depth: 0.1625
Epoch 73 - Avg Loss RGB: 1.1518, Avg Loss Depth: 0.1579

==================================================
Epoch 74/100
==================================================
Epoch [74] Batch [0/515] Loss_RGB: 1.1394 Loss_Depth: 0.1550
Epoch [74] Batch [50/515] Loss_RGB: 1.1351 Loss_Depth: 0.1556
Epoch [74] Batch [100/515] Loss_RGB: 1.1269 Loss_Depth: 0.1553
Epoch [74] Batch [150/515] Loss_RGB: 1.1481 Loss_Depth: 0.1554
Epoch [74] Batch [200/515] Loss_RGB: 1.1740 Loss_Depth: 0.1577
Epoch [74] Batch [250/515] Loss_RGB: 1.1608 Loss_Depth: 0.1647
Epoch [74] Batch [300/515] Loss_RGB: 1.1622 Loss_Depth: 0.1579
Epoch [74] Batch [350/515] Loss_RGB: 1.1687 Loss_Depth: 0.1568
Epoch [74] Batch [400/515] Loss_RGB: 1.1706 Loss_Depth: 0.1591
Epoch [74] Batch [450/515] Loss_RGB: 1.1527 Loss_Depth: 0.1610
Epoch [74] Batch [500/515] Loss_RGB: 1.1739 Loss_Depth: 0.1618
Epoch 74 - Avg Loss RGB: 1.1515, Avg Loss Depth: 0.1577

==================================================
Epoch 75/100
==================================================
Epoch [75] Batch [0/515] Loss_RGB: 1.1723 Loss_Depth: 0.1577
Epoch [75] Batch [50/515] Loss_RGB: 1.1289 Loss_Depth: 0.1559
Epoch [75] Batch [100/515] Loss_RGB: 1.1106 Loss_Depth: 0.1562
Epoch [75] Batch [150/515] Loss_RGB: 1.1651 Loss_Depth: 0.1540
Epoch [75] Batch [200/515] Loss_RGB: 1.1474 Loss_Depth: 0.1549
Epoch [75] Batch [250/515] Loss_RGB: 1.1602 Loss_Depth: 0.1544
Epoch [75] Batch [300/515] Loss_RGB: 1.1590 Loss_Depth: 0.1533
Epoch [75] Batch [350/515] Loss_RGB: 1.1756 Loss_Depth: 0.1640
Epoch [75] Batch [400/515] Loss_RGB: 1.1280 Loss_Depth: 0.1568
Epoch [75] Batch [450/515] Loss_RGB: 1.1534 Loss_Depth: 0.1601
Epoch [75] Batch [500/515] Loss_RGB: 1.1798 Loss_Depth: 0.1594
Epoch 75 - Avg Loss RGB: 1.1512, Avg Loss Depth: 0.1576
Warning: Only one class in test set, cannot compute AUROC
Epoch 75 - Val AUROC: 0.0000
No improvement for 15 evaluation(s)
Early stopping at epoch 75 (no improvement for 15 evaluations)

Training finished! Best Val AUROC: 0.0000
Warning: Only one class in test set, cannot compute AUROC
Final Test AUROC: 0.0000
