Training started at 20260503_195951
Args: Namespace(train_root='/data1/Leaddo_data/20260327-resize512', test_root='/home/root123/LF/WYM/SteelRailWay/rail_mvtec_gt_test', view_id=4, img_size=512, depth_norm='zscore', use_patch=False, patch_size=900, patch_stride=850, test_use_patch=True, test_patch_size=900, test_patch_stride=850, train_sample_ratio=1.0, train_sample_num=1200, random_seed_sample=42, train_val_test_split=[0.9, 0.1, 0.0], sampling_mode='uniform_time', preload=True, preload_workers=32, batch_size=32, epochs=200, lr=0.005, eval_interval=5, num_workers=16, seed=42, device='cuda:0', save_dir='outputs/rail_ablation/depth_norm/Cam4/zscore', precision='bf16', channels_last=True, compile=False)


==================================================
Epoch 1/200
==================================================
Epoch [1] Batch [0/33] Loss_RGB: 8.0796 Loss_Depth: 7.6379
Epoch 1 - Avg Loss RGB: 4.2066, Avg Loss Depth: 2.8471

==================================================
Epoch 2/200
==================================================
Epoch [2] Batch [0/33] Loss_RGB: 2.9363 Loss_Depth: 1.1515
Epoch 2 - Avg Loss RGB: 2.5522, Avg Loss Depth: 0.8490

==================================================
Epoch 3/200
==================================================
Epoch [3] Batch [0/33] Loss_RGB: 2.3381 Loss_Depth: 0.6619
Epoch 3 - Avg Loss RGB: 2.2298, Avg Loss Depth: 0.5773

==================================================
Epoch 4/200
==================================================
Epoch [4] Batch [0/33] Loss_RGB: 2.1199 Loss_Depth: 0.5191
Epoch 4 - Avg Loss RGB: 2.0569, Avg Loss Depth: 0.4934

==================================================
Epoch 5/200
==================================================
Epoch [5] Batch [0/33] Loss_RGB: 2.0245 Loss_Depth: 0.4768
Epoch 5 - Avg Loss RGB: 1.9591, Avg Loss Depth: 0.4646
Epoch 5 - Val Loss RGB: 1.9845, Val Loss Depth: 0.0000, Total: 1.9845
Saved best model to outputs/rail_ablation/depth_norm/Cam4/zscore/20260503_195951_cam4_bs32_lr0.005_img512_ratio1.0/best_cam4.pth

==================================================
Epoch 6/200
==================================================
Epoch [6] Batch [0/33] Loss_RGB: 1.9376 Loss_Depth: 0.4705
Epoch 6 - Avg Loss RGB: 1.8892, Avg Loss Depth: 0.4442

==================================================
Epoch 7/200
==================================================
Epoch [7] Batch [0/33] Loss_RGB: 1.8465 Loss_Depth: 0.4456
Epoch 7 - Avg Loss RGB: 1.8379, Avg Loss Depth: 0.4372

==================================================
Epoch 8/200
==================================================
Epoch [8] Batch [0/33] Loss_RGB: 1.8922 Loss_Depth: 0.4282
Epoch 8 - Avg Loss RGB: 1.7988, Avg Loss Depth: 0.4252

==================================================
Epoch 9/200
==================================================
Epoch [9] Batch [0/33] Loss_RGB: 1.7679 Loss_Depth: 0.4186
Epoch 9 - Avg Loss RGB: 1.7344, Avg Loss Depth: 0.4165

==================================================
Epoch 10/200
==================================================
Epoch [10] Batch [0/33] Loss_RGB: 1.7437 Loss_Depth: 0.4112
Epoch 10 - Avg Loss RGB: 1.6995, Avg Loss Depth: 0.4084
Epoch 10 - Val Loss RGB: 1.6971, Val Loss Depth: 0.0000, Total: 1.6971
Saved best model to outputs/rail_ablation/depth_norm/Cam4/zscore/20260503_195951_cam4_bs32_lr0.005_img512_ratio1.0/best_cam4.pth

==================================================
Epoch 11/200
==================================================
Epoch [11] Batch [0/33] Loss_RGB: 1.6990 Loss_Depth: 0.4086
Epoch 11 - Avg Loss RGB: 1.6687, Avg Loss Depth: 0.4042

==================================================
Epoch 12/200
==================================================
Epoch [12] Batch [0/33] Loss_RGB: 1.6880 Loss_Depth: 0.4191
Epoch 12 - Avg Loss RGB: 1.6533, Avg Loss Depth: 0.4029

==================================================
Epoch 13/200
==================================================
Epoch [13] Batch [0/33] Loss_RGB: 1.6381 Loss_Depth: 0.3988
Epoch 13 - Avg Loss RGB: 1.6438, Avg Loss Depth: 0.3896

==================================================
Epoch 14/200
==================================================
Epoch [14] Batch [0/33] Loss_RGB: 1.6305 Loss_Depth: 0.3795
Epoch 14 - Avg Loss RGB: 1.6191, Avg Loss Depth: 0.3817

==================================================
Epoch 15/200
==================================================
Epoch [15] Batch [0/33] Loss_RGB: 1.6018 Loss_Depth: 0.3733
Epoch 15 - Avg Loss RGB: 1.6013, Avg Loss Depth: 0.3690
Epoch 15 - Val Loss RGB: 1.6162, Val Loss Depth: 0.0000, Total: 1.6162
Saved best model to outputs/rail_ablation/depth_norm/Cam4/zscore/20260503_195951_cam4_bs32_lr0.005_img512_ratio1.0/best_cam4.pth

==================================================
Epoch 16/200
==================================================
Epoch [16] Batch [0/33] Loss_RGB: 1.6102 Loss_Depth: 0.3751
Epoch 16 - Avg Loss RGB: 1.5870, Avg Loss Depth: 0.3628

==================================================
Epoch 17/200
==================================================
Epoch [17] Batch [0/33] Loss_RGB: 1.5638 Loss_Depth: 0.3574
Epoch 17 - Avg Loss RGB: 1.5731, Avg Loss Depth: 0.3596

==================================================
Epoch 18/200
==================================================
Epoch [18] Batch [0/33] Loss_RGB: 1.5786 Loss_Depth: 0.3556
Epoch 18 - Avg Loss RGB: 1.5630, Avg Loss Depth: 0.3576

==================================================
Epoch 19/200
==================================================
Epoch [19] Batch [0/33] Loss_RGB: 1.5768 Loss_Depth: 0.3578
Epoch 19 - Avg Loss RGB: 1.5549, Avg Loss Depth: 0.3516

==================================================
Epoch 20/200
==================================================
Epoch [20] Batch [0/33] Loss_RGB: 1.5334 Loss_Depth: 0.3495
Epoch 20 - Avg Loss RGB: 1.5421, Avg Loss Depth: 0.3489
Epoch 20 - Val Loss RGB: 1.5531, Val Loss Depth: 0.0000, Total: 1.5531
Saved best model to outputs/rail_ablation/depth_norm/Cam4/zscore/20260503_195951_cam4_bs32_lr0.005_img512_ratio1.0/best_cam4.pth

==================================================
Epoch 21/200
==================================================
Epoch [21] Batch [0/33] Loss_RGB: 1.5640 Loss_Depth: 0.3508
Epoch 21 - Avg Loss RGB: 1.5332, Avg Loss Depth: 0.3479

==================================================
Epoch 22/200
==================================================
Epoch [22] Batch [0/33] Loss_RGB: 1.5333 Loss_Depth: 0.3473
Epoch 22 - Avg Loss RGB: 1.5220, Avg Loss Depth: 0.3455

==================================================
Epoch 23/200
==================================================
Epoch [23] Batch [0/33] Loss_RGB: 1.5251 Loss_Depth: 0.3454
Epoch 23 - Avg Loss RGB: 1.5151, Avg Loss Depth: 0.3449

==================================================
Epoch 24/200
==================================================
Epoch [24] Batch [0/33] Loss_RGB: 1.5025 Loss_Depth: 0.3566
Epoch 24 - Avg Loss RGB: 1.5048, Avg Loss Depth: 0.3439

==================================================
Epoch 25/200
==================================================
Epoch [25] Batch [0/33] Loss_RGB: 1.5226 Loss_Depth: 0.3369
Epoch 25 - Avg Loss RGB: 1.4997, Avg Loss Depth: 0.3454
Epoch 25 - Val Loss RGB: 1.5083, Val Loss Depth: 0.0000, Total: 1.5083
Saved best model to outputs/rail_ablation/depth_norm/Cam4/zscore/20260503_195951_cam4_bs32_lr0.005_img512_ratio1.0/best_cam4.pth

==================================================
Epoch 26/200
==================================================
Epoch [26] Batch [0/33] Loss_RGB: 1.4980 Loss_Depth: 0.3416
Epoch 26 - Avg Loss RGB: 1.4901, Avg Loss Depth: 0.3437

==================================================
Epoch 27/200
==================================================
Epoch [27] Batch [0/33] Loss_RGB: 1.4640 Loss_Depth: 0.3404
Epoch 27 - Avg Loss RGB: 1.4824, Avg Loss Depth: 0.3419

==================================================
Epoch 28/200
==================================================
Epoch [28] Batch [0/33] Loss_RGB: 1.4808 Loss_Depth: 0.3358
Epoch 28 - Avg Loss RGB: 1.4754, Avg Loss Depth: 0.3414

==================================================
Epoch 29/200
==================================================
Epoch [29] Batch [0/33] Loss_RGB: 1.4994 Loss_Depth: 0.3548
Epoch 29 - Avg Loss RGB: 1.4680, Avg Loss Depth: 0.3403

==================================================
Epoch 30/200
==================================================
Epoch [30] Batch [0/33] Loss_RGB: 1.4596 Loss_Depth: 0.3395
Epoch 30 - Avg Loss RGB: 1.4653, Avg Loss Depth: 0.3375
Epoch 30 - Val Loss RGB: 1.4823, Val Loss Depth: 0.0000, Total: 1.4823
Saved best model to outputs/rail_ablation/depth_norm/Cam4/zscore/20260503_195951_cam4_bs32_lr0.005_img512_ratio1.0/best_cam4.pth

==================================================
Epoch 31/200
==================================================
Epoch [31] Batch [0/33] Loss_RGB: 1.4546 Loss_Depth: 0.3356
Epoch 31 - Avg Loss RGB: 1.4559, Avg Loss Depth: 0.3370

==================================================
Epoch 32/200
==================================================
Epoch [32] Batch [0/33] Loss_RGB: 1.4364 Loss_Depth: 0.3351
Epoch 32 - Avg Loss RGB: 1.4506, Avg Loss Depth: 0.3364

==================================================
Epoch 33/200
==================================================
Epoch [33] Batch [0/33] Loss_RGB: 1.4567 Loss_Depth: 0.3317
Epoch 33 - Avg Loss RGB: 1.4455, Avg Loss Depth: 0.3352

==================================================
Epoch 34/200
==================================================
Epoch [34] Batch [0/33] Loss_RGB: 1.4229 Loss_Depth: 0.3318
Epoch 34 - Avg Loss RGB: 1.4385, Avg Loss Depth: 0.3349

==================================================
Epoch 35/200
==================================================
Epoch [35] Batch [0/33] Loss_RGB: 1.4351 Loss_Depth: 0.3335
Epoch 35 - Avg Loss RGB: 1.4336, Avg Loss Depth: 0.3341
Epoch 35 - Val Loss RGB: 1.4435, Val Loss Depth: 0.0000, Total: 1.4435
Saved best model to outputs/rail_ablation/depth_norm/Cam4/zscore/20260503_195951_cam4_bs32_lr0.005_img512_ratio1.0/best_cam4.pth

==================================================
Epoch 36/200
==================================================
Epoch [36] Batch [0/33] Loss_RGB: 1.4500 Loss_Depth: 0.3343
Epoch 36 - Avg Loss RGB: 1.4285, Avg Loss Depth: 0.3333

==================================================
Epoch 37/200
==================================================
Epoch [37] Batch [0/33] Loss_RGB: 1.4191 Loss_Depth: 0.3281
Epoch 37 - Avg Loss RGB: 1.4244, Avg Loss Depth: 0.3325

==================================================
Epoch 38/200
==================================================
Epoch [38] Batch [0/33] Loss_RGB: 1.4210 Loss_Depth: 0.3297
Epoch 38 - Avg Loss RGB: 1.4197, Avg Loss Depth: 0.3326

==================================================
Epoch 39/200
==================================================
Epoch [39] Batch [0/33] Loss_RGB: 1.3958 Loss_Depth: 0.3284
Epoch 39 - Avg Loss RGB: 1.4163, Avg Loss Depth: 0.3311

==================================================
Epoch 40/200
==================================================
Epoch [40] Batch [0/33] Loss_RGB: 1.4186 Loss_Depth: 0.3435
Epoch 40 - Avg Loss RGB: 1.4119, Avg Loss Depth: 0.3299
Epoch 40 - Val Loss RGB: 1.4240, Val Loss Depth: 0.0000, Total: 1.4240
Saved best model to outputs/rail_ablation/depth_norm/Cam4/zscore/20260503_195951_cam4_bs32_lr0.005_img512_ratio1.0/best_cam4.pth

==================================================
Epoch 41/200
==================================================
Epoch [41] Batch [0/33] Loss_RGB: 1.4015 Loss_Depth: 0.3275
Epoch 41 - Avg Loss RGB: 1.4080, Avg Loss Depth: 0.3295

==================================================
Epoch 42/200
==================================================
Epoch [42] Batch [0/33] Loss_RGB: 1.3985 Loss_Depth: 0.3309
Epoch 42 - Avg Loss RGB: 1.4026, Avg Loss Depth: 0.3290

==================================================
Epoch 43/200
==================================================
Epoch [43] Batch [0/33] Loss_RGB: 1.3980 Loss_Depth: 0.3217
Epoch 43 - Avg Loss RGB: 1.3995, Avg Loss Depth: 0.3285

==================================================
Epoch 44/200
==================================================
Epoch [44] Batch [0/33] Loss_RGB: 1.4057 Loss_Depth: 0.3235
Epoch 44 - Avg Loss RGB: 1.3969, Avg Loss Depth: 0.3279

==================================================
Epoch 45/200
==================================================
Epoch [45] Batch [0/33] Loss_RGB: 1.4035 Loss_Depth: 0.3240
Epoch 45 - Avg Loss RGB: 1.3932, Avg Loss Depth: 0.3268
Epoch 45 - Val Loss RGB: 1.4044, Val Loss Depth: 0.0000, Total: 1.4044
Saved best model to outputs/rail_ablation/depth_norm/Cam4/zscore/20260503_195951_cam4_bs32_lr0.005_img512_ratio1.0/best_cam4.pth

==================================================
Epoch 46/200
==================================================
Epoch [46] Batch [0/33] Loss_RGB: 1.3728 Loss_Depth: 0.3248
Epoch 46 - Avg Loss RGB: 1.3899, Avg Loss Depth: 0.3268

==================================================
Epoch 47/200
==================================================
Epoch [47] Batch [0/33] Loss_RGB: 1.3853 Loss_Depth: 0.3234
Epoch 47 - Avg Loss RGB: 1.3853, Avg Loss Depth: 0.3265

==================================================
Epoch 48/200
==================================================
Epoch [48] Batch [0/33] Loss_RGB: 1.3907 Loss_Depth: 0.3215
Epoch 48 - Avg Loss RGB: 1.3824, Avg Loss Depth: 0.3261

==================================================
Epoch 49/200
==================================================
Epoch [49] Batch [0/33] Loss_RGB: 1.3817 Loss_Depth: 0.3413
Epoch 49 - Avg Loss RGB: 1.3810, Avg Loss Depth: 0.3259

==================================================
Epoch 50/200
==================================================
Epoch [50] Batch [0/33] Loss_RGB: 1.3919 Loss_Depth: 0.3278
Epoch 50 - Avg Loss RGB: 1.3775, Avg Loss Depth: 0.3253
Epoch 50 - Val Loss RGB: 1.3899, Val Loss Depth: 0.0000, Total: 1.3899
Saved best model to outputs/rail_ablation/depth_norm/Cam4/zscore/20260503_195951_cam4_bs32_lr0.005_img512_ratio1.0/best_cam4.pth

==================================================
Epoch 51/200
==================================================
Epoch [51] Batch [0/33] Loss_RGB: 1.3663 Loss_Depth: 0.3236
Epoch 51 - Avg Loss RGB: 1.3736, Avg Loss Depth: 0.3246

==================================================
Epoch 52/200
==================================================
Epoch [52] Batch [0/33] Loss_RGB: 1.3830 Loss_Depth: 0.3228
Epoch 52 - Avg Loss RGB: 1.3707, Avg Loss Depth: 0.3235

==================================================
Epoch 53/200
==================================================
Epoch [53] Batch [0/33] Loss_RGB: 1.3597 Loss_Depth: 0.3187
Epoch 53 - Avg Loss RGB: 1.3696, Avg Loss Depth: 0.3226

==================================================
Epoch 54/200
==================================================
Epoch [54] Batch [0/33] Loss_RGB: 1.3754 Loss_Depth: 0.3191
Epoch 54 - Avg Loss RGB: 1.3654, Avg Loss Depth: 0.3219

==================================================
Epoch 55/200
==================================================
Epoch [55] Batch [0/33] Loss_RGB: 1.3573 Loss_Depth: 0.3170
Epoch 55 - Avg Loss RGB: 1.3647, Avg Loss Depth: 0.3220
Epoch 55 - Val Loss RGB: 1.3747, Val Loss Depth: 0.0000, Total: 1.3747
Saved best model to outputs/rail_ablation/depth_norm/Cam4/zscore/20260503_195951_cam4_bs32_lr0.005_img512_ratio1.0/best_cam4.pth

==================================================
Epoch 56/200
==================================================
Epoch [56] Batch [0/33] Loss_RGB: 1.3674 Loss_Depth: 0.3197
Epoch 56 - Avg Loss RGB: 1.3597, Avg Loss Depth: 0.3215

==================================================
Epoch 57/200
==================================================
Epoch [57] Batch [0/33] Loss_RGB: 1.3366 Loss_Depth: 0.3417
Epoch 57 - Avg Loss RGB: 1.3569, Avg Loss Depth: 0.3214

==================================================
Epoch 58/200
==================================================
Epoch [58] Batch [0/33] Loss_RGB: 1.3613 Loss_Depth: 0.3224
Epoch 58 - Avg Loss RGB: 1.3549, Avg Loss Depth: 0.3209

==================================================
Epoch 59/200
==================================================
Epoch [59] Batch [0/33] Loss_RGB: 1.3379 Loss_Depth: 0.3160
Epoch 59 - Avg Loss RGB: 1.3544, Avg Loss Depth: 0.3210

==================================================
Epoch 60/200
==================================================
Epoch [60] Batch [0/33] Loss_RGB: 1.3755 Loss_Depth: 0.3163
Epoch 60 - Avg Loss RGB: 1.3542, Avg Loss Depth: 0.3204
Epoch 60 - Val Loss RGB: 1.3623, Val Loss Depth: 0.0000, Total: 1.3623
Saved best model to outputs/rail_ablation/depth_norm/Cam4/zscore/20260503_195951_cam4_bs32_lr0.005_img512_ratio1.0/best_cam4.pth

==================================================
Epoch 61/200
==================================================
Epoch [61] Batch [0/33] Loss_RGB: 1.3513 Loss_Depth: 0.3155
Epoch 61 - Avg Loss RGB: 1.3487, Avg Loss Depth: 0.3196

==================================================
Epoch 62/200
==================================================
Epoch [62] Batch [0/33] Loss_RGB: 1.3856 Loss_Depth: 0.3177
Epoch 62 - Avg Loss RGB: 1.3479, Avg Loss Depth: 0.3197

==================================================
Epoch 63/200
==================================================
Epoch [63] Batch [0/33] Loss_RGB: 1.3395 Loss_Depth: 0.3270
Epoch 63 - Avg Loss RGB: 1.3463, Avg Loss Depth: 0.3189

==================================================
Epoch 64/200
==================================================
Epoch [64] Batch [0/33] Loss_RGB: 1.3639 Loss_Depth: 0.3151
Epoch 64 - Avg Loss RGB: 1.3449, Avg Loss Depth: 0.3180

==================================================
Epoch 65/200
==================================================
Epoch [65] Batch [0/33] Loss_RGB: 1.3480 Loss_Depth: 0.3192
Epoch 65 - Avg Loss RGB: 1.3440, Avg Loss Depth: 0.3172
Epoch 65 - Val Loss RGB: 1.3534, Val Loss Depth: 0.0000, Total: 1.3534
Saved best model to outputs/rail_ablation/depth_norm/Cam4/zscore/20260503_195951_cam4_bs32_lr0.005_img512_ratio1.0/best_cam4.pth

==================================================
Epoch 66/200
==================================================
Epoch [66] Batch [0/33] Loss_RGB: 1.3487 Loss_Depth: 0.3259
Epoch 66 - Avg Loss RGB: 1.3406, Avg Loss Depth: 0.3159

==================================================
Epoch 67/200
==================================================
Epoch [67] Batch [0/33] Loss_RGB: 1.3582 Loss_Depth: 0.3145
Epoch 67 - Avg Loss RGB: 1.3404, Avg Loss Depth: 0.3158

==================================================
Epoch 68/200
==================================================
Epoch [68] Batch [0/33] Loss_RGB: 1.3401 Loss_Depth: 0.3214
Epoch 68 - Avg Loss RGB: 1.3386, Avg Loss Depth: 0.3150

==================================================
Epoch 69/200
==================================================
Epoch [69] Batch [0/33] Loss_RGB: 1.3423 Loss_Depth: 0.3211
Epoch 69 - Avg Loss RGB: 1.3378, Avg Loss Depth: 0.3142

==================================================
Epoch 70/200
==================================================
Epoch [70] Batch [0/33] Loss_RGB: 1.3329 Loss_Depth: 0.3244
Epoch 70 - Avg Loss RGB: 1.3360, Avg Loss Depth: 0.3132
Epoch 70 - Val Loss RGB: 1.3483, Val Loss Depth: 0.0000, Total: 1.3483
Saved best model to outputs/rail_ablation/depth_norm/Cam4/zscore/20260503_195951_cam4_bs32_lr0.005_img512_ratio1.0/best_cam4.pth

==================================================
Epoch 71/200
==================================================
Epoch [71] Batch [0/33] Loss_RGB: 1.3273 Loss_Depth: 0.3187
Epoch 71 - Avg Loss RGB: 1.3375, Avg Loss Depth: 0.3120

==================================================
Epoch 72/200
==================================================
Epoch [72] Batch [0/33] Loss_RGB: 1.3215 Loss_Depth: 0.3111
Epoch 72 - Avg Loss RGB: 1.3342, Avg Loss Depth: 0.3105

==================================================
Epoch 73/200
==================================================
Epoch [73] Batch [0/33] Loss_RGB: 1.3189 Loss_Depth: 0.3078
Epoch 73 - Avg Loss RGB: 1.3332, Avg Loss Depth: 0.3106

==================================================
Epoch 74/200
==================================================
Epoch [74] Batch [0/33] Loss_RGB: 1.3233 Loss_Depth: 0.3112
Epoch 74 - Avg Loss RGB: 1.3326, Avg Loss Depth: 0.3096

==================================================
Epoch 75/200
==================================================
Epoch [75] Batch [0/33] Loss_RGB: 1.3233 Loss_Depth: 0.3110
Epoch 75 - Avg Loss RGB: 1.3300, Avg Loss Depth: 0.3097
Epoch 75 - Val Loss RGB: 1.3444, Val Loss Depth: 0.0000, Total: 1.3444
Saved best model to outputs/rail_ablation/depth_norm/Cam4/zscore/20260503_195951_cam4_bs32_lr0.005_img512_ratio1.0/best_cam4.pth

==================================================
Epoch 76/200
==================================================
Epoch [76] Batch [0/33] Loss_RGB: 1.3411 Loss_Depth: 0.3053
Epoch 76 - Avg Loss RGB: 1.3309, Avg Loss Depth: 0.3095

==================================================
Epoch 77/200
==================================================
Epoch [77] Batch [0/33] Loss_RGB: 1.3229 Loss_Depth: 0.3082
Epoch 77 - Avg Loss RGB: 1.3310, Avg Loss Depth: 0.3088

==================================================
Epoch 78/200
==================================================
Epoch [78] Batch [0/33] Loss_RGB: 1.3326 Loss_Depth: 0.3092
Epoch 78 - Avg Loss RGB: 1.3292, Avg Loss Depth: 0.3090

==================================================
Epoch 79/200
==================================================
Epoch [79] Batch [0/33] Loss_RGB: 1.3408 Loss_Depth: 0.3021
Epoch 79 - Avg Loss RGB: 1.3275, Avg Loss Depth: 0.3087

==================================================
Epoch 80/200
==================================================
Epoch [80] Batch [0/33] Loss_RGB: 1.3483 Loss_Depth: 0.3095
Epoch 80 - Avg Loss RGB: 1.3320, Avg Loss Depth: 0.3086
Epoch 80 - Val Loss RGB: 1.3429, Val Loss Depth: 0.0000, Total: 1.3429
Saved best model to outputs/rail_ablation/depth_norm/Cam4/zscore/20260503_195951_cam4_bs32_lr0.005_img512_ratio1.0/best_cam4.pth

==================================================
Epoch 81/200
==================================================
Epoch [81] Batch [0/33] Loss_RGB: 1.3332 Loss_Depth: 0.3042
Epoch 81 - Avg Loss RGB: 1.3309, Avg Loss Depth: 0.3085

==================================================
Epoch 82/200
==================================================
Epoch [82] Batch [0/33] Loss_RGB: 1.3072 Loss_Depth: 0.3023
Epoch 82 - Avg Loss RGB: 1.3280, Avg Loss Depth: 0.3085

==================================================
Epoch 83/200
==================================================
Epoch [83] Batch [0/33] Loss_RGB: 1.3381 Loss_Depth: 0.3117
Epoch 83 - Avg Loss RGB: 1.3252, Avg Loss Depth: 0.3079

==================================================
Epoch 84/200
==================================================
Epoch [84] Batch [0/33] Loss_RGB: 1.3178 Loss_Depth: 0.3037
Epoch 84 - Avg Loss RGB: 1.3247, Avg Loss Depth: 0.3071

==================================================
Epoch 85/200
==================================================
Epoch [85] Batch [0/33] Loss_RGB: 1.3465 Loss_Depth: 0.3079
Epoch 85 - Avg Loss RGB: 1.3259, Avg Loss Depth: 0.3070
Epoch 85 - Val Loss RGB: 1.3375, Val Loss Depth: 0.0000, Total: 1.3375
Saved best model to outputs/rail_ablation/depth_norm/Cam4/zscore/20260503_195951_cam4_bs32_lr0.005_img512_ratio1.0/best_cam4.pth

==================================================
Epoch 86/200
==================================================
Epoch [86] Batch [0/33] Loss_RGB: 1.3127 Loss_Depth: 0.3125
Epoch 86 - Avg Loss RGB: 1.3240, Avg Loss Depth: 0.3068

==================================================
Epoch 87/200
==================================================
Epoch [87] Batch [0/33] Loss_RGB: 1.3188 Loss_Depth: 0.3005
Epoch 87 - Avg Loss RGB: 1.3232, Avg Loss Depth: 0.3067

==================================================
Epoch 88/200
==================================================
Epoch [88] Batch [0/33] Loss_RGB: 1.3169 Loss_Depth: 0.3038
Epoch 88 - Avg Loss RGB: 1.3229, Avg Loss Depth: 0.3067

==================================================
Epoch 89/200
==================================================
Epoch [89] Batch [0/33] Loss_RGB: 1.3148 Loss_Depth: 0.3077
Epoch 89 - Avg Loss RGB: 1.3225, Avg Loss Depth: 0.3069

==================================================
Epoch 90/200
==================================================
Epoch [90] Batch [0/33] Loss_RGB: 1.3200 Loss_Depth: 0.3023
Epoch 90 - Avg Loss RGB: 1.3219, Avg Loss Depth: 0.3066
Epoch 90 - Val Loss RGB: 1.3353, Val Loss Depth: 0.0000, Total: 1.3353
Saved best model to outputs/rail_ablation/depth_norm/Cam4/zscore/20260503_195951_cam4_bs32_lr0.005_img512_ratio1.0/best_cam4.pth

==================================================
Epoch 91/200
==================================================
Epoch [91] Batch [0/33] Loss_RGB: 1.2984 Loss_Depth: 0.2988
Epoch 91 - Avg Loss RGB: 1.3211, Avg Loss Depth: 0.3066

==================================================
Epoch 92/200
==================================================
Epoch [92] Batch [0/33] Loss_RGB: 1.3167 Loss_Depth: 0.3063
Epoch 92 - Avg Loss RGB: 1.3220, Avg Loss Depth: 0.3062

==================================================
Epoch 93/200
==================================================
Epoch [93] Batch [0/33] Loss_RGB: 1.3223 Loss_Depth: 0.3005
Epoch 93 - Avg Loss RGB: 1.3203, Avg Loss Depth: 0.3063

==================================================
Epoch 94/200
==================================================
Epoch [94] Batch [0/33] Loss_RGB: 1.3285 Loss_Depth: 0.3049
Epoch 94 - Avg Loss RGB: 1.3194, Avg Loss Depth: 0.3062

==================================================
Epoch 95/200
==================================================
Epoch [95] Batch [0/33] Loss_RGB: 1.2981 Loss_Depth: 0.3009
Epoch 95 - Avg Loss RGB: 1.3206, Avg Loss Depth: 0.3076
Epoch 95 - Val Loss RGB: 1.3341, Val Loss Depth: 0.0000, Total: 1.3341
Saved best model to outputs/rail_ablation/depth_norm/Cam4/zscore/20260503_195951_cam4_bs32_lr0.005_img512_ratio1.0/best_cam4.pth

==================================================
Epoch 96/200
==================================================
Epoch [96] Batch [0/33] Loss_RGB: 1.3193 Loss_Depth: 0.3027
Epoch 96 - Avg Loss RGB: 1.3192, Avg Loss Depth: 0.3067

==================================================
Epoch 97/200
==================================================
Epoch [97] Batch [0/33] Loss_RGB: 1.3161 Loss_Depth: 0.3042
Epoch 97 - Avg Loss RGB: 1.3176, Avg Loss Depth: 0.3063

==================================================
Epoch 98/200
==================================================
Epoch [98] Batch [0/33] Loss_RGB: 1.3338 Loss_Depth: 0.3056
Epoch 98 - Avg Loss RGB: 1.3190, Avg Loss Depth: 0.3062

==================================================
Epoch 99/200
==================================================
Epoch [99] Batch [0/33] Loss_RGB: 1.3185 Loss_Depth: 0.3122
Epoch 99 - Avg Loss RGB: 1.3182, Avg Loss Depth: 0.3061

==================================================
Epoch 100/200
==================================================
Epoch [100] Batch [0/33] Loss_RGB: 1.3350 Loss_Depth: 0.3063
Epoch 100 - Avg Loss RGB: 1.3184, Avg Loss Depth: 0.3057
Epoch 100 - Val Loss RGB: 1.3320, Val Loss Depth: 0.0000, Total: 1.3320
Saved best model to outputs/rail_ablation/depth_norm/Cam4/zscore/20260503_195951_cam4_bs32_lr0.005_img512_ratio1.0/best_cam4.pth

==================================================
Epoch 101/200
==================================================
Epoch [101] Batch [0/33] Loss_RGB: 1.3145 Loss_Depth: 0.3007
Epoch 101 - Avg Loss RGB: 1.3172, Avg Loss Depth: 0.3060

==================================================
Epoch 102/200
==================================================
Epoch [102] Batch [0/33] Loss_RGB: 1.3134 Loss_Depth: 0.2982
Epoch 102 - Avg Loss RGB: 1.3183, Avg Loss Depth: 0.3060

==================================================
Epoch 103/200
==================================================
Epoch [103] Batch [0/33] Loss_RGB: 1.3248 Loss_Depth: 0.3010
Epoch 103 - Avg Loss RGB: 1.3183, Avg Loss Depth: 0.3059

==================================================
Epoch 104/200
==================================================
Epoch [104] Batch [0/33] Loss_RGB: 1.3117 Loss_Depth: 0.2986
Epoch 104 - Avg Loss RGB: 1.3171, Avg Loss Depth: 0.3056

==================================================
Epoch 105/200
==================================================
Epoch [105] Batch [0/33] Loss_RGB: 1.3175 Loss_Depth: 0.3041
Epoch 105 - Avg Loss RGB: 1.3170, Avg Loss Depth: 0.3058
Epoch 105 - Val Loss RGB: 1.3313, Val Loss Depth: 0.0000, Total: 1.3313
Saved best model to outputs/rail_ablation/depth_norm/Cam4/zscore/20260503_195951_cam4_bs32_lr0.005_img512_ratio1.0/best_cam4.pth

==================================================
Epoch 106/200
==================================================
Epoch [106] Batch [0/33] Loss_RGB: 1.2974 Loss_Depth: 0.2997
Epoch 106 - Avg Loss RGB: 1.3169, Avg Loss Depth: 0.3058

==================================================
Epoch 107/200
==================================================
Epoch [107] Batch [0/33] Loss_RGB: 1.3159 Loss_Depth: 0.3024
Epoch 107 - Avg Loss RGB: 1.3167, Avg Loss Depth: 0.3057

==================================================
Epoch 108/200
==================================================
Epoch [108] Batch [0/33] Loss_RGB: 1.3009 Loss_Depth: 0.3017
Epoch 108 - Avg Loss RGB: 1.3165, Avg Loss Depth: 0.3056

==================================================
Epoch 109/200
==================================================
Epoch [109] Batch [0/33] Loss_RGB: 1.3028 Loss_Depth: 0.3009
Epoch 109 - Avg Loss RGB: 1.3163, Avg Loss Depth: 0.3056

==================================================
Epoch 110/200
==================================================
Epoch [110] Batch [0/33] Loss_RGB: 1.3017 Loss_Depth: 0.3146
Epoch 110 - Avg Loss RGB: 1.3159, Avg Loss Depth: 0.3054
Epoch 110 - Val Loss RGB: 1.3306, Val Loss Depth: 0.0000, Total: 1.3306
Saved best model to outputs/rail_ablation/depth_norm/Cam4/zscore/20260503_195951_cam4_bs32_lr0.005_img512_ratio1.0/best_cam4.pth

==================================================
Epoch 111/200
==================================================
Epoch [111] Batch [0/33] Loss_RGB: 1.3006 Loss_Depth: 0.3119
Epoch 111 - Avg Loss RGB: 1.3149, Avg Loss Depth: 0.3056

==================================================
Epoch 112/200
==================================================
Epoch [112] Batch [0/33] Loss_RGB: 1.3380 Loss_Depth: 0.3060
Epoch 112 - Avg Loss RGB: 1.3162, Avg Loss Depth: 0.3055

==================================================
Epoch 113/200
==================================================
Epoch [113] Batch [0/33] Loss_RGB: 1.3010 Loss_Depth: 0.3041
Epoch 113 - Avg Loss RGB: 1.3152, Avg Loss Depth: 0.3055

==================================================
Epoch 114/200
==================================================
Epoch [114] Batch [0/33] Loss_RGB: 1.3127 Loss_Depth: 0.3057
Epoch 114 - Avg Loss RGB: 1.3144, Avg Loss Depth: 0.3055

==================================================
Epoch 115/200
==================================================
Epoch [115] Batch [0/33] Loss_RGB: 1.2967 Loss_Depth: 0.3026
Epoch 115 - Avg Loss RGB: 1.3150, Avg Loss Depth: 0.3055
Epoch 115 - Val Loss RGB: 1.3299, Val Loss Depth: 0.0000, Total: 1.3299
Saved best model to outputs/rail_ablation/depth_norm/Cam4/zscore/20260503_195951_cam4_bs32_lr0.005_img512_ratio1.0/best_cam4.pth

==================================================
Epoch 116/200
==================================================
Epoch [116] Batch [0/33] Loss_RGB: 1.3096 Loss_Depth: 0.3036
Epoch 116 - Avg Loss RGB: 1.3148, Avg Loss Depth: 0.3055

==================================================
Epoch 117/200
==================================================
Epoch [117] Batch [0/33] Loss_RGB: 1.3318 Loss_Depth: 0.3121
Epoch 117 - Avg Loss RGB: 1.3139, Avg Loss Depth: 0.3053

==================================================
Epoch 118/200
==================================================
Epoch [118] Batch [0/33] Loss_RGB: 1.3125 Loss_Depth: 0.3073
Epoch 118 - Avg Loss RGB: 1.3146, Avg Loss Depth: 0.3054

==================================================
Epoch 119/200
==================================================
Epoch [119] Batch [0/33] Loss_RGB: 1.3176 Loss_Depth: 0.3116
Epoch 119 - Avg Loss RGB: 1.3142, Avg Loss Depth: 0.3052

==================================================
Epoch 120/200
==================================================
Epoch [120] Batch [0/33] Loss_RGB: 1.2974 Loss_Depth: 0.3048
Epoch 120 - Avg Loss RGB: 1.3140, Avg Loss Depth: 0.3054
Epoch 120 - Val Loss RGB: 1.3294, Val Loss Depth: 0.0000, Total: 1.3294
Saved best model to outputs/rail_ablation/depth_norm/Cam4/zscore/20260503_195951_cam4_bs32_lr0.005_img512_ratio1.0/best_cam4.pth

==================================================
Epoch 121/200
==================================================
Epoch [121] Batch [0/33] Loss_RGB: 1.3219 Loss_Depth: 0.3054
Epoch 121 - Avg Loss RGB: 1.3140, Avg Loss Depth: 0.3053

==================================================
Epoch 122/200
==================================================
Epoch [122] Batch [0/33] Loss_RGB: 1.3044 Loss_Depth: 0.3008
Epoch 122 - Avg Loss RGB: 1.3136, Avg Loss Depth: 0.3053

==================================================
Epoch 123/200
==================================================
Epoch [123] Batch [0/33] Loss_RGB: 1.3107 Loss_Depth: 0.3037
Epoch 123 - Avg Loss RGB: 1.3132, Avg Loss Depth: 0.3051

==================================================
Epoch 124/200
==================================================
Epoch [124] Batch [0/33] Loss_RGB: 1.3132 Loss_Depth: 0.3059
Epoch 124 - Avg Loss RGB: 1.3138, Avg Loss Depth: 0.3052

==================================================
Epoch 125/200
==================================================
Epoch [125] Batch [0/33] Loss_RGB: 1.3004 Loss_Depth: 0.3047
Epoch 125 - Avg Loss RGB: 1.3137, Avg Loss Depth: 0.3049
Epoch 125 - Val Loss RGB: 1.3298, Val Loss Depth: 0.0000, Total: 1.3298
No improvement for 1 evaluation(s)

==================================================
Epoch 126/200
==================================================
Epoch [126] Batch [0/33] Loss_RGB: 1.3114 Loss_Depth: 0.3041
Epoch 126 - Avg Loss RGB: 1.3129, Avg Loss Depth: 0.3049

==================================================
Epoch 127/200
==================================================
Epoch [127] Batch [0/33] Loss_RGB: 1.3127 Loss_Depth: 0.3114
Epoch 127 - Avg Loss RGB: 1.3133, Avg Loss Depth: 0.3046

==================================================
Epoch 128/200
==================================================
Epoch [128] Batch [0/33] Loss_RGB: 1.3374 Loss_Depth: 0.3046
Epoch 128 - Avg Loss RGB: 1.3129, Avg Loss Depth: 0.3049

==================================================
Epoch 129/200
==================================================
Epoch [129] Batch [0/33] Loss_RGB: 1.3247 Loss_Depth: 0.3062
Epoch 129 - Avg Loss RGB: 1.3129, Avg Loss Depth: 0.3050

==================================================
Epoch 130/200
==================================================
Epoch [130] Batch [0/33] Loss_RGB: 1.3041 Loss_Depth: 0.3110
Epoch 130 - Avg Loss RGB: 1.3141, Avg Loss Depth: 0.3050
Epoch 130 - Val Loss RGB: 1.3286, Val Loss Depth: 0.0000, Total: 1.3286
Saved best model to outputs/rail_ablation/depth_norm/Cam4/zscore/20260503_195951_cam4_bs32_lr0.005_img512_ratio1.0/best_cam4.pth

==================================================
Epoch 131/200
==================================================
Epoch [131] Batch [0/33] Loss_RGB: 1.3183 Loss_Depth: 0.3177
Epoch 131 - Avg Loss RGB: 1.3141, Avg Loss Depth: 0.3049

==================================================
Epoch 132/200
==================================================
Epoch [132] Batch [0/33] Loss_RGB: 1.2931 Loss_Depth: 0.3008
Epoch 132 - Avg Loss RGB: 1.3134, Avg Loss Depth: 0.3047

==================================================
Epoch 133/200
==================================================
Epoch [133] Batch [0/33] Loss_RGB: 1.2995 Loss_Depth: 0.3017
Epoch 133 - Avg Loss RGB: 1.3134, Avg Loss Depth: 0.3048

==================================================
Epoch 134/200
==================================================
Epoch [134] Batch [0/33] Loss_RGB: 1.3267 Loss_Depth: 0.3165
Epoch 134 - Avg Loss RGB: 1.3131, Avg Loss Depth: 0.3047

==================================================
Epoch 135/200
==================================================
Epoch [135] Batch [0/33] Loss_RGB: 1.3248 Loss_Depth: 0.3050
Epoch 135 - Avg Loss RGB: 1.3133, Avg Loss Depth: 0.3046
Epoch 135 - Val Loss RGB: 1.3283, Val Loss Depth: 0.0000, Total: 1.3283
Saved best model to outputs/rail_ablation/depth_norm/Cam4/zscore/20260503_195951_cam4_bs32_lr0.005_img512_ratio1.0/best_cam4.pth

==================================================
Epoch 136/200
==================================================
Epoch [136] Batch [0/33] Loss_RGB: 1.3420 Loss_Depth: 0.3019
Epoch 136 - Avg Loss RGB: 1.3133, Avg Loss Depth: 0.3047

==================================================
Epoch 137/200
==================================================
Epoch [137] Batch [0/33] Loss_RGB: 1.3163 Loss_Depth: 0.3034
Epoch 137 - Avg Loss RGB: 1.3122, Avg Loss Depth: 0.3048

==================================================
Epoch 138/200
==================================================
Epoch [138] Batch [0/33] Loss_RGB: 1.3412 Loss_Depth: 0.3015
Epoch 138 - Avg Loss RGB: 1.3130, Avg Loss Depth: 0.3046

==================================================
Epoch 139/200
==================================================
Epoch [139] Batch [0/33] Loss_RGB: 1.3435 Loss_Depth: 0.3075
Epoch 139 - Avg Loss RGB: 1.3127, Avg Loss Depth: 0.3046

==================================================
Epoch 140/200
==================================================
Epoch [140] Batch [0/33] Loss_RGB: 1.3179 Loss_Depth: 0.3009
Epoch 140 - Avg Loss RGB: 1.3131, Avg Loss Depth: 0.3046
Epoch 140 - Val Loss RGB: 1.3287, Val Loss Depth: 0.0000, Total: 1.3287
No improvement for 1 evaluation(s)

==================================================
Epoch 141/200
==================================================
Epoch [141] Batch [0/33] Loss_RGB: 1.3050 Loss_Depth: 0.3038
Epoch 141 - Avg Loss RGB: 1.3122, Avg Loss Depth: 0.3045

==================================================
Epoch 142/200
==================================================
Epoch [142] Batch [0/33] Loss_RGB: 1.3224 Loss_Depth: 0.3043
Epoch 142 - Avg Loss RGB: 1.3135, Avg Loss Depth: 0.3044

==================================================
Epoch 143/200
==================================================
Epoch [143] Batch [0/33] Loss_RGB: 1.3060 Loss_Depth: 0.3085
Epoch 143 - Avg Loss RGB: 1.3131, Avg Loss Depth: 0.3045

==================================================
Epoch 144/200
==================================================
Epoch [144] Batch [0/33] Loss_RGB: 1.3062 Loss_Depth: 0.3083
Epoch 144 - Avg Loss RGB: 1.3114, Avg Loss Depth: 0.3042

==================================================
Epoch 145/200
==================================================
Epoch [145] Batch [0/33] Loss_RGB: 1.2893 Loss_Depth: 0.3059
Epoch 145 - Avg Loss RGB: 1.3118, Avg Loss Depth: 0.3044
Epoch 145 - Val Loss RGB: 1.3279, Val Loss Depth: 0.0000, Total: 1.3279
Saved best model to outputs/rail_ablation/depth_norm/Cam4/zscore/20260503_195951_cam4_bs32_lr0.005_img512_ratio1.0/best_cam4.pth

==================================================
Epoch 146/200
==================================================
Epoch [146] Batch [0/33] Loss_RGB: 1.3309 Loss_Depth: 0.3000
Epoch 146 - Avg Loss RGB: 1.3118, Avg Loss Depth: 0.3045

==================================================
Epoch 147/200
==================================================
Epoch [147] Batch [0/33] Loss_RGB: 1.3162 Loss_Depth: 0.3116
Epoch 147 - Avg Loss RGB: 1.3118, Avg Loss Depth: 0.3045

==================================================
Epoch 148/200
==================================================
Epoch [148] Batch [0/33] Loss_RGB: 1.3091 Loss_Depth: 0.3068
Epoch 148 - Avg Loss RGB: 1.3121, Avg Loss Depth: 0.3044

==================================================
Epoch 149/200
==================================================
Epoch [149] Batch [0/33] Loss_RGB: 1.3185 Loss_Depth: 0.3010
Epoch 149 - Avg Loss RGB: 1.3118, Avg Loss Depth: 0.3044

==================================================
Epoch 150/200
==================================================
Epoch [150] Batch [0/33] Loss_RGB: 1.3117 Loss_Depth: 0.3141
Epoch 150 - Avg Loss RGB: 1.3122, Avg Loss Depth: 0.3044
Epoch 150 - Val Loss RGB: 1.3281, Val Loss Depth: 0.0000, Total: 1.3281
No improvement for 1 evaluation(s)

==================================================
Epoch 151/200
==================================================
Epoch [151] Batch [0/33] Loss_RGB: 1.3167 Loss_Depth: 0.3055
Epoch 151 - Avg Loss RGB: 1.3122, Avg Loss Depth: 0.3042

==================================================
Epoch 152/200
==================================================
Epoch [152] Batch [0/33] Loss_RGB: 1.3231 Loss_Depth: 0.3041
Epoch 152 - Avg Loss RGB: 1.3119, Avg Loss Depth: 0.3044

==================================================
Epoch 153/200
==================================================
Epoch [153] Batch [0/33] Loss_RGB: 1.3091 Loss_Depth: 0.3068
Epoch 153 - Avg Loss RGB: 1.3127, Avg Loss Depth: 0.3044

==================================================
Epoch 154/200
==================================================
Epoch [154] Batch [0/33] Loss_RGB: 1.3069 Loss_Depth: 0.3070
Epoch 154 - Avg Loss RGB: 1.3119, Avg Loss Depth: 0.3043

==================================================
Epoch 155/200
==================================================
Epoch [155] Batch [0/33] Loss_RGB: 1.3407 Loss_Depth: 0.3011
Epoch 155 - Avg Loss RGB: 1.3116, Avg Loss Depth: 0.3050
Epoch 155 - Val Loss RGB: 1.3277, Val Loss Depth: 0.0000, Total: 1.3277
Saved best model to outputs/rail_ablation/depth_norm/Cam4/zscore/20260503_195951_cam4_bs32_lr0.005_img512_ratio1.0/best_cam4.pth

==================================================
Epoch 156/200
==================================================
Epoch [156] Batch [0/33] Loss_RGB: 1.3154 Loss_Depth: 0.3000
Epoch 156 - Avg Loss RGB: 1.3118, Avg Loss Depth: 0.3048

==================================================
Epoch 157/200
==================================================
Epoch [157] Batch [0/33] Loss_RGB: 1.3147 Loss_Depth: 0.3108
Epoch 157 - Avg Loss RGB: 1.3118, Avg Loss Depth: 0.3042

==================================================
Epoch 158/200
==================================================
Epoch [158] Batch [0/33] Loss_RGB: 1.3033 Loss_Depth: 0.3025
Epoch 158 - Avg Loss RGB: 1.3130, Avg Loss Depth: 0.3043

==================================================
Epoch 159/200
==================================================
Epoch [159] Batch [0/33] Loss_RGB: 1.3085 Loss_Depth: 0.3077
Epoch 159 - Avg Loss RGB: 1.3112, Avg Loss Depth: 0.3043

==================================================
Epoch 160/200
==================================================
Epoch [160] Batch [0/33] Loss_RGB: 1.2992 Loss_Depth: 0.3028
Epoch 160 - Avg Loss RGB: 1.3116, Avg Loss Depth: 0.3042
Epoch 160 - Val Loss RGB: 1.3274, Val Loss Depth: 0.0000, Total: 1.3274
Saved best model to outputs/rail_ablation/depth_norm/Cam4/zscore/20260503_195951_cam4_bs32_lr0.005_img512_ratio1.0/best_cam4.pth

==================================================
Epoch 161/200
==================================================
Epoch [161] Batch [0/33] Loss_RGB: 1.3173 Loss_Depth: 0.3084
Epoch 161 - Avg Loss RGB: 1.3114, Avg Loss Depth: 0.3044

==================================================
Epoch 162/200
==================================================
Epoch [162] Batch [0/33] Loss_RGB: 1.3193 Loss_Depth: 0.2995
Epoch 162 - Avg Loss RGB: 1.3121, Avg Loss Depth: 0.3044

==================================================
Epoch 163/200
==================================================
Epoch [163] Batch [0/33] Loss_RGB: 1.3241 Loss_Depth: 0.3029
Epoch 163 - Avg Loss RGB: 1.3125, Avg Loss Depth: 0.3043

==================================================
Epoch 164/200
==================================================
Epoch [164] Batch [0/33] Loss_RGB: 1.3021 Loss_Depth: 0.3162
Epoch 164 - Avg Loss RGB: 1.3121, Avg Loss Depth: 0.3044

==================================================
Epoch 165/200
==================================================
Epoch [165] Batch [0/33] Loss_RGB: 1.2872 Loss_Depth: 0.2995
Epoch 165 - Avg Loss RGB: 1.3113, Avg Loss Depth: 0.3044
Epoch 165 - Val Loss RGB: 1.3292, Val Loss Depth: 0.0000, Total: 1.3292
No improvement for 1 evaluation(s)

==================================================
Epoch 166/200
==================================================
Epoch [166] Batch [0/33] Loss_RGB: 1.3250 Loss_Depth: 0.3014
Epoch 166 - Avg Loss RGB: 1.3115, Avg Loss Depth: 0.3044

==================================================
Epoch 167/200
==================================================
Epoch [167] Batch [0/33] Loss_RGB: 1.3264 Loss_Depth: 0.3009
Epoch 167 - Avg Loss RGB: 1.3119, Avg Loss Depth: 0.3043

==================================================
Epoch 168/200
==================================================
Epoch [168] Batch [0/33] Loss_RGB: 1.3181 Loss_Depth: 0.3084
Epoch 168 - Avg Loss RGB: 1.3125, Avg Loss Depth: 0.3041

==================================================
Epoch 169/200
==================================================
Epoch [169] Batch [0/33] Loss_RGB: 1.2871 Loss_Depth: 0.3014
Epoch 169 - Avg Loss RGB: 1.3105, Avg Loss Depth: 0.3042

==================================================
Epoch 170/200
==================================================
Epoch [170] Batch [0/33] Loss_RGB: 1.2984 Loss_Depth: 0.3043
Epoch 170 - Avg Loss RGB: 1.3113, Avg Loss Depth: 0.3043
Epoch 170 - Val Loss RGB: 1.3277, Val Loss Depth: 0.0000, Total: 1.3277
No improvement for 2 evaluation(s)

==================================================
Epoch 171/200
==================================================
Epoch [171] Batch [0/33] Loss_RGB: 1.2981 Loss_Depth: 0.3000
Epoch 171 - Avg Loss RGB: 1.3123, Avg Loss Depth: 0.3043

==================================================
Epoch 172/200
==================================================
Epoch [172] Batch [0/33] Loss_RGB: 1.3133 Loss_Depth: 0.3072
Epoch 172 - Avg Loss RGB: 1.3113, Avg Loss Depth: 0.3041

==================================================
Epoch 173/200
==================================================
Epoch [173] Batch [0/33] Loss_RGB: 1.3127 Loss_Depth: 0.3070
Epoch 173 - Avg Loss RGB: 1.3119, Avg Loss Depth: 0.3041

==================================================
Epoch 174/200
==================================================
Epoch [174] Batch [0/33] Loss_RGB: 1.3286 Loss_Depth: 0.3061
Epoch 174 - Avg Loss RGB: 1.3114, Avg Loss Depth: 0.3043

==================================================
Epoch 175/200
==================================================
Epoch [175] Batch [0/33] Loss_RGB: 1.3071 Loss_Depth: 0.3087
Epoch 175 - Avg Loss RGB: 1.3116, Avg Loss Depth: 0.3043
Epoch 175 - Val Loss RGB: 1.3275, Val Loss Depth: 0.0000, Total: 1.3275
No improvement for 3 evaluation(s)

==================================================
Epoch 176/200
==================================================
Epoch [176] Batch [0/33] Loss_RGB: 1.2993 Loss_Depth: 0.3058
Epoch 176 - Avg Loss RGB: 1.3121, Avg Loss Depth: 0.3041

==================================================
Epoch 177/200
==================================================
Epoch [177] Batch [0/33] Loss_RGB: 1.2943 Loss_Depth: 0.3055
Epoch 177 - Avg Loss RGB: 1.3113, Avg Loss Depth: 0.3041

==================================================
Epoch 178/200
==================================================
Epoch [178] Batch [0/33] Loss_RGB: 1.3137 Loss_Depth: 0.3002
Epoch 178 - Avg Loss RGB: 1.3112, Avg Loss Depth: 0.3043

==================================================
Epoch 179/200
==================================================
Epoch [179] Batch [0/33] Loss_RGB: 1.2932 Loss_Depth: 0.3124
Epoch 179 - Avg Loss RGB: 1.3112, Avg Loss Depth: 0.3043

==================================================
Epoch 180/200
==================================================
Epoch [180] Batch [0/33] Loss_RGB: 1.3266 Loss_Depth: 0.3020
Epoch 180 - Avg Loss RGB: 1.3115, Avg Loss Depth: 0.3039
Epoch 180 - Val Loss RGB: 1.3277, Val Loss Depth: 0.0000, Total: 1.3277
No improvement for 4 evaluation(s)

==================================================
Epoch 181/200
==================================================
Epoch [181] Batch [0/33] Loss_RGB: 1.3137 Loss_Depth: 0.3043
Epoch 181 - Avg Loss RGB: 1.3107, Avg Loss Depth: 0.3040

==================================================
Epoch 182/200
==================================================
Epoch [182] Batch [0/33] Loss_RGB: 1.3361 Loss_Depth: 0.3031
Epoch 182 - Avg Loss RGB: 1.3115, Avg Loss Depth: 0.3042

==================================================
Epoch 183/200
==================================================
Epoch [183] Batch [0/33] Loss_RGB: 1.3092 Loss_Depth: 0.3029
Epoch 183 - Avg Loss RGB: 1.3122, Avg Loss Depth: 0.3044

==================================================
Epoch 184/200
==================================================
Epoch [184] Batch [0/33] Loss_RGB: 1.2899 Loss_Depth: 0.2978
Epoch 184 - Avg Loss RGB: 1.3121, Avg Loss Depth: 0.3043

==================================================
Epoch 185/200
==================================================
Epoch [185] Batch [0/33] Loss_RGB: 1.3199 Loss_Depth: 0.2994
Epoch 185 - Avg Loss RGB: 1.3119, Avg Loss Depth: 0.3038
Epoch 185 - Val Loss RGB: 1.3273, Val Loss Depth: 0.0000, Total: 1.3273
Saved best model to outputs/rail_ablation/depth_norm/Cam4/zscore/20260503_195951_cam4_bs32_lr0.005_img512_ratio1.0/best_cam4.pth

==================================================
Epoch 186/200
==================================================
Epoch [186] Batch [0/33] Loss_RGB: 1.3131 Loss_Depth: 0.3090
Epoch 186 - Avg Loss RGB: 1.3111, Avg Loss Depth: 0.3039

==================================================
Epoch 187/200
==================================================
Epoch [187] Batch [0/33] Loss_RGB: 1.3304 Loss_Depth: 0.3047
Epoch 187 - Avg Loss RGB: 1.3110, Avg Loss Depth: 0.3042

==================================================
Epoch 188/200
==================================================
Epoch [188] Batch [0/33] Loss_RGB: 1.3010 Loss_Depth: 0.3142
Epoch 188 - Avg Loss RGB: 1.3117, Avg Loss Depth: 0.3044

==================================================
Epoch 189/200
==================================================
Epoch [189] Batch [0/33] Loss_RGB: 1.3027 Loss_Depth: 0.3055
Epoch 189 - Avg Loss RGB: 1.3129, Avg Loss Depth: 0.3043

==================================================
Epoch 190/200
==================================================
Epoch [190] Batch [0/33] Loss_RGB: 1.3171 Loss_Depth: 0.2989
Epoch 190 - Avg Loss RGB: 1.3121, Avg Loss Depth: 0.3043
Epoch 190 - Val Loss RGB: 1.3278, Val Loss Depth: 0.0000, Total: 1.3278
No improvement for 1 evaluation(s)

==================================================
Epoch 191/200
==================================================
Epoch [191] Batch [0/33] Loss_RGB: 1.3271 Loss_Depth: 0.3027
Epoch 191 - Avg Loss RGB: 1.3116, Avg Loss Depth: 0.3042

==================================================
Epoch 192/200
==================================================
Epoch [192] Batch [0/33] Loss_RGB: 1.3310 Loss_Depth: 0.2980
Epoch 192 - Avg Loss RGB: 1.3111, Avg Loss Depth: 0.3043

==================================================
Epoch 193/200
==================================================
Epoch [193] Batch [0/33] Loss_RGB: 1.3141 Loss_Depth: 0.3070
Epoch 193 - Avg Loss RGB: 1.3114, Avg Loss Depth: 0.3046

==================================================
Epoch 194/200
==================================================
Epoch [194] Batch [0/33] Loss_RGB: 1.3050 Loss_Depth: 0.3015
Epoch 194 - Avg Loss RGB: 1.3115, Avg Loss Depth: 0.3041

==================================================
Epoch 195/200
==================================================
Epoch [195] Batch [0/33] Loss_RGB: 1.3101 Loss_Depth: 0.3070
Epoch 195 - Avg Loss RGB: 1.3116, Avg Loss Depth: 0.3043
Epoch 195 - Val Loss RGB: 1.3272, Val Loss Depth: 0.0000, Total: 1.3272
Saved best model to outputs/rail_ablation/depth_norm/Cam4/zscore/20260503_195951_cam4_bs32_lr0.005_img512_ratio1.0/best_cam4.pth

==================================================
Epoch 196/200
==================================================
Epoch [196] Batch [0/33] Loss_RGB: 1.2955 Loss_Depth: 0.3077
Epoch 196 - Avg Loss RGB: 1.3115, Avg Loss Depth: 0.3042

==================================================
Epoch 197/200
==================================================
Epoch [197] Batch [0/33] Loss_RGB: 1.3284 Loss_Depth: 0.3022
Epoch 197 - Avg Loss RGB: 1.3111, Avg Loss Depth: 0.3042

==================================================
Epoch 198/200
==================================================
Epoch [198] Batch [0/33] Loss_RGB: 1.3071 Loss_Depth: 0.3062
Epoch 198 - Avg Loss RGB: 1.3119, Avg Loss Depth: 0.3043

==================================================
Epoch 199/200
==================================================
Epoch [199] Batch [0/33] Loss_RGB: 1.3033 Loss_Depth: 0.3131
Epoch 199 - Avg Loss RGB: 1.3126, Avg Loss Depth: 0.3043

==================================================
Epoch 200/200
==================================================
Epoch [200] Batch [0/33] Loss_RGB: 1.3290 Loss_Depth: 0.3082
Epoch 200 - Avg Loss RGB: 1.3121, Avg Loss Depth: 0.3040
Epoch 200 - Val Loss RGB: 1.3284, Val Loss Depth: 0.0000, Total: 1.3284
No improvement for 1 evaluation(s)

Training finished! Best Val Loss: 1.3272

==================================================
Final Result - Cam 4
  Best epoch: 195
  Best Val Loss: 1.3272
  Test AUROC: 0.4250
  Model: outputs/rail_ablation/depth_norm/Cam4/zscore/20260503_195951_cam4_bs32_lr0.005_img512_ratio1.0/best_cam4.pth
==================================================
