Training started at 20260501_005804
Args: Namespace(train_root='/data1/Leaddo_data/20260327-resize512', test_root='/home/root123/LF/WYM/SteelRailWay/rail_mvtec_gt_test', view_id=3, img_size=512, depth_norm='zscore', use_patch=False, patch_size=900, patch_stride=850, test_use_patch=True, test_patch_size=900, test_patch_stride=850, train_sample_ratio=1.0, train_sample_num=1200, random_seed_sample=42, train_val_test_split=[0.9, 0.1, 0.0], sampling_mode='uniform_time', preload=True, preload_workers=16, batch_size=32, epochs=100, lr=0.005, eval_interval=5, num_workers=8, seed=42, device='cuda:0', save_dir='./outputs/rail_all', precision='bf16', channels_last=True, compile=True)


==================================================
Epoch 1/100
==================================================
Epoch [1] Batch [0/33] Loss_RGB: 7.9546 Loss_Depth: 7.6356
Epoch 1 - Avg Loss RGB: 4.1968, Avg Loss Depth: 2.8963

==================================================
Epoch 2/100
==================================================
Epoch [2] Batch [0/33] Loss_RGB: 2.8823 Loss_Depth: 1.3832
Epoch 2 - Avg Loss RGB: 2.4254, Avg Loss Depth: 0.8848

==================================================
Epoch 3/100
==================================================
Epoch [3] Batch [0/33] Loss_RGB: 2.2264 Loss_Depth: 0.5708
Epoch 3 - Avg Loss RGB: 2.0790, Avg Loss Depth: 0.5026

==================================================
Epoch 4/100
==================================================
Epoch [4] Batch [0/33] Loss_RGB: 2.0086 Loss_Depth: 0.4624
Epoch 4 - Avg Loss RGB: 1.9487, Avg Loss Depth: 0.4129

==================================================
Epoch 5/100
==================================================
Epoch [5] Batch [0/33] Loss_RGB: 1.8638 Loss_Depth: 0.3868
Epoch 5 - Avg Loss RGB: 1.8576, Avg Loss Depth: 0.3632
Epoch 5 - Val Loss RGB: 1.8466, Val Loss Depth: 0.0000, Total: 1.8466
Saved best model to ./outputs/rail_all/20260501_005804_cam3_bs32_lr0.005_img512_ratio1.0/best_cam3.pth

==================================================
Epoch 6/100
==================================================
Epoch [6] Batch [0/33] Loss_RGB: 1.8551 Loss_Depth: 0.3754
Epoch 6 - Avg Loss RGB: 1.7904, Avg Loss Depth: 0.3388

==================================================
Epoch 7/100
==================================================
Epoch [7] Batch [0/33] Loss_RGB: 1.7424 Loss_Depth: 0.3189
Epoch 7 - Avg Loss RGB: 1.7424, Avg Loss Depth: 0.3146

==================================================
Epoch 8/100
==================================================
Epoch [8] Batch [0/33] Loss_RGB: 1.6816 Loss_Depth: 0.2869
Epoch 8 - Avg Loss RGB: 1.7038, Avg Loss Depth: 0.3013

==================================================
Epoch 9/100
==================================================
Epoch [9] Batch [0/33] Loss_RGB: 1.6912 Loss_Depth: 0.3229
Epoch 9 - Avg Loss RGB: 1.6672, Avg Loss Depth: 0.2930

==================================================
Epoch 10/100
==================================================
Epoch [10] Batch [0/33] Loss_RGB: 1.6502 Loss_Depth: 0.2907
Epoch 10 - Avg Loss RGB: 1.6345, Avg Loss Depth: 0.2851
Epoch 10 - Val Loss RGB: 1.6399, Val Loss Depth: 0.0000, Total: 1.6399
Saved best model to ./outputs/rail_all/20260501_005804_cam3_bs32_lr0.005_img512_ratio1.0/best_cam3.pth

==================================================
Epoch 11/100
==================================================
Epoch [11] Batch [0/33] Loss_RGB: 1.6402 Loss_Depth: 0.2902
Epoch 11 - Avg Loss RGB: 1.6082, Avg Loss Depth: 0.2778

==================================================
Epoch 12/100
==================================================
Epoch [12] Batch [0/33] Loss_RGB: 1.6237 Loss_Depth: 0.3081
Epoch 12 - Avg Loss RGB: 1.5814, Avg Loss Depth: 0.2737

==================================================
Epoch 13/100
==================================================
Epoch [13] Batch [0/33] Loss_RGB: 1.5750 Loss_Depth: 0.2528
Epoch 13 - Avg Loss RGB: 1.5585, Avg Loss Depth: 0.2682

==================================================
Epoch 14/100
==================================================
Epoch [14] Batch [0/33] Loss_RGB: 1.5349 Loss_Depth: 0.2564
Epoch 14 - Avg Loss RGB: 1.5362, Avg Loss Depth: 0.2643

==================================================
Epoch 15/100
==================================================
Epoch [15] Batch [0/33] Loss_RGB: 1.5259 Loss_Depth: 0.2523
Epoch 15 - Avg Loss RGB: 1.5248, Avg Loss Depth: 0.2597
Epoch 15 - Val Loss RGB: 1.5344, Val Loss Depth: 0.0000, Total: 1.5344
Saved best model to ./outputs/rail_all/20260501_005804_cam3_bs32_lr0.005_img512_ratio1.0/best_cam3.pth

==================================================
Epoch 16/100
==================================================
Epoch [16] Batch [0/33] Loss_RGB: 1.5465 Loss_Depth: 0.2671
Epoch 16 - Avg Loss RGB: 1.5094, Avg Loss Depth: 0.2553

==================================================
Epoch 17/100
==================================================
Epoch [17] Batch [0/33] Loss_RGB: 1.4629 Loss_Depth: 0.2575
Epoch 17 - Avg Loss RGB: 1.4946, Avg Loss Depth: 0.2515

==================================================
Epoch 18/100
==================================================
Epoch [18] Batch [0/33] Loss_RGB: 1.4638 Loss_Depth: 0.2423
Epoch 18 - Avg Loss RGB: 1.4857, Avg Loss Depth: 0.2490

==================================================
Epoch 19/100
==================================================
Epoch [19] Batch [0/33] Loss_RGB: 1.4843 Loss_Depth: 0.2499
Epoch 19 - Avg Loss RGB: 1.4713, Avg Loss Depth: 0.2407

==================================================
Epoch 20/100
==================================================
Epoch [20] Batch [0/33] Loss_RGB: 1.4549 Loss_Depth: 0.2342
Epoch 20 - Avg Loss RGB: 1.4590, Avg Loss Depth: 0.2321
Epoch 20 - Val Loss RGB: 1.4625, Val Loss Depth: 0.0000, Total: 1.4625
Saved best model to ./outputs/rail_all/20260501_005804_cam3_bs32_lr0.005_img512_ratio1.0/best_cam3.pth

==================================================
Epoch 21/100
==================================================
Epoch [21] Batch [0/33] Loss_RGB: 1.4482 Loss_Depth: 0.2288
Epoch 21 - Avg Loss RGB: 1.4442, Avg Loss Depth: 0.2252

==================================================
Epoch 22/100
==================================================
Epoch [22] Batch [0/33] Loss_RGB: 1.4547 Loss_Depth: 0.2202
Epoch 22 - Avg Loss RGB: 1.4333, Avg Loss Depth: 0.2244

==================================================
Epoch 23/100
==================================================
Epoch [23] Batch [0/33] Loss_RGB: 1.4106 Loss_Depth: 0.2301
Epoch 23 - Avg Loss RGB: 1.4263, Avg Loss Depth: 0.2228

==================================================
Epoch 24/100
==================================================
Epoch [24] Batch [0/33] Loss_RGB: 1.4247 Loss_Depth: 0.2138
Epoch 24 - Avg Loss RGB: 1.4140, Avg Loss Depth: 0.2196

==================================================
Epoch 25/100
==================================================
Epoch [25] Batch [0/33] Loss_RGB: 1.4203 Loss_Depth: 0.2202
Epoch 25 - Avg Loss RGB: 1.4023, Avg Loss Depth: 0.2180
Epoch 25 - Val Loss RGB: 1.4139, Val Loss Depth: 0.0000, Total: 1.4139
Saved best model to ./outputs/rail_all/20260501_005804_cam3_bs32_lr0.005_img512_ratio1.0/best_cam3.pth

==================================================
Epoch 26/100
==================================================
Epoch [26] Batch [0/33] Loss_RGB: 1.3877 Loss_Depth: 0.2264
Epoch 26 - Avg Loss RGB: 1.3909, Avg Loss Depth: 0.2167

==================================================
Epoch 27/100
==================================================
Epoch [27] Batch [0/33] Loss_RGB: 1.3559 Loss_Depth: 0.2159
Epoch 27 - Avg Loss RGB: 1.3780, Avg Loss Depth: 0.2162

==================================================
Epoch 28/100
==================================================
Epoch [28] Batch [0/33] Loss_RGB: 1.3815 Loss_Depth: 0.2176
Epoch 28 - Avg Loss RGB: 1.3665, Avg Loss Depth: 0.2140

==================================================
Epoch 29/100
==================================================
Epoch [29] Batch [0/33] Loss_RGB: 1.3962 Loss_Depth: 0.2345
Epoch 29 - Avg Loss RGB: 1.3609, Avg Loss Depth: 0.2131

==================================================
Epoch 30/100
==================================================
Epoch [30] Batch [0/33] Loss_RGB: 1.3321 Loss_Depth: 0.2529
Epoch 30 - Avg Loss RGB: 1.3537, Avg Loss Depth: 0.2109
Epoch 30 - Val Loss RGB: 1.3628, Val Loss Depth: 0.0000, Total: 1.3628
Saved best model to ./outputs/rail_all/20260501_005804_cam3_bs32_lr0.005_img512_ratio1.0/best_cam3.pth

==================================================
Epoch 31/100
==================================================
Epoch [31] Batch [0/33] Loss_RGB: 1.3461 Loss_Depth: 0.2148
Epoch 31 - Avg Loss RGB: 1.3476, Avg Loss Depth: 0.2104

==================================================
Epoch 32/100
==================================================
Epoch [32] Batch [0/33] Loss_RGB: 1.3433 Loss_Depth: 0.2174
Epoch 32 - Avg Loss RGB: 1.3419, Avg Loss Depth: 0.2092

==================================================
Epoch 33/100
==================================================
Epoch [33] Batch [0/33] Loss_RGB: 1.3286 Loss_Depth: 0.2051
Epoch 33 - Avg Loss RGB: 1.3384, Avg Loss Depth: 0.2080

==================================================
Epoch 34/100
==================================================
Epoch [34] Batch [0/33] Loss_RGB: 1.3161 Loss_Depth: 0.2053
Epoch 34 - Avg Loss RGB: 1.3312, Avg Loss Depth: 0.2072

==================================================
Epoch 35/100
==================================================
Epoch [35] Batch [0/33] Loss_RGB: 1.3365 Loss_Depth: 0.1975
Epoch 35 - Avg Loss RGB: 1.3252, Avg Loss Depth: 0.2063
Epoch 35 - Val Loss RGB: 1.3325, Val Loss Depth: 0.0000, Total: 1.3325
Saved best model to ./outputs/rail_all/20260501_005804_cam3_bs32_lr0.005_img512_ratio1.0/best_cam3.pth

==================================================
Epoch 36/100
==================================================
Epoch [36] Batch [0/33] Loss_RGB: 1.3357 Loss_Depth: 0.2055
Epoch 36 - Avg Loss RGB: 1.3217, Avg Loss Depth: 0.2057

==================================================
Epoch 37/100
==================================================
Epoch [37] Batch [0/33] Loss_RGB: 1.3196 Loss_Depth: 0.1954
Epoch 37 - Avg Loss RGB: 1.3167, Avg Loss Depth: 0.2051

==================================================
Epoch 38/100
==================================================
Epoch [38] Batch [0/33] Loss_RGB: 1.3325 Loss_Depth: 0.2052
Epoch 38 - Avg Loss RGB: 1.3120, Avg Loss Depth: 0.2043

==================================================
Epoch 39/100
==================================================
Epoch [39] Batch [0/33] Loss_RGB: 1.2603 Loss_Depth: 0.1938
Epoch 39 - Avg Loss RGB: 1.3080, Avg Loss Depth: 0.2040

==================================================
Epoch 40/100
==================================================
Epoch [40] Batch [0/33] Loss_RGB: 1.2855 Loss_Depth: 0.2140
Epoch 40 - Avg Loss RGB: 1.3049, Avg Loss Depth: 0.2035
Epoch 40 - Val Loss RGB: 1.3126, Val Loss Depth: 0.0000, Total: 1.3126
Saved best model to ./outputs/rail_all/20260501_005804_cam3_bs32_lr0.005_img512_ratio1.0/best_cam3.pth

==================================================
Epoch 41/100
==================================================
Epoch [41] Batch [0/33] Loss_RGB: 1.2796 Loss_Depth: 0.1965
Epoch 41 - Avg Loss RGB: 1.3003, Avg Loss Depth: 0.2032

==================================================
Epoch 42/100
==================================================
Epoch [42] Batch [0/33] Loss_RGB: 1.3006 Loss_Depth: 0.1959
Epoch 42 - Avg Loss RGB: 1.2957, Avg Loss Depth: 0.2024

==================================================
Epoch 43/100
==================================================
Epoch [43] Batch [0/33] Loss_RGB: 1.2813 Loss_Depth: 0.1982
Epoch 43 - Avg Loss RGB: 1.2936, Avg Loss Depth: 0.2015

==================================================
Epoch 44/100
==================================================
Epoch [44] Batch [0/33] Loss_RGB: 1.2761 Loss_Depth: 0.1989
Epoch 44 - Avg Loss RGB: 1.2891, Avg Loss Depth: 0.2013

==================================================
Epoch 45/100
==================================================
Epoch [45] Batch [0/33] Loss_RGB: 1.2745 Loss_Depth: 0.1948
Epoch 45 - Avg Loss RGB: 1.2855, Avg Loss Depth: 0.2004
Epoch 45 - Val Loss RGB: 1.2952, Val Loss Depth: 0.0000, Total: 1.2952
Saved best model to ./outputs/rail_all/20260501_005804_cam3_bs32_lr0.005_img512_ratio1.0/best_cam3.pth

==================================================
Epoch 46/100
==================================================
Epoch [46] Batch [0/33] Loss_RGB: 1.2485 Loss_Depth: 0.1934
Epoch 46 - Avg Loss RGB: 1.2835, Avg Loss Depth: 0.2001

==================================================
Epoch 47/100
==================================================
Epoch [47] Batch [0/33] Loss_RGB: 1.2854 Loss_Depth: 0.1999
Epoch 47 - Avg Loss RGB: 1.2775, Avg Loss Depth: 0.1995

==================================================
Epoch 48/100
==================================================
Epoch [48] Batch [0/33] Loss_RGB: 1.2762 Loss_Depth: 0.1938
Epoch 48 - Avg Loss RGB: 1.2748, Avg Loss Depth: 0.1989

==================================================
Epoch 49/100
==================================================
Epoch [49] Batch [0/33] Loss_RGB: 1.2561 Loss_Depth: 0.1967
Epoch 49 - Avg Loss RGB: 1.2739, Avg Loss Depth: 0.1988

==================================================
Epoch 50/100
==================================================
Epoch [50] Batch [0/33] Loss_RGB: 1.3171 Loss_Depth: 0.2071
Epoch 50 - Avg Loss RGB: 1.2698, Avg Loss Depth: 0.1977
Epoch 50 - Val Loss RGB: 1.2840, Val Loss Depth: 0.0000, Total: 1.2840
Saved best model to ./outputs/rail_all/20260501_005804_cam3_bs32_lr0.005_img512_ratio1.0/best_cam3.pth

==================================================
Epoch 51/100
==================================================
Epoch [51] Batch [0/33] Loss_RGB: 1.2405 Loss_Depth: 0.1897
Epoch 51 - Avg Loss RGB: 1.2664, Avg Loss Depth: 0.1974

==================================================
Epoch 52/100
==================================================
Epoch [52] Batch [0/33] Loss_RGB: 1.2768 Loss_Depth: 0.2047
Epoch 52 - Avg Loss RGB: 1.2655, Avg Loss Depth: 0.1974

==================================================
Epoch 53/100
==================================================
Epoch [53] Batch [0/33] Loss_RGB: 1.2350 Loss_Depth: 0.1882
Epoch 53 - Avg Loss RGB: 1.2631, Avg Loss Depth: 0.1970

==================================================
Epoch 54/100
==================================================
Epoch [54] Batch [0/33] Loss_RGB: 1.2513 Loss_Depth: 0.1970
Epoch 54 - Avg Loss RGB: 1.2598, Avg Loss Depth: 0.1961

==================================================
Epoch 55/100
==================================================
Epoch [55] Batch [0/33] Loss_RGB: 1.2742 Loss_Depth: 0.1939
Epoch 55 - Avg Loss RGB: 1.2598, Avg Loss Depth: 0.1961
Epoch 55 - Val Loss RGB: 1.2710, Val Loss Depth: 0.0000, Total: 1.2710
Saved best model to ./outputs/rail_all/20260501_005804_cam3_bs32_lr0.005_img512_ratio1.0/best_cam3.pth

==================================================
Epoch 56/100
==================================================
Epoch [56] Batch [0/33] Loss_RGB: 1.2483 Loss_Depth: 0.1880
Epoch 56 - Avg Loss RGB: 1.2553, Avg Loss Depth: 0.1957

==================================================
Epoch 57/100
==================================================
Epoch [57] Batch [0/33] Loss_RGB: 1.2305 Loss_Depth: 0.1905
Epoch 57 - Avg Loss RGB: 1.2538, Avg Loss Depth: 0.1960

==================================================
Epoch 58/100
==================================================
Epoch [58] Batch [0/33] Loss_RGB: 1.2841 Loss_Depth: 0.1953
Epoch 58 - Avg Loss RGB: 1.2522, Avg Loss Depth: 0.1955

==================================================
Epoch 59/100
==================================================
Epoch [59] Batch [0/33] Loss_RGB: 1.2439 Loss_Depth: 0.1902
Epoch 59 - Avg Loss RGB: 1.2497, Avg Loss Depth: 0.1946

==================================================
Epoch 60/100
==================================================
Epoch [60] Batch [0/33] Loss_RGB: 1.2397 Loss_Depth: 0.1884
Epoch 60 - Avg Loss RGB: 1.2492, Avg Loss Depth: 0.1950
Epoch 60 - Val Loss RGB: 1.2618, Val Loss Depth: 0.0000, Total: 1.2618
Saved best model to ./outputs/rail_all/20260501_005804_cam3_bs32_lr0.005_img512_ratio1.0/best_cam3.pth

==================================================
Epoch 61/100
==================================================
Epoch [61] Batch [0/33] Loss_RGB: 1.2470 Loss_Depth: 0.1882
Epoch 61 - Avg Loss RGB: 1.2467, Avg Loss Depth: 0.1946

==================================================
Epoch 62/100
==================================================
Epoch [62] Batch [0/33] Loss_RGB: 1.2696 Loss_Depth: 0.1896
Epoch 62 - Avg Loss RGB: 1.2469, Avg Loss Depth: 0.1945

==================================================
Epoch 63/100
==================================================
Epoch [63] Batch [0/33] Loss_RGB: 1.2323 Loss_Depth: 0.1905
Epoch 63 - Avg Loss RGB: 1.2459, Avg Loss Depth: 0.1943

==================================================
Epoch 64/100
==================================================
Epoch [64] Batch [0/33] Loss_RGB: 1.2640 Loss_Depth: 0.1934
Epoch 64 - Avg Loss RGB: 1.2427, Avg Loss Depth: 0.1939

==================================================
Epoch 65/100
==================================================
Epoch [65] Batch [0/33] Loss_RGB: 1.2462 Loss_Depth: 0.1974
Epoch 65 - Avg Loss RGB: 1.2431, Avg Loss Depth: 0.1937
Epoch 65 - Val Loss RGB: 1.2560, Val Loss Depth: 0.0000, Total: 1.2560
Saved best model to ./outputs/rail_all/20260501_005804_cam3_bs32_lr0.005_img512_ratio1.0/best_cam3.pth

==================================================
Epoch 66/100
==================================================
Epoch [66] Batch [0/33] Loss_RGB: 1.2510 Loss_Depth: 0.2008
Epoch 66 - Avg Loss RGB: 1.2401, Avg Loss Depth: 0.1933

==================================================
Epoch 67/100
==================================================
Epoch [67] Batch [0/33] Loss_RGB: 1.2475 Loss_Depth: 0.1967
Epoch 67 - Avg Loss RGB: 1.2388, Avg Loss Depth: 0.1930

==================================================
Epoch 68/100
==================================================
Epoch [68] Batch [0/33] Loss_RGB: 1.2207 Loss_Depth: 0.1909
Epoch 68 - Avg Loss RGB: 1.2374, Avg Loss Depth: 0.1929

==================================================
Epoch 69/100
==================================================
Epoch [69] Batch [0/33] Loss_RGB: 1.2256 Loss_Depth: 0.2158
Epoch 69 - Avg Loss RGB: 1.2377, Avg Loss Depth: 0.1928

==================================================
Epoch 70/100
==================================================
Epoch [70] Batch [0/33] Loss_RGB: 1.2337 Loss_Depth: 0.2144
Epoch 70 - Avg Loss RGB: 1.2364, Avg Loss Depth: 0.1922
Epoch 70 - Val Loss RGB: 1.2530, Val Loss Depth: 0.0000, Total: 1.2530
Saved best model to ./outputs/rail_all/20260501_005804_cam3_bs32_lr0.005_img512_ratio1.0/best_cam3.pth

==================================================
Epoch 71/100
==================================================
Epoch [71] Batch [0/33] Loss_RGB: 1.2334 Loss_Depth: 0.1936
Epoch 71 - Avg Loss RGB: 1.2349, Avg Loss Depth: 0.1926

==================================================
Epoch 72/100
==================================================
Epoch [72] Batch [0/33] Loss_RGB: 1.2386 Loss_Depth: 0.1876
Epoch 72 - Avg Loss RGB: 1.2335, Avg Loss Depth: 0.1919

==================================================
Epoch 73/100
==================================================
Epoch [73] Batch [0/33] Loss_RGB: 1.2096 Loss_Depth: 0.1967
Epoch 73 - Avg Loss RGB: 1.2322, Avg Loss Depth: 0.1921

==================================================
Epoch 74/100
==================================================
Epoch [74] Batch [0/33] Loss_RGB: 1.2217 Loss_Depth: 0.1882
Epoch 74 - Avg Loss RGB: 1.2311, Avg Loss Depth: 0.1911

==================================================
Epoch 75/100
==================================================
Epoch [75] Batch [0/33] Loss_RGB: 1.2217 Loss_Depth: 0.1914
Epoch 75 - Avg Loss RGB: 1.2294, Avg Loss Depth: 0.1919
Epoch 75 - Val Loss RGB: 1.2470, Val Loss Depth: 0.0000, Total: 1.2470
Saved best model to ./outputs/rail_all/20260501_005804_cam3_bs32_lr0.005_img512_ratio1.0/best_cam3.pth

==================================================
Epoch 76/100
==================================================
Epoch [76] Batch [0/33] Loss_RGB: 1.2334 Loss_Depth: 0.1862
Epoch 76 - Avg Loss RGB: 1.2293, Avg Loss Depth: 0.1920

==================================================
Epoch 77/100
==================================================
Epoch [77] Batch [0/33] Loss_RGB: 1.2304 Loss_Depth: 0.1970
Epoch 77 - Avg Loss RGB: 1.2271, Avg Loss Depth: 0.1915

==================================================
Epoch 78/100
==================================================
Epoch [78] Batch [0/33] Loss_RGB: 1.2275 Loss_Depth: 0.1970
Epoch 78 - Avg Loss RGB: 1.2270, Avg Loss Depth: 0.1915

==================================================
Epoch 79/100
==================================================
Epoch [79] Batch [0/33] Loss_RGB: 1.2145 Loss_Depth: 0.1868
Epoch 79 - Avg Loss RGB: 1.2256, Avg Loss Depth: 0.1915

==================================================
Epoch 80/100
==================================================
Epoch [80] Batch [0/33] Loss_RGB: 1.2261 Loss_Depth: 0.1869
Epoch 80 - Avg Loss RGB: 1.2254, Avg Loss Depth: 0.1913
Epoch 80 - Val Loss RGB: 1.2434, Val Loss Depth: 0.0000, Total: 1.2434
Saved best model to ./outputs/rail_all/20260501_005804_cam3_bs32_lr0.005_img512_ratio1.0/best_cam3.pth

==================================================
Epoch 81/100
==================================================
Epoch [81] Batch [0/33] Loss_RGB: 1.2095 Loss_Depth: 0.1894
Epoch 81 - Avg Loss RGB: 1.2243, Avg Loss Depth: 0.1911

==================================================
Epoch 82/100
==================================================
Epoch [82] Batch [0/33] Loss_RGB: 1.2066 Loss_Depth: 0.1828
Epoch 82 - Avg Loss RGB: 1.2238, Avg Loss Depth: 0.1910

==================================================
Epoch 83/100
==================================================
Epoch [83] Batch [0/33] Loss_RGB: 1.2323 Loss_Depth: 0.1901
Epoch 83 - Avg Loss RGB: 1.2229, Avg Loss Depth: 0.1907

==================================================
Epoch 84/100
==================================================
Epoch [84] Batch [0/33] Loss_RGB: 1.2130 Loss_Depth: 0.1914
Epoch 84 - Avg Loss RGB: 1.2222, Avg Loss Depth: 0.1904

==================================================
Epoch 85/100
==================================================
Epoch [85] Batch [0/33] Loss_RGB: 1.1963 Loss_Depth: 0.1822
Epoch 85 - Avg Loss RGB: 1.2226, Avg Loss Depth: 0.1903
Epoch 85 - Val Loss RGB: 1.2416, Val Loss Depth: 0.0000, Total: 1.2416
Saved best model to ./outputs/rail_all/20260501_005804_cam3_bs32_lr0.005_img512_ratio1.0/best_cam3.pth

==================================================
Epoch 86/100
==================================================
Epoch [86] Batch [0/33] Loss_RGB: 1.2132 Loss_Depth: 0.2132
Epoch 86 - Avg Loss RGB: 1.2207, Avg Loss Depth: 0.1901

==================================================
Epoch 87/100
==================================================
Epoch [87] Batch [0/33] Loss_RGB: 1.2228 Loss_Depth: 0.1864
Epoch 87 - Avg Loss RGB: 1.2215, Avg Loss Depth: 0.1900

==================================================
Epoch 88/100
==================================================
Epoch [88] Batch [0/33] Loss_RGB: 1.2210 Loss_Depth: 0.1865
Epoch 88 - Avg Loss RGB: 1.2203, Avg Loss Depth: 0.1902

==================================================
Epoch 89/100
==================================================
Epoch [89] Batch [0/33] Loss_RGB: 1.2007 Loss_Depth: 0.1845
Epoch 89 - Avg Loss RGB: 1.2205, Avg Loss Depth: 0.1900

==================================================
Epoch 90/100
==================================================
Epoch [90] Batch [0/33] Loss_RGB: 1.1823 Loss_Depth: 0.1819
Epoch 90 - Avg Loss RGB: 1.2203, Avg Loss Depth: 0.1900
Epoch 90 - Val Loss RGB: 1.2389, Val Loss Depth: 0.0000, Total: 1.2389
Saved best model to ./outputs/rail_all/20260501_005804_cam3_bs32_lr0.005_img512_ratio1.0/best_cam3.pth

==================================================
Epoch 91/100
==================================================
Epoch [91] Batch [0/33] Loss_RGB: 1.2077 Loss_Depth: 0.1841
Epoch 91 - Avg Loss RGB: 1.2184, Avg Loss Depth: 0.1898

==================================================
Epoch 92/100
==================================================
Epoch [92] Batch [0/33] Loss_RGB: 1.2110 Loss_Depth: 0.1892
Epoch 92 - Avg Loss RGB: 1.2187, Avg Loss Depth: 0.1899

==================================================
Epoch 93/100
==================================================
Epoch [93] Batch [0/33] Loss_RGB: 1.2234 Loss_Depth: 0.1864
Epoch 93 - Avg Loss RGB: 1.2178, Avg Loss Depth: 0.1896

==================================================
Epoch 94/100
==================================================
Epoch [94] Batch [0/33] Loss_RGB: 1.2127 Loss_Depth: 0.1863
Epoch 94 - Avg Loss RGB: 1.2174, Avg Loss Depth: 0.1896

==================================================
Epoch 95/100
==================================================
Epoch [95] Batch [0/33] Loss_RGB: 1.1744 Loss_Depth: 0.1842
Epoch 95 - Avg Loss RGB: 1.2184, Avg Loss Depth: 0.1896
Epoch 95 - Val Loss RGB: 1.2376, Val Loss Depth: 0.0000, Total: 1.2376
Saved best model to ./outputs/rail_all/20260501_005804_cam3_bs32_lr0.005_img512_ratio1.0/best_cam3.pth

==================================================
Epoch 96/100
==================================================
Epoch [96] Batch [0/33] Loss_RGB: 1.1918 Loss_Depth: 0.1871
Epoch 96 - Avg Loss RGB: 1.2168, Avg Loss Depth: 0.1893

==================================================
Epoch 97/100
==================================================
Epoch [97] Batch [0/33] Loss_RGB: 1.1782 Loss_Depth: 0.1840
Epoch 97 - Avg Loss RGB: 1.2163, Avg Loss Depth: 0.1893

==================================================
Epoch 98/100
==================================================
Epoch [98] Batch [0/33] Loss_RGB: 1.2619 Loss_Depth: 0.1945
Epoch 98 - Avg Loss RGB: 1.2158, Avg Loss Depth: 0.1894

==================================================
Epoch 99/100
==================================================
Epoch [99] Batch [0/33] Loss_RGB: 1.2029 Loss_Depth: 0.1860
Epoch 99 - Avg Loss RGB: 1.2164, Avg Loss Depth: 0.1895

==================================================
Epoch 100/100
==================================================
Epoch [100] Batch [0/33] Loss_RGB: 1.2689 Loss_Depth: 0.1930
Epoch 100 - Avg Loss RGB: 1.2155, Avg Loss Depth: 0.1891
Epoch 100 - Val Loss RGB: 1.2365, Val Loss Depth: 0.0000, Total: 1.2365
Saved best model to ./outputs/rail_all/20260501_005804_cam3_bs32_lr0.005_img512_ratio1.0/best_cam3.pth

Training finished! Best Val Loss: 1.2365
