Training started at 20260501_035506
Args: Namespace(train_root='/data1/Leaddo_data/20260327-resize512', test_root='/home/root123/LF/WYM/SteelRailWay/rail_mvtec_gt_test', view_id=7, img_size=512, depth_norm='zscore', use_patch=False, patch_size=900, patch_stride=850, test_use_patch=True, test_patch_size=900, test_patch_stride=850, train_sample_ratio=1.0, train_sample_num=1200, random_seed_sample=42, train_val_test_split=[0.9, 0.1, 0.0], sampling_mode='uniform_time', preload=True, preload_workers=16, batch_size=32, epochs=100, lr=0.005, eval_interval=5, num_workers=8, seed=42, device='cuda:0', save_dir='./outputs/rail_all', precision='bf16', channels_last=True, compile=True)


==================================================
Epoch 1/100
==================================================
Epoch [1] Batch [0/33] Loss_RGB: 7.8954 Loss_Depth: 7.6488
Epoch 1 - Avg Loss RGB: 4.2153, Avg Loss Depth: 2.8942

==================================================
Epoch 2/100
==================================================
Epoch [2] Batch [0/33] Loss_RGB: 2.9369 Loss_Depth: 1.2481
Epoch 2 - Avg Loss RGB: 2.5478, Avg Loss Depth: 0.8008

==================================================
Epoch 3/100
==================================================
Epoch [3] Batch [0/33] Loss_RGB: 2.3369 Loss_Depth: 0.5695
Epoch 3 - Avg Loss RGB: 2.1835, Avg Loss Depth: 0.4714

==================================================
Epoch 4/100
==================================================
Epoch [4] Batch [0/33] Loss_RGB: 2.0510 Loss_Depth: 0.3997
Epoch 4 - Avg Loss RGB: 2.0521, Avg Loss Depth: 0.3828

==================================================
Epoch 5/100
==================================================
Epoch [5] Batch [0/33] Loss_RGB: 1.9826 Loss_Depth: 0.3545
Epoch 5 - Avg Loss RGB: 1.9468, Avg Loss Depth: 0.3454
Epoch 5 - Val Loss RGB: 1.9415, Val Loss Depth: 0.0000, Total: 1.9415
Saved best model to ./outputs/rail_all/20260501_035506_cam7_bs32_lr0.005_img512_ratio1.0/best_cam7.pth

==================================================
Epoch 6/100
==================================================
Epoch [6] Batch [0/33] Loss_RGB: 1.9195 Loss_Depth: 0.3404
Epoch 6 - Avg Loss RGB: 1.8813, Avg Loss Depth: 0.3268

==================================================
Epoch 7/100
==================================================
Epoch [7] Batch [0/33] Loss_RGB: 1.8473 Loss_Depth: 0.3180
Epoch 7 - Avg Loss RGB: 1.8324, Avg Loss Depth: 0.3072

==================================================
Epoch 8/100
==================================================
Epoch [8] Batch [0/33] Loss_RGB: 1.7712 Loss_Depth: 0.2766
Epoch 8 - Avg Loss RGB: 1.7755, Avg Loss Depth: 0.2961

==================================================
Epoch 9/100
==================================================
Epoch [9] Batch [0/33] Loss_RGB: 1.7611 Loss_Depth: 0.3075
Epoch 9 - Avg Loss RGB: 1.7281, Avg Loss Depth: 0.2897

==================================================
Epoch 10/100
==================================================
Epoch [10] Batch [0/33] Loss_RGB: 1.6952 Loss_Depth: 0.2729
Epoch 10 - Avg Loss RGB: 1.6971, Avg Loss Depth: 0.2837
Epoch 10 - Val Loss RGB: 1.7012, Val Loss Depth: 0.0000, Total: 1.7012
Saved best model to ./outputs/rail_all/20260501_035506_cam7_bs32_lr0.005_img512_ratio1.0/best_cam7.pth

==================================================
Epoch 11/100
==================================================
Epoch [11] Batch [0/33] Loss_RGB: 1.6837 Loss_Depth: 0.2725
Epoch 11 - Avg Loss RGB: 1.6748, Avg Loss Depth: 0.2778

==================================================
Epoch 12/100
==================================================
Epoch [12] Batch [0/33] Loss_RGB: 1.7088 Loss_Depth: 0.3018
Epoch 12 - Avg Loss RGB: 1.6386, Avg Loss Depth: 0.2725

==================================================
Epoch 13/100
==================================================
Epoch [13] Batch [0/33] Loss_RGB: 1.6390 Loss_Depth: 0.2599
Epoch 13 - Avg Loss RGB: 1.6189, Avg Loss Depth: 0.2688

==================================================
Epoch 14/100
==================================================
Epoch [14] Batch [0/33] Loss_RGB: 1.6078 Loss_Depth: 0.2641
Epoch 14 - Avg Loss RGB: 1.5964, Avg Loss Depth: 0.2654

==================================================
Epoch 15/100
==================================================
Epoch [15] Batch [0/33] Loss_RGB: 1.5797 Loss_Depth: 0.2527
Epoch 15 - Avg Loss RGB: 1.5807, Avg Loss Depth: 0.2622
Epoch 15 - Val Loss RGB: 1.5866, Val Loss Depth: 0.0000, Total: 1.5866
Saved best model to ./outputs/rail_all/20260501_035506_cam7_bs32_lr0.005_img512_ratio1.0/best_cam7.pth

==================================================
Epoch 16/100
==================================================
Epoch [16] Batch [0/33] Loss_RGB: 1.6126 Loss_Depth: 0.2699
Epoch 16 - Avg Loss RGB: 1.5677, Avg Loss Depth: 0.2591

==================================================
Epoch 17/100
==================================================
Epoch [17] Batch [0/33] Loss_RGB: 1.5312 Loss_Depth: 0.2480
Epoch 17 - Avg Loss RGB: 1.5520, Avg Loss Depth: 0.2562

==================================================
Epoch 18/100
==================================================
Epoch [18] Batch [0/33] Loss_RGB: 1.5339 Loss_Depth: 0.2529
Epoch 18 - Avg Loss RGB: 1.5424, Avg Loss Depth: 0.2543

==================================================
Epoch 19/100
==================================================
Epoch [19] Batch [0/33] Loss_RGB: 1.5411 Loss_Depth: 0.2525
Epoch 19 - Avg Loss RGB: 1.5305, Avg Loss Depth: 0.2503

==================================================
Epoch 20/100
==================================================
Epoch [20] Batch [0/33] Loss_RGB: 1.5151 Loss_Depth: 0.2543
Epoch 20 - Avg Loss RGB: 1.5232, Avg Loss Depth: 0.2442
Epoch 20 - Val Loss RGB: 1.5440, Val Loss Depth: 0.0000, Total: 1.5440
Saved best model to ./outputs/rail_all/20260501_035506_cam7_bs32_lr0.005_img512_ratio1.0/best_cam7.pth

==================================================
Epoch 21/100
==================================================
Epoch [21] Batch [0/33] Loss_RGB: 1.4986 Loss_Depth: 0.2580
Epoch 21 - Avg Loss RGB: 1.5090, Avg Loss Depth: 0.2409

==================================================
Epoch 22/100
==================================================
Epoch [22] Batch [0/33] Loss_RGB: 1.5090 Loss_Depth: 0.2379
Epoch 22 - Avg Loss RGB: 1.5000, Avg Loss Depth: 0.2402

==================================================
Epoch 23/100
==================================================
Epoch [23] Batch [0/33] Loss_RGB: 1.5062 Loss_Depth: 0.2429
Epoch 23 - Avg Loss RGB: 1.4919, Avg Loss Depth: 0.2381

==================================================
Epoch 24/100
==================================================
Epoch [24] Batch [0/33] Loss_RGB: 1.5162 Loss_Depth: 0.2315
Epoch 24 - Avg Loss RGB: 1.4832, Avg Loss Depth: 0.2364

==================================================
Epoch 25/100
==================================================
Epoch [25] Batch [0/33] Loss_RGB: 1.4734 Loss_Depth: 0.2414
Epoch 25 - Avg Loss RGB: 1.4762, Avg Loss Depth: 0.2340
Epoch 25 - Val Loss RGB: 1.4873, Val Loss Depth: 0.0000, Total: 1.4873
Saved best model to ./outputs/rail_all/20260501_035506_cam7_bs32_lr0.005_img512_ratio1.0/best_cam7.pth

==================================================
Epoch 26/100
==================================================
Epoch [26] Batch [0/33] Loss_RGB: 1.4389 Loss_Depth: 0.2407
Epoch 26 - Avg Loss RGB: 1.4679, Avg Loss Depth: 0.2286

==================================================
Epoch 27/100
==================================================
Epoch [27] Batch [0/33] Loss_RGB: 1.4388 Loss_Depth: 0.2278
Epoch 27 - Avg Loss RGB: 1.4574, Avg Loss Depth: 0.2265

==================================================
Epoch 28/100
==================================================
Epoch [28] Batch [0/33] Loss_RGB: 1.4284 Loss_Depth: 0.2248
Epoch 28 - Avg Loss RGB: 1.4481, Avg Loss Depth: 0.2245

==================================================
Epoch 29/100
==================================================
Epoch [29] Batch [0/33] Loss_RGB: 1.4689 Loss_Depth: 0.2368
Epoch 29 - Avg Loss RGB: 1.4411, Avg Loss Depth: 0.2231

==================================================
Epoch 30/100
==================================================
Epoch [30] Batch [0/33] Loss_RGB: 1.4345 Loss_Depth: 0.2348
Epoch 30 - Avg Loss RGB: 1.4358, Avg Loss Depth: 0.2216
Epoch 30 - Val Loss RGB: 1.4399, Val Loss Depth: 0.0000, Total: 1.4399
Saved best model to ./outputs/rail_all/20260501_035506_cam7_bs32_lr0.005_img512_ratio1.0/best_cam7.pth

==================================================
Epoch 31/100
==================================================
Epoch [31] Batch [0/33] Loss_RGB: 1.4158 Loss_Depth: 0.2169
Epoch 31 - Avg Loss RGB: 1.4215, Avg Loss Depth: 0.2206

==================================================
Epoch 32/100
==================================================
Epoch [32] Batch [0/33] Loss_RGB: 1.4141 Loss_Depth: 0.2100
Epoch 32 - Avg Loss RGB: 1.4138, Avg Loss Depth: 0.2199

==================================================
Epoch 33/100
==================================================
Epoch [33] Batch [0/33] Loss_RGB: 1.4025 Loss_Depth: 0.2172
Epoch 33 - Avg Loss RGB: 1.4096, Avg Loss Depth: 0.2193

==================================================
Epoch 34/100
==================================================
Epoch [34] Batch [0/33] Loss_RGB: 1.3925 Loss_Depth: 0.2192
Epoch 34 - Avg Loss RGB: 1.4028, Avg Loss Depth: 0.2186

==================================================
Epoch 35/100
==================================================
Epoch [35] Batch [0/33] Loss_RGB: 1.3798 Loss_Depth: 0.2073
Epoch 35 - Avg Loss RGB: 1.3956, Avg Loss Depth: 0.2173
Epoch 35 - Val Loss RGB: 1.4019, Val Loss Depth: 0.0000, Total: 1.4019
Saved best model to ./outputs/rail_all/20260501_035506_cam7_bs32_lr0.005_img512_ratio1.0/best_cam7.pth

==================================================
Epoch 36/100
==================================================
Epoch [36] Batch [0/33] Loss_RGB: 1.4308 Loss_Depth: 0.2220
Epoch 36 - Avg Loss RGB: 1.3923, Avg Loss Depth: 0.2169

==================================================
Epoch 37/100
==================================================
Epoch [37] Batch [0/33] Loss_RGB: 1.3991 Loss_Depth: 0.2092
Epoch 37 - Avg Loss RGB: 1.3881, Avg Loss Depth: 0.2164

==================================================
Epoch 38/100
==================================================
Epoch [38] Batch [0/33] Loss_RGB: 1.3792 Loss_Depth: 0.2142
Epoch 38 - Avg Loss RGB: 1.3819, Avg Loss Depth: 0.2153

==================================================
Epoch 39/100
==================================================
Epoch [39] Batch [0/33] Loss_RGB: 1.3504 Loss_Depth: 0.1995
Epoch 39 - Avg Loss RGB: 1.3790, Avg Loss Depth: 0.2150

==================================================
Epoch 40/100
==================================================
Epoch [40] Batch [0/33] Loss_RGB: 1.3331 Loss_Depth: 0.2127
Epoch 40 - Avg Loss RGB: 1.3750, Avg Loss Depth: 0.2144
Epoch 40 - Val Loss RGB: 1.3856, Val Loss Depth: 0.0000, Total: 1.3856
Saved best model to ./outputs/rail_all/20260501_035506_cam7_bs32_lr0.005_img512_ratio1.0/best_cam7.pth

==================================================
Epoch 41/100
==================================================
Epoch [41] Batch [0/33] Loss_RGB: 1.3433 Loss_Depth: 0.2040
Epoch 41 - Avg Loss RGB: 1.3705, Avg Loss Depth: 0.2139

==================================================
Epoch 42/100
==================================================
Epoch [42] Batch [0/33] Loss_RGB: 1.3640 Loss_Depth: 0.2095
Epoch 42 - Avg Loss RGB: 1.3672, Avg Loss Depth: 0.2131

==================================================
Epoch 43/100
==================================================
Epoch [43] Batch [0/33] Loss_RGB: 1.3540 Loss_Depth: 0.2027
Epoch 43 - Avg Loss RGB: 1.3626, Avg Loss Depth: 0.2128

==================================================
Epoch 44/100
==================================================
Epoch [44] Batch [0/33] Loss_RGB: 1.3478 Loss_Depth: 0.2181
Epoch 44 - Avg Loss RGB: 1.3579, Avg Loss Depth: 0.2122

==================================================
Epoch 45/100
==================================================
Epoch [45] Batch [0/33] Loss_RGB: 1.3408 Loss_Depth: 0.2058
Epoch 45 - Avg Loss RGB: 1.3555, Avg Loss Depth: 0.2113
Epoch 45 - Val Loss RGB: 1.3662, Val Loss Depth: 0.0000, Total: 1.3662
Saved best model to ./outputs/rail_all/20260501_035506_cam7_bs32_lr0.005_img512_ratio1.0/best_cam7.pth

==================================================
Epoch 46/100
==================================================
Epoch [46] Batch [0/33] Loss_RGB: 1.3249 Loss_Depth: 0.2092
Epoch 46 - Avg Loss RGB: 1.3511, Avg Loss Depth: 0.2107

==================================================
Epoch 47/100
==================================================
Epoch [47] Batch [0/33] Loss_RGB: 1.3321 Loss_Depth: 0.2065
Epoch 47 - Avg Loss RGB: 1.3504, Avg Loss Depth: 0.2102

==================================================
Epoch 48/100
==================================================
Epoch [48] Batch [0/33] Loss_RGB: 1.3201 Loss_Depth: 0.2063
Epoch 48 - Avg Loss RGB: 1.3459, Avg Loss Depth: 0.2100

==================================================
Epoch 49/100
==================================================
Epoch [49] Batch [0/33] Loss_RGB: 1.3181 Loss_Depth: 0.2131
Epoch 49 - Avg Loss RGB: 1.3451, Avg Loss Depth: 0.2097

==================================================
Epoch 50/100
==================================================
Epoch [50] Batch [0/33] Loss_RGB: 1.3929 Loss_Depth: 0.2266
Epoch 50 - Avg Loss RGB: 1.3386, Avg Loss Depth: 0.2090
Epoch 50 - Val Loss RGB: 1.3551, Val Loss Depth: 0.0000, Total: 1.3551
Saved best model to ./outputs/rail_all/20260501_035506_cam7_bs32_lr0.005_img512_ratio1.0/best_cam7.pth

==================================================
Epoch 51/100
==================================================
Epoch [51] Batch [0/33] Loss_RGB: 1.3124 Loss_Depth: 0.2005
Epoch 51 - Avg Loss RGB: 1.3359, Avg Loss Depth: 0.2084

==================================================
Epoch 52/100
==================================================
Epoch [52] Batch [0/33] Loss_RGB: 1.3403 Loss_Depth: 0.2170
Epoch 52 - Avg Loss RGB: 1.3338, Avg Loss Depth: 0.2082

==================================================
Epoch 53/100
==================================================
Epoch [53] Batch [0/33] Loss_RGB: 1.3188 Loss_Depth: 0.1983
Epoch 53 - Avg Loss RGB: 1.3314, Avg Loss Depth: 0.2075

==================================================
Epoch 54/100
==================================================
Epoch [54] Batch [0/33] Loss_RGB: 1.3172 Loss_Depth: 0.2077
Epoch 54 - Avg Loss RGB: 1.3288, Avg Loss Depth: 0.2069

==================================================
Epoch 55/100
==================================================
Epoch [55] Batch [0/33] Loss_RGB: 1.3154 Loss_Depth: 0.2078
Epoch 55 - Avg Loss RGB: 1.3283, Avg Loss Depth: 0.2070
Epoch 55 - Val Loss RGB: 1.3423, Val Loss Depth: 0.0000, Total: 1.3423
Saved best model to ./outputs/rail_all/20260501_035506_cam7_bs32_lr0.005_img512_ratio1.0/best_cam7.pth

==================================================
Epoch 56/100
==================================================
Epoch [56] Batch [0/33] Loss_RGB: 1.3214 Loss_Depth: 0.2034
Epoch 56 - Avg Loss RGB: 1.3229, Avg Loss Depth: 0.2060

==================================================
Epoch 57/100
==================================================
Epoch [57] Batch [0/33] Loss_RGB: 1.3192 Loss_Depth: 0.2137
Epoch 57 - Avg Loss RGB: 1.3222, Avg Loss Depth: 0.2063

==================================================
Epoch 58/100
==================================================
Epoch [58] Batch [0/33] Loss_RGB: 1.3590 Loss_Depth: 0.2217
Epoch 58 - Avg Loss RGB: 1.3212, Avg Loss Depth: 0.2062

==================================================
Epoch 59/100
==================================================
Epoch [59] Batch [0/33] Loss_RGB: 1.3219 Loss_Depth: 0.2020
Epoch 59 - Avg Loss RGB: 1.3179, Avg Loss Depth: 0.2056

==================================================
Epoch 60/100
==================================================
Epoch [60] Batch [0/33] Loss_RGB: 1.2894 Loss_Depth: 0.2034
Epoch 60 - Avg Loss RGB: 1.3169, Avg Loss Depth: 0.2058
Epoch 60 - Val Loss RGB: 1.3329, Val Loss Depth: 0.0000, Total: 1.3329
Saved best model to ./outputs/rail_all/20260501_035506_cam7_bs32_lr0.005_img512_ratio1.0/best_cam7.pth

==================================================
Epoch 61/100
==================================================
Epoch [61] Batch [0/33] Loss_RGB: 1.3008 Loss_Depth: 0.1993
Epoch 61 - Avg Loss RGB: 1.3142, Avg Loss Depth: 0.2052

==================================================
Epoch 62/100
==================================================
Epoch [62] Batch [0/33] Loss_RGB: 1.3596 Loss_Depth: 0.2116
Epoch 62 - Avg Loss RGB: 1.3154, Avg Loss Depth: 0.2051

==================================================
Epoch 63/100
==================================================
Epoch [63] Batch [0/33] Loss_RGB: 1.3074 Loss_Depth: 0.2057
Epoch 63 - Avg Loss RGB: 1.3144, Avg Loss Depth: 0.2049

==================================================
Epoch 64/100
==================================================
Epoch [64] Batch [0/33] Loss_RGB: 1.3283 Loss_Depth: 0.2028
Epoch 64 - Avg Loss RGB: 1.3109, Avg Loss Depth: 0.2046

==================================================
Epoch 65/100
==================================================
Epoch [65] Batch [0/33] Loss_RGB: 1.3207 Loss_Depth: 0.2051
Epoch 65 - Avg Loss RGB: 1.3106, Avg Loss Depth: 0.2046
Epoch 65 - Val Loss RGB: 1.3258, Val Loss Depth: 0.0000, Total: 1.3258
Saved best model to ./outputs/rail_all/20260501_035506_cam7_bs32_lr0.005_img512_ratio1.0/best_cam7.pth

==================================================
Epoch 66/100
==================================================
Epoch [66] Batch [0/33] Loss_RGB: 1.3479 Loss_Depth: 0.2125
Epoch 66 - Avg Loss RGB: 1.3077, Avg Loss Depth: 0.2044

==================================================
Epoch 67/100
==================================================
Epoch [67] Batch [0/33] Loss_RGB: 1.3439 Loss_Depth: 0.2022
Epoch 67 - Avg Loss RGB: 1.3063, Avg Loss Depth: 0.2042

==================================================
Epoch 68/100
==================================================
Epoch [68] Batch [0/33] Loss_RGB: 1.3025 Loss_Depth: 0.1962
Epoch 68 - Avg Loss RGB: 1.3046, Avg Loss Depth: 0.2039

==================================================
Epoch 69/100
==================================================
Epoch [69] Batch [0/33] Loss_RGB: 1.3090 Loss_Depth: 0.2119
Epoch 69 - Avg Loss RGB: 1.3060, Avg Loss Depth: 0.2040

==================================================
Epoch 70/100
==================================================
Epoch [70] Batch [0/33] Loss_RGB: 1.3051 Loss_Depth: 0.2084
Epoch 70 - Avg Loss RGB: 1.3041, Avg Loss Depth: 0.2035
Epoch 70 - Val Loss RGB: 1.3226, Val Loss Depth: 0.0000, Total: 1.3226
Saved best model to ./outputs/rail_all/20260501_035506_cam7_bs32_lr0.005_img512_ratio1.0/best_cam7.pth

==================================================
Epoch 71/100
==================================================
Epoch [71] Batch [0/33] Loss_RGB: 1.3070 Loss_Depth: 0.1998
Epoch 71 - Avg Loss RGB: 1.3025, Avg Loss Depth: 0.2036

==================================================
Epoch 72/100
==================================================
Epoch [72] Batch [0/33] Loss_RGB: 1.2981 Loss_Depth: 0.2031
Epoch 72 - Avg Loss RGB: 1.3001, Avg Loss Depth: 0.2030

==================================================
Epoch 73/100
==================================================
Epoch [73] Batch [0/33] Loss_RGB: 1.2792 Loss_Depth: 0.1965
Epoch 73 - Avg Loss RGB: 1.2987, Avg Loss Depth: 0.2031

==================================================
Epoch 74/100
==================================================
Epoch [74] Batch [0/33] Loss_RGB: 1.2957 Loss_Depth: 0.1987
Epoch 74 - Avg Loss RGB: 1.2982, Avg Loss Depth: 0.2022

==================================================
Epoch 75/100
==================================================
Epoch [75] Batch [0/33] Loss_RGB: 1.3286 Loss_Depth: 0.2037
Epoch 75 - Avg Loss RGB: 1.2966, Avg Loss Depth: 0.2016
Epoch 75 - Val Loss RGB: 1.3180, Val Loss Depth: 0.0000, Total: 1.3180
Saved best model to ./outputs/rail_all/20260501_035506_cam7_bs32_lr0.005_img512_ratio1.0/best_cam7.pth

==================================================
Epoch 76/100
==================================================
Epoch [76] Batch [0/33] Loss_RGB: 1.2852 Loss_Depth: 0.1961
Epoch 76 - Avg Loss RGB: 1.2973, Avg Loss Depth: 0.2012

==================================================
Epoch 77/100
==================================================
Epoch [77] Batch [0/33] Loss_RGB: 1.2750 Loss_Depth: 0.1968
Epoch 77 - Avg Loss RGB: 1.2952, Avg Loss Depth: 0.2004

==================================================
Epoch 78/100
==================================================
Epoch [78] Batch [0/33] Loss_RGB: 1.2973 Loss_Depth: 0.2087
Epoch 78 - Avg Loss RGB: 1.2943, Avg Loss Depth: 0.2003

==================================================
Epoch 79/100
==================================================
Epoch [79] Batch [0/33] Loss_RGB: 1.2936 Loss_Depth: 0.2001
Epoch 79 - Avg Loss RGB: 1.2937, Avg Loss Depth: 0.2005

==================================================
Epoch 80/100
==================================================
Epoch [80] Batch [0/33] Loss_RGB: 1.2845 Loss_Depth: 0.1986
Epoch 80 - Avg Loss RGB: 1.2934, Avg Loss Depth: 0.2003
Epoch 80 - Val Loss RGB: 1.3151, Val Loss Depth: 0.0000, Total: 1.3151
Saved best model to ./outputs/rail_all/20260501_035506_cam7_bs32_lr0.005_img512_ratio1.0/best_cam7.pth

==================================================
Epoch 81/100
==================================================
Epoch [81] Batch [0/33] Loss_RGB: 1.2575 Loss_Depth: 0.2022
Epoch 81 - Avg Loss RGB: 1.2916, Avg Loss Depth: 0.2004

==================================================
Epoch 82/100
==================================================
Epoch [82] Batch [0/33] Loss_RGB: 1.2804 Loss_Depth: 0.1990
Epoch 82 - Avg Loss RGB: 1.2917, Avg Loss Depth: 0.2000

==================================================
Epoch 83/100
==================================================
Epoch [83] Batch [0/33] Loss_RGB: 1.3041 Loss_Depth: 0.1969
Epoch 83 - Avg Loss RGB: 1.2910, Avg Loss Depth: 0.1996

==================================================
Epoch 84/100
==================================================
Epoch [84] Batch [0/33] Loss_RGB: 1.2777 Loss_Depth: 0.1992
Epoch 84 - Avg Loss RGB: 1.2897, Avg Loss Depth: 0.1997

==================================================
Epoch 85/100
==================================================
Epoch [85] Batch [0/33] Loss_RGB: 1.2532 Loss_Depth: 0.1981
Epoch 85 - Avg Loss RGB: 1.2899, Avg Loss Depth: 0.1999
Epoch 85 - Val Loss RGB: 1.3130, Val Loss Depth: 0.0000, Total: 1.3130
Saved best model to ./outputs/rail_all/20260501_035506_cam7_bs32_lr0.005_img512_ratio1.0/best_cam7.pth

==================================================
Epoch 86/100
==================================================
Epoch [86] Batch [0/33] Loss_RGB: 1.2633 Loss_Depth: 0.2024
Epoch 86 - Avg Loss RGB: 1.2885, Avg Loss Depth: 0.1997

==================================================
Epoch 87/100
==================================================
Epoch [87] Batch [0/33] Loss_RGB: 1.2814 Loss_Depth: 0.1945
Epoch 87 - Avg Loss RGB: 1.2890, Avg Loss Depth: 0.1996

==================================================
Epoch 88/100
==================================================
Epoch [88] Batch [0/33] Loss_RGB: 1.2599 Loss_Depth: 0.1927
Epoch 88 - Avg Loss RGB: 1.2875, Avg Loss Depth: 0.1996

==================================================
Epoch 89/100
==================================================
Epoch [89] Batch [0/33] Loss_RGB: 1.2514 Loss_Depth: 0.1958
Epoch 89 - Avg Loss RGB: 1.2879, Avg Loss Depth: 0.1997

==================================================
Epoch 90/100
==================================================
Epoch [90] Batch [0/33] Loss_RGB: 1.2735 Loss_Depth: 0.1893
Epoch 90 - Avg Loss RGB: 1.2874, Avg Loss Depth: 0.1997
Epoch 90 - Val Loss RGB: 1.3114, Val Loss Depth: 0.0000, Total: 1.3114
Saved best model to ./outputs/rail_all/20260501_035506_cam7_bs32_lr0.005_img512_ratio1.0/best_cam7.pth

==================================================
Epoch 91/100
==================================================
Epoch [91] Batch [0/33] Loss_RGB: 1.2734 Loss_Depth: 0.1919
Epoch 91 - Avg Loss RGB: 1.2862, Avg Loss Depth: 0.1994

==================================================
Epoch 92/100
==================================================
Epoch [92] Batch [0/33] Loss_RGB: 1.2749 Loss_Depth: 0.1963
Epoch 92 - Avg Loss RGB: 1.2856, Avg Loss Depth: 0.1992

==================================================
Epoch 93/100
==================================================
Epoch [93] Batch [0/33] Loss_RGB: 1.2780 Loss_Depth: 0.1955
Epoch 93 - Avg Loss RGB: 1.2850, Avg Loss Depth: 0.1993

==================================================
Epoch 94/100
==================================================
Epoch [94] Batch [0/33] Loss_RGB: 1.2765 Loss_Depth: 0.2026
Epoch 94 - Avg Loss RGB: 1.2846, Avg Loss Depth: 0.1992

==================================================
Epoch 95/100
==================================================
Epoch [95] Batch [0/33] Loss_RGB: 1.2468 Loss_Depth: 0.1913
Epoch 95 - Avg Loss RGB: 1.2842, Avg Loss Depth: 0.1993
Epoch 95 - Val Loss RGB: 1.3095, Val Loss Depth: 0.0000, Total: 1.3095
Saved best model to ./outputs/rail_all/20260501_035506_cam7_bs32_lr0.005_img512_ratio1.0/best_cam7.pth

==================================================
Epoch 96/100
==================================================
Epoch [96] Batch [0/33] Loss_RGB: 1.2706 Loss_Depth: 0.1969
Epoch 96 - Avg Loss RGB: 1.2832, Avg Loss Depth: 0.1990

==================================================
Epoch 97/100
==================================================
Epoch [97] Batch [0/33] Loss_RGB: 1.2428 Loss_Depth: 0.1908
Epoch 97 - Avg Loss RGB: 1.2830, Avg Loss Depth: 0.1991

==================================================
Epoch 98/100
==================================================
Epoch [98] Batch [0/33] Loss_RGB: 1.3267 Loss_Depth: 0.2078
Epoch 98 - Avg Loss RGB: 1.2826, Avg Loss Depth: 0.1990

==================================================
Epoch 99/100
==================================================
Epoch [99] Batch [0/33] Loss_RGB: 1.2792 Loss_Depth: 0.2027
Epoch 99 - Avg Loss RGB: 1.2825, Avg Loss Depth: 0.1992

==================================================
Epoch 100/100
==================================================
Epoch [100] Batch [0/33] Loss_RGB: 1.3661 Loss_Depth: 0.2163
Epoch 100 - Avg Loss RGB: 1.2818, Avg Loss Depth: 0.1989
Epoch 100 - Val Loss RGB: 1.3087, Val Loss Depth: 0.0000, Total: 1.3087
Saved best model to ./outputs/rail_all/20260501_035506_cam7_bs32_lr0.005_img512_ratio1.0/best_cam7.pth

Training finished! Best Val Loss: 1.3087

==================================================
Post-hoc evaluation on test set (best checkpoint)
==================================================
Evaluation time: 2026-05-01 09:44:40
Script: scripts/eval_from_ckpt.py
Checkpoint: outputs\rail_all\20260501_035506_cam7_bs32_lr0.005_img512_ratio1.0\best_cam7.pth
Status: skipped (no test samples for this view)
Final Result - Cam 7
  Best epoch: N/A
  Best Val Loss: N/A
  Test AUROC: N/A
  #patches: 0
  #images: 0
  #abnormal: 0, #normal: 0
==================================================
