Training started at 20260503_212521
Args: Namespace(train_root='/data1/Leaddo_data/20260327-resize512', test_root='/home/root123/LF/WYM/SteelRailWay/rail_mvtec_gt_test', view_id=4, img_size=512, depth_norm='minmax', use_patch=False, patch_size=900, patch_stride=850, test_use_patch=True, test_patch_size=900, test_patch_stride=850, train_sample_ratio=1.0, train_sample_num=1200, random_seed_sample=42, train_val_test_split=[0.9, 0.1, 0.0], sampling_mode='uniform_time', preload=True, preload_workers=32, batch_size=32, epochs=200, lr=0.005, eval_interval=5, num_workers=16, seed=42, device='cuda:0', save_dir='outputs/rail_ablation/depth_norm/Cam4/minmax', precision='bf16', channels_last=True, compile=False)


==================================================
Epoch 1/200
==================================================
Epoch [1] Batch [0/33] Loss_RGB: 8.2618 Loss_Depth: 7.6599
Epoch 1 - Avg Loss RGB: 4.1818, Avg Loss Depth: 2.7313

==================================================
Epoch 2/200
==================================================
Epoch [2] Batch [0/33] Loss_RGB: 2.9048 Loss_Depth: 1.2782
Epoch 2 - Avg Loss RGB: 2.5801, Avg Loss Depth: 0.8940

==================================================
Epoch 3/200
==================================================
Epoch [3] Batch [0/33] Loss_RGB: 2.3807 Loss_Depth: 0.7026
Epoch 3 - Avg Loss RGB: 2.2792, Avg Loss Depth: 0.6150

==================================================
Epoch 4/200
==================================================
Epoch [4] Batch [0/33] Loss_RGB: 2.1673 Loss_Depth: 0.5520
Epoch 4 - Avg Loss RGB: 2.0883, Avg Loss Depth: 0.5208

==================================================
Epoch 5/200
==================================================
Epoch [5] Batch [0/33] Loss_RGB: 2.0326 Loss_Depth: 0.4932
Epoch 5 - Avg Loss RGB: 1.9752, Avg Loss Depth: 0.4761
Epoch 5 - Val Loss RGB: 2.0125, Val Loss Depth: 0.0000, Total: 2.0125
Saved best model to outputs/rail_ablation/depth_norm/Cam4/minmax/20260503_212521_cam4_bs32_lr0.005_img512_ratio1.0/best_cam4.pth

==================================================
Epoch 6/200
==================================================
Epoch [6] Batch [0/33] Loss_RGB: 1.9507 Loss_Depth: 0.4618
Epoch 6 - Avg Loss RGB: 1.9095, Avg Loss Depth: 0.4369

==================================================
Epoch 7/200
==================================================
Epoch [7] Batch [0/33] Loss_RGB: 1.8734 Loss_Depth: 0.4315
Epoch 7 - Avg Loss RGB: 1.8505, Avg Loss Depth: 0.4217

==================================================
Epoch 8/200
==================================================
Epoch [8] Batch [0/33] Loss_RGB: 1.8170 Loss_Depth: 0.4220
Epoch 8 - Avg Loss RGB: 1.8080, Avg Loss Depth: 0.4089

==================================================
Epoch 9/200
==================================================
Epoch [9] Batch [0/33] Loss_RGB: 1.7879 Loss_Depth: 0.4033
Epoch 9 - Avg Loss RGB: 1.7586, Avg Loss Depth: 0.4026

==================================================
Epoch 10/200
==================================================
Epoch [10] Batch [0/33] Loss_RGB: 1.7796 Loss_Depth: 0.4011
Epoch 10 - Avg Loss RGB: 1.7254, Avg Loss Depth: 0.3982
Epoch 10 - Val Loss RGB: 1.7861, Val Loss Depth: 0.0000, Total: 1.7861
Saved best model to outputs/rail_ablation/depth_norm/Cam4/minmax/20260503_212521_cam4_bs32_lr0.005_img512_ratio1.0/best_cam4.pth

==================================================
Epoch 11/200
==================================================
Epoch [11] Batch [0/33] Loss_RGB: 1.7380 Loss_Depth: 0.3978
Epoch 11 - Avg Loss RGB: 1.6967, Avg Loss Depth: 0.3958

==================================================
Epoch 12/200
==================================================
Epoch [12] Batch [0/33] Loss_RGB: 1.7156 Loss_Depth: 0.3999
Epoch 12 - Avg Loss RGB: 1.6795, Avg Loss Depth: 0.3925

==================================================
Epoch 13/200
==================================================
Epoch [13] Batch [0/33] Loss_RGB: 1.6605 Loss_Depth: 0.3892
Epoch 13 - Avg Loss RGB: 1.6605, Avg Loss Depth: 0.3909

==================================================
Epoch 14/200
==================================================
Epoch [14] Batch [0/33] Loss_RGB: 1.6584 Loss_Depth: 0.3852
Epoch 14 - Avg Loss RGB: 1.6449, Avg Loss Depth: 0.3898

==================================================
Epoch 15/200
==================================================
Epoch [15] Batch [0/33] Loss_RGB: 1.6352 Loss_Depth: 0.3882
Epoch 15 - Avg Loss RGB: 1.6445, Avg Loss Depth: 0.3872
Epoch 15 - Val Loss RGB: 2.5169, Val Loss Depth: 0.0000, Total: 2.5169
No improvement for 1 evaluation(s)

==================================================
Epoch 16/200
==================================================
Epoch [16] Batch [0/33] Loss_RGB: 1.6492 Loss_Depth: 0.3936
Epoch 16 - Avg Loss RGB: 1.6135, Avg Loss Depth: 0.3857

==================================================
Epoch 17/200
==================================================
Epoch [17] Batch [0/33] Loss_RGB: 1.5828 Loss_Depth: 0.3838
Epoch 17 - Avg Loss RGB: 1.6011, Avg Loss Depth: 0.3846

==================================================
Epoch 18/200
==================================================
Epoch [18] Batch [0/33] Loss_RGB: 1.6041 Loss_Depth: 0.3828
Epoch 18 - Avg Loss RGB: 1.5892, Avg Loss Depth: 0.3856

==================================================
Epoch 19/200
==================================================
Epoch [19] Batch [0/33] Loss_RGB: 1.6040 Loss_Depth: 0.3939
Epoch 19 - Avg Loss RGB: 1.5773, Avg Loss Depth: 0.3864

==================================================
Epoch 20/200
==================================================
Epoch [20] Batch [0/33] Loss_RGB: 1.5521 Loss_Depth: 0.3833
Epoch 20 - Avg Loss RGB: 1.5693, Avg Loss Depth: 0.3832
Epoch 20 - Val Loss RGB: 1.5848, Val Loss Depth: 0.0000, Total: 1.5848
Saved best model to outputs/rail_ablation/depth_norm/Cam4/minmax/20260503_212521_cam4_bs32_lr0.005_img512_ratio1.0/best_cam4.pth

==================================================
Epoch 21/200
==================================================
Epoch [21] Batch [0/33] Loss_RGB: 1.5917 Loss_Depth: 0.3824
Epoch 21 - Avg Loss RGB: 1.5595, Avg Loss Depth: 0.3814

==================================================
Epoch 22/200
==================================================
Epoch [22] Batch [0/33] Loss_RGB: 1.5611 Loss_Depth: 0.3828
Epoch 22 - Avg Loss RGB: 1.5497, Avg Loss Depth: 0.3802

==================================================
Epoch 23/200
==================================================
Epoch [23] Batch [0/33] Loss_RGB: 1.5523 Loss_Depth: 0.3796
Epoch 23 - Avg Loss RGB: 1.5428, Avg Loss Depth: 0.3795

==================================================
Epoch 24/200
==================================================
Epoch [24] Batch [0/33] Loss_RGB: 1.5315 Loss_Depth: 0.3831
Epoch 24 - Avg Loss RGB: 1.5339, Avg Loss Depth: 0.3813

==================================================
Epoch 25/200
==================================================
Epoch [25] Batch [0/33] Loss_RGB: 1.5478 Loss_Depth: 0.3783
Epoch 25 - Avg Loss RGB: 1.5259, Avg Loss Depth: 0.3804
Epoch 25 - Val Loss RGB: 1.5468, Val Loss Depth: 0.0000, Total: 1.5468
Saved best model to outputs/rail_ablation/depth_norm/Cam4/minmax/20260503_212521_cam4_bs32_lr0.005_img512_ratio1.0/best_cam4.pth

==================================================
Epoch 26/200
==================================================
Epoch [26] Batch [0/33] Loss_RGB: 1.5256 Loss_Depth: 0.3784
Epoch 26 - Avg Loss RGB: 1.5188, Avg Loss Depth: 0.3791

==================================================
Epoch 27/200
==================================================
Epoch [27] Batch [0/33] Loss_RGB: 1.4930 Loss_Depth: 0.3774
Epoch 27 - Avg Loss RGB: 1.5100, Avg Loss Depth: 0.3778

==================================================
Epoch 28/200
==================================================
Epoch [28] Batch [0/33] Loss_RGB: 1.5072 Loss_Depth: 0.3732
Epoch 28 - Avg Loss RGB: 1.5036, Avg Loss Depth: 0.3775

==================================================
Epoch 29/200
==================================================
Epoch [29] Batch [0/33] Loss_RGB: 1.5294 Loss_Depth: 0.3858
Epoch 29 - Avg Loss RGB: 1.5011, Avg Loss Depth: 0.3772

==================================================
Epoch 30/200
==================================================
Epoch [30] Batch [0/33] Loss_RGB: 1.4880 Loss_Depth: 0.3776
Epoch 30 - Avg Loss RGB: 1.4914, Avg Loss Depth: 0.3769
Epoch 30 - Val Loss RGB: 1.5165, Val Loss Depth: 0.0000, Total: 1.5165
Saved best model to outputs/rail_ablation/depth_norm/Cam4/minmax/20260503_212521_cam4_bs32_lr0.005_img512_ratio1.0/best_cam4.pth

==================================================
Epoch 31/200
==================================================
Epoch [31] Batch [0/33] Loss_RGB: 1.4842 Loss_Depth: 0.3760
Epoch 31 - Avg Loss RGB: 1.4857, Avg Loss Depth: 0.3763

==================================================
Epoch 32/200
==================================================
Epoch [32] Batch [0/33] Loss_RGB: 1.4695 Loss_Depth: 0.3746
Epoch 32 - Avg Loss RGB: 1.4808, Avg Loss Depth: 0.3765

==================================================
Epoch 33/200
==================================================
Epoch [33] Batch [0/33] Loss_RGB: 1.4911 Loss_Depth: 0.3747
Epoch 33 - Avg Loss RGB: 1.4745, Avg Loss Depth: 0.3759

==================================================
Epoch 34/200
==================================================
Epoch [34] Batch [0/33] Loss_RGB: 1.4527 Loss_Depth: 0.3710
Epoch 34 - Avg Loss RGB: 1.4666, Avg Loss Depth: 0.3754

==================================================
Epoch 35/200
==================================================
Epoch [35] Batch [0/33] Loss_RGB: 1.4669 Loss_Depth: 0.3744
Epoch 35 - Avg Loss RGB: 1.4615, Avg Loss Depth: 0.3747
Epoch 35 - Val Loss RGB: 1.4820, Val Loss Depth: 0.0000, Total: 1.4820
Saved best model to outputs/rail_ablation/depth_norm/Cam4/minmax/20260503_212521_cam4_bs32_lr0.005_img512_ratio1.0/best_cam4.pth

==================================================
Epoch 36/200
==================================================
Epoch [36] Batch [0/33] Loss_RGB: 1.4797 Loss_Depth: 0.3742
Epoch 36 - Avg Loss RGB: 1.4574, Avg Loss Depth: 0.3740

==================================================
Epoch 37/200
==================================================
Epoch [37] Batch [0/33] Loss_RGB: 1.4494 Loss_Depth: 0.3714
Epoch 37 - Avg Loss RGB: 1.4535, Avg Loss Depth: 0.3744

==================================================
Epoch 38/200
==================================================
Epoch [38] Batch [0/33] Loss_RGB: 1.4502 Loss_Depth: 0.3720
Epoch 38 - Avg Loss RGB: 1.4488, Avg Loss Depth: 0.3742

==================================================
Epoch 39/200
==================================================
Epoch [39] Batch [0/33] Loss_RGB: 1.4173 Loss_Depth: 0.3734
Epoch 39 - Avg Loss RGB: 1.4449, Avg Loss Depth: 0.3738

==================================================
Epoch 40/200
==================================================
Epoch [40] Batch [0/33] Loss_RGB: 1.4461 Loss_Depth: 0.3822
Epoch 40 - Avg Loss RGB: 1.4404, Avg Loss Depth: 0.3734
Epoch 40 - Val Loss RGB: 1.4660, Val Loss Depth: 0.0000, Total: 1.4660
Saved best model to outputs/rail_ablation/depth_norm/Cam4/minmax/20260503_212521_cam4_bs32_lr0.005_img512_ratio1.0/best_cam4.pth

==================================================
Epoch 41/200
==================================================
Epoch [41] Batch [0/33] Loss_RGB: 1.4309 Loss_Depth: 0.3728
Epoch 41 - Avg Loss RGB: 1.4371, Avg Loss Depth: 0.3730

==================================================
Epoch 42/200
==================================================
Epoch [42] Batch [0/33] Loss_RGB: 1.4336 Loss_Depth: 0.3773
Epoch 42 - Avg Loss RGB: 1.4309, Avg Loss Depth: 0.3729

==================================================
Epoch 43/200
==================================================
Epoch [43] Batch [0/33] Loss_RGB: 1.4270 Loss_Depth: 0.3692
Epoch 43 - Avg Loss RGB: 1.4280, Avg Loss Depth: 0.3729

==================================================
Epoch 44/200
==================================================
Epoch [44] Batch [0/33] Loss_RGB: 1.4338 Loss_Depth: 0.3695
Epoch 44 - Avg Loss RGB: 1.4254, Avg Loss Depth: 0.3725

==================================================
Epoch 45/200
==================================================
Epoch [45] Batch [0/33] Loss_RGB: 1.4296 Loss_Depth: 0.3704
Epoch 45 - Avg Loss RGB: 1.4216, Avg Loss Depth: 0.3722
Epoch 45 - Val Loss RGB: 1.4386, Val Loss Depth: 0.0000, Total: 1.4386
Saved best model to outputs/rail_ablation/depth_norm/Cam4/minmax/20260503_212521_cam4_bs32_lr0.005_img512_ratio1.0/best_cam4.pth

==================================================
Epoch 46/200
==================================================
Epoch [46] Batch [0/33] Loss_RGB: 1.3990 Loss_Depth: 0.3700
Epoch 46 - Avg Loss RGB: 1.4187, Avg Loss Depth: 0.3721

==================================================
Epoch 47/200
==================================================
Epoch [47] Batch [0/33] Loss_RGB: 1.4124 Loss_Depth: 0.3705
Epoch 47 - Avg Loss RGB: 1.4142, Avg Loss Depth: 0.3718

==================================================
Epoch 48/200
==================================================
Epoch [48] Batch [0/33] Loss_RGB: 1.4146 Loss_Depth: 0.3682
Epoch 48 - Avg Loss RGB: 1.4106, Avg Loss Depth: 0.3712

==================================================
Epoch 49/200
==================================================
Epoch [49] Batch [0/33] Loss_RGB: 1.4152 Loss_Depth: 0.3808
Epoch 49 - Avg Loss RGB: 1.4103, Avg Loss Depth: 0.3711

==================================================
Epoch 50/200
==================================================
Epoch [50] Batch [0/33] Loss_RGB: 1.4154 Loss_Depth: 0.3720
Epoch 50 - Avg Loss RGB: 1.4066, Avg Loss Depth: 0.3712
Epoch 50 - Val Loss RGB: 1.4261, Val Loss Depth: 0.0000, Total: 1.4261
Saved best model to outputs/rail_ablation/depth_norm/Cam4/minmax/20260503_212521_cam4_bs32_lr0.005_img512_ratio1.0/best_cam4.pth

==================================================
Epoch 51/200
==================================================
Epoch [51] Batch [0/33] Loss_RGB: 1.3976 Loss_Depth: 0.3714
Epoch 51 - Avg Loss RGB: 1.4037, Avg Loss Depth: 0.3713

==================================================
Epoch 52/200
==================================================
Epoch [52] Batch [0/33] Loss_RGB: 1.4134 Loss_Depth: 0.3696
Epoch 52 - Avg Loss RGB: 1.4013, Avg Loss Depth: 0.3709

==================================================
Epoch 53/200
==================================================
Epoch [53] Batch [0/33] Loss_RGB: 1.3903 Loss_Depth: 0.3685
Epoch 53 - Avg Loss RGB: 1.3990, Avg Loss Depth: 0.3705

==================================================
Epoch 54/200
==================================================
Epoch [54] Batch [0/33] Loss_RGB: 1.4080 Loss_Depth: 0.3668
Epoch 54 - Avg Loss RGB: 1.3967, Avg Loss Depth: 0.3697

==================================================
Epoch 55/200
==================================================
Epoch [55] Batch [0/33] Loss_RGB: 1.3930 Loss_Depth: 0.3673
Epoch 55 - Avg Loss RGB: 1.3952, Avg Loss Depth: 0.3695
Epoch 55 - Val Loss RGB: 1.4116, Val Loss Depth: 0.0000, Total: 1.4116
Saved best model to outputs/rail_ablation/depth_norm/Cam4/minmax/20260503_212521_cam4_bs32_lr0.005_img512_ratio1.0/best_cam4.pth

==================================================
Epoch 56/200
==================================================
Epoch [56] Batch [0/33] Loss_RGB: 1.4015 Loss_Depth: 0.3713
Epoch 56 - Avg Loss RGB: 1.3919, Avg Loss Depth: 0.3691

==================================================
Epoch 57/200
==================================================
Epoch [57] Batch [0/33] Loss_RGB: 1.3698 Loss_Depth: 0.3831
Epoch 57 - Avg Loss RGB: 1.3900, Avg Loss Depth: 0.3694

==================================================
Epoch 58/200
==================================================
Epoch [58] Batch [0/33] Loss_RGB: 1.3992 Loss_Depth: 0.3695
Epoch 58 - Avg Loss RGB: 1.3898, Avg Loss Depth: 0.3691

==================================================
Epoch 59/200
==================================================
Epoch [59] Batch [0/33] Loss_RGB: 1.3767 Loss_Depth: 0.3668
Epoch 59 - Avg Loss RGB: 1.3877, Avg Loss Depth: 0.3678

==================================================
Epoch 60/200
==================================================
Epoch [60] Batch [0/33] Loss_RGB: 1.3840 Loss_Depth: 0.3655
Epoch 60 - Avg Loss RGB: 1.3862, Avg Loss Depth: 0.3674
Epoch 60 - Val Loss RGB: 1.4002, Val Loss Depth: 0.0000, Total: 1.4002
Saved best model to outputs/rail_ablation/depth_norm/Cam4/minmax/20260503_212521_cam4_bs32_lr0.005_img512_ratio1.0/best_cam4.pth

==================================================
Epoch 61/200
==================================================
Epoch [61] Batch [0/33] Loss_RGB: 1.3862 Loss_Depth: 0.3652
Epoch 61 - Avg Loss RGB: 1.3839, Avg Loss Depth: 0.3687

==================================================
Epoch 62/200
==================================================
Epoch [62] Batch [0/33] Loss_RGB: 1.4240 Loss_Depth: 0.3676
Epoch 62 - Avg Loss RGB: 1.3834, Avg Loss Depth: 0.3686

==================================================
Epoch 63/200
==================================================
Epoch [63] Batch [0/33] Loss_RGB: 1.3741 Loss_Depth: 0.3740
Epoch 63 - Avg Loss RGB: 1.3819, Avg Loss Depth: 0.3681

==================================================
Epoch 64/200
==================================================
Epoch [64] Batch [0/33] Loss_RGB: 1.4008 Loss_Depth: 0.3664
Epoch 64 - Avg Loss RGB: 1.3808, Avg Loss Depth: 0.3680

==================================================
Epoch 65/200
==================================================
Epoch [65] Batch [0/33] Loss_RGB: 1.3850 Loss_Depth: 0.3665
Epoch 65 - Avg Loss RGB: 1.3794, Avg Loss Depth: 0.3677
Epoch 65 - Val Loss RGB: 1.3936, Val Loss Depth: 0.0000, Total: 1.3936
Saved best model to outputs/rail_ablation/depth_norm/Cam4/minmax/20260503_212521_cam4_bs32_lr0.005_img512_ratio1.0/best_cam4.pth

==================================================
Epoch 66/200
==================================================
Epoch [66] Batch [0/33] Loss_RGB: 1.3823 Loss_Depth: 0.3707
Epoch 66 - Avg Loss RGB: 1.3769, Avg Loss Depth: 0.3674

==================================================
Epoch 67/200
==================================================
Epoch [67] Batch [0/33] Loss_RGB: 1.3920 Loss_Depth: 0.3656
Epoch 67 - Avg Loss RGB: 1.3759, Avg Loss Depth: 0.3673

==================================================
Epoch 68/200
==================================================
Epoch [68] Batch [0/33] Loss_RGB: 1.3702 Loss_Depth: 0.3699
Epoch 68 - Avg Loss RGB: 1.3745, Avg Loss Depth: 0.3672

==================================================
Epoch 69/200
==================================================
Epoch [69] Batch [0/33] Loss_RGB: 1.3805 Loss_Depth: 0.3702
Epoch 69 - Avg Loss RGB: 1.3747, Avg Loss Depth: 0.3671

==================================================
Epoch 70/200
==================================================
Epoch [70] Batch [0/33] Loss_RGB: 1.3705 Loss_Depth: 0.3731
Epoch 70 - Avg Loss RGB: 1.3731, Avg Loss Depth: 0.3669
Epoch 70 - Val Loss RGB: 1.3879, Val Loss Depth: 0.0000, Total: 1.3879
Saved best model to outputs/rail_ablation/depth_norm/Cam4/minmax/20260503_212521_cam4_bs32_lr0.005_img512_ratio1.0/best_cam4.pth

==================================================
Epoch 71/200
==================================================
Epoch [71] Batch [0/33] Loss_RGB: 1.3682 Loss_Depth: 0.3718
Epoch 71 - Avg Loss RGB: 1.3716, Avg Loss Depth: 0.3669

==================================================
Epoch 72/200
==================================================
Epoch [72] Batch [0/33] Loss_RGB: 1.3585 Loss_Depth: 0.3635
Epoch 72 - Avg Loss RGB: 1.3705, Avg Loss Depth: 0.3666

==================================================
Epoch 73/200
==================================================
Epoch [73] Batch [0/33] Loss_RGB: 1.3573 Loss_Depth: 0.3653
Epoch 73 - Avg Loss RGB: 1.3704, Avg Loss Depth: 0.3667

==================================================
Epoch 74/200
==================================================
Epoch [74] Batch [0/33] Loss_RGB: 1.3626 Loss_Depth: 0.3673
Epoch 74 - Avg Loss RGB: 1.3693, Avg Loss Depth: 0.3664

==================================================
Epoch 75/200
==================================================
Epoch [75] Batch [0/33] Loss_RGB: 1.3639 Loss_Depth: 0.3685
Epoch 75 - Avg Loss RGB: 1.3675, Avg Loss Depth: 0.3666
Epoch 75 - Val Loss RGB: 1.3850, Val Loss Depth: 0.0000, Total: 1.3850
Saved best model to outputs/rail_ablation/depth_norm/Cam4/minmax/20260503_212521_cam4_bs32_lr0.005_img512_ratio1.0/best_cam4.pth

==================================================
Epoch 76/200
==================================================
Epoch [76] Batch [0/33] Loss_RGB: 1.3775 Loss_Depth: 0.3645
Epoch 76 - Avg Loss RGB: 1.3684, Avg Loss Depth: 0.3665

==================================================
Epoch 77/200
==================================================
Epoch [77] Batch [0/33] Loss_RGB: 1.3579 Loss_Depth: 0.3660
Epoch 77 - Avg Loss RGB: 1.3673, Avg Loss Depth: 0.3662

==================================================
Epoch 78/200
==================================================
Epoch [78] Batch [0/33] Loss_RGB: 1.3708 Loss_Depth: 0.3662
Epoch 78 - Avg Loss RGB: 1.3662, Avg Loss Depth: 0.3671

==================================================
Epoch 79/200
==================================================
Epoch [79] Batch [0/33] Loss_RGB: 1.3770 Loss_Depth: 0.3631
Epoch 79 - Avg Loss RGB: 1.3651, Avg Loss Depth: 0.3666

==================================================
Epoch 80/200
==================================================
Epoch [80] Batch [0/33] Loss_RGB: 1.3827 Loss_Depth: 0.3658
Epoch 80 - Avg Loss RGB: 1.3646, Avg Loss Depth: 0.3664
Epoch 80 - Val Loss RGB: 1.3817, Val Loss Depth: 0.0000, Total: 1.3817
Saved best model to outputs/rail_ablation/depth_norm/Cam4/minmax/20260503_212521_cam4_bs32_lr0.005_img512_ratio1.0/best_cam4.pth

==================================================
Epoch 81/200
==================================================
Epoch [81] Batch [0/33] Loss_RGB: 1.3674 Loss_Depth: 0.3638
Epoch 81 - Avg Loss RGB: 1.3643, Avg Loss Depth: 0.3663

==================================================
Epoch 82/200
==================================================
Epoch [82] Batch [0/33] Loss_RGB: 1.3410 Loss_Depth: 0.3637
Epoch 82 - Avg Loss RGB: 1.3635, Avg Loss Depth: 0.3661

==================================================
Epoch 83/200
==================================================
Epoch [83] Batch [0/33] Loss_RGB: 1.3744 Loss_Depth: 0.3695
Epoch 83 - Avg Loss RGB: 1.3623, Avg Loss Depth: 0.3661

==================================================
Epoch 84/200
==================================================
Epoch [84] Batch [0/33] Loss_RGB: 1.3557 Loss_Depth: 0.3635
Epoch 84 - Avg Loss RGB: 1.3621, Avg Loss Depth: 0.3660

==================================================
Epoch 85/200
==================================================
Epoch [85] Batch [0/33] Loss_RGB: 1.3609 Loss_Depth: 0.3690
Epoch 85 - Avg Loss RGB: 1.3624, Avg Loss Depth: 0.3660
Epoch 85 - Val Loss RGB: 1.3784, Val Loss Depth: 0.0000, Total: 1.3784
Saved best model to outputs/rail_ablation/depth_norm/Cam4/minmax/20260503_212521_cam4_bs32_lr0.005_img512_ratio1.0/best_cam4.pth

==================================================
Epoch 86/200
==================================================
Epoch [86] Batch [0/33] Loss_RGB: 1.3492 Loss_Depth: 0.3694
Epoch 86 - Avg Loss RGB: 1.3605, Avg Loss Depth: 0.3659

==================================================
Epoch 87/200
==================================================
Epoch [87] Batch [0/33] Loss_RGB: 1.3544 Loss_Depth: 0.3620
Epoch 87 - Avg Loss RGB: 1.3594, Avg Loss Depth: 0.3659

==================================================
Epoch 88/200
==================================================
Epoch [88] Batch [0/33] Loss_RGB: 1.3545 Loss_Depth: 0.3642
Epoch 88 - Avg Loss RGB: 1.3585, Avg Loss Depth: 0.3658

==================================================
Epoch 89/200
==================================================
Epoch [89] Batch [0/33] Loss_RGB: 1.3517 Loss_Depth: 0.3649
Epoch 89 - Avg Loss RGB: 1.3583, Avg Loss Depth: 0.3656

==================================================
Epoch 90/200
==================================================
Epoch [90] Batch [0/33] Loss_RGB: 1.3551 Loss_Depth: 0.3636
Epoch 90 - Avg Loss RGB: 1.3576, Avg Loss Depth: 0.3656
Epoch 90 - Val Loss RGB: 1.3745, Val Loss Depth: 0.0000, Total: 1.3745
Saved best model to outputs/rail_ablation/depth_norm/Cam4/minmax/20260503_212521_cam4_bs32_lr0.005_img512_ratio1.0/best_cam4.pth

==================================================
Epoch 91/200
==================================================
Epoch [91] Batch [0/33] Loss_RGB: 1.3336 Loss_Depth: 0.3605
Epoch 91 - Avg Loss RGB: 1.3570, Avg Loss Depth: 0.3652

==================================================
Epoch 92/200
==================================================
Epoch [92] Batch [0/33] Loss_RGB: 1.3579 Loss_Depth: 0.3653
Epoch 92 - Avg Loss RGB: 1.3579, Avg Loss Depth: 0.3648

==================================================
Epoch 93/200
==================================================
Epoch [93] Batch [0/33] Loss_RGB: 1.3589 Loss_Depth: 0.3619
Epoch 93 - Avg Loss RGB: 1.3566, Avg Loss Depth: 0.3649

==================================================
Epoch 94/200
==================================================
Epoch [94] Batch [0/33] Loss_RGB: 1.3646 Loss_Depth: 0.3647
Epoch 94 - Avg Loss RGB: 1.3555, Avg Loss Depth: 0.3648

==================================================
Epoch 95/200
==================================================
Epoch [95] Batch [0/33] Loss_RGB: 1.3342 Loss_Depth: 0.3624
Epoch 95 - Avg Loss RGB: 1.3562, Avg Loss Depth: 0.3647
Epoch 95 - Val Loss RGB: 1.3731, Val Loss Depth: 0.0000, Total: 1.3731
Saved best model to outputs/rail_ablation/depth_norm/Cam4/minmax/20260503_212521_cam4_bs32_lr0.005_img512_ratio1.0/best_cam4.pth

==================================================
Epoch 96/200
==================================================
Epoch [96] Batch [0/33] Loss_RGB: 1.3558 Loss_Depth: 0.3625
Epoch 96 - Avg Loss RGB: 1.3556, Avg Loss Depth: 0.3648

==================================================
Epoch 97/200
==================================================
Epoch [97] Batch [0/33] Loss_RGB: 1.3514 Loss_Depth: 0.3630
Epoch 97 - Avg Loss RGB: 1.3544, Avg Loss Depth: 0.3648

==================================================
Epoch 98/200
==================================================
Epoch [98] Batch [0/33] Loss_RGB: 1.3716 Loss_Depth: 0.3638
Epoch 98 - Avg Loss RGB: 1.3550, Avg Loss Depth: 0.3647

==================================================
Epoch 99/200
==================================================
Epoch [99] Batch [0/33] Loss_RGB: 1.3514 Loss_Depth: 0.3675
Epoch 99 - Avg Loss RGB: 1.3545, Avg Loss Depth: 0.3649

==================================================
Epoch 100/200
==================================================
Epoch [100] Batch [0/33] Loss_RGB: 1.3722 Loss_Depth: 0.3647
Epoch 100 - Avg Loss RGB: 1.3541, Avg Loss Depth: 0.3646
Epoch 100 - Val Loss RGB: 1.3729, Val Loss Depth: 0.0000, Total: 1.3729
Saved best model to outputs/rail_ablation/depth_norm/Cam4/minmax/20260503_212521_cam4_bs32_lr0.005_img512_ratio1.0/best_cam4.pth

==================================================
Epoch 101/200
==================================================
Epoch [101] Batch [0/33] Loss_RGB: 1.3496 Loss_Depth: 0.3633
Epoch 101 - Avg Loss RGB: 1.3531, Avg Loss Depth: 0.3648

==================================================
Epoch 102/200
==================================================
Epoch [102] Batch [0/33] Loss_RGB: 1.3509 Loss_Depth: 0.3607
Epoch 102 - Avg Loss RGB: 1.3540, Avg Loss Depth: 0.3647

==================================================
Epoch 103/200
==================================================
Epoch [103] Batch [0/33] Loss_RGB: 1.3626 Loss_Depth: 0.3619
Epoch 103 - Avg Loss RGB: 1.3531, Avg Loss Depth: 0.3647

==================================================
Epoch 104/200
==================================================
Epoch [104] Batch [0/33] Loss_RGB: 1.3487 Loss_Depth: 0.3603
Epoch 104 - Avg Loss RGB: 1.3531, Avg Loss Depth: 0.3645

==================================================
Epoch 105/200
==================================================
Epoch [105] Batch [0/33] Loss_RGB: 1.3555 Loss_Depth: 0.3635
Epoch 105 - Avg Loss RGB: 1.3530, Avg Loss Depth: 0.3646
Epoch 105 - Val Loss RGB: 1.3706, Val Loss Depth: 0.0000, Total: 1.3706
Saved best model to outputs/rail_ablation/depth_norm/Cam4/minmax/20260503_212521_cam4_bs32_lr0.005_img512_ratio1.0/best_cam4.pth

==================================================
Epoch 106/200
==================================================
Epoch [106] Batch [0/33] Loss_RGB: 1.3334 Loss_Depth: 0.3612
Epoch 106 - Avg Loss RGB: 1.3527, Avg Loss Depth: 0.3645

==================================================
Epoch 107/200
==================================================
Epoch [107] Batch [0/33] Loss_RGB: 1.3521 Loss_Depth: 0.3631
Epoch 107 - Avg Loss RGB: 1.3530, Avg Loss Depth: 0.3644

==================================================
Epoch 108/200
==================================================
Epoch [108] Batch [0/33] Loss_RGB: 1.3341 Loss_Depth: 0.3620
Epoch 108 - Avg Loss RGB: 1.3522, Avg Loss Depth: 0.3642

==================================================
Epoch 109/200
==================================================
Epoch [109] Batch [0/33] Loss_RGB: 1.3364 Loss_Depth: 0.3610
Epoch 109 - Avg Loss RGB: 1.3522, Avg Loss Depth: 0.3643

==================================================
Epoch 110/200
==================================================
Epoch [110] Batch [0/33] Loss_RGB: 1.3361 Loss_Depth: 0.3675
Epoch 110 - Avg Loss RGB: 1.3513, Avg Loss Depth: 0.3642
Epoch 110 - Val Loss RGB: 1.3706, Val Loss Depth: 0.0000, Total: 1.3706
Saved best model to outputs/rail_ablation/depth_norm/Cam4/minmax/20260503_212521_cam4_bs32_lr0.005_img512_ratio1.0/best_cam4.pth

==================================================
Epoch 111/200
==================================================
Epoch [111] Batch [0/33] Loss_RGB: 1.3379 Loss_Depth: 0.3662
Epoch 111 - Avg Loss RGB: 1.3509, Avg Loss Depth: 0.3643

==================================================
Epoch 112/200
==================================================
Epoch [112] Batch [0/33] Loss_RGB: 1.3708 Loss_Depth: 0.3644
Epoch 112 - Avg Loss RGB: 1.3512, Avg Loss Depth: 0.3697

==================================================
Epoch 113/200
==================================================
Epoch [113] Batch [0/33] Loss_RGB: 1.3343 Loss_Depth: 0.3639
Epoch 113 - Avg Loss RGB: 1.3511, Avg Loss Depth: 0.3643

==================================================
Epoch 114/200
==================================================
Epoch [114] Batch [0/33] Loss_RGB: 1.3460 Loss_Depth: 0.3620
Epoch 114 - Avg Loss RGB: 1.3502, Avg Loss Depth: 0.3644

==================================================
Epoch 115/200
==================================================
Epoch [115] Batch [0/33] Loss_RGB: 1.3301 Loss_Depth: 0.3609
Epoch 115 - Avg Loss RGB: 1.3512, Avg Loss Depth: 0.3644
Epoch 115 - Val Loss RGB: 1.3693, Val Loss Depth: 0.0000, Total: 1.3693
Saved best model to outputs/rail_ablation/depth_norm/Cam4/minmax/20260503_212521_cam4_bs32_lr0.005_img512_ratio1.0/best_cam4.pth

==================================================
Epoch 116/200
==================================================
Epoch [116] Batch [0/33] Loss_RGB: 1.3497 Loss_Depth: 0.3635
Epoch 116 - Avg Loss RGB: 1.3509, Avg Loss Depth: 0.3643

==================================================
Epoch 117/200
==================================================
Epoch [117] Batch [0/33] Loss_RGB: 1.3670 Loss_Depth: 0.3703
Epoch 117 - Avg Loss RGB: 1.3504, Avg Loss Depth: 0.3643

==================================================
Epoch 118/200
==================================================
Epoch [118] Batch [0/33] Loss_RGB: 1.3456 Loss_Depth: 0.3673
Epoch 118 - Avg Loss RGB: 1.3503, Avg Loss Depth: 0.3643

==================================================
Epoch 119/200
==================================================
Epoch [119] Batch [0/33] Loss_RGB: 1.3523 Loss_Depth: 0.3671
Epoch 119 - Avg Loss RGB: 1.3503, Avg Loss Depth: 0.3640

==================================================
Epoch 120/200
==================================================
Epoch [120] Batch [0/33] Loss_RGB: 1.3315 Loss_Depth: 0.3618
Epoch 120 - Avg Loss RGB: 1.3501, Avg Loss Depth: 0.3643
Epoch 120 - Val Loss RGB: 1.3687, Val Loss Depth: 0.0000, Total: 1.3687
Saved best model to outputs/rail_ablation/depth_norm/Cam4/minmax/20260503_212521_cam4_bs32_lr0.005_img512_ratio1.0/best_cam4.pth

==================================================
Epoch 121/200
==================================================
Epoch [121] Batch [0/33] Loss_RGB: 1.3609 Loss_Depth: 0.3641
Epoch 121 - Avg Loss RGB: 1.3503, Avg Loss Depth: 0.3640

==================================================
Epoch 122/200
==================================================
Epoch [122] Batch [0/33] Loss_RGB: 1.3370 Loss_Depth: 0.3625
Epoch 122 - Avg Loss RGB: 1.3499, Avg Loss Depth: 0.3642

==================================================
Epoch 123/200
==================================================
Epoch [123] Batch [0/33] Loss_RGB: 1.3459 Loss_Depth: 0.3638
Epoch 123 - Avg Loss RGB: 1.3496, Avg Loss Depth: 0.3641

==================================================
Epoch 124/200
==================================================
Epoch [124] Batch [0/33] Loss_RGB: 1.3495 Loss_Depth: 0.3661
Epoch 124 - Avg Loss RGB: 1.3500, Avg Loss Depth: 0.3641

==================================================
Epoch 125/200
==================================================
Epoch [125] Batch [0/33] Loss_RGB: 1.3372 Loss_Depth: 0.3640
Epoch 125 - Avg Loss RGB: 1.3492, Avg Loss Depth: 0.3640
Epoch 125 - Val Loss RGB: 1.3688, Val Loss Depth: 0.0000, Total: 1.3688
No improvement for 1 evaluation(s)

==================================================
Epoch 126/200
==================================================
Epoch [126] Batch [0/33] Loss_RGB: 1.3514 Loss_Depth: 0.3656
Epoch 126 - Avg Loss RGB: 1.3489, Avg Loss Depth: 0.3641

==================================================
Epoch 127/200
==================================================
Epoch [127] Batch [0/33] Loss_RGB: 1.3494 Loss_Depth: 0.3672
Epoch 127 - Avg Loss RGB: 1.3495, Avg Loss Depth: 0.3640

==================================================
Epoch 128/200
==================================================
Epoch [128] Batch [0/33] Loss_RGB: 1.3737 Loss_Depth: 0.3638
Epoch 128 - Avg Loss RGB: 1.3492, Avg Loss Depth: 0.3641

==================================================
Epoch 129/200
==================================================
Epoch [129] Batch [0/33] Loss_RGB: 1.3631 Loss_Depth: 0.3629
Epoch 129 - Avg Loss RGB: 1.3490, Avg Loss Depth: 0.3641

==================================================
Epoch 130/200
==================================================
Epoch [130] Batch [0/33] Loss_RGB: 1.3431 Loss_Depth: 0.3702
Epoch 130 - Avg Loss RGB: 1.3500, Avg Loss Depth: 0.3641
Epoch 130 - Val Loss RGB: 1.3688, Val Loss Depth: 0.0000, Total: 1.3688
No improvement for 2 evaluation(s)

==================================================
Epoch 131/200
==================================================
Epoch [131] Batch [0/33] Loss_RGB: 1.3570 Loss_Depth: 0.3740
Epoch 131 - Avg Loss RGB: 1.3494, Avg Loss Depth: 0.3641

==================================================
Epoch 132/200
==================================================
Epoch [132] Batch [0/33] Loss_RGB: 1.3283 Loss_Depth: 0.3618
Epoch 132 - Avg Loss RGB: 1.3495, Avg Loss Depth: 0.3640

==================================================
Epoch 133/200
==================================================
Epoch [133] Batch [0/33] Loss_RGB: 1.3344 Loss_Depth: 0.3611
Epoch 133 - Avg Loss RGB: 1.3489, Avg Loss Depth: 0.3641

==================================================
Epoch 134/200
==================================================
Epoch [134] Batch [0/33] Loss_RGB: 1.3628 Loss_Depth: 0.3697
Epoch 134 - Avg Loss RGB: 1.3490, Avg Loss Depth: 0.3640

==================================================
Epoch 135/200
==================================================
Epoch [135] Batch [0/33] Loss_RGB: 1.3618 Loss_Depth: 0.3644
Epoch 135 - Avg Loss RGB: 1.3492, Avg Loss Depth: 0.3639
Epoch 135 - Val Loss RGB: 1.3688, Val Loss Depth: 0.0000, Total: 1.3688
No improvement for 3 evaluation(s)

==================================================
Epoch 136/200
==================================================
Epoch [136] Batch [0/33] Loss_RGB: 1.3799 Loss_Depth: 0.3608
Epoch 136 - Avg Loss RGB: 1.3492, Avg Loss Depth: 0.3641

==================================================
Epoch 137/200
==================================================
Epoch [137] Batch [0/33] Loss_RGB: 1.3504 Loss_Depth: 0.3637
Epoch 137 - Avg Loss RGB: 1.3482, Avg Loss Depth: 0.3641

==================================================
Epoch 138/200
==================================================
Epoch [138] Batch [0/33] Loss_RGB: 1.3791 Loss_Depth: 0.3620
Epoch 138 - Avg Loss RGB: 1.3488, Avg Loss Depth: 0.3640

==================================================
Epoch 139/200
==================================================
Epoch [139] Batch [0/33] Loss_RGB: 1.3829 Loss_Depth: 0.3652
Epoch 139 - Avg Loss RGB: 1.3488, Avg Loss Depth: 0.3640

==================================================
Epoch 140/200
==================================================
Epoch [140] Batch [0/33] Loss_RGB: 1.3549 Loss_Depth: 0.3638
Epoch 140 - Avg Loss RGB: 1.3495, Avg Loss Depth: 0.3641
Epoch 140 - Val Loss RGB: 1.3680, Val Loss Depth: 0.0000, Total: 1.3680
Saved best model to outputs/rail_ablation/depth_norm/Cam4/minmax/20260503_212521_cam4_bs32_lr0.005_img512_ratio1.0/best_cam4.pth

==================================================
Epoch 141/200
==================================================
Epoch [141] Batch [0/33] Loss_RGB: 1.3419 Loss_Depth: 0.3626
Epoch 141 - Avg Loss RGB: 1.3483, Avg Loss Depth: 0.3640

==================================================
Epoch 142/200
==================================================
Epoch [142] Batch [0/33] Loss_RGB: 1.3598 Loss_Depth: 0.3643
Epoch 142 - Avg Loss RGB: 1.3497, Avg Loss Depth: 0.3639

==================================================
Epoch 143/200
==================================================
Epoch [143] Batch [0/33] Loss_RGB: 1.3454 Loss_Depth: 0.3653
Epoch 143 - Avg Loss RGB: 1.3491, Avg Loss Depth: 0.3641

==================================================
Epoch 144/200
==================================================
Epoch [144] Batch [0/33] Loss_RGB: 1.3421 Loss_Depth: 0.3663
Epoch 144 - Avg Loss RGB: 1.3478, Avg Loss Depth: 0.3639

==================================================
Epoch 145/200
==================================================
Epoch [145] Batch [0/33] Loss_RGB: 1.3268 Loss_Depth: 0.3679
Epoch 145 - Avg Loss RGB: 1.3483, Avg Loss Depth: 0.3641
Epoch 145 - Val Loss RGB: 1.3688, Val Loss Depth: 0.0000, Total: 1.3688
No improvement for 1 evaluation(s)

==================================================
Epoch 146/200
==================================================
Epoch [146] Batch [0/33] Loss_RGB: 1.3656 Loss_Depth: 0.3623
Epoch 146 - Avg Loss RGB: 1.3485, Avg Loss Depth: 0.3642

==================================================
Epoch 147/200
==================================================
Epoch [147] Batch [0/33] Loss_RGB: 1.3525 Loss_Depth: 0.3676
Epoch 147 - Avg Loss RGB: 1.3482, Avg Loss Depth: 0.3640

==================================================
Epoch 148/200
==================================================
Epoch [148] Batch [0/33] Loss_RGB: 1.3468 Loss_Depth: 0.3650
Epoch 148 - Avg Loss RGB: 1.3486, Avg Loss Depth: 0.3641

==================================================
Epoch 149/200
==================================================
Epoch [149] Batch [0/33] Loss_RGB: 1.3571 Loss_Depth: 0.3614
Epoch 149 - Avg Loss RGB: 1.3482, Avg Loss Depth: 0.3668

==================================================
Epoch 150/200
==================================================
Epoch [150] Batch [0/33] Loss_RGB: 1.3446 Loss_Depth: 0.3673
Epoch 150 - Avg Loss RGB: 1.3487, Avg Loss Depth: 0.3640
Epoch 150 - Val Loss RGB: 1.3687, Val Loss Depth: 0.0000, Total: 1.3687
No improvement for 2 evaluation(s)

==================================================
Epoch 151/200
==================================================
Epoch [151] Batch [0/33] Loss_RGB: 1.3454 Loss_Depth: 0.3665
Epoch 151 - Avg Loss RGB: 1.3481, Avg Loss Depth: 0.3640

==================================================
Epoch 152/200
==================================================
Epoch [152] Batch [0/33] Loss_RGB: 1.3595 Loss_Depth: 0.3640
Epoch 152 - Avg Loss RGB: 1.3483, Avg Loss Depth: 0.3640

==================================================
Epoch 153/200
==================================================
Epoch [153] Batch [0/33] Loss_RGB: 1.3465 Loss_Depth: 0.3661
Epoch 153 - Avg Loss RGB: 1.3483, Avg Loss Depth: 0.3640

==================================================
Epoch 154/200
==================================================
Epoch [154] Batch [0/33] Loss_RGB: 1.3450 Loss_Depth: 0.3640
Epoch 154 - Avg Loss RGB: 1.3481, Avg Loss Depth: 0.3641

==================================================
Epoch 155/200
==================================================
Epoch [155] Batch [0/33] Loss_RGB: 1.3787 Loss_Depth: 0.3614
Epoch 155 - Avg Loss RGB: 1.3478, Avg Loss Depth: 0.3641
Epoch 155 - Val Loss RGB: 1.3695, Val Loss Depth: 0.0000, Total: 1.3695
No improvement for 3 evaluation(s)

==================================================
Epoch 156/200
==================================================
Epoch [156] Batch [0/33] Loss_RGB: 1.3542 Loss_Depth: 0.3619
Epoch 156 - Avg Loss RGB: 1.3477, Avg Loss Depth: 0.3640

==================================================
Epoch 157/200
==================================================
Epoch [157] Batch [0/33] Loss_RGB: 1.3537 Loss_Depth: 0.3672
Epoch 157 - Avg Loss RGB: 1.3481, Avg Loss Depth: 0.3640

==================================================
Epoch 158/200
==================================================
Epoch [158] Batch [0/33] Loss_RGB: 1.3421 Loss_Depth: 0.3676
Epoch 158 - Avg Loss RGB: 1.3490, Avg Loss Depth: 0.3640

==================================================
Epoch 159/200
==================================================
Epoch [159] Batch [0/33] Loss_RGB: 1.3424 Loss_Depth: 0.3638
Epoch 159 - Avg Loss RGB: 1.3478, Avg Loss Depth: 0.3640

==================================================
Epoch 160/200
==================================================
Epoch [160] Batch [0/33] Loss_RGB: 1.3337 Loss_Depth: 0.3629
Epoch 160 - Avg Loss RGB: 1.3481, Avg Loss Depth: 0.3640
Epoch 160 - Val Loss RGB: 1.3672, Val Loss Depth: 0.0000, Total: 1.3672
Saved best model to outputs/rail_ablation/depth_norm/Cam4/minmax/20260503_212521_cam4_bs32_lr0.005_img512_ratio1.0/best_cam4.pth

==================================================
Epoch 161/200
==================================================
Epoch [161] Batch [0/33] Loss_RGB: 1.3528 Loss_Depth: 0.3651
Epoch 161 - Avg Loss RGB: 1.3480, Avg Loss Depth: 0.3640

==================================================
Epoch 162/200
==================================================
Epoch [162] Batch [0/33] Loss_RGB: 1.3547 Loss_Depth: 0.3606
Epoch 162 - Avg Loss RGB: 1.3484, Avg Loss Depth: 0.3641

==================================================
Epoch 163/200
==================================================
Epoch [163] Batch [0/33] Loss_RGB: 1.3603 Loss_Depth: 0.3624
Epoch 163 - Avg Loss RGB: 1.3485, Avg Loss Depth: 0.3640

==================================================
Epoch 164/200
==================================================
Epoch [164] Batch [0/33] Loss_RGB: 1.3465 Loss_Depth: 0.3722
Epoch 164 - Avg Loss RGB: 1.3485, Avg Loss Depth: 0.3672

==================================================
Epoch 165/200
==================================================
Epoch [165] Batch [0/33] Loss_RGB: 1.3238 Loss_Depth: 0.3617
Epoch 165 - Avg Loss RGB: 1.3479, Avg Loss Depth: 0.3641
Epoch 165 - Val Loss RGB: 1.3690, Val Loss Depth: 0.0000, Total: 1.3690
No improvement for 1 evaluation(s)

==================================================
Epoch 166/200
==================================================
Epoch [166] Batch [0/33] Loss_RGB: 1.3625 Loss_Depth: 0.3634
Epoch 166 - Avg Loss RGB: 1.3479, Avg Loss Depth: 0.3640

==================================================
Epoch 167/200
==================================================
Epoch [167] Batch [0/33] Loss_RGB: 1.3615 Loss_Depth: 0.3630
Epoch 167 - Avg Loss RGB: 1.3483, Avg Loss Depth: 0.3641

==================================================
Epoch 168/200
==================================================
Epoch [168] Batch [0/33] Loss_RGB: 1.3560 Loss_Depth: 0.3667
Epoch 168 - Avg Loss RGB: 1.3484, Avg Loss Depth: 0.3639

==================================================
Epoch 169/200
==================================================
Epoch [169] Batch [0/33] Loss_RGB: 1.3255 Loss_Depth: 0.3606
Epoch 169 - Avg Loss RGB: 1.3470, Avg Loss Depth: 0.3639

==================================================
Epoch 170/200
==================================================
Epoch [170] Batch [0/33] Loss_RGB: 1.3349 Loss_Depth: 0.3629
Epoch 170 - Avg Loss RGB: 1.3476, Avg Loss Depth: 0.3640
Epoch 170 - Val Loss RGB: 1.3693, Val Loss Depth: 0.0000, Total: 1.3693
No improvement for 2 evaluation(s)

==================================================
Epoch 171/200
==================================================
Epoch [171] Batch [0/33] Loss_RGB: 1.3344 Loss_Depth: 0.3625
Epoch 171 - Avg Loss RGB: 1.3482, Avg Loss Depth: 0.3640

==================================================
Epoch 172/200
==================================================
Epoch [172] Batch [0/33] Loss_RGB: 1.3478 Loss_Depth: 0.3661
Epoch 172 - Avg Loss RGB: 1.3475, Avg Loss Depth: 0.3640

==================================================
Epoch 173/200
==================================================
Epoch [173] Batch [0/33] Loss_RGB: 1.3475 Loss_Depth: 0.3667
Epoch 173 - Avg Loss RGB: 1.3483, Avg Loss Depth: 0.3640

==================================================
Epoch 174/200
==================================================
Epoch [174] Batch [0/33] Loss_RGB: 1.3646 Loss_Depth: 0.3650
Epoch 174 - Avg Loss RGB: 1.3475, Avg Loss Depth: 0.3639

==================================================
Epoch 175/200
==================================================
Epoch [175] Batch [0/33] Loss_RGB: 1.3440 Loss_Depth: 0.3670
Epoch 175 - Avg Loss RGB: 1.3483, Avg Loss Depth: 0.3641
Epoch 175 - Val Loss RGB: 1.3676, Val Loss Depth: 0.0000, Total: 1.3676
No improvement for 3 evaluation(s)

==================================================
Epoch 176/200
==================================================
Epoch [176] Batch [0/33] Loss_RGB: 1.3361 Loss_Depth: 0.3639
Epoch 176 - Avg Loss RGB: 1.3479, Avg Loss Depth: 0.3638

==================================================
Epoch 177/200
==================================================
Epoch [177] Batch [0/33] Loss_RGB: 1.3315 Loss_Depth: 0.3646
Epoch 177 - Avg Loss RGB: 1.3472, Avg Loss Depth: 0.3639

==================================================
Epoch 178/200
==================================================
Epoch [178] Batch [0/33] Loss_RGB: 1.3484 Loss_Depth: 0.3627
Epoch 178 - Avg Loss RGB: 1.3474, Avg Loss Depth: 0.3640

==================================================
Epoch 179/200
==================================================
Epoch [179] Batch [0/33] Loss_RGB: 1.3286 Loss_Depth: 0.3692
Epoch 179 - Avg Loss RGB: 1.3479, Avg Loss Depth: 0.3641

==================================================
Epoch 180/200
==================================================
Epoch [180] Batch [0/33] Loss_RGB: 1.3640 Loss_Depth: 0.3613
Epoch 180 - Avg Loss RGB: 1.3481, Avg Loss Depth: 0.3638
Epoch 180 - Val Loss RGB: 1.3683, Val Loss Depth: 0.0000, Total: 1.3683
No improvement for 4 evaluation(s)

==================================================
Epoch 181/200
==================================================
Epoch [181] Batch [0/33] Loss_RGB: 1.3497 Loss_Depth: 0.3626
Epoch 181 - Avg Loss RGB: 1.3472, Avg Loss Depth: 0.3639

==================================================
Epoch 182/200
==================================================
Epoch [182] Batch [0/33] Loss_RGB: 1.3706 Loss_Depth: 0.3629
Epoch 182 - Avg Loss RGB: 1.3479, Avg Loss Depth: 0.3640

==================================================
Epoch 183/200
==================================================
Epoch [183] Batch [0/33] Loss_RGB: 1.3400 Loss_Depth: 0.3631
Epoch 183 - Avg Loss RGB: 1.3481, Avg Loss Depth: 0.3640

==================================================
Epoch 184/200
==================================================
Epoch [184] Batch [0/33] Loss_RGB: 1.3250 Loss_Depth: 0.3600
Epoch 184 - Avg Loss RGB: 1.3485, Avg Loss Depth: 0.3640

==================================================
Epoch 185/200
==================================================
Epoch [185] Batch [0/33] Loss_RGB: 1.3565 Loss_Depth: 0.3601
Epoch 185 - Avg Loss RGB: 1.3481, Avg Loss Depth: 0.3637
Epoch 185 - Val Loss RGB: 1.3687, Val Loss Depth: 0.0000, Total: 1.3687
No improvement for 5 evaluation(s)

==================================================
Epoch 186/200
==================================================
Epoch [186] Batch [0/33] Loss_RGB: 1.3484 Loss_Depth: 0.3666
Epoch 186 - Avg Loss RGB: 1.3473, Avg Loss Depth: 0.3638

==================================================
Epoch 187/200
==================================================
Epoch [187] Batch [0/33] Loss_RGB: 1.3670 Loss_Depth: 0.3636
Epoch 187 - Avg Loss RGB: 1.3472, Avg Loss Depth: 0.3640

==================================================
Epoch 188/200
==================================================
Epoch [188] Batch [0/33] Loss_RGB: 1.3373 Loss_Depth: 0.3688
Epoch 188 - Avg Loss RGB: 1.3482, Avg Loss Depth: 0.3641

==================================================
Epoch 189/200
==================================================
Epoch [189] Batch [0/33] Loss_RGB: 1.3368 Loss_Depth: 0.3647
Epoch 189 - Avg Loss RGB: 1.3488, Avg Loss Depth: 0.3640

==================================================
Epoch 190/200
==================================================
Epoch [190] Batch [0/33] Loss_RGB: 1.3547 Loss_Depth: 0.3615
Epoch 190 - Avg Loss RGB: 1.3477, Avg Loss Depth: 0.3646
Epoch 190 - Val Loss RGB: 1.3694, Val Loss Depth: 0.0000, Total: 1.3694
No improvement for 6 evaluation(s)

==================================================
Epoch 191/200
==================================================
Epoch [191] Batch [0/33] Loss_RGB: 1.3635 Loss_Depth: 0.3627
Epoch 191 - Avg Loss RGB: 1.3479, Avg Loss Depth: 0.3639

==================================================
Epoch 192/200
==================================================
Epoch [192] Batch [0/33] Loss_RGB: 1.3680 Loss_Depth: 0.3592
Epoch 192 - Avg Loss RGB: 1.3476, Avg Loss Depth: 0.3640

==================================================
Epoch 193/200
==================================================
Epoch [193] Batch [0/33] Loss_RGB: 1.3493 Loss_Depth: 0.3628
Epoch 193 - Avg Loss RGB: 1.3479, Avg Loss Depth: 0.3639

==================================================
Epoch 194/200
==================================================
Epoch [194] Batch [0/33] Loss_RGB: 1.3359 Loss_Depth: 0.3638
Epoch 194 - Avg Loss RGB: 1.3481, Avg Loss Depth: 0.3640

==================================================
Epoch 195/200
==================================================
Epoch [195] Batch [0/33] Loss_RGB: 1.3487 Loss_Depth: 0.3644
Epoch 195 - Avg Loss RGB: 1.3478, Avg Loss Depth: 0.3640
Epoch 195 - Val Loss RGB: 1.3679, Val Loss Depth: 0.0000, Total: 1.3679
No improvement for 7 evaluation(s)

==================================================
Epoch 196/200
==================================================
Epoch [196] Batch [0/33] Loss_RGB: 1.3330 Loss_Depth: 0.3660
Epoch 196 - Avg Loss RGB: 1.3478, Avg Loss Depth: 0.3640

==================================================
Epoch 197/200
==================================================
Epoch [197] Batch [0/33] Loss_RGB: 1.3639 Loss_Depth: 0.3635
Epoch 197 - Avg Loss RGB: 1.3476, Avg Loss Depth: 0.3639

==================================================
Epoch 198/200
==================================================
Epoch [198] Batch [0/33] Loss_RGB: 1.3458 Loss_Depth: 0.3669
Epoch 198 - Avg Loss RGB: 1.3479, Avg Loss Depth: 0.3641

==================================================
Epoch 199/200
==================================================
Epoch [199] Batch [0/33] Loss_RGB: 1.3398 Loss_Depth: 0.3681
Epoch 199 - Avg Loss RGB: 1.3483, Avg Loss Depth: 0.3640

==================================================
Epoch 200/200
==================================================
Epoch [200] Batch [0/33] Loss_RGB: 1.3656 Loss_Depth: 0.3651
Epoch 200 - Avg Loss RGB: 1.3483, Avg Loss Depth: 0.3638
Epoch 200 - Val Loss RGB: 1.3681, Val Loss Depth: 0.0000, Total: 1.3681
No improvement for 8 evaluation(s)

Training finished! Best Val Loss: 1.3672

==================================================
Final Result - Cam 4
  Best epoch: 160
  Best Val Loss: 1.3672
  Test AUROC: 0.7500
  Model: outputs/rail_ablation/depth_norm/Cam4/minmax/20260503_212521_cam4_bs32_lr0.005_img512_ratio1.0/best_cam4.pth
==================================================
